<?xml version="1.0" encoding="UTF-8"?>
<testsuite xmlns:xsi="http://www.w3.org/2001/XMLSchema-instance" xsi:noNamespaceSchemaLocation="https://maven.apache.org/surefire/maven-surefire-plugin/xsd/surefire-test-report-3.0.xsd" version="3.0" name="ma.medtech.drools.RulesPerformanceTest" time="5.564" tests="1" errors="0" skipped="0" failures="0">
  <properties>
    <property name="java.specification.version" value="17"/>
    <property name="sun.cpu.isalist" value="amd64"/>
    <property name="sun.jnu.encoding" value="Cp1252"/>
    <property name="java.class.path" value="C:\Projets\DTS\MedTech@Work\Innovation\Training\Drools\drools-training\target\test-classes;C:\Projets\DTS\MedTech@Work\Innovation\Training\Drools\drools-training\target\classes;C:\Users\asebban.OMNIDATA\.m2\repository\org\kie\kie-api\7.74.0.Final\kie-api-7.74.0.Final.jar;C:\Users\asebban.OMNIDATA\.m2\repository\org\kie\soup\kie-soup-maven-support\7.74.0.Final\kie-soup-maven-support-7.74.0.Final.jar;C:\Users\asebban.OMNIDATA\.m2\repository\org\slf4j\slf4j-api\1.7.30\slf4j-api-1.7.30.jar;C:\Users\asebban.OMNIDATA\.m2\repository\org\drools\drools-core\7.74.0.Final\drools-core-7.74.0.Final.jar;C:\Users\asebban.OMNIDATA\.m2\repository\org\kie\kie-internal\7.74.0.Final\kie-internal-7.74.0.Final.jar;C:\Users\asebban.OMNIDATA\.m2\repository\org\kie\soup\kie-soup-xstream\7.74.0.Final\kie-soup-xstream-7.74.0.Final.jar;C:\Users\asebban.OMNIDATA\.m2\repository\org\drools\drools-core-reflective\7.74.0.Final\drools-core-reflective-7.74.0.Final.jar;C:\Users\asebban.OMNIDATA\.m2\repository\org\kie\kie-memory-compiler\7.74.0.Final\kie-memory-compiler-7.74.0.Final.jar;C:\Users\asebban.OMNIDATA\.m2\repository\org\drools\drools-core-dynamic\7.74.0.Final\drools-core-dynamic-7.74.0.Final.jar;C:\Users\asebban.OMNIDATA\.m2\repository\commons-codec\commons-codec\1.15\commons-codec-1.15.jar;C:\Users\asebban.OMNIDATA\.m2\repository\org\kie\kie-ci\7.74.0.Final\kie-ci-7.74.0.Final.jar;C:\Users\asebban.OMNIDATA\.m2\repository\org\drools\drools-compiler\7.74.0.Final\drools-compiler-7.74.0.Final.jar;C:\Users\asebban.OMNIDATA\.m2\repository\org\drools\drools-ecj\7.74.0.Final\drools-ecj-7.74.0.Final.jar;C:\Users\asebban.OMNIDATA\.m2\repository\org\antlr\antlr-runtime\3.5.2\antlr-runtime-3.5.2.jar;C:\Users\asebban.OMNIDATA\.m2\repository\com\thoughtworks\xstream\xstream\1.4.20\xstream-1.4.20.jar;C:\Users\asebban.OMNIDATA\.m2\repository\io\github\x-stream\mxparser\1.2.2\mxparser-1.2.2.jar;C:\Users\asebban.OMNIDATA\.m2\repository\xmlpull\xmlpull\1.1.3.1\xmlpull-1.1.3.1.jar;C:\Users\asebban.OMNIDATA\.m2\repository\org\drools\drools-mvel\7.74.0.Final\drools-mvel-7.74.0.Final.jar;C:\Users\asebban.OMNIDATA\.m2\repository\org\mvel\mvel2\2.4.15.Final\mvel2-2.4.15.Final.jar;C:\Users\asebban.OMNIDATA\.m2\repository\org\kie\soup\kie-soup-project-datamodel-commons\7.74.0.Final\kie-soup-project-datamodel-commons-7.74.0.Final.jar;C:\Users\asebban.OMNIDATA\.m2\repository\org\kie\soup\kie-soup-commons\7.74.0.Final\kie-soup-commons-7.74.0.Final.jar;C:\Users\asebban.OMNIDATA\.m2\repository\org\kie\soup\kie-soup-project-datamodel-api\7.74.0.Final\kie-soup-project-datamodel-api-7.74.0.Final.jar;C:\Users\asebban.OMNIDATA\.m2\repository\org\drools\drools-serialization-protobuf\7.74.0.Final\drools-serialization-protobuf-7.74.0.Final.jar;C:\Users\asebban.OMNIDATA\.m2\repository\com\google\protobuf\protobuf-java\3.19.6\protobuf-java-3.19.6.jar;C:\Users\asebban.OMNIDATA\.m2\repository\org\kie\soup\kie-soup-maven-integration\7.74.0.Final\kie-soup-maven-integration-7.74.0.Final.jar;C:\Users\asebban.OMNIDATA\.m2\repository\org\apache\maven\maven-artifact\3.3.9\maven-artifact-3.3.9.jar;C:\Users\asebban.OMNIDATA\.m2\repository\org\apache\maven\maven-plugin-api\3.3.9\maven-plugin-api-3.3.9.jar;C:\Users\asebban.OMNIDATA\.m2\repository\org\eclipse\aether\aether-util\1.1.0\aether-util-1.1.0.jar;C:\Users\asebban.OMNIDATA\.m2\repository\org\eclipse\aether\aether-spi\1.1.0\aether-spi-1.1.0.jar;C:\Users\asebban.OMNIDATA\.m2\repository\org\eclipse\aether\aether-transport-file\1.1.0\aether-transport-file-1.1.0.jar;C:\Users\asebban.OMNIDATA\.m2\repository\org\eclipse\aether\aether-transport-http\1.1.0\aether-transport-http-1.1.0.jar;C:\Users\asebban.OMNIDATA\.m2\repository\jakarta\inject\jakarta.inject-api\1.0.3\jakarta.inject-api-1.0.3.jar;C:\Users\asebban.OMNIDATA\.m2\repository\jakarta\enterprise\jakarta.enterprise.cdi-api\2.0.2\jakarta.enterprise.cdi-api-2.0.2.jar;C:\Users\asebban.OMNIDATA\.m2\repository\jakarta\el\jakarta.el-api\3.0.3\jakarta.el-api-3.0.3.jar;C:\Users\asebban.OMNIDATA\.m2\repository\jakarta\interceptor\jakarta.interceptor-api\1.2.5\jakarta.interceptor-api-1.2.5.jar;C:\Users\asebban.OMNIDATA\.m2\repository\jakarta\annotation\jakarta.annotation-api\1.3.5\jakarta.annotation-api-1.3.5.jar;C:\Users\asebban.OMNIDATA\.m2\repository\jakarta\ejb\jakarta.ejb-api\3.2.6\jakarta.ejb-api-3.2.6.jar;C:\Users\asebban.OMNIDATA\.m2\repository\jakarta\transaction\jakarta.transaction-api\1.3.2\jakarta.transaction-api-1.3.2.jar;C:\Users\asebban.OMNIDATA\.m2\repository\org\apache\ant\ant\1.10.11\ant-1.10.11.jar;C:\Users\asebban.OMNIDATA\.m2\repository\org\apache\ant\ant-launcher\1.10.11\ant-launcher-1.10.11.jar;C:\Users\asebban.OMNIDATA\.m2\repository\org\apache\httpcomponents\httpcore\4.4.14\httpcore-4.4.14.jar;C:\Users\asebban.OMNIDATA\.m2\repository\com\google\inject\guice\4.0\guice-4.0-no_aop.jar;C:\Users\asebban.OMNIDATA\.m2\repository\aopalliance\aopalliance\1.0\aopalliance-1.0.jar;C:\Users\asebban.OMNIDATA\.m2\repository\org\apache\maven\maven-core\3.3.9\maven-core-3.3.9.jar;C:\Users\asebban.OMNIDATA\.m2\repository\org\apache\maven\maven-repository-metadata\3.3.9\maven-repository-metadata-3.3.9.jar;C:\Users\asebban.OMNIDATA\.m2\repository\org\codehaus\plexus\plexus-interpolation\1.21\plexus-interpolation-1.21.jar;C:\Users\asebban.OMNIDATA\.m2\repository\org\codehaus\plexus\plexus-component-annotations\1.6\plexus-component-annotations-1.6.jar;C:\Users\asebban.OMNIDATA\.m2\repository\org\apache\commons\commons-lang3\3.4\commons-lang3-3.4.jar;C:\Users\asebban.OMNIDATA\.m2\repository\org\apache\maven\maven-model\3.3.9\maven-model-3.3.9.jar;C:\Users\asebban.OMNIDATA\.m2\repository\org\apache\maven\maven-model-builder\3.3.9\maven-model-builder-3.3.9.jar;C:\Users\asebban.OMNIDATA\.m2\repository\org\apache\maven\maven-builder-support\3.3.9\maven-builder-support-3.3.9.jar;C:\Users\asebban.OMNIDATA\.m2\repository\com\google\guava\guava\18.0\guava-18.0.jar;C:\Users\asebban.OMNIDATA\.m2\repository\org\apache\maven\maven-settings\3.3.9\maven-settings-3.3.9.jar;C:\Users\asebban.OMNIDATA\.m2\repository\org\apache\maven\maven-settings-builder\3.3.9\maven-settings-builder-3.3.9.jar;C:\Users\asebban.OMNIDATA\.m2\repository\org\apache\maven\maven-compat\3.3.9\maven-compat-3.3.9.jar;C:\Users\asebban.OMNIDATA\.m2\repository\org\apache\maven\maven-aether-provider\3.3.9\maven-aether-provider-3.3.9.jar;C:\Users\asebban.OMNIDATA\.m2\repository\org\apache\maven\wagon\wagon-provider-api\3.0.0\wagon-provider-api-3.0.0.jar;C:\Users\asebban.OMNIDATA\.m2\repository\org\sonatype\plexus\plexus-sec-dispatcher\1.3\plexus-sec-dispatcher-1.3.jar;C:\Users\asebban.OMNIDATA\.m2\repository\org\codehaus\plexus\plexus-classworlds\2.5.2\plexus-classworlds-2.5.2.jar;C:\Users\asebban.OMNIDATA\.m2\repository\org\codehaus\plexus\plexus-utils\3.0.24\plexus-utils-3.0.24.jar;C:\Users\asebban.OMNIDATA\.m2\repository\org\eclipse\aether\aether-api\1.1.0\aether-api-1.1.0.jar;C:\Users\asebban.OMNIDATA\.m2\repository\org\eclipse\aether\aether-impl\1.1.0\aether-impl-1.1.0.jar;C:\Users\asebban.OMNIDATA\.m2\repository\org\eclipse\aether\aether-connector-basic\1.1.0\aether-connector-basic-1.1.0.jar;C:\Users\asebban.OMNIDATA\.m2\repository\org\eclipse\aether\aether-transport-wagon\1.1.0\aether-transport-wagon-1.1.0.jar;C:\Users\asebban.OMNIDATA\.m2\repository\org\eclipse\sisu\org.eclipse.sisu.plexus\0.3.2\org.eclipse.sisu.plexus-0.3.2.jar;C:\Users\asebban.OMNIDATA\.m2\repository\javax\enterprise\cdi-api\1.0\cdi-api-1.0.jar;C:\Users\asebban.OMNIDATA\.m2\repository\javax\annotation\jsr250-api\1.0\jsr250-api-1.0.jar;C:\Users\asebban.OMNIDATA\.m2\repository\javax\inject\javax.inject\1\javax.inject-1.jar;C:\Users\asebban.OMNIDATA\.m2\repository\org\eclipse\sisu\org.eclipse.sisu.inject\0.3.2\org.eclipse.sisu.inject-0.3.2.jar;C:\Users\asebban.OMNIDATA\.m2\repository\org\apache\maven\wagon\wagon-http\3.0.0\wagon-http-3.0.0.jar;C:\Users\asebban.OMNIDATA\.m2\repository\org\apache\maven\wagon\wagon-http-shared\3.0.0\wagon-http-shared-3.0.0.jar;C:\Users\asebban.OMNIDATA\.m2\repository\org\jsoup\jsoup\1.7.2\jsoup-1.7.2.jar;C:\Users\asebban.OMNIDATA\.m2\repository\org\apache\httpcomponents\httpclient\4.5.3\httpclient-4.5.3.jar;C:\Users\asebban.OMNIDATA\.m2\repository\commons-io\commons-io\2.7\commons-io-2.7.jar;C:\Users\asebban.OMNIDATA\.m2\repository\org\slf4j\jcl-over-slf4j\1.7.30\jcl-over-slf4j-1.7.30.jar;C:\Users\asebban.OMNIDATA\.m2\repository\org\sonatype\plexus\plexus-cipher\1.7\plexus-cipher-1.7.jar;C:\Users\asebban.OMNIDATA\.m2\repository\org\junit\jupiter\junit-jupiter\5.9.3\junit-jupiter-5.9.3.jar;C:\Users\asebban.OMNIDATA\.m2\repository\org\junit\jupiter\junit-jupiter-api\5.9.3\junit-jupiter-api-5.9.3.jar;C:\Users\asebban.OMNIDATA\.m2\repository\org\opentest4j\opentest4j\1.2.0\opentest4j-1.2.0.jar;C:\Users\asebban.OMNIDATA\.m2\repository\org\junit\platform\junit-platform-commons\1.9.3\junit-platform-commons-1.9.3.jar;C:\Users\asebban.OMNIDATA\.m2\repository\org\apiguardian\apiguardian-api\1.1.2\apiguardian-api-1.1.2.jar;C:\Users\asebban.OMNIDATA\.m2\repository\org\junit\jupiter\junit-jupiter-params\5.9.3\junit-jupiter-params-5.9.3.jar;C:\Users\asebban.OMNIDATA\.m2\repository\org\junit\jupiter\junit-jupiter-engine\5.9.3\junit-jupiter-engine-5.9.3.jar;C:\Users\asebban.OMNIDATA\.m2\repository\org\junit\platform\junit-platform-engine\1.9.3\junit-platform-engine-1.9.3.jar;"/>
    <property name="java.vm.vendor" value="Oracle Corporation"/>
    <property name="sun.arch.data.model" value="64"/>
    <property name="user.variant" value=""/>
    <property name="java.vendor.url" value="https://java.oracle.com/"/>
    <property name="user.timezone" value="Africa/Casablanca"/>
    <property name="os.name" value="Windows 11"/>
    <property name="java.vm.specification.version" value="17"/>
    <property name="sun.java.launcher" value="SUN_STANDARD"/>
    <property name="user.country" value="FR"/>
    <property name="sun.boot.library.path" value="C:\Program Files\Java\jdk-17\bin"/>
    <property name="sun.java.command" value="C:\Users\asebban.OMNIDATA\AppData\Local\Temp\surefire11282618461447934264\surefirebooter-20250603194846231_3.jar C:\Users\asebban.OMNIDATA\AppData\Local\Temp\surefire11282618461447934264 2025-06-03T19-48-45_954-jvmRun1 surefire-20250603194846231_1tmp surefire_0-20250603194846231_2tmp"/>
    <property name="jdk.debug" value="release"/>
    <property name="surefire.test.class.path" value="C:\Projets\DTS\MedTech@Work\Innovation\Training\Drools\drools-training\target\test-classes;C:\Projets\DTS\MedTech@Work\Innovation\Training\Drools\drools-training\target\classes;C:\Users\asebban.OMNIDATA\.m2\repository\org\kie\kie-api\7.74.0.Final\kie-api-7.74.0.Final.jar;C:\Users\asebban.OMNIDATA\.m2\repository\org\kie\soup\kie-soup-maven-support\7.74.0.Final\kie-soup-maven-support-7.74.0.Final.jar;C:\Users\asebban.OMNIDATA\.m2\repository\org\slf4j\slf4j-api\1.7.30\slf4j-api-1.7.30.jar;C:\Users\asebban.OMNIDATA\.m2\repository\org\drools\drools-core\7.74.0.Final\drools-core-7.74.0.Final.jar;C:\Users\asebban.OMNIDATA\.m2\repository\org\kie\kie-internal\7.74.0.Final\kie-internal-7.74.0.Final.jar;C:\Users\asebban.OMNIDATA\.m2\repository\org\kie\soup\kie-soup-xstream\7.74.0.Final\kie-soup-xstream-7.74.0.Final.jar;C:\Users\asebban.OMNIDATA\.m2\repository\org\drools\drools-core-reflective\7.74.0.Final\drools-core-reflective-7.74.0.Final.jar;C:\Users\asebban.OMNIDATA\.m2\repository\org\kie\kie-memory-compiler\7.74.0.Final\kie-memory-compiler-7.74.0.Final.jar;C:\Users\asebban.OMNIDATA\.m2\repository\org\drools\drools-core-dynamic\7.74.0.Final\drools-core-dynamic-7.74.0.Final.jar;C:\Users\asebban.OMNIDATA\.m2\repository\commons-codec\commons-codec\1.15\commons-codec-1.15.jar;C:\Users\asebban.OMNIDATA\.m2\repository\org\kie\kie-ci\7.74.0.Final\kie-ci-7.74.0.Final.jar;C:\Users\asebban.OMNIDATA\.m2\repository\org\drools\drools-compiler\7.74.0.Final\drools-compiler-7.74.0.Final.jar;C:\Users\asebban.OMNIDATA\.m2\repository\org\drools\drools-ecj\7.74.0.Final\drools-ecj-7.74.0.Final.jar;C:\Users\asebban.OMNIDATA\.m2\repository\org\antlr\antlr-runtime\3.5.2\antlr-runtime-3.5.2.jar;C:\Users\asebban.OMNIDATA\.m2\repository\com\thoughtworks\xstream\xstream\1.4.20\xstream-1.4.20.jar;C:\Users\asebban.OMNIDATA\.m2\repository\io\github\x-stream\mxparser\1.2.2\mxparser-1.2.2.jar;C:\Users\asebban.OMNIDATA\.m2\repository\xmlpull\xmlpull\1.1.3.1\xmlpull-1.1.3.1.jar;C:\Users\asebban.OMNIDATA\.m2\repository\org\drools\drools-mvel\7.74.0.Final\drools-mvel-7.74.0.Final.jar;C:\Users\asebban.OMNIDATA\.m2\repository\org\mvel\mvel2\2.4.15.Final\mvel2-2.4.15.Final.jar;C:\Users\asebban.OMNIDATA\.m2\repository\org\kie\soup\kie-soup-project-datamodel-commons\7.74.0.Final\kie-soup-project-datamodel-commons-7.74.0.Final.jar;C:\Users\asebban.OMNIDATA\.m2\repository\org\kie\soup\kie-soup-commons\7.74.0.Final\kie-soup-commons-7.74.0.Final.jar;C:\Users\asebban.OMNIDATA\.m2\repository\org\kie\soup\kie-soup-project-datamodel-api\7.74.0.Final\kie-soup-project-datamodel-api-7.74.0.Final.jar;C:\Users\asebban.OMNIDATA\.m2\repository\org\drools\drools-serialization-protobuf\7.74.0.Final\drools-serialization-protobuf-7.74.0.Final.jar;C:\Users\asebban.OMNIDATA\.m2\repository\com\google\protobuf\protobuf-java\3.19.6\protobuf-java-3.19.6.jar;C:\Users\asebban.OMNIDATA\.m2\repository\org\kie\soup\kie-soup-maven-integration\7.74.0.Final\kie-soup-maven-integration-7.74.0.Final.jar;C:\Users\asebban.OMNIDATA\.m2\repository\org\apache\maven\maven-artifact\3.3.9\maven-artifact-3.3.9.jar;C:\Users\asebban.OMNIDATA\.m2\repository\org\apache\maven\maven-plugin-api\3.3.9\maven-plugin-api-3.3.9.jar;C:\Users\asebban.OMNIDATA\.m2\repository\org\eclipse\aether\aether-util\1.1.0\aether-util-1.1.0.jar;C:\Users\asebban.OMNIDATA\.m2\repository\org\eclipse\aether\aether-spi\1.1.0\aether-spi-1.1.0.jar;C:\Users\asebban.OMNIDATA\.m2\repository\org\eclipse\aether\aether-transport-file\1.1.0\aether-transport-file-1.1.0.jar;C:\Users\asebban.OMNIDATA\.m2\repository\org\eclipse\aether\aether-transport-http\1.1.0\aether-transport-http-1.1.0.jar;C:\Users\asebban.OMNIDATA\.m2\repository\jakarta\inject\jakarta.inject-api\1.0.3\jakarta.inject-api-1.0.3.jar;C:\Users\asebban.OMNIDATA\.m2\repository\jakarta\enterprise\jakarta.enterprise.cdi-api\2.0.2\jakarta.enterprise.cdi-api-2.0.2.jar;C:\Users\asebban.OMNIDATA\.m2\repository\jakarta\el\jakarta.el-api\3.0.3\jakarta.el-api-3.0.3.jar;C:\Users\asebban.OMNIDATA\.m2\repository\jakarta\interceptor\jakarta.interceptor-api\1.2.5\jakarta.interceptor-api-1.2.5.jar;C:\Users\asebban.OMNIDATA\.m2\repository\jakarta\annotation\jakarta.annotation-api\1.3.5\jakarta.annotation-api-1.3.5.jar;C:\Users\asebban.OMNIDATA\.m2\repository\jakarta\ejb\jakarta.ejb-api\3.2.6\jakarta.ejb-api-3.2.6.jar;C:\Users\asebban.OMNIDATA\.m2\repository\jakarta\transaction\jakarta.transaction-api\1.3.2\jakarta.transaction-api-1.3.2.jar;C:\Users\asebban.OMNIDATA\.m2\repository\org\apache\ant\ant\1.10.11\ant-1.10.11.jar;C:\Users\asebban.OMNIDATA\.m2\repository\org\apache\ant\ant-launcher\1.10.11\ant-launcher-1.10.11.jar;C:\Users\asebban.OMNIDATA\.m2\repository\org\apache\httpcomponents\httpcore\4.4.14\httpcore-4.4.14.jar;C:\Users\asebban.OMNIDATA\.m2\repository\com\google\inject\guice\4.0\guice-4.0-no_aop.jar;C:\Users\asebban.OMNIDATA\.m2\repository\aopalliance\aopalliance\1.0\aopalliance-1.0.jar;C:\Users\asebban.OMNIDATA\.m2\repository\org\apache\maven\maven-core\3.3.9\maven-core-3.3.9.jar;C:\Users\asebban.OMNIDATA\.m2\repository\org\apache\maven\maven-repository-metadata\3.3.9\maven-repository-metadata-3.3.9.jar;C:\Users\asebban.OMNIDATA\.m2\repository\org\codehaus\plexus\plexus-interpolation\1.21\plexus-interpolation-1.21.jar;C:\Users\asebban.OMNIDATA\.m2\repository\org\codehaus\plexus\plexus-component-annotations\1.6\plexus-component-annotations-1.6.jar;C:\Users\asebban.OMNIDATA\.m2\repository\org\apache\commons\commons-lang3\3.4\commons-lang3-3.4.jar;C:\Users\asebban.OMNIDATA\.m2\repository\org\apache\maven\maven-model\3.3.9\maven-model-3.3.9.jar;C:\Users\asebban.OMNIDATA\.m2\repository\org\apache\maven\maven-model-builder\3.3.9\maven-model-builder-3.3.9.jar;C:\Users\asebban.OMNIDATA\.m2\repository\org\apache\maven\maven-builder-support\3.3.9\maven-builder-support-3.3.9.jar;C:\Users\asebban.OMNIDATA\.m2\repository\com\google\guava\guava\18.0\guava-18.0.jar;C:\Users\asebban.OMNIDATA\.m2\repository\org\apache\maven\maven-settings\3.3.9\maven-settings-3.3.9.jar;C:\Users\asebban.OMNIDATA\.m2\repository\org\apache\maven\maven-settings-builder\3.3.9\maven-settings-builder-3.3.9.jar;C:\Users\asebban.OMNIDATA\.m2\repository\org\apache\maven\maven-compat\3.3.9\maven-compat-3.3.9.jar;C:\Users\asebban.OMNIDATA\.m2\repository\org\apache\maven\maven-aether-provider\3.3.9\maven-aether-provider-3.3.9.jar;C:\Users\asebban.OMNIDATA\.m2\repository\org\apache\maven\wagon\wagon-provider-api\3.0.0\wagon-provider-api-3.0.0.jar;C:\Users\asebban.OMNIDATA\.m2\repository\org\sonatype\plexus\plexus-sec-dispatcher\1.3\plexus-sec-dispatcher-1.3.jar;C:\Users\asebban.OMNIDATA\.m2\repository\org\codehaus\plexus\plexus-classworlds\2.5.2\plexus-classworlds-2.5.2.jar;C:\Users\asebban.OMNIDATA\.m2\repository\org\codehaus\plexus\plexus-utils\3.0.24\plexus-utils-3.0.24.jar;C:\Users\asebban.OMNIDATA\.m2\repository\org\eclipse\aether\aether-api\1.1.0\aether-api-1.1.0.jar;C:\Users\asebban.OMNIDATA\.m2\repository\org\eclipse\aether\aether-impl\1.1.0\aether-impl-1.1.0.jar;C:\Users\asebban.OMNIDATA\.m2\repository\org\eclipse\aether\aether-connector-basic\1.1.0\aether-connector-basic-1.1.0.jar;C:\Users\asebban.OMNIDATA\.m2\repository\org\eclipse\aether\aether-transport-wagon\1.1.0\aether-transport-wagon-1.1.0.jar;C:\Users\asebban.OMNIDATA\.m2\repository\org\eclipse\sisu\org.eclipse.sisu.plexus\0.3.2\org.eclipse.sisu.plexus-0.3.2.jar;C:\Users\asebban.OMNIDATA\.m2\repository\javax\enterprise\cdi-api\1.0\cdi-api-1.0.jar;C:\Users\asebban.OMNIDATA\.m2\repository\javax\annotation\jsr250-api\1.0\jsr250-api-1.0.jar;C:\Users\asebban.OMNIDATA\.m2\repository\javax\inject\javax.inject\1\javax.inject-1.jar;C:\Users\asebban.OMNIDATA\.m2\repository\org\eclipse\sisu\org.eclipse.sisu.inject\0.3.2\org.eclipse.sisu.inject-0.3.2.jar;C:\Users\asebban.OMNIDATA\.m2\repository\org\apache\maven\wagon\wagon-http\3.0.0\wagon-http-3.0.0.jar;C:\Users\asebban.OMNIDATA\.m2\repository\org\apache\maven\wagon\wagon-http-shared\3.0.0\wagon-http-shared-3.0.0.jar;C:\Users\asebban.OMNIDATA\.m2\repository\org\jsoup\jsoup\1.7.2\jsoup-1.7.2.jar;C:\Users\asebban.OMNIDATA\.m2\repository\org\apache\httpcomponents\httpclient\4.5.3\httpclient-4.5.3.jar;C:\Users\asebban.OMNIDATA\.m2\repository\commons-io\commons-io\2.7\commons-io-2.7.jar;C:\Users\asebban.OMNIDATA\.m2\repository\org\slf4j\jcl-over-slf4j\1.7.30\jcl-over-slf4j-1.7.30.jar;C:\Users\asebban.OMNIDATA\.m2\repository\org\sonatype\plexus\plexus-cipher\1.7\plexus-cipher-1.7.jar;C:\Users\asebban.OMNIDATA\.m2\repository\org\junit\jupiter\junit-jupiter\5.9.3\junit-jupiter-5.9.3.jar;C:\Users\asebban.OMNIDATA\.m2\repository\org\junit\jupiter\junit-jupiter-api\5.9.3\junit-jupiter-api-5.9.3.jar;C:\Users\asebban.OMNIDATA\.m2\repository\org\opentest4j\opentest4j\1.2.0\opentest4j-1.2.0.jar;C:\Users\asebban.OMNIDATA\.m2\repository\org\junit\platform\junit-platform-commons\1.9.3\junit-platform-commons-1.9.3.jar;C:\Users\asebban.OMNIDATA\.m2\repository\org\apiguardian\apiguardian-api\1.1.2\apiguardian-api-1.1.2.jar;C:\Users\asebban.OMNIDATA\.m2\repository\org\junit\jupiter\junit-jupiter-params\5.9.3\junit-jupiter-params-5.9.3.jar;C:\Users\asebban.OMNIDATA\.m2\repository\org\junit\jupiter\junit-jupiter-engine\5.9.3\junit-jupiter-engine-5.9.3.jar;C:\Users\asebban.OMNIDATA\.m2\repository\org\junit\platform\junit-platform-engine\1.9.3\junit-platform-engine-1.9.3.jar;"/>
    <property name="sun.cpu.endian" value="little"/>
    <property name="user.home" value="C:\Users\asebban.OMNIDATA"/>
    <property name="user.language" value="fr"/>
    <property name="java.specification.vendor" value="Oracle Corporation"/>
    <property name="java.version.date" value="2024-01-16"/>
    <property name="java.home" value="C:\Program Files\Java\jdk-17"/>
    <property name="file.separator" value="\"/>
    <property name="basedir" value="C:\Projets\DTS\MedTech@Work\Innovation\Training\Drools\drools-training"/>
    <property name="java.vm.compressedOopsMode" value="Zero based"/>
    <property name="line.separator" value="&#10;"/>
    <property name="java.vm.specification.vendor" value="Oracle Corporation"/>
    <property name="java.specification.name" value="Java Platform API Specification"/>
    <property name="surefire.real.class.path" value="C:\Users\asebban.OMNIDATA\AppData\Local\Temp\surefire11282618461447934264\surefirebooter-20250603194846231_3.jar"/>
    <property name="user.script" value=""/>
    <property name="sun.management.compiler" value="HotSpot 64-Bit Tiered Compilers"/>
    <property name="java.runtime.version" value="17.0.10+11-LTS-240"/>
    <property name="user.name" value="Asebban"/>
    <property name="path.separator" value=";"/>
    <property name="os.version" value="10.0"/>
    <property name="java.runtime.name" value="Java(TM) SE Runtime Environment"/>
    <property name="file.encoding" value="Cp1252"/>
    <property name="guice.disable.misplaced.annotation.check" value="true"/>
    <property name="java.vm.name" value="Java HotSpot(TM) 64-Bit Server VM"/>
    <property name="localRepository" value="C:\Users\asebban.OMNIDATA\.m2\repository"/>
    <property name="java.vendor.url.bug" value="https://bugreport.java.com/bugreport/"/>
    <property name="java.io.tmpdir" value="C:\Users\ASEBBA~1.OMN\AppData\Local\Temp\"/>
    <property name="java.version" value="17.0.10"/>
    <property name="user.dir" value="C:\Projets\DTS\MedTech@Work\Innovation\Training\Drools\drools-training"/>
    <property name="os.arch" value="amd64"/>
    <property name="java.vm.specification.name" value="Java Virtual Machine Specification"/>
    <property name="mvel.debugger" value="false"/>
    <property name="sun.os.patch.level" value=""/>
    <property name="native.encoding" value="Cp1252"/>
    <property name="java.library.path" value="C:\Program Files\Java\jdk-17\bin;C:\WINDOWS\Sun\Java\bin;C:\WINDOWS\system32;C:\WINDOWS;C:\Program Files\Common Files\Oracle\Java\javapath;C:\Program Files (x86)\Common Files\Oracle\Java\java8path;C:\Program Files (x86)\Common Files\Oracle\Java\javapath;C:\WINDOWS\system32;C:\WINDOWS;C:\WINDOWS\System32\Wbem;C:\WINDOWS\System32\WindowsPowerShell\v1.0\;C:\WINDOWS\System32\OpenSSH\;C:\Program Files\Git\cmd;C:\Program Files\PuTTY\;C:\Program Files\Meld\;C:\Program Files\TortoiseGit\bin;C:\Program Files\dotnet\;C:\apache-maven-3.9.5\bin\;C:\ProgramData\chocolatey\bin;%JAVA_HOME%\bin;C:\Handle;C:\Program Files\nodejs\;C:\Program Files\Docker\Docker\resources\bin;C:\Program Files\RedHat\Podman\;C:\Users\asebban.OMNIDATA\AppData\Local\Programs\Python\Launcher\;C:\Users\asebban.OMNIDATA\AppData\Local\Microsoft\WindowsApps;C:\Users\asebban.OMNIDATA\AppData\Local\Programs\Microsoft VS Code\bin;C:\Users\asebban.OMNIDATA\AppData\Local\GitHubDesktop\bin;C:\php;C:\Program Files\JetBrains\PhpStorm 2021.3\bin;C:\Program Files (x86)\Nmap;C:\Users\asebban.OMNIDATA\AppData\Local\Programs\Rancher Desktop\resources\resources\win32\bin;C:\Users\asebban.OMNIDATA\AppData\Local\Programs\Rancher Desktop\resources\resources\linux\bin;C:\Users\asebban.OMNIDATA\AppData\Local\Google\Cloud SDK\google-cloud-sdk\bin;C:\Users\asebban.OMNIDATA\AppData\Local\Microsoft\WinGet\Packages\Schniz.fnm_Microsoft.Winget.Source_8wekyb3d8bbwe;C:\Users\asebban.OMNIDATA\AppData\Roaming\npm;C:\Users\asebban.OMNIDATA\AppData\Local\Packages\PythonSoftwareFoundation.Python.3.12_qbz5n2kfra8p0\LocalCache\local-packages\Python312\Scripts;;c:\Users\asebban.OMNIDATA\AppData\Roaming\Code\User\globalStorage\github.copilot-chat\debugCommand;."/>
    <property name="java.vm.info" value="mixed mode, sharing"/>
    <property name="java.vendor" value="Oracle Corporation"/>
    <property name="java.vm.version" value="17.0.10+11-LTS-240"/>
    <property name="sun.io.unicode.encoding" value="UnicodeLittle"/>
    <property name="java.class.version" value="61.0"/>
  </properties>
  <testcase name="testEfficiency" classname="ma.medtech.drools.RulesPerformanceTest" time="5.532">
    <system-out><![CDATA[Transactions dans le mÃªme pays dÃ©tectÃ©es.
Transactions dans le mÃªme pays dÃ©tectÃ©es.
Transactions dans le mÃªme pays dÃ©tectÃ©es.
Transactions dans le mÃªme pays dÃ©tectÃ©es.
Transactions dans le mÃªme pays dÃ©tectÃ©es.
Transactions dans le mÃªme pays dÃ©tectÃ©es.
Transactions dans le mÃªme pays dÃ©tectÃ©es.
Transactions dans le mÃªme pays dÃ©tectÃ©es.
Transactions dans le mÃªme pays dÃ©tectÃ©es.
Transactions dans le mÃªme pays dÃ©tectÃ©es.
Transactions dans le mÃªme pays dÃ©tectÃ©es.
Transactions dans le mÃªme pays dÃ©tectÃ©es.
Transactions dans le mÃªme pays dÃ©tectÃ©es.
Transactions dans le mÃªme pays dÃ©tectÃ©es.
Transactions dans le mÃªme pays dÃ©tectÃ©es.
Transactions dans le mÃªme pays dÃ©tectÃ©es.
Transactions dans le mÃªme pays dÃ©tectÃ©es.
Transactions dans le mÃªme pays dÃ©tectÃ©es.
Transactions dans le mÃªme pays dÃ©tectÃ©es.
Transactions dans le mÃªme pays dÃ©tectÃ©es.
Transactions dans le mÃªme pays dÃ©tectÃ©es.
Transactions dans le mÃªme pays dÃ©tectÃ©es.
Transactions dans le mÃªme pays dÃ©tectÃ©es.
Transactions dans le mÃªme pays dÃ©tectÃ©es.
Transactions dans le mÃªme pays dÃ©tectÃ©es.
Transactions dans le mÃªme pays dÃ©tectÃ©es.
Transactions dans le mÃªme pays dÃ©tectÃ©es.
Transactions dans le mÃªme pays dÃ©tectÃ©es.
Transactions dans le mÃªme pays dÃ©tectÃ©es.
Transactions dans le mÃªme pays dÃ©tectÃ©es.
Transactions dans le mÃªme pays dÃ©tectÃ©es.
Transactions dans le mÃªme pays dÃ©tectÃ©es.
Transactions dans le mÃªme pays dÃ©tectÃ©es.
Transactions dans le mÃªme pays dÃ©tectÃ©es.
Transactions dans le mÃªme pays dÃ©tectÃ©es.
Transactions dans le mÃªme pays dÃ©tectÃ©es.
Transactions dans le mÃªme pays dÃ©tectÃ©es.
Transactions dans le mÃªme pays dÃ©tectÃ©es.
Transactions dans le mÃªme pays dÃ©tectÃ©es.
Transactions dans le mÃªme pays dÃ©tectÃ©es.
Transactions dans le mÃªme pays dÃ©tectÃ©es.
Transactions dans le mÃªme pays dÃ©tectÃ©es.
Transactions dans le mÃªme pays dÃ©tectÃ©es.
Transactions dans le mÃªme pays dÃ©tectÃ©es.
Transactions dans le mÃªme pays dÃ©tectÃ©es.
Transactions dans le mÃªme pays dÃ©tectÃ©es.
Transactions dans le mÃªme pays dÃ©tectÃ©es.
Transactions dans le mÃªme pays dÃ©tectÃ©es.
Transactions dans le mÃªme pays dÃ©tectÃ©es.
Transactions dans le mÃªme pays dÃ©tectÃ©es.
Transactions dans le mÃªme pays dÃ©tectÃ©es.
Transactions dans le mÃªme pays dÃ©tectÃ©es.
Transactions dans le mÃªme pays dÃ©tectÃ©es.
Transactions dans le mÃªme pays dÃ©tectÃ©es.
Transactions dans le mÃªme pays dÃ©tectÃ©es.
Transactions dans le mÃªme pays dÃ©tectÃ©es.
Transactions dans le mÃªme pays dÃ©tectÃ©es.
Transactions dans le mÃªme pays dÃ©tectÃ©es.
Transactions dans le mÃªme pays dÃ©tectÃ©es.
Transactions dans le mÃªme pays dÃ©tectÃ©es.
Transactions dans le mÃªme pays dÃ©tectÃ©es.
Transactions dans le mÃªme pays dÃ©tectÃ©es.
Transactions dans le mÃªme pays dÃ©tectÃ©es.
Transactions dans le mÃªme pays dÃ©tectÃ©es.
Transactions dans le mÃªme pays dÃ©tectÃ©es.
Transactions dans le mÃªme pays dÃ©tectÃ©es.
Transactions dans le mÃªme pays dÃ©tectÃ©es.
Transactions dans le mÃªme pays dÃ©tectÃ©es.
Transactions dans le mÃªme pays dÃ©tectÃ©es.
Transactions dans le mÃªme pays dÃ©tectÃ©es.
Transactions dans le mÃªme pays dÃ©tectÃ©es.
Transactions dans le mÃªme pays dÃ©tectÃ©es.
Transactions dans le mÃªme pays dÃ©tectÃ©es.
Transactions dans le mÃªme pays dÃ©tectÃ©es.
Transactions dans le mÃªme pays dÃ©tectÃ©es.
Transactions dans le mÃªme pays dÃ©tectÃ©es.
Transactions dans le mÃªme pays dÃ©tectÃ©es.
Transactions dans le mÃªme pays dÃ©tectÃ©es.
Transactions dans le mÃªme pays dÃ©tectÃ©es.
Transactions dans le mÃªme pays dÃ©tectÃ©es.
Transactions dans le mÃªme pays dÃ©tectÃ©es.
Transactions dans le mÃªme pays dÃ©tectÃ©es.
Transactions dans le mÃªme pays dÃ©tectÃ©es.
Transactions dans le mÃªme pays dÃ©tectÃ©es.
Transactions dans le mÃªme pays dÃ©tectÃ©es.
Transactions dans le mÃªme pays dÃ©tectÃ©es.
Transactions dans le mÃªme pays dÃ©tectÃ©es.
Transactions dans le mÃªme pays dÃ©tectÃ©es.
Transactions dans le mÃªme pays dÃ©tectÃ©es.
Transactions dans le mÃªme pays dÃ©tectÃ©es.
Transactions dans le mÃªme pays dÃ©tectÃ©es.
Transactions dans le mÃªme pays dÃ©tectÃ©es.
Transactions dans le mÃªme pays dÃ©tectÃ©es.
Transactions dans le mÃªme pays dÃ©tectÃ©es.
Transactions dans le mÃªme pays dÃ©tectÃ©es.
Transactions dans le mÃªme pays dÃ©tectÃ©es.
Transactions dans le mÃªme pays dÃ©tectÃ©es.
Transactions dans le mÃªme pays dÃ©tectÃ©es.
Transactions dans le mÃªme pays dÃ©tectÃ©es.
Transactions dans le mÃªme pays dÃ©tectÃ©es.
Transactions dans le mÃªme pays dÃ©tectÃ©es.
Transactions dans le mÃªme pays dÃ©tectÃ©es.
Transactions dans le mÃªme pays dÃ©tectÃ©es.
Transactions dans le mÃªme pays dÃ©tectÃ©es.
Transactions dans le mÃªme pays dÃ©tectÃ©es.
Transactions dans le mÃªme pays dÃ©tectÃ©es.
Transactions dans le mÃªme pays dÃ©tectÃ©es.
Transactions dans le mÃªme pays dÃ©tectÃ©es.
Transactions dans le mÃªme pays dÃ©tectÃ©es.
Transactions dans le mÃªme pays dÃ©tectÃ©es.
Transactions dans le mÃªme pays dÃ©tectÃ©es.
Transactions dans le mÃªme pays dÃ©tectÃ©es.
Transactions dans le mÃªme pays dÃ©tectÃ©es.
Transactions dans le mÃªme pays dÃ©tectÃ©es.
Transactions dans le mÃªme pays dÃ©tectÃ©es.
Transactions dans le mÃªme pays dÃ©tectÃ©es.
Transactions dans le mÃªme pays dÃ©tectÃ©es.
Transactions dans le mÃªme pays dÃ©tectÃ©es.
Transactions dans le mÃªme pays dÃ©tectÃ©es.
Transactions dans le mÃªme pays dÃ©tectÃ©es.
Transactions dans le mÃªme pays dÃ©tectÃ©es.
Transactions dans le mÃªme pays dÃ©tectÃ©es.
Transactions dans le mÃªme pays dÃ©tectÃ©es.
Transactions dans le mÃªme pays dÃ©tectÃ©es.
Transactions dans le mÃªme pays dÃ©tectÃ©es.
Transactions dans le mÃªme pays dÃ©tectÃ©es.
Transactions dans le mÃªme pays dÃ©tectÃ©es.
Transactions dans le mÃªme pays dÃ©tectÃ©es.
Transactions dans le mÃªme pays dÃ©tectÃ©es.
Transactions dans le mÃªme pays dÃ©tectÃ©es.
Transactions dans le mÃªme pays dÃ©tectÃ©es.
Transactions dans le mÃªme pays dÃ©tectÃ©es.
Transactions dans le mÃªme pays dÃ©tectÃ©es.
Transactions dans le mÃªme pays dÃ©tectÃ©es.
Transactions dans le mÃªme pays dÃ©tectÃ©es.
Transactions dans le mÃªme pays dÃ©tectÃ©es.
Transactions dans le mÃªme pays dÃ©tectÃ©es.
Transactions dans le mÃªme pays dÃ©tectÃ©es.
Transactions dans le mÃªme pays dÃ©tectÃ©es.
Transactions dans le mÃªme pays dÃ©tectÃ©es.
Transactions dans le mÃªme pays dÃ©tectÃ©es.
Transactions dans le mÃªme pays dÃ©tectÃ©es.
Transactions dans le mÃªme pays dÃ©tectÃ©es.
Transactions dans le mÃªme pays dÃ©tectÃ©es.
Transactions dans le mÃªme pays dÃ©tectÃ©es.
Transactions dans le mÃªme pays dÃ©tectÃ©es.
Transactions dans le mÃªme pays dÃ©tectÃ©es.
Transactions dans le mÃªme pays dÃ©tectÃ©es.
Transactions dans le mÃªme pays dÃ©tectÃ©es.
Transactions dans le mÃªme pays dÃ©tectÃ©es.
Transactions dans le mÃªme pays dÃ©tectÃ©es.
Transactions dans le mÃªme pays dÃ©tectÃ©es.
Transactions dans le mÃªme pays dÃ©tectÃ©es.
Transactions dans le mÃªme pays dÃ©tectÃ©es.
Transactions dans le mÃªme pays dÃ©tectÃ©es.
Transactions dans le mÃªme pays dÃ©tectÃ©es.
Transactions dans le mÃªme pays dÃ©tectÃ©es.
Transactions dans le mÃªme pays dÃ©tectÃ©es.
Transactions dans le mÃªme pays dÃ©tectÃ©es.
Transactions dans le mÃªme pays dÃ©tectÃ©es.
Transactions dans le mÃªme pays dÃ©tectÃ©es.
Transactions dans le mÃªme pays dÃ©tectÃ©es.
Transactions dans le mÃªme pays dÃ©tectÃ©es.
Transactions dans le mÃªme pays dÃ©tectÃ©es.
Transactions dans le mÃªme pays dÃ©tectÃ©es.
Transactions dans le mÃªme pays dÃ©tectÃ©es.
Transactions dans le mÃªme pays dÃ©tectÃ©es.
Transactions dans le mÃªme pays dÃ©tectÃ©es.
Transactions dans le mÃªme pays dÃ©tectÃ©es.
Transactions dans le mÃªme pays dÃ©tectÃ©es.
Transactions dans le mÃªme pays dÃ©tectÃ©es.
Transactions dans le mÃªme pays dÃ©tectÃ©es.
Transactions dans le mÃªme pays dÃ©tectÃ©es.
Transactions dans le mÃªme pays dÃ©tectÃ©es.
Transactions dans le mÃªme pays dÃ©tectÃ©es.
Transactions dans le mÃªme pays dÃ©tectÃ©es.
Transactions dans le mÃªme pays dÃ©tectÃ©es.
Transactions dans le mÃªme pays dÃ©tectÃ©es.
Transactions dans le mÃªme pays dÃ©tectÃ©es.
Transactions dans le mÃªme pays dÃ©tectÃ©es.
Transactions dans le mÃªme pays dÃ©tectÃ©es.
Transactions dans le mÃªme pays dÃ©tectÃ©es.
Transactions dans le mÃªme pays dÃ©tectÃ©es.
Transactions dans le mÃªme pays dÃ©tectÃ©es.
Transactions dans le mÃªme pays dÃ©tectÃ©es.
Transactions dans le mÃªme pays dÃ©tectÃ©es.
Transactions dans le mÃªme pays dÃ©tectÃ©es.
Transactions dans le mÃªme pays dÃ©tectÃ©es.
Transactions dans le mÃªme pays dÃ©tectÃ©es.
Transactions dans le mÃªme pays dÃ©tectÃ©es.
Transactions dans le mÃªme pays dÃ©tectÃ©es.
Transactions dans le mÃªme pays dÃ©tectÃ©es.
Transactions dans le mÃªme pays dÃ©tectÃ©es.
Transactions dans le mÃªme pays dÃ©tectÃ©es.
Transactions dans le mÃªme pays dÃ©tectÃ©es.
Transactions dans le mÃªme pays dÃ©tectÃ©es.
Transactions dans le mÃªme pays dÃ©tectÃ©es.
Transactions dans le mÃªme pays dÃ©tectÃ©es.
Transactions dans le mÃªme pays dÃ©tectÃ©es.
Transactions dans le mÃªme pays dÃ©tectÃ©es.
Transactions dans le mÃªme pays dÃ©tectÃ©es.
Transactions dans le mÃªme pays dÃ©tectÃ©es.
Transactions dans le mÃªme pays dÃ©tectÃ©es.
Transactions dans le mÃªme pays dÃ©tectÃ©es.
Transactions dans le mÃªme pays dÃ©tectÃ©es.
Transactions dans le mÃªme pays dÃ©tectÃ©es.
Transactions dans le mÃªme pays dÃ©tectÃ©es.
Transactions dans le mÃªme pays dÃ©tectÃ©es.
Transactions dans le mÃªme pays dÃ©tectÃ©es.
Transactions dans le mÃªme pays dÃ©tectÃ©es.
Transactions dans le mÃªme pays dÃ©tectÃ©es.
Transactions dans le mÃªme pays dÃ©tectÃ©es.
Transactions dans le mÃªme pays dÃ©tectÃ©es.
Transactions dans le mÃªme pays dÃ©tectÃ©es.
Transactions dans le mÃªme pays dÃ©tectÃ©es.
Transactions dans le mÃªme pays dÃ©tectÃ©es.
Transactions dans le mÃªme pays dÃ©tectÃ©es.
Transactions dans le mÃªme pays dÃ©tectÃ©es.
Transactions dans le mÃªme pays dÃ©tectÃ©es.
Transactions dans le mÃªme pays dÃ©tectÃ©es.
Transactions dans le mÃªme pays dÃ©tectÃ©es.
Transactions dans le mÃªme pays dÃ©tectÃ©es.
Transactions dans le mÃªme pays dÃ©tectÃ©es.
Transactions dans le mÃªme pays dÃ©tectÃ©es.
Transactions dans le mÃªme pays dÃ©tectÃ©es.
Transactions dans le mÃªme pays dÃ©tectÃ©es.
Transactions dans le mÃªme pays dÃ©tectÃ©es.
Transactions dans le mÃªme pays dÃ©tectÃ©es.
Transactions dans le mÃªme pays dÃ©tectÃ©es.
Transactions dans le mÃªme pays dÃ©tectÃ©es.
Transactions dans le mÃªme pays dÃ©tectÃ©es.
Transactions dans le mÃªme pays dÃ©tectÃ©es.
Transactions dans le mÃªme pays dÃ©tectÃ©es.
Transactions dans le mÃªme pays dÃ©tectÃ©es.
Transactions dans le mÃªme pays dÃ©tectÃ©es.
Transactions dans le mÃªme pays dÃ©tectÃ©es.
Transactions dans le mÃªme pays dÃ©tectÃ©es.
Transactions dans le mÃªme pays dÃ©tectÃ©es.
Transactions dans le mÃªme pays dÃ©tectÃ©es.
Transactions dans le mÃªme pays dÃ©tectÃ©es.
Transactions dans le mÃªme pays dÃ©tectÃ©es.
Transactions dans le mÃªme pays dÃ©tectÃ©es.
Transactions dans le mÃªme pays dÃ©tectÃ©es.
Transactions dans le mÃªme pays dÃ©tectÃ©es.
Transactions dans le mÃªme pays dÃ©tectÃ©es.
Transactions dans le mÃªme pays dÃ©tectÃ©es.
Transactions dans le mÃªme pays dÃ©tectÃ©es.
Transactions dans le mÃªme pays dÃ©tectÃ©es.
Transactions dans le mÃªme pays dÃ©tectÃ©es.
Transactions dans le mÃªme pays dÃ©tectÃ©es.
Transactions dans le mÃªme pays dÃ©tectÃ©es.
Transactions dans le mÃªme pays dÃ©tectÃ©es.
Transactions dans le mÃªme pays dÃ©tectÃ©es.
Transactions dans le mÃªme pays dÃ©tectÃ©es.
Transactions dans le mÃªme pays dÃ©tectÃ©es.
Transactions dans le mÃªme pays dÃ©tectÃ©es.
Transactions dans le mÃªme pays dÃ©tectÃ©es.
Transactions dans le mÃªme pays dÃ©tectÃ©es.
Transactions dans le mÃªme pays dÃ©tectÃ©es.
Transactions dans le mÃªme pays dÃ©tectÃ©es.
Transactions dans le mÃªme pays dÃ©tectÃ©es.
Transactions dans le mÃªme pays dÃ©tectÃ©es.
Transactions dans le mÃªme pays dÃ©tectÃ©es.
Transactions dans le mÃªme pays dÃ©tectÃ©es.
Transactions dans le mÃªme pays dÃ©tectÃ©es.
Transactions dans le mÃªme pays dÃ©tectÃ©es.
Transactions dans le mÃªme pays dÃ©tectÃ©es.
Transactions dans le mÃªme pays dÃ©tectÃ©es.
Transactions dans le mÃªme pays dÃ©tectÃ©es.
Transactions dans le mÃªme pays dÃ©tectÃ©es.
Transactions dans le mÃªme pays dÃ©tectÃ©es.
Transactions dans le mÃªme pays dÃ©tectÃ©es.
Transactions dans le mÃªme pays dÃ©tectÃ©es.
Transactions dans le mÃªme pays dÃ©tectÃ©es.
Transactions dans le mÃªme pays dÃ©tectÃ©es.
Transactions dans le mÃªme pays dÃ©tectÃ©es.
Transactions dans le mÃªme pays dÃ©tectÃ©es.
Transactions dans le mÃªme pays dÃ©tectÃ©es.
Transactions dans le mÃªme pays dÃ©tectÃ©es.
Transactions dans le mÃªme pays dÃ©tectÃ©es.
Transactions dans le mÃªme pays dÃ©tectÃ©es.
Transactions dans le mÃªme pays dÃ©tectÃ©es.
Transactions dans le mÃªme pays dÃ©tectÃ©es.
Transactions dans le mÃªme pays dÃ©tectÃ©es.
Transactions dans le mÃªme pays dÃ©tectÃ©es.
Transactions dans le mÃªme pays dÃ©tectÃ©es.
Transactions dans le mÃªme pays dÃ©tectÃ©es.
Transactions dans le mÃªme pays dÃ©tectÃ©es.
Transactions dans le mÃªme pays dÃ©tectÃ©es.
Transactions dans le mÃªme pays dÃ©tectÃ©es.
Transactions dans le mÃªme pays dÃ©tectÃ©es.
Transactions dans le mÃªme pays dÃ©tectÃ©es.
Transactions dans le mÃªme pays dÃ©tectÃ©es.
Transactions dans le mÃªme pays dÃ©tectÃ©es.
Transactions dans le mÃªme pays dÃ©tectÃ©es.
Transactions dans le mÃªme pays dÃ©tectÃ©es.
Transactions dans le mÃªme pays dÃ©tectÃ©es.
Transactions dans le mÃªme pays dÃ©tectÃ©es.
Transactions dans le mÃªme pays dÃ©tectÃ©es.
Transactions dans le mÃªme pays dÃ©tectÃ©es.
Transactions dans le mÃªme pays dÃ©tectÃ©es.
Transactions dans le mÃªme pays dÃ©tectÃ©es.
Transactions dans le mÃªme pays dÃ©tectÃ©es.
Transactions dans le mÃªme pays dÃ©tectÃ©es.
Transactions dans le mÃªme pays dÃ©tectÃ©es.
Transactions dans le mÃªme pays dÃ©tectÃ©es.
Transactions dans le mÃªme pays dÃ©tectÃ©es.
Transactions dans le mÃªme pays dÃ©tectÃ©es.
Transactions dans le mÃªme pays dÃ©tectÃ©es.
Transactions dans le mÃªme pays dÃ©tectÃ©es.
Transactions dans le mÃªme pays dÃ©tectÃ©es.
Transactions dans le mÃªme pays dÃ©tectÃ©es.
Transactions dans le mÃªme pays dÃ©tectÃ©es.
Transactions dans le mÃªme pays dÃ©tectÃ©es.
Transactions dans le mÃªme pays dÃ©tectÃ©es.
Transactions dans le mÃªme pays dÃ©tectÃ©es.
Transactions dans le mÃªme pays dÃ©tectÃ©es.
Transactions dans le mÃªme pays dÃ©tectÃ©es.
Transactions dans le mÃªme pays dÃ©tectÃ©es.
Transactions dans le mÃªme pays dÃ©tectÃ©es.
Transactions dans le mÃªme pays dÃ©tectÃ©es.
Transactions dans le mÃªme pays dÃ©tectÃ©es.
Transactions dans le mÃªme pays dÃ©tectÃ©es.
Transactions dans le mÃªme pays dÃ©tectÃ©es.
Transactions dans le mÃªme pays dÃ©tectÃ©es.
Transactions dans le mÃªme pays dÃ©tectÃ©es.
Transactions dans le mÃªme pays dÃ©tectÃ©es.
Transactions dans le mÃªme pays dÃ©tectÃ©es.
Transactions dans le mÃªme pays dÃ©tectÃ©es.
Transactions dans le mÃªme pays dÃ©tectÃ©es.
Transactions dans le mÃªme pays dÃ©tectÃ©es.
Transactions dans le mÃªme pays dÃ©tectÃ©es.
Transactions dans le mÃªme pays dÃ©tectÃ©es.
Transactions dans le mÃªme pays dÃ©tectÃ©es.
Transactions dans le mÃªme pays dÃ©tectÃ©es.
Transactions dans le mÃªme pays dÃ©tectÃ©es.
Transactions dans le mÃªme pays dÃ©tectÃ©es.
Transactions dans le mÃªme pays dÃ©tectÃ©es.
Transactions dans le mÃªme pays dÃ©tectÃ©es.
Transactions dans le mÃªme pays dÃ©tectÃ©es.
Transactions dans le mÃªme pays dÃ©tectÃ©es.
Transactions dans le mÃªme pays dÃ©tectÃ©es.
Transactions dans le mÃªme pays dÃ©tectÃ©es.
Transactions dans le mÃªme pays dÃ©tectÃ©es.
Transactions dans le mÃªme pays dÃ©tectÃ©es.
Transactions dans le mÃªme pays dÃ©tectÃ©es.
Transactions dans le mÃªme pays dÃ©tectÃ©es.
Transactions dans le mÃªme pays dÃ©tectÃ©es.
Transactions dans le mÃªme pays dÃ©tectÃ©es.
Transactions dans le mÃªme pays dÃ©tectÃ©es.
Transactions dans le mÃªme pays dÃ©tectÃ©es.
Transactions dans le mÃªme pays dÃ©tectÃ©es.
Transactions dans le mÃªme pays dÃ©tectÃ©es.
Transactions dans le mÃªme pays dÃ©tectÃ©es.
Transactions dans le mÃªme pays dÃ©tectÃ©es.
Transactions dans le mÃªme pays dÃ©tectÃ©es.
Transactions dans le mÃªme pays dÃ©tectÃ©es.
Transactions dans le mÃªme pays dÃ©tectÃ©es.
Transactions dans le mÃªme pays dÃ©tectÃ©es.
Transactions dans le mÃªme pays dÃ©tectÃ©es.
Transactions dans le mÃªme pays dÃ©tectÃ©es.
Transactions dans le mÃªme pays dÃ©tectÃ©es.
Transactions dans le mÃªme pays dÃ©tectÃ©es.
Transactions dans le mÃªme pays dÃ©tectÃ©es.
Transactions dans le mÃªme pays dÃ©tectÃ©es.
Transactions dans le mÃªme pays dÃ©tectÃ©es.
Transactions dans le mÃªme pays dÃ©tectÃ©es.
Transactions dans le mÃªme pays dÃ©tectÃ©es.
Transactions dans le mÃªme pays dÃ©tectÃ©es.
Transactions dans le mÃªme pays dÃ©tectÃ©es.
Transactions dans le mÃªme pays dÃ©tectÃ©es.
Transactions dans le mÃªme pays dÃ©tectÃ©es.
Transactions dans le mÃªme pays dÃ©tectÃ©es.
Transactions dans le mÃªme pays dÃ©tectÃ©es.
Transactions dans le mÃªme pays dÃ©tectÃ©es.
Transactions dans le mÃªme pays dÃ©tectÃ©es.
Transactions dans le mÃªme pays dÃ©tectÃ©es.
Transactions dans le mÃªme pays dÃ©tectÃ©es.
Transactions dans le mÃªme pays dÃ©tectÃ©es.
Transactions dans le mÃªme pays dÃ©tectÃ©es.
Transactions dans le mÃªme pays dÃ©tectÃ©es.
Transactions dans le mÃªme pays dÃ©tectÃ©es.
Transactions dans le mÃªme pays dÃ©tectÃ©es.
Transactions dans le mÃªme pays dÃ©tectÃ©es.
Transactions dans le mÃªme pays dÃ©tectÃ©es.
Transactions dans le mÃªme pays dÃ©tectÃ©es.
Transactions dans le mÃªme pays dÃ©tectÃ©es.
Transactions dans le mÃªme pays dÃ©tectÃ©es.
Transactions dans le mÃªme pays dÃ©tectÃ©es.
Transactions dans le mÃªme pays dÃ©tectÃ©es.
Transactions dans le mÃªme pays dÃ©tectÃ©es.
Transactions dans le mÃªme pays dÃ©tectÃ©es.
Transactions dans le mÃªme pays dÃ©tectÃ©es.
Transactions dans le mÃªme pays dÃ©tectÃ©es.
Transactions dans le mÃªme pays dÃ©tectÃ©es.
Transactions dans le mÃªme pays dÃ©tectÃ©es.
Transactions dans le mÃªme pays dÃ©tectÃ©es.
Transactions dans le mÃªme pays dÃ©tectÃ©es.
Transactions dans le mÃªme pays dÃ©tectÃ©es.
Transactions dans le mÃªme pays dÃ©tectÃ©es.
Transactions dans le mÃªme pays dÃ©tectÃ©es.
Transactions dans le mÃªme pays dÃ©tectÃ©es.
Transactions dans le mÃªme pays dÃ©tectÃ©es.
Transactions dans le mÃªme pays dÃ©tectÃ©es.
Transactions dans le mÃªme pays dÃ©tectÃ©es.
Transactions dans le mÃªme pays dÃ©tectÃ©es.
Transactions dans le mÃªme pays dÃ©tectÃ©es.
Transactions dans le mÃªme pays dÃ©tectÃ©es.
Transactions dans le mÃªme pays dÃ©tectÃ©es.
Transactions dans le mÃªme pays dÃ©tectÃ©es.
Transactions dans le mÃªme pays dÃ©tectÃ©es.
Transactions dans le mÃªme pays dÃ©tectÃ©es.
Transactions dans le mÃªme pays dÃ©tectÃ©es.
Transactions dans le mÃªme pays dÃ©tectÃ©es.
Transactions dans le mÃªme pays dÃ©tectÃ©es.
Transactions dans le mÃªme pays dÃ©tectÃ©es.
Transactions dans le mÃªme pays dÃ©tectÃ©es.
Transactions dans le mÃªme pays dÃ©tectÃ©es.
Transactions dans le mÃªme pays dÃ©tectÃ©es.
Transactions dans le mÃªme pays dÃ©tectÃ©es.
Transactions dans le mÃªme pays dÃ©tectÃ©es.
Transactions dans le mÃªme pays dÃ©tectÃ©es.
Transactions dans le mÃªme pays dÃ©tectÃ©es.
Transactions dans le mÃªme pays dÃ©tectÃ©es.
Transactions dans le mÃªme pays dÃ©tectÃ©es.
Transactions dans le mÃªme pays dÃ©tectÃ©es.
Transactions dans le mÃªme pays dÃ©tectÃ©es.
Transactions dans le mÃªme pays dÃ©tectÃ©es.
Transactions dans le mÃªme pays dÃ©tectÃ©es.
Transactions dans le mÃªme pays dÃ©tectÃ©es.
Transactions dans le mÃªme pays dÃ©tectÃ©es.
Transactions dans le mÃªme pays dÃ©tectÃ©es.
Transactions dans le mÃªme pays dÃ©tectÃ©es.
Transactions dans le mÃªme pays dÃ©tectÃ©es.
Transactions dans le mÃªme pays dÃ©tectÃ©es.
Transactions dans le mÃªme pays dÃ©tectÃ©es.
Transactions dans le mÃªme pays dÃ©tectÃ©es.
Transactions dans le mÃªme pays dÃ©tectÃ©es.
Transactions dans le mÃªme pays dÃ©tectÃ©es.
Transactions dans le mÃªme pays dÃ©tectÃ©es.
Transactions dans le mÃªme pays dÃ©tectÃ©es.
Transactions dans le mÃªme pays dÃ©tectÃ©es.
Transactions dans le mÃªme pays dÃ©tectÃ©es.
Transactions dans le mÃªme pays dÃ©tectÃ©es.
Transactions dans le mÃªme pays dÃ©tectÃ©es.
Transactions dans le mÃªme pays dÃ©tectÃ©es.
Transactions dans le mÃªme pays dÃ©tectÃ©es.
Transactions dans le mÃªme pays dÃ©tectÃ©es.
Transactions dans le mÃªme pays dÃ©tectÃ©es.
Transactions dans le mÃªme pays dÃ©tectÃ©es.
Transactions dans le mÃªme pays dÃ©tectÃ©es.
Transactions dans le mÃªme pays dÃ©tectÃ©es.
Transactions dans le mÃªme pays dÃ©tectÃ©es.
Transactions dans le mÃªme pays dÃ©tectÃ©es.
Transactions dans le mÃªme pays dÃ©tectÃ©es.
Transactions dans le mÃªme pays dÃ©tectÃ©es.
Transactions dans le mÃªme pays dÃ©tectÃ©es.
Transactions dans le mÃªme pays dÃ©tectÃ©es.
Transactions dans le mÃªme pays dÃ©tectÃ©es.
Transactions dans le mÃªme pays dÃ©tectÃ©es.
Transactions dans le mÃªme pays dÃ©tectÃ©es.
Transactions dans le mÃªme pays dÃ©tectÃ©es.
Transactions dans le mÃªme pays dÃ©tectÃ©es.
Transactions dans le mÃªme pays dÃ©tectÃ©es.
Transactions dans le mÃªme pays dÃ©tectÃ©es.
Transactions dans le mÃªme pays dÃ©tectÃ©es.
Transactions dans le mÃªme pays dÃ©tectÃ©es.
Transactions dans le mÃªme pays dÃ©tectÃ©es.
Transactions dans le mÃªme pays dÃ©tectÃ©es.
Transactions dans le mÃªme pays dÃ©tectÃ©es.
Transactions dans le mÃªme pays dÃ©tectÃ©es.
Transactions dans le mÃªme pays dÃ©tectÃ©es.
Transactions dans le mÃªme pays dÃ©tectÃ©es.
Transactions dans le mÃªme pays dÃ©tectÃ©es.
Transactions dans le mÃªme pays dÃ©tectÃ©es.
Transactions dans le mÃªme pays dÃ©tectÃ©es.
Transactions dans le mÃªme pays dÃ©tectÃ©es.
Transactions dans le mÃªme pays dÃ©tectÃ©es.
Transactions dans le mÃªme pays dÃ©tectÃ©es.
Transactions dans le mÃªme pays dÃ©tectÃ©es.
Transactions dans le mÃªme pays dÃ©tectÃ©es.
Transactions dans le mÃªme pays dÃ©tectÃ©es.
Transactions dans le mÃªme pays dÃ©tectÃ©es.
Transactions dans le mÃªme pays dÃ©tectÃ©es.
Transactions dans le mÃªme pays dÃ©tectÃ©es.
Transactions dans le mÃªme pays dÃ©tectÃ©es.
Transactions dans le mÃªme pays dÃ©tectÃ©es.
Transactions dans le mÃªme pays dÃ©tectÃ©es.
Transactions dans le mÃªme pays dÃ©tectÃ©es.
Transactions dans le mÃªme pays dÃ©tectÃ©es.
Transactions dans le mÃªme pays dÃ©tectÃ©es.
Transactions dans le mÃªme pays dÃ©tectÃ©es.
Transactions dans le mÃªme pays dÃ©tectÃ©es.
Transactions dans le mÃªme pays dÃ©tectÃ©es.
Transactions dans le mÃªme pays dÃ©tectÃ©es.
Transactions dans le mÃªme pays dÃ©tectÃ©es.
Transactions dans le mÃªme pays dÃ©tectÃ©es.
Transactions dans le mÃªme pays dÃ©tectÃ©es.
Transactions dans le mÃªme pays dÃ©tectÃ©es.
Transactions dans le mÃªme pays dÃ©tectÃ©es.
Transactions dans le mÃªme pays dÃ©tectÃ©es.
Transactions dans le mÃªme pays dÃ©tectÃ©es.
Transactions dans le mÃªme pays dÃ©tectÃ©es.
Transactions dans le mÃªme pays dÃ©tectÃ©es.
Transactions dans le mÃªme pays dÃ©tectÃ©es.
Transactions dans le mÃªme pays dÃ©tectÃ©es.
Transactions dans le mÃªme pays dÃ©tectÃ©es.
Transactions dans le mÃªme pays dÃ©tectÃ©es.
Transactions dans le mÃªme pays dÃ©tectÃ©es.
Transactions dans le mÃªme pays dÃ©tectÃ©es.
Transactions dans le mÃªme pays dÃ©tectÃ©es.
Transactions dans le mÃªme pays dÃ©tectÃ©es.
Transactions dans le mÃªme pays dÃ©tectÃ©es.
Transactions dans le mÃªme pays dÃ©tectÃ©es.
Transactions dans le mÃªme pays dÃ©tectÃ©es.
Transactions dans le mÃªme pays dÃ©tectÃ©es.
Transactions dans le mÃªme pays dÃ©tectÃ©es.
Transactions dans le mÃªme pays dÃ©tectÃ©es.
Transactions dans le mÃªme pays dÃ©tectÃ©es.
Transactions dans le mÃªme pays dÃ©tectÃ©es.
Transactions dans le mÃªme pays dÃ©tectÃ©es.
Transactions dans le mÃªme pays dÃ©tectÃ©es.
Transactions dans le mÃªme pays dÃ©tectÃ©es.
Transactions dans le mÃªme pays dÃ©tectÃ©es.
Transactions dans le mÃªme pays dÃ©tectÃ©es.
Transactions dans le mÃªme pays dÃ©tectÃ©es.
Transactions dans le mÃªme pays dÃ©tectÃ©es.
Transactions dans le mÃªme pays dÃ©tectÃ©es.
Transactions dans le mÃªme pays dÃ©tectÃ©es.
Transactions dans le mÃªme pays dÃ©tectÃ©es.
Transactions dans le mÃªme pays dÃ©tectÃ©es.
Transactions dans le mÃªme pays dÃ©tectÃ©es.
Transactions dans le mÃªme pays dÃ©tectÃ©es.
Transactions dans le mÃªme pays dÃ©tectÃ©es.
Transactions dans le mÃªme pays dÃ©tectÃ©es.
Transactions dans le mÃªme pays dÃ©tectÃ©es.
Transactions dans le mÃªme pays dÃ©tectÃ©es.
Transactions dans le mÃªme pays dÃ©tectÃ©es.
Transactions dans le mÃªme pays dÃ©tectÃ©es.
Transactions dans le mÃªme pays dÃ©tectÃ©es.
Transactions dans le mÃªme pays dÃ©tectÃ©es.
Transactions dans le mÃªme pays dÃ©tectÃ©es.
Transactions dans le mÃªme pays dÃ©tectÃ©es.
Transactions dans le mÃªme pays dÃ©tectÃ©es.
Transactions dans le mÃªme pays dÃ©tectÃ©es.
Transactions dans le mÃªme pays dÃ©tectÃ©es.
Transactions dans le mÃªme pays dÃ©tectÃ©es.
Transactions dans le mÃªme pays dÃ©tectÃ©es.
Transactions dans le mÃªme pays dÃ©tectÃ©es.
Transactions dans le mÃªme pays dÃ©tectÃ©es.
Transactions dans le mÃªme pays dÃ©tectÃ©es.
Transactions dans le mÃªme pays dÃ©tectÃ©es.
Transactions dans le mÃªme pays dÃ©tectÃ©es.
Transactions dans le mÃªme pays dÃ©tectÃ©es.
Transactions dans le mÃªme pays dÃ©tectÃ©es.
Transactions dans le mÃªme pays dÃ©tectÃ©es.
Transactions dans le mÃªme pays dÃ©tectÃ©es.
Transactions dans le mÃªme pays dÃ©tectÃ©es.
Transactions dans le mÃªme pays dÃ©tectÃ©es.
Transactions dans le mÃªme pays dÃ©tectÃ©es.
Transactions dans le mÃªme pays dÃ©tectÃ©es.
Transactions dans le mÃªme pays dÃ©tectÃ©es.
Transactions dans le mÃªme pays dÃ©tectÃ©es.
Transactions dans le mÃªme pays dÃ©tectÃ©es.
Transactions dans le mÃªme pays dÃ©tectÃ©es.
Transactions dans le mÃªme pays dÃ©tectÃ©es.
Transactions dans le mÃªme pays dÃ©tectÃ©es.
Transactions dans le mÃªme pays dÃ©tectÃ©es.
Transactions dans le mÃªme pays dÃ©tectÃ©es.
Transactions dans le mÃªme pays dÃ©tectÃ©es.
Transactions dans le mÃªme pays dÃ©tectÃ©es.
Transactions dans le mÃªme pays dÃ©tectÃ©es.
Transactions dans le mÃªme pays dÃ©tectÃ©es.
Transactions dans le mÃªme pays dÃ©tectÃ©es.
Transactions dans le mÃªme pays dÃ©tectÃ©es.
Transactions dans le mÃªme pays dÃ©tectÃ©es.
Transactions dans le mÃªme pays dÃ©tectÃ©es.
Transactions dans le mÃªme pays dÃ©tectÃ©es.
Transactions dans le mÃªme pays dÃ©tectÃ©es.
Transactions dans le mÃªme pays dÃ©tectÃ©es.
Transactions dans le mÃªme pays dÃ©tectÃ©es.
Transactions dans le mÃªme pays dÃ©tectÃ©es.
Transactions dans le mÃªme pays dÃ©tectÃ©es.
Transactions dans le mÃªme pays dÃ©tectÃ©es.
Transactions dans le mÃªme pays dÃ©tectÃ©es.
Transactions dans le mÃªme pays dÃ©tectÃ©es.
Transactions dans le mÃªme pays dÃ©tectÃ©es.
Transactions dans le mÃªme pays dÃ©tectÃ©es.
Transactions dans le mÃªme pays dÃ©tectÃ©es.
Transactions dans le mÃªme pays dÃ©tectÃ©es.
Transactions dans le mÃªme pays dÃ©tectÃ©es.
Transactions dans le mÃªme pays dÃ©tectÃ©es.
Transactions dans le mÃªme pays dÃ©tectÃ©es.
Transactions dans le mÃªme pays dÃ©tectÃ©es.
Transactions dans le mÃªme pays dÃ©tectÃ©es.
Transactions dans le mÃªme pays dÃ©tectÃ©es.
Transactions dans le mÃªme pays dÃ©tectÃ©es.
Transactions dans le mÃªme pays dÃ©tectÃ©es.
Transactions dans le mÃªme pays dÃ©tectÃ©es.
Transactions dans le mÃªme pays dÃ©tectÃ©es.
Transactions dans le mÃªme pays dÃ©tectÃ©es.
Transactions dans le mÃªme pays dÃ©tectÃ©es.
Transactions dans le mÃªme pays dÃ©tectÃ©es.
Transactions dans le mÃªme pays dÃ©tectÃ©es.
Transactions dans le mÃªme pays dÃ©tectÃ©es.
Transactions dans le mÃªme pays dÃ©tectÃ©es.
Transactions dans le mÃªme pays dÃ©tectÃ©es.
Transactions dans le mÃªme pays dÃ©tectÃ©es.
Transactions dans le mÃªme pays dÃ©tectÃ©es.
Transactions dans le mÃªme pays dÃ©tectÃ©es.
Transactions dans le mÃªme pays dÃ©tectÃ©es.
Transactions dans le mÃªme pays dÃ©tectÃ©es.
Transactions dans le mÃªme pays dÃ©tectÃ©es.
Transactions dans le mÃªme pays dÃ©tectÃ©es.
Transactions dans le mÃªme pays dÃ©tectÃ©es.
Transactions dans le mÃªme pays dÃ©tectÃ©es.
Transactions dans le mÃªme pays dÃ©tectÃ©es.
Transactions dans le mÃªme pays dÃ©tectÃ©es.
Transactions dans le mÃªme pays dÃ©tectÃ©es.
Transactions dans le mÃªme pays dÃ©tectÃ©es.
Transactions dans le mÃªme pays dÃ©tectÃ©es.
Transactions dans le mÃªme pays dÃ©tectÃ©es.
Transactions dans le mÃªme pays dÃ©tectÃ©es.
Transactions dans le mÃªme pays dÃ©tectÃ©es.
Transactions dans le mÃªme pays dÃ©tectÃ©es.
Transactions dans le mÃªme pays dÃ©tectÃ©es.
Transactions dans le mÃªme pays dÃ©tectÃ©es.
Transactions dans le mÃªme pays dÃ©tectÃ©es.
Transactions dans le mÃªme pays dÃ©tectÃ©es.
Transactions dans le mÃªme pays dÃ©tectÃ©es.
Transactions dans le mÃªme pays dÃ©tectÃ©es.
Transactions dans le mÃªme pays dÃ©tectÃ©es.
Transactions dans le mÃªme pays dÃ©tectÃ©es.
Transactions dans le mÃªme pays dÃ©tectÃ©es.
Transactions dans le mÃªme pays dÃ©tectÃ©es.
Transactions dans le mÃªme pays dÃ©tectÃ©es.
Transactions dans le mÃªme pays dÃ©tectÃ©es.
Transactions dans le mÃªme pays dÃ©tectÃ©es.
Transactions dans le mÃªme pays dÃ©tectÃ©es.
Transactions dans le mÃªme pays dÃ©tectÃ©es.
Transactions dans le mÃªme pays dÃ©tectÃ©es.
Transactions dans le mÃªme pays dÃ©tectÃ©es.
Transactions dans le mÃªme pays dÃ©tectÃ©es.
Transactions dans le mÃªme pays dÃ©tectÃ©es.
Transactions dans le mÃªme pays dÃ©tectÃ©es.
Transactions dans le mÃªme pays dÃ©tectÃ©es.
Transactions dans le mÃªme pays dÃ©tectÃ©es.
Transactions dans le mÃªme pays dÃ©tectÃ©es.
Transactions dans le mÃªme pays dÃ©tectÃ©es.
Transactions dans le mÃªme pays dÃ©tectÃ©es.
Transactions dans le mÃªme pays dÃ©tectÃ©es.
Transactions dans le mÃªme pays dÃ©tectÃ©es.
Transactions dans le mÃªme pays dÃ©tectÃ©es.
Transactions dans le mÃªme pays dÃ©tectÃ©es.
Transactions dans le mÃªme pays dÃ©tectÃ©es.
Transactions dans le mÃªme pays dÃ©tectÃ©es.
Transactions dans le mÃªme pays dÃ©tectÃ©es.
Transactions dans le mÃªme pays dÃ©tectÃ©es.
Transactions dans le mÃªme pays dÃ©tectÃ©es.
Transactions dans le mÃªme pays dÃ©tectÃ©es.
Transactions dans le mÃªme pays dÃ©tectÃ©es.
Transactions dans le mÃªme pays dÃ©tectÃ©es.
Transactions dans le mÃªme pays dÃ©tectÃ©es.
Transactions dans le mÃªme pays dÃ©tectÃ©es.
Transactions dans le mÃªme pays dÃ©tectÃ©es.
Transactions dans le mÃªme pays dÃ©tectÃ©es.
Transactions dans le mÃªme pays dÃ©tectÃ©es.
Transactions dans le mÃªme pays dÃ©tectÃ©es.
Transactions dans le mÃªme pays dÃ©tectÃ©es.
Transactions dans le mÃªme pays dÃ©tectÃ©es.
Transactions dans le mÃªme pays dÃ©tectÃ©es.
Transactions dans le mÃªme pays dÃ©tectÃ©es.
Transactions dans le mÃªme pays dÃ©tectÃ©es.
Transactions dans le mÃªme pays dÃ©tectÃ©es.
Transactions dans le mÃªme pays dÃ©tectÃ©es.
Transactions dans le mÃªme pays dÃ©tectÃ©es.
Transactions dans le mÃªme pays dÃ©tectÃ©es.
Transactions dans le mÃªme pays dÃ©tectÃ©es.
Transactions dans le mÃªme pays dÃ©tectÃ©es.
Transactions dans le mÃªme pays dÃ©tectÃ©es.
Transactions dans le mÃªme pays dÃ©tectÃ©es.
Transactions dans le mÃªme pays dÃ©tectÃ©es.
Transactions dans le mÃªme pays dÃ©tectÃ©es.
Transactions dans le mÃªme pays dÃ©tectÃ©es.
Transactions dans le mÃªme pays dÃ©tectÃ©es.
Transactions dans le mÃªme pays dÃ©tectÃ©es.
Transactions dans le mÃªme pays dÃ©tectÃ©es.
Transactions dans le mÃªme pays dÃ©tectÃ©es.
Transactions dans le mÃªme pays dÃ©tectÃ©es.
Transactions dans le mÃªme pays dÃ©tectÃ©es.
Transactions dans le mÃªme pays dÃ©tectÃ©es.
Transactions dans le mÃªme pays dÃ©tectÃ©es.
Transactions dans le mÃªme pays dÃ©tectÃ©es.
Transactions dans le mÃªme pays dÃ©tectÃ©es.
Transactions dans le mÃªme pays dÃ©tectÃ©es.
Transactions dans le mÃªme pays dÃ©tectÃ©es.
Transactions dans le mÃªme pays dÃ©tectÃ©es.
Transactions dans le mÃªme pays dÃ©tectÃ©es.
Transactions dans le mÃªme pays dÃ©tectÃ©es.
Transactions dans le mÃªme pays dÃ©tectÃ©es.
Transactions dans le mÃªme pays dÃ©tectÃ©es.
Transactions dans le mÃªme pays dÃ©tectÃ©es.
Transactions dans le mÃªme pays dÃ©tectÃ©es.
Transactions dans le mÃªme pays dÃ©tectÃ©es.
Transactions dans le mÃªme pays dÃ©tectÃ©es.
Transactions dans le mÃªme pays dÃ©tectÃ©es.
Transactions dans le mÃªme pays dÃ©tectÃ©es.
Transactions dans le mÃªme pays dÃ©tectÃ©es.
Transactions dans le mÃªme pays dÃ©tectÃ©es.
Transactions dans le mÃªme pays dÃ©tectÃ©es.
Transactions dans le mÃªme pays dÃ©tectÃ©es.
Transactions dans le mÃªme pays dÃ©tectÃ©es.
Transactions dans le mÃªme pays dÃ©tectÃ©es.
Transactions dans le mÃªme pays dÃ©tectÃ©es.
Transactions dans le mÃªme pays dÃ©tectÃ©es.
Transactions dans le mÃªme pays dÃ©tectÃ©es.
Transactions dans le mÃªme pays dÃ©tectÃ©es.
Transactions dans le mÃªme pays dÃ©tectÃ©es.
Transactions dans le mÃªme pays dÃ©tectÃ©es.
Transactions dans le mÃªme pays dÃ©tectÃ©es.
Transactions dans le mÃªme pays dÃ©tectÃ©es.
Transactions dans le mÃªme pays dÃ©tectÃ©es.
Transactions dans le mÃªme pays dÃ©tectÃ©es.
Transactions dans le mÃªme pays dÃ©tectÃ©es.
Transactions dans le mÃªme pays dÃ©tectÃ©es.
Transactions dans le mÃªme pays dÃ©tectÃ©es.
Transactions dans le mÃªme pays dÃ©tectÃ©es.
Transactions dans le mÃªme pays dÃ©tectÃ©es.
Transactions dans le mÃªme pays dÃ©tectÃ©es.
Transactions dans le mÃªme pays dÃ©tectÃ©es.
Transactions dans le mÃªme pays dÃ©tectÃ©es.
Transactions dans le mÃªme pays dÃ©tectÃ©es.
Transactions dans le mÃªme pays dÃ©tectÃ©es.
Transactions dans le mÃªme pays dÃ©tectÃ©es.
Transactions dans le mÃªme pays dÃ©tectÃ©es.
Transactions dans le mÃªme pays dÃ©tectÃ©es.
Transactions dans le mÃªme pays dÃ©tectÃ©es.
Transactions dans le mÃªme pays dÃ©tectÃ©es.
Transactions dans le mÃªme pays dÃ©tectÃ©es.
Transactions dans le mÃªme pays dÃ©tectÃ©es.
Transactions dans le mÃªme pays dÃ©tectÃ©es.
Transactions dans le mÃªme pays dÃ©tectÃ©es.
Transactions dans le mÃªme pays dÃ©tectÃ©es.
Transactions dans le mÃªme pays dÃ©tectÃ©es.
Transactions dans le mÃªme pays dÃ©tectÃ©es.
Transactions dans le mÃªme pays dÃ©tectÃ©es.
Transactions dans le mÃªme pays dÃ©tectÃ©es.
Transactions dans le mÃªme pays dÃ©tectÃ©es.
Transactions dans le mÃªme pays dÃ©tectÃ©es.
Transactions dans le mÃªme pays dÃ©tectÃ©es.
Transactions dans le mÃªme pays dÃ©tectÃ©es.
Transactions dans le mÃªme pays dÃ©tectÃ©es.
Transactions dans le mÃªme pays dÃ©tectÃ©es.
Transactions dans le mÃªme pays dÃ©tectÃ©es.
Transactions dans le mÃªme pays dÃ©tectÃ©es.
Transactions dans le mÃªme pays dÃ©tectÃ©es.
Transactions dans le mÃªme pays dÃ©tectÃ©es.
Transactions dans le mÃªme pays dÃ©tectÃ©es.
Transactions dans le mÃªme pays dÃ©tectÃ©es.
Transactions dans le mÃªme pays dÃ©tectÃ©es.
Transactions dans le mÃªme pays dÃ©tectÃ©es.
Transactions dans le mÃªme pays dÃ©tectÃ©es.
Transactions dans le mÃªme pays dÃ©tectÃ©es.
Transactions dans le mÃªme pays dÃ©tectÃ©es.
Transactions dans le mÃªme pays dÃ©tectÃ©es.
Transactions dans le mÃªme pays dÃ©tectÃ©es.
Transactions dans le mÃªme pays dÃ©tectÃ©es.
Transactions dans le mÃªme pays dÃ©tectÃ©es.
Transactions dans le mÃªme pays dÃ©tectÃ©es.
Transactions dans le mÃªme pays dÃ©tectÃ©es.
Transactions dans le mÃªme pays dÃ©tectÃ©es.
Transactions dans le mÃªme pays dÃ©tectÃ©es.
Transactions dans le mÃªme pays dÃ©tectÃ©es.
Transactions dans le mÃªme pays dÃ©tectÃ©es.
Transactions dans le mÃªme pays dÃ©tectÃ©es.
Transactions dans le mÃªme pays dÃ©tectÃ©es.
Transactions dans le mÃªme pays dÃ©tectÃ©es.
Transactions dans le mÃªme pays dÃ©tectÃ©es.
Transactions dans le mÃªme pays dÃ©tectÃ©es.
Transactions dans le mÃªme pays dÃ©tectÃ©es.
Transactions dans le mÃªme pays dÃ©tectÃ©es.
Transactions dans le mÃªme pays dÃ©tectÃ©es.
Transactions dans le mÃªme pays dÃ©tectÃ©es.
Transactions dans le mÃªme pays dÃ©tectÃ©es.
Transactions dans le mÃªme pays dÃ©tectÃ©es.
Transactions dans le mÃªme pays dÃ©tectÃ©es.
Transactions dans le mÃªme pays dÃ©tectÃ©es.
Transactions dans le mÃªme pays dÃ©tectÃ©es.
Transactions dans le mÃªme pays dÃ©tectÃ©es.
Transactions dans le mÃªme pays dÃ©tectÃ©es.
Transactions dans le mÃªme pays dÃ©tectÃ©es.
Transactions dans le mÃªme pays dÃ©tectÃ©es.
Transactions dans le mÃªme pays dÃ©tectÃ©es.
Transactions dans le mÃªme pays dÃ©tectÃ©es.
Transactions dans le mÃªme pays dÃ©tectÃ©es.
Transactions dans le mÃªme pays dÃ©tectÃ©es.
Transactions dans le mÃªme pays dÃ©tectÃ©es.
Transactions dans le mÃªme pays dÃ©tectÃ©es.
Transactions dans le mÃªme pays dÃ©tectÃ©es.
Transactions dans le mÃªme pays dÃ©tectÃ©es.
Transactions dans le mÃªme pays dÃ©tectÃ©es.
Transactions dans le mÃªme pays dÃ©tectÃ©es.
Transactions dans le mÃªme pays dÃ©tectÃ©es.
Transactions dans le mÃªme pays dÃ©tectÃ©es.
Transactions dans le mÃªme pays dÃ©tectÃ©es.
Transactions dans le mÃªme pays dÃ©tectÃ©es.
Transactions dans le mÃªme pays dÃ©tectÃ©es.
Transactions dans le mÃªme pays dÃ©tectÃ©es.
Transactions dans le mÃªme pays dÃ©tectÃ©es.
Transactions dans le mÃªme pays dÃ©tectÃ©es.
Transactions dans le mÃªme pays dÃ©tectÃ©es.
Transactions dans le mÃªme pays dÃ©tectÃ©es.
Transactions dans le mÃªme pays dÃ©tectÃ©es.
Transactions dans le mÃªme pays dÃ©tectÃ©es.
Transactions dans le mÃªme pays dÃ©tectÃ©es.
Transactions dans le mÃªme pays dÃ©tectÃ©es.
Transactions dans le mÃªme pays dÃ©tectÃ©es.
Transactions dans le mÃªme pays dÃ©tectÃ©es.
Transactions dans le mÃªme pays dÃ©tectÃ©es.
Transactions dans le mÃªme pays dÃ©tectÃ©es.
Transactions dans le mÃªme pays dÃ©tectÃ©es.
Transactions dans le mÃªme pays dÃ©tectÃ©es.
Transactions dans le mÃªme pays dÃ©tectÃ©es.
Transactions dans le mÃªme pays dÃ©tectÃ©es.
Transactions dans le mÃªme pays dÃ©tectÃ©es.
Transactions dans le mÃªme pays dÃ©tectÃ©es.
Transactions dans le mÃªme pays dÃ©tectÃ©es.
Transactions dans le mÃªme pays dÃ©tectÃ©es.
Transactions dans le mÃªme pays dÃ©tectÃ©es.
Transactions dans le mÃªme pays dÃ©tectÃ©es.
Transactions dans le mÃªme pays dÃ©tectÃ©es.
Transactions dans le mÃªme pays dÃ©tectÃ©es.
Transactions dans le mÃªme pays dÃ©tectÃ©es.
Transactions dans le mÃªme pays dÃ©tectÃ©es.
Transactions dans le mÃªme pays dÃ©tectÃ©es.
Transactions dans le mÃªme pays dÃ©tectÃ©es.
Transactions dans le mÃªme pays dÃ©tectÃ©es.
Transactions dans le mÃªme pays dÃ©tectÃ©es.
Transactions dans le mÃªme pays dÃ©tectÃ©es.
Transactions dans le mÃªme pays dÃ©tectÃ©es.
Transactions dans le mÃªme pays dÃ©tectÃ©es.
Transactions dans le mÃªme pays dÃ©tectÃ©es.
Transactions dans le mÃªme pays dÃ©tectÃ©es.
Transactions dans le mÃªme pays dÃ©tectÃ©es.
Transactions dans le mÃªme pays dÃ©tectÃ©es.
Transactions dans le mÃªme pays dÃ©tectÃ©es.
Transactions dans le mÃªme pays dÃ©tectÃ©es.
Transactions dans le mÃªme pays dÃ©tectÃ©es.
Transactions dans le mÃªme pays dÃ©tectÃ©es.
Transactions dans le mÃªme pays dÃ©tectÃ©es.
Transactions dans le mÃªme pays dÃ©tectÃ©es.
Transactions dans le mÃªme pays dÃ©tectÃ©es.
Transactions dans le mÃªme pays dÃ©tectÃ©es.
Transactions dans le mÃªme pays dÃ©tectÃ©es.
Transactions dans le mÃªme pays dÃ©tectÃ©es.
Transactions dans le mÃªme pays dÃ©tectÃ©es.
Transactions dans le mÃªme pays dÃ©tectÃ©es.
Transactions dans le mÃªme pays dÃ©tectÃ©es.
Transactions dans le mÃªme pays dÃ©tectÃ©es.
Transactions dans le mÃªme pays dÃ©tectÃ©es.
Transactions dans le mÃªme pays dÃ©tectÃ©es.
Transactions dans le mÃªme pays dÃ©tectÃ©es.
Transactions dans le mÃªme pays dÃ©tectÃ©es.
Transactions dans le mÃªme pays dÃ©tectÃ©es.
Transactions dans le mÃªme pays dÃ©tectÃ©es.
Transactions dans le mÃªme pays dÃ©tectÃ©es.
Transactions dans le mÃªme pays dÃ©tectÃ©es.
Transactions dans le mÃªme pays dÃ©tectÃ©es.
Transactions dans le mÃªme pays dÃ©tectÃ©es.
Transactions dans le mÃªme pays dÃ©tectÃ©es.
Transactions dans le mÃªme pays dÃ©tectÃ©es.
Transactions dans le mÃªme pays dÃ©tectÃ©es.
Transactions dans le mÃªme pays dÃ©tectÃ©es.
Transactions dans le mÃªme pays dÃ©tectÃ©es.
Transactions dans le mÃªme pays dÃ©tectÃ©es.
Transactions dans le mÃªme pays dÃ©tectÃ©es.
Transactions dans le mÃªme pays dÃ©tectÃ©es.
Transactions dans le mÃªme pays dÃ©tectÃ©es.
Transactions dans le mÃªme pays dÃ©tectÃ©es.
Transactions dans le mÃªme pays dÃ©tectÃ©es.
Transactions dans le mÃªme pays dÃ©tectÃ©es.
Transactions dans le mÃªme pays dÃ©tectÃ©es.
Transactions dans le mÃªme pays dÃ©tectÃ©es.
Transactions dans le mÃªme pays dÃ©tectÃ©es.
Transactions dans le mÃªme pays dÃ©tectÃ©es.
Transactions dans le mÃªme pays dÃ©tectÃ©es.
Transactions dans le mÃªme pays dÃ©tectÃ©es.
Transactions dans le mÃªme pays dÃ©tectÃ©es.
Transactions dans le mÃªme pays dÃ©tectÃ©es.
Transactions dans le mÃªme pays dÃ©tectÃ©es.
Transactions dans le mÃªme pays dÃ©tectÃ©es.
Transactions dans le mÃªme pays dÃ©tectÃ©es.
Transactions dans le mÃªme pays dÃ©tectÃ©es.
Transactions dans le mÃªme pays dÃ©tectÃ©es.
Transactions dans le mÃªme pays dÃ©tectÃ©es.
Transactions dans le mÃªme pays dÃ©tectÃ©es.
Transactions dans le mÃªme pays dÃ©tectÃ©es.
Transactions dans le mÃªme pays dÃ©tectÃ©es.
Transactions dans le mÃªme pays dÃ©tectÃ©es.
Transactions dans le mÃªme pays dÃ©tectÃ©es.
Transactions dans le mÃªme pays dÃ©tectÃ©es.
Transactions dans le mÃªme pays dÃ©tectÃ©es.
Transactions dans le mÃªme pays dÃ©tectÃ©es.
Transactions dans le mÃªme pays dÃ©tectÃ©es.
Transactions dans le mÃªme pays dÃ©tectÃ©es.
Transactions dans le mÃªme pays dÃ©tectÃ©es.
Transactions dans le mÃªme pays dÃ©tectÃ©es.
Transactions dans le mÃªme pays dÃ©tectÃ©es.
Transactions dans le mÃªme pays dÃ©tectÃ©es.
Transactions dans le mÃªme pays dÃ©tectÃ©es.
Transactions dans le mÃªme pays dÃ©tectÃ©es.
Transactions dans le mÃªme pays dÃ©tectÃ©es.
Transactions dans le mÃªme pays dÃ©tectÃ©es.
Transactions dans le mÃªme pays dÃ©tectÃ©es.
Transactions dans le mÃªme pays dÃ©tectÃ©es.
Transactions dans le mÃªme pays dÃ©tectÃ©es.
Transactions dans le mÃªme pays dÃ©tectÃ©es.
Transactions dans le mÃªme pays dÃ©tectÃ©es.
Transactions dans le mÃªme pays dÃ©tectÃ©es.
Transactions dans le mÃªme pays dÃ©tectÃ©es.
Transactions dans le mÃªme pays dÃ©tectÃ©es.
Transactions dans le mÃªme pays dÃ©tectÃ©es.
Transactions dans le mÃªme pays dÃ©tectÃ©es.
Transactions dans le mÃªme pays dÃ©tectÃ©es.
Transactions dans le mÃªme pays dÃ©tectÃ©es.
Transactions dans le mÃªme pays dÃ©tectÃ©es.
Transactions dans le mÃªme pays dÃ©tectÃ©es.
Transactions dans le mÃªme pays dÃ©tectÃ©es.
Transactions dans le mÃªme pays dÃ©tectÃ©es.
Transactions dans le mÃªme pays dÃ©tectÃ©es.
Transactions dans le mÃªme pays dÃ©tectÃ©es.
Transactions dans le mÃªme pays dÃ©tectÃ©es.
Transactions dans le mÃªme pays dÃ©tectÃ©es.
Transactions dans le mÃªme pays dÃ©tectÃ©es.
Transactions dans le mÃªme pays dÃ©tectÃ©es.
Transactions dans le mÃªme pays dÃ©tectÃ©es.
Transactions dans le mÃªme pays dÃ©tectÃ©es.
Transactions dans le mÃªme pays dÃ©tectÃ©es.
Transactions dans le mÃªme pays dÃ©tectÃ©es.
Transactions dans le mÃªme pays dÃ©tectÃ©es.
Transactions dans le mÃªme pays dÃ©tectÃ©es.
Transactions dans le mÃªme pays dÃ©tectÃ©es.
Transactions dans le mÃªme pays dÃ©tectÃ©es.
Transactions dans le mÃªme pays dÃ©tectÃ©es.
Transactions dans le mÃªme pays dÃ©tectÃ©es.
Transactions dans le mÃªme pays dÃ©tectÃ©es.
Transactions dans le mÃªme pays dÃ©tectÃ©es.
Transactions dans le mÃªme pays dÃ©tectÃ©es.
Transactions dans le mÃªme pays dÃ©tectÃ©es.
Transactions dans le mÃªme pays dÃ©tectÃ©es.
Transactions dans le mÃªme pays dÃ©tectÃ©es.
Transactions dans le mÃªme pays dÃ©tectÃ©es.
Transactions dans le mÃªme pays dÃ©tectÃ©es.
Transactions dans le mÃªme pays dÃ©tectÃ©es.
Transactions dans le mÃªme pays dÃ©tectÃ©es.
Transactions dans le mÃªme pays dÃ©tectÃ©es.
Transactions dans le mÃªme pays dÃ©tectÃ©es.
Transactions dans le mÃªme pays dÃ©tectÃ©es.
Transactions dans le mÃªme pays dÃ©tectÃ©es.
Transactions dans le mÃªme pays dÃ©tectÃ©es.
Transactions dans le mÃªme pays dÃ©tectÃ©es.
Transactions dans le mÃªme pays dÃ©tectÃ©es.
Transactions dans le mÃªme pays dÃ©tectÃ©es.
Transactions dans le mÃªme pays dÃ©tectÃ©es.
Transactions dans le mÃªme pays dÃ©tectÃ©es.
Transactions dans le mÃªme pays dÃ©tectÃ©es.
Transactions dans le mÃªme pays dÃ©tectÃ©es.
Transactions dans le mÃªme pays dÃ©tectÃ©es.
Transactions dans le mÃªme pays dÃ©tectÃ©es.
Transactions dans le mÃªme pays dÃ©tectÃ©es.
Transactions dans le mÃªme pays dÃ©tectÃ©es.
Transactions dans le mÃªme pays dÃ©tectÃ©es.
Transactions dans le mÃªme pays dÃ©tectÃ©es.
Transactions dans le mÃªme pays dÃ©tectÃ©es.
Transactions dans le mÃªme pays dÃ©tectÃ©es.
Transactions dans le mÃªme pays dÃ©tectÃ©es.
Transactions dans le mÃªme pays dÃ©tectÃ©es.
Transactions dans le mÃªme pays dÃ©tectÃ©es.
Transactions dans le mÃªme pays dÃ©tectÃ©es.
Transactions dans le mÃªme pays dÃ©tectÃ©es.
Transactions dans le mÃªme pays dÃ©tectÃ©es.
Transactions dans le mÃªme pays dÃ©tectÃ©es.
Transactions dans le mÃªme pays dÃ©tectÃ©es.
Transactions dans le mÃªme pays dÃ©tectÃ©es.
Transactions dans le mÃªme pays dÃ©tectÃ©es.
Transactions dans le mÃªme pays dÃ©tectÃ©es.
Transactions dans le mÃªme pays dÃ©tectÃ©es.
Transactions dans le mÃªme pays dÃ©tectÃ©es.
Transactions dans le mÃªme pays dÃ©tectÃ©es.
Transactions dans le mÃªme pays dÃ©tectÃ©es.
Transactions dans le mÃªme pays dÃ©tectÃ©es.
Transactions dans le mÃªme pays dÃ©tectÃ©es.
Transactions dans le mÃªme pays dÃ©tectÃ©es.
Transactions dans le mÃªme pays dÃ©tectÃ©es.
Transactions dans le mÃªme pays dÃ©tectÃ©es.
Transactions dans le mÃªme pays dÃ©tectÃ©es.
Transactions dans le mÃªme pays dÃ©tectÃ©es.
Transactions dans le mÃªme pays dÃ©tectÃ©es.
Transactions dans le mÃªme pays dÃ©tectÃ©es.
Transactions dans le mÃªme pays dÃ©tectÃ©es.
Transactions dans le mÃªme pays dÃ©tectÃ©es.
Transactions dans le mÃªme pays dÃ©tectÃ©es.
Transactions dans le mÃªme pays dÃ©tectÃ©es.
Transactions dans le mÃªme pays dÃ©tectÃ©es.
Transactions dans le mÃªme pays dÃ©tectÃ©es.
Transactions dans le mÃªme pays dÃ©tectÃ©es.
Transactions dans le mÃªme pays dÃ©tectÃ©es.
Transactions dans le mÃªme pays dÃ©tectÃ©es.
Transactions dans le mÃªme pays dÃ©tectÃ©es.
Transactions dans le mÃªme pays dÃ©tectÃ©es.
Transactions dans le mÃªme pays dÃ©tectÃ©es.
Transactions dans le mÃªme pays dÃ©tectÃ©es.
Transactions dans le mÃªme pays dÃ©tectÃ©es.
Transactions dans le mÃªme pays dÃ©tectÃ©es.
Transactions dans le mÃªme pays dÃ©tectÃ©es.
Transactions dans le mÃªme pays dÃ©tectÃ©es.
Transactions dans le mÃªme pays dÃ©tectÃ©es.
Transactions dans le mÃªme pays dÃ©tectÃ©es.
Transactions dans le mÃªme pays dÃ©tectÃ©es.
Transactions dans le mÃªme pays dÃ©tectÃ©es.
Transactions dans le mÃªme pays dÃ©tectÃ©es.
Transactions dans le mÃªme pays dÃ©tectÃ©es.
Transactions dans le mÃªme pays dÃ©tectÃ©es.
Transactions dans le mÃªme pays dÃ©tectÃ©es.
Transactions dans le mÃªme pays dÃ©tectÃ©es.
Transactions dans le mÃªme pays dÃ©tectÃ©es.
Transactions dans le mÃªme pays dÃ©tectÃ©es.
Transactions dans le mÃªme pays dÃ©tectÃ©es.
Transactions dans le mÃªme pays dÃ©tectÃ©es.
Transactions dans le mÃªme pays dÃ©tectÃ©es.
Transactions dans le mÃªme pays dÃ©tectÃ©es.
Transactions dans le mÃªme pays dÃ©tectÃ©es.
Transactions dans le mÃªme pays dÃ©tectÃ©es.
Transactions dans le mÃªme pays dÃ©tectÃ©es.
Transactions dans le mÃªme pays dÃ©tectÃ©es.
Transactions dans le mÃªme pays dÃ©tectÃ©es.
Transactions dans le mÃªme pays dÃ©tectÃ©es.
Transactions dans le mÃªme pays dÃ©tectÃ©es.
Transactions dans le mÃªme pays dÃ©tectÃ©es.
Transactions dans le mÃªme pays dÃ©tectÃ©es.
Transactions dans le mÃªme pays dÃ©tectÃ©es.
Transactions dans le mÃªme pays dÃ©tectÃ©es.
Transactions dans le mÃªme pays dÃ©tectÃ©es.
Transactions dans le mÃªme pays dÃ©tectÃ©es.
Transactions dans le mÃªme pays dÃ©tectÃ©es.
Transactions dans le mÃªme pays dÃ©tectÃ©es.
Transactions dans le mÃªme pays dÃ©tectÃ©es.
Transactions dans le mÃªme pays dÃ©tectÃ©es.
Transactions dans le mÃªme pays dÃ©tectÃ©es.
Transactions dans le mÃªme pays dÃ©tectÃ©es.
Transactions dans le mÃªme pays dÃ©tectÃ©es.
Transactions dans le mÃªme pays dÃ©tectÃ©es.
Transactions dans le mÃªme pays dÃ©tectÃ©es.
Transactions dans le mÃªme pays dÃ©tectÃ©es.
Transactions dans le mÃªme pays dÃ©tectÃ©es.
Transactions dans le mÃªme pays dÃ©tectÃ©es.
Transactions dans le mÃªme pays dÃ©tectÃ©es.
Transactions dans le mÃªme pays dÃ©tectÃ©es.
Transactions dans le mÃªme pays dÃ©tectÃ©es.
Transactions dans le mÃªme pays dÃ©tectÃ©es.
Transactions dans le mÃªme pays dÃ©tectÃ©es.
Transactions dans le mÃªme pays dÃ©tectÃ©es.
Transactions dans le mÃªme pays dÃ©tectÃ©es.
Transactions dans le mÃªme pays dÃ©tectÃ©es.
Transactions dans le mÃªme pays dÃ©tectÃ©es.
Transactions dans le mÃªme pays dÃ©tectÃ©es.
Transactions dans le mÃªme pays dÃ©tectÃ©es.
Transactions dans le mÃªme pays dÃ©tectÃ©es.
Transactions dans le mÃªme pays dÃ©tectÃ©es.
Transactions dans le mÃªme pays dÃ©tectÃ©es.
Transactions dans le mÃªme pays dÃ©tectÃ©es.
Transactions dans le mÃªme pays dÃ©tectÃ©es.
Transactions dans le mÃªme pays dÃ©tectÃ©es.
Transactions dans le mÃªme pays dÃ©tectÃ©es.
Transactions dans le mÃªme pays dÃ©tectÃ©es.
Transactions dans le mÃªme pays dÃ©tectÃ©es.
Transactions dans le mÃªme pays dÃ©tectÃ©es.
Transactions dans le mÃªme pays dÃ©tectÃ©es.
Transactions dans le mÃªme pays dÃ©tectÃ©es.
Transactions dans le mÃªme pays dÃ©tectÃ©es.
Transactions dans le mÃªme pays dÃ©tectÃ©es.
Transactions dans le mÃªme pays dÃ©tectÃ©es.
Transactions dans le mÃªme pays dÃ©tectÃ©es.
Transactions dans le mÃªme pays dÃ©tectÃ©es.
Transactions dans le mÃªme pays dÃ©tectÃ©es.
Transactions dans le mÃªme pays dÃ©tectÃ©es.
Transactions dans le mÃªme pays dÃ©tectÃ©es.
Transactions dans le mÃªme pays dÃ©tectÃ©es.
Transactions dans le mÃªme pays dÃ©tectÃ©es.
Transactions dans le mÃªme pays dÃ©tectÃ©es.
Transactions dans le mÃªme pays dÃ©tectÃ©es.
Transactions dans le mÃªme pays dÃ©tectÃ©es.
Transactions dans le mÃªme pays dÃ©tectÃ©es.
Transactions dans le mÃªme pays dÃ©tectÃ©es.
Transactions dans le mÃªme pays dÃ©tectÃ©es.
Transactions dans le mÃªme pays dÃ©tectÃ©es.
Transactions dans le mÃªme pays dÃ©tectÃ©es.
Transactions dans le mÃªme pays dÃ©tectÃ©es.
Transactions dans le mÃªme pays dÃ©tectÃ©es.
Transactions dans le mÃªme pays dÃ©tectÃ©es.
Transactions dans le mÃªme pays dÃ©tectÃ©es.
Transactions dans le mÃªme pays dÃ©tectÃ©es.
Transactions dans le mÃªme pays dÃ©tectÃ©es.
Transactions dans le mÃªme pays dÃ©tectÃ©es.
Transactions dans le mÃªme pays dÃ©tectÃ©es.
Transactions dans le mÃªme pays dÃ©tectÃ©es.
Transactions dans le mÃªme pays dÃ©tectÃ©es.
Transactions dans le mÃªme pays dÃ©tectÃ©es.
Transactions dans le mÃªme pays dÃ©tectÃ©es.
Transactions dans le mÃªme pays dÃ©tectÃ©es.
Transactions dans le mÃªme pays dÃ©tectÃ©es.
Transactions dans le mÃªme pays dÃ©tectÃ©es.
Transactions dans le mÃªme pays dÃ©tectÃ©es.
Transactions dans le mÃªme pays dÃ©tectÃ©es.
Transactions dans le mÃªme pays dÃ©tectÃ©es.
Transactions dans le mÃªme pays dÃ©tectÃ©es.
Transactions dans le mÃªme pays dÃ©tectÃ©es.
Transactions dans le mÃªme pays dÃ©tectÃ©es.
Transactions dans le mÃªme pays dÃ©tectÃ©es.
Transactions dans le mÃªme pays dÃ©tectÃ©es.
Transactions dans le mÃªme pays dÃ©tectÃ©es.
Transactions dans le mÃªme pays dÃ©tectÃ©es.
Transactions dans le mÃªme pays dÃ©tectÃ©es.
Transactions dans le mÃªme pays dÃ©tectÃ©es.
Transactions dans le mÃªme pays dÃ©tectÃ©es.
Transactions dans le mÃªme pays dÃ©tectÃ©es.
Transactions dans le mÃªme pays dÃ©tectÃ©es.
Transactions dans le mÃªme pays dÃ©tectÃ©es.
Transactions dans le mÃªme pays dÃ©tectÃ©es.
Transactions dans le mÃªme pays dÃ©tectÃ©es.
Transactions dans le mÃªme pays dÃ©tectÃ©es.
Transactions dans le mÃªme pays dÃ©tectÃ©es.
Transactions dans le mÃªme pays dÃ©tectÃ©es.
Transactions dans le mÃªme pays dÃ©tectÃ©es.
Transactions dans le mÃªme pays dÃ©tectÃ©es.
Transactions dans le mÃªme pays dÃ©tectÃ©es.
Transactions dans le mÃªme pays dÃ©tectÃ©es.
Transactions dans le mÃªme pays dÃ©tectÃ©es.
Transactions dans le mÃªme pays dÃ©tectÃ©es.
Transactions dans le mÃªme pays dÃ©tectÃ©es.
Transactions dans le mÃªme pays dÃ©tectÃ©es.
Transactions dans le mÃªme pays dÃ©tectÃ©es.
Transactions dans le mÃªme pays dÃ©tectÃ©es.
Transactions dans le mÃªme pays dÃ©tectÃ©es.
Transactions dans le mÃªme pays dÃ©tectÃ©es.
Transactions dans le mÃªme pays dÃ©tectÃ©es.
Transactions dans le mÃªme pays dÃ©tectÃ©es.
Transactions dans le mÃªme pays dÃ©tectÃ©es.
Transactions dans le mÃªme pays dÃ©tectÃ©es.
Transactions dans le mÃªme pays dÃ©tectÃ©es.
Transactions dans le mÃªme pays dÃ©tectÃ©es.
Transactions dans le mÃªme pays dÃ©tectÃ©es.
Transactions dans le mÃªme pays dÃ©tectÃ©es.
Transactions dans le mÃªme pays dÃ©tectÃ©es.
Transactions dans le mÃªme pays dÃ©tectÃ©es.
Transactions dans le mÃªme pays dÃ©tectÃ©es.
Transactions dans le mÃªme pays dÃ©tectÃ©es.
Transactions dans le mÃªme pays dÃ©tectÃ©es.
Transactions dans le mÃªme pays dÃ©tectÃ©es.
Transactions dans le mÃªme pays dÃ©tectÃ©es.
Transactions dans le mÃªme pays dÃ©tectÃ©es.
Transactions dans le mÃªme pays dÃ©tectÃ©es.
Transactions dans le mÃªme pays dÃ©tectÃ©es.
Transactions dans le mÃªme pays dÃ©tectÃ©es.
Transactions dans le mÃªme pays dÃ©tectÃ©es.
Transactions dans le mÃªme pays dÃ©tectÃ©es.
Transactions dans le mÃªme pays dÃ©tectÃ©es.
Transactions dans le mÃªme pays dÃ©tectÃ©es.
Transactions dans le mÃªme pays dÃ©tectÃ©es.
Transactions dans le mÃªme pays dÃ©tectÃ©es.
Transactions dans le mÃªme pays dÃ©tectÃ©es.
Transactions dans le mÃªme pays dÃ©tectÃ©es.
Transactions dans le mÃªme pays dÃ©tectÃ©es.
Transactions dans le mÃªme pays dÃ©tectÃ©es.
Transactions dans le mÃªme pays dÃ©tectÃ©es.
Transactions dans le mÃªme pays dÃ©tectÃ©es.
Transactions dans le mÃªme pays dÃ©tectÃ©es.
Transactions dans le mÃªme pays dÃ©tectÃ©es.
Transactions dans le mÃªme pays dÃ©tectÃ©es.
Transactions dans le mÃªme pays dÃ©tectÃ©es.
Transactions dans le mÃªme pays dÃ©tectÃ©es.
Transactions dans le mÃªme pays dÃ©tectÃ©es.
Transactions dans le mÃªme pays dÃ©tectÃ©es.
Transactions dans le mÃªme pays dÃ©tectÃ©es.
Transactions dans le mÃªme pays dÃ©tectÃ©es.
Transactions dans le mÃªme pays dÃ©tectÃ©es.
Transactions dans le mÃªme pays dÃ©tectÃ©es.
Transactions dans le mÃªme pays dÃ©tectÃ©es.
Transactions dans le mÃªme pays dÃ©tectÃ©es.
Transactions dans le mÃªme pays dÃ©tectÃ©es.
Transactions dans le mÃªme pays dÃ©tectÃ©es.
Transactions dans le mÃªme pays dÃ©tectÃ©es.
Transactions dans le mÃªme pays dÃ©tectÃ©es.
Transactions dans le mÃªme pays dÃ©tectÃ©es.
Transactions dans le mÃªme pays dÃ©tectÃ©es.
Transactions dans le mÃªme pays dÃ©tectÃ©es.
Transactions dans le mÃªme pays dÃ©tectÃ©es.
Transactions dans le mÃªme pays dÃ©tectÃ©es.
Transactions dans le mÃªme pays dÃ©tectÃ©es.
Transactions dans le mÃªme pays dÃ©tectÃ©es.
Transactions dans le mÃªme pays dÃ©tectÃ©es.
Transactions dans le mÃªme pays dÃ©tectÃ©es.
Transactions dans le mÃªme pays dÃ©tectÃ©es.
Transactions dans le mÃªme pays dÃ©tectÃ©es.
Transactions dans le mÃªme pays dÃ©tectÃ©es.
Transactions dans le mÃªme pays dÃ©tectÃ©es.
Transactions dans le mÃªme pays dÃ©tectÃ©es.
Transactions dans le mÃªme pays dÃ©tectÃ©es.
Transactions dans le mÃªme pays dÃ©tectÃ©es.
Transactions dans le mÃªme pays dÃ©tectÃ©es.
Transactions dans le mÃªme pays dÃ©tectÃ©es.
Transactions dans le mÃªme pays dÃ©tectÃ©es.
Transactions dans le mÃªme pays dÃ©tectÃ©es.
Transactions dans le mÃªme pays dÃ©tectÃ©es.
Transactions dans le mÃªme pays dÃ©tectÃ©es.
Transactions dans le mÃªme pays dÃ©tectÃ©es.
Transactions dans le mÃªme pays dÃ©tectÃ©es.
Transactions dans le mÃªme pays dÃ©tectÃ©es.
Transactions dans le mÃªme pays dÃ©tectÃ©es.
Transactions dans le mÃªme pays dÃ©tectÃ©es.
Transactions dans le mÃªme pays dÃ©tectÃ©es.
Transactions dans le mÃªme pays dÃ©tectÃ©es.
Transactions dans le mÃªme pays dÃ©tectÃ©es.
Transactions dans le mÃªme pays dÃ©tectÃ©es.
Transactions dans le mÃªme pays dÃ©tectÃ©es.
Transactions dans le mÃªme pays dÃ©tectÃ©es.
Transactions dans le mÃªme pays dÃ©tectÃ©es.
Transactions dans le mÃªme pays dÃ©tectÃ©es.
Transactions dans le mÃªme pays dÃ©tectÃ©es.
Transactions dans le mÃªme pays dÃ©tectÃ©es.
Transactions dans le mÃªme pays dÃ©tectÃ©es.
Transactions dans le mÃªme pays dÃ©tectÃ©es.
Transactions dans le mÃªme pays dÃ©tectÃ©es.
Transactions dans le mÃªme pays dÃ©tectÃ©es.
Transactions dans le mÃªme pays dÃ©tectÃ©es.
Transactions dans le mÃªme pays dÃ©tectÃ©es.
Transactions dans le mÃªme pays dÃ©tectÃ©es.
Transactions dans le mÃªme pays dÃ©tectÃ©es.
Transactions dans le mÃªme pays dÃ©tectÃ©es.
Transactions dans le mÃªme pays dÃ©tectÃ©es.
Transactions dans le mÃªme pays dÃ©tectÃ©es.
Transactions dans le mÃªme pays dÃ©tectÃ©es.
Transactions dans le mÃªme pays dÃ©tectÃ©es.
Transactions dans le mÃªme pays dÃ©tectÃ©es.
Transactions dans le mÃªme pays dÃ©tectÃ©es.
Transactions dans le mÃªme pays dÃ©tectÃ©es.
Transactions dans le mÃªme pays dÃ©tectÃ©es.
Transactions dans le mÃªme pays dÃ©tectÃ©es.
Transactions dans le mÃªme pays dÃ©tectÃ©es.
Transactions dans le mÃªme pays dÃ©tectÃ©es.
Transactions dans le mÃªme pays dÃ©tectÃ©es.
Transactions dans le mÃªme pays dÃ©tectÃ©es.
Transactions dans le mÃªme pays dÃ©tectÃ©es.
Transactions dans le mÃªme pays dÃ©tectÃ©es.
Transactions dans le mÃªme pays dÃ©tectÃ©es.
Transactions dans le mÃªme pays dÃ©tectÃ©es.
Transactions dans le mÃªme pays dÃ©tectÃ©es.
Transactions dans le mÃªme pays dÃ©tectÃ©es.
Transactions dans le mÃªme pays dÃ©tectÃ©es.
Transactions dans le mÃªme pays dÃ©tectÃ©es.
Transactions dans le mÃªme pays dÃ©tectÃ©es.
Transactions dans le mÃªme pays dÃ©tectÃ©es.
Transactions dans le mÃªme pays dÃ©tectÃ©es.
Transactions dans le mÃªme pays dÃ©tectÃ©es.
Transactions dans le mÃªme pays dÃ©tectÃ©es.
Transactions dans le mÃªme pays dÃ©tectÃ©es.
Transactions dans le mÃªme pays dÃ©tectÃ©es.
Transactions dans le mÃªme pays dÃ©tectÃ©es.
Transactions dans le mÃªme pays dÃ©tectÃ©es.
Transactions dans le mÃªme pays dÃ©tectÃ©es.
Transactions dans le mÃªme pays dÃ©tectÃ©es.
Transactions dans le mÃªme pays dÃ©tectÃ©es.
Transactions dans le mÃªme pays dÃ©tectÃ©es.
Transactions dans le mÃªme pays dÃ©tectÃ©es.
Transactions dans le mÃªme pays dÃ©tectÃ©es.
Transactions dans le mÃªme pays dÃ©tectÃ©es.
Transactions dans le mÃªme pays dÃ©tectÃ©es.
Transactions dans le mÃªme pays dÃ©tectÃ©es.
Transactions dans le mÃªme pays dÃ©tectÃ©es.
Transactions dans le mÃªme pays dÃ©tectÃ©es.
Transactions dans le mÃªme pays dÃ©tectÃ©es.
Transactions dans le mÃªme pays dÃ©tectÃ©es.
Transactions dans le mÃªme pays dÃ©tectÃ©es.
Transactions dans le mÃªme pays dÃ©tectÃ©es.
Transactions dans le mÃªme pays dÃ©tectÃ©es.
Transactions dans le mÃªme pays dÃ©tectÃ©es.
Transactions dans le mÃªme pays dÃ©tectÃ©es.
Transactions dans le mÃªme pays dÃ©tectÃ©es.
Transactions dans le mÃªme pays dÃ©tectÃ©es.
Transactions dans le mÃªme pays dÃ©tectÃ©es.
Transactions dans le mÃªme pays dÃ©tectÃ©es.
Transactions dans le mÃªme pays dÃ©tectÃ©es.
Transactions dans le mÃªme pays dÃ©tectÃ©es.
Transactions dans le mÃªme pays dÃ©tectÃ©es.
Transactions dans le mÃªme pays dÃ©tectÃ©es.
Transactions dans le mÃªme pays dÃ©tectÃ©es.
Transactions dans le mÃªme pays dÃ©tectÃ©es.
Transactions dans le mÃªme pays dÃ©tectÃ©es.
Transactions dans le mÃªme pays dÃ©tectÃ©es.
Transactions dans le mÃªme pays dÃ©tectÃ©es.
Transactions dans le mÃªme pays dÃ©tectÃ©es.
Transactions dans le mÃªme pays dÃ©tectÃ©es.
Transactions dans le mÃªme pays dÃ©tectÃ©es.
Transactions dans le mÃªme pays dÃ©tectÃ©es.
Transactions dans le mÃªme pays dÃ©tectÃ©es.
Transactions dans le mÃªme pays dÃ©tectÃ©es.
Transactions dans le mÃªme pays dÃ©tectÃ©es.
Transactions dans le mÃªme pays dÃ©tectÃ©es.
Transactions dans le mÃªme pays dÃ©tectÃ©es.
Transactions dans le mÃªme pays dÃ©tectÃ©es.
Transactions dans le mÃªme pays dÃ©tectÃ©es.
Transactions dans le mÃªme pays dÃ©tectÃ©es.
Transactions dans le mÃªme pays dÃ©tectÃ©es.
Transactions dans le mÃªme pays dÃ©tectÃ©es.
Transactions dans le mÃªme pays dÃ©tectÃ©es.
Transactions dans le mÃªme pays dÃ©tectÃ©es.
Transactions dans le mÃªme pays dÃ©tectÃ©es.
Transactions dans le mÃªme pays dÃ©tectÃ©es.
Transactions dans le mÃªme pays dÃ©tectÃ©es.
Transactions dans le mÃªme pays dÃ©tectÃ©es.
Transactions dans le mÃªme pays dÃ©tectÃ©es.
Transactions dans le mÃªme pays dÃ©tectÃ©es.
Transactions dans le mÃªme pays dÃ©tectÃ©es.
Transactions dans le mÃªme pays dÃ©tectÃ©es.
Transactions dans le mÃªme pays dÃ©tectÃ©es.
Transactions dans le mÃªme pays dÃ©tectÃ©es.
Transactions dans le mÃªme pays dÃ©tectÃ©es.
Transactions dans le mÃªme pays dÃ©tectÃ©es.
Transactions dans le mÃªme pays dÃ©tectÃ©es.
Transactions dans le mÃªme pays dÃ©tectÃ©es.
Transactions dans le mÃªme pays dÃ©tectÃ©es.
Transactions dans le mÃªme pays dÃ©tectÃ©es.
Transactions dans le mÃªme pays dÃ©tectÃ©es.
Transactions dans le mÃªme pays dÃ©tectÃ©es.
Transactions dans le mÃªme pays dÃ©tectÃ©es.
Transactions dans le mÃªme pays dÃ©tectÃ©es.
Transactions dans le mÃªme pays dÃ©tectÃ©es.
Transactions dans le mÃªme pays dÃ©tectÃ©es.
Transactions dans le mÃªme pays dÃ©tectÃ©es.
Transactions dans le mÃªme pays dÃ©tectÃ©es.
Transactions dans le mÃªme pays dÃ©tectÃ©es.
Transactions dans le mÃªme pays dÃ©tectÃ©es.
Transactions dans le mÃªme pays dÃ©tectÃ©es.
Transactions dans le mÃªme pays dÃ©tectÃ©es.
Transactions dans le mÃªme pays dÃ©tectÃ©es.
Transactions dans le mÃªme pays dÃ©tectÃ©es.
Transactions dans le mÃªme pays dÃ©tectÃ©es.
Transactions dans le mÃªme pays dÃ©tectÃ©es.
Transactions dans le mÃªme pays dÃ©tectÃ©es.
Transactions dans le mÃªme pays dÃ©tectÃ©es.
Transactions dans le mÃªme pays dÃ©tectÃ©es.
Transactions dans le mÃªme pays dÃ©tectÃ©es.
Transactions dans le mÃªme pays dÃ©tectÃ©es.
Transactions dans le mÃªme pays dÃ©tectÃ©es.
Transactions dans le mÃªme pays dÃ©tectÃ©es.
Transactions dans le mÃªme pays dÃ©tectÃ©es.
Transactions dans le mÃªme pays dÃ©tectÃ©es.
Transactions dans le mÃªme pays dÃ©tectÃ©es.
Transactions dans le mÃªme pays dÃ©tectÃ©es.
Transactions dans le mÃªme pays dÃ©tectÃ©es.
Transactions dans le mÃªme pays dÃ©tectÃ©es.
Transactions dans le mÃªme pays dÃ©tectÃ©es.
Transactions dans le mÃªme pays dÃ©tectÃ©es.
Transactions dans le mÃªme pays dÃ©tectÃ©es.
Transactions dans le mÃªme pays dÃ©tectÃ©es.
Transactions dans le mÃªme pays dÃ©tectÃ©es.
Transactions dans le mÃªme pays dÃ©tectÃ©es.
Transactions dans le mÃªme pays dÃ©tectÃ©es.
Transactions dans le mÃªme pays dÃ©tectÃ©es.
Transactions dans le mÃªme pays dÃ©tectÃ©es.
Transactions dans le mÃªme pays dÃ©tectÃ©es.
Transactions dans le mÃªme pays dÃ©tectÃ©es.
Transactions dans le mÃªme pays dÃ©tectÃ©es.
Transactions dans le mÃªme pays dÃ©tectÃ©es.
Transactions dans le mÃªme pays dÃ©tectÃ©es.
Transactions dans le mÃªme pays dÃ©tectÃ©es.
Transactions dans le mÃªme pays dÃ©tectÃ©es.
Transactions dans le mÃªme pays dÃ©tectÃ©es.
Transactions dans le mÃªme pays dÃ©tectÃ©es.
Transactions dans le mÃªme pays dÃ©tectÃ©es.
Transactions dans le mÃªme pays dÃ©tectÃ©es.
Transactions dans le mÃªme pays dÃ©tectÃ©es.
Transactions dans le mÃªme pays dÃ©tectÃ©es.
Transactions dans le mÃªme pays dÃ©tectÃ©es.
Transactions dans le mÃªme pays dÃ©tectÃ©es.
Transactions dans le mÃªme pays dÃ©tectÃ©es.
Transactions dans le mÃªme pays dÃ©tectÃ©es.
Transactions dans le mÃªme pays dÃ©tectÃ©es.
Transactions dans le mÃªme pays dÃ©tectÃ©es.
Transactions dans le mÃªme pays dÃ©tectÃ©es.
Transactions dans le mÃªme pays dÃ©tectÃ©es.
Transactions dans le mÃªme pays dÃ©tectÃ©es.
Transactions dans le mÃªme pays dÃ©tectÃ©es.
Transactions dans le mÃªme pays dÃ©tectÃ©es.
Transactions dans le mÃªme pays dÃ©tectÃ©es.
Transactions dans le mÃªme pays dÃ©tectÃ©es.
Transactions dans le mÃªme pays dÃ©tectÃ©es.
Transactions dans le mÃªme pays dÃ©tectÃ©es.
Transactions dans le mÃªme pays dÃ©tectÃ©es.
Transactions dans le mÃªme pays dÃ©tectÃ©es.
Transactions dans le mÃªme pays dÃ©tectÃ©es.
Transactions dans le mÃªme pays dÃ©tectÃ©es.
Transactions dans le mÃªme pays dÃ©tectÃ©es.
Transactions dans le mÃªme pays dÃ©tectÃ©es.
Transactions dans le mÃªme pays dÃ©tectÃ©es.
Transactions dans le mÃªme pays dÃ©tectÃ©es.
Transactions dans le mÃªme pays dÃ©tectÃ©es.
Transactions dans le mÃªme pays dÃ©tectÃ©es.
Transactions dans le mÃªme pays dÃ©tectÃ©es.
Transactions dans le mÃªme pays dÃ©tectÃ©es.
Transactions dans le mÃªme pays dÃ©tectÃ©es.
Transactions dans le mÃªme pays dÃ©tectÃ©es.
Transactions dans le mÃªme pays dÃ©tectÃ©es.
Transactions dans le mÃªme pays dÃ©tectÃ©es.
Transactions dans le mÃªme pays dÃ©tectÃ©es.
Transactions dans le mÃªme pays dÃ©tectÃ©es.
Transactions dans le mÃªme pays dÃ©tectÃ©es.
Transactions dans le mÃªme pays dÃ©tectÃ©es.
Transactions dans le mÃªme pays dÃ©tectÃ©es.
Transactions dans le mÃªme pays dÃ©tectÃ©es.
Transactions dans le mÃªme pays dÃ©tectÃ©es.
Transactions dans le mÃªme pays dÃ©tectÃ©es.
Transactions dans le mÃªme pays dÃ©tectÃ©es.
Transactions dans le mÃªme pays dÃ©tectÃ©es.
Transactions dans le mÃªme pays dÃ©tectÃ©es.
Transactions dans le mÃªme pays dÃ©tectÃ©es.
Transactions dans le mÃªme pays dÃ©tectÃ©es.
Transactions dans le mÃªme pays dÃ©tectÃ©es.
Transactions dans le mÃªme pays dÃ©tectÃ©es.
Transactions dans le mÃªme pays dÃ©tectÃ©es.
Transactions dans le mÃªme pays dÃ©tectÃ©es.
Transactions dans le mÃªme pays dÃ©tectÃ©es.
Transactions dans le mÃªme pays dÃ©tectÃ©es.
Transactions dans le mÃªme pays dÃ©tectÃ©es.
Transactions dans le mÃªme pays dÃ©tectÃ©es.
Transactions dans le mÃªme pays dÃ©tectÃ©es.
Transactions dans le mÃªme pays dÃ©tectÃ©es.
Transactions dans le mÃªme pays dÃ©tectÃ©es.
Transactions dans le mÃªme pays dÃ©tectÃ©es.
Transactions dans le mÃªme pays dÃ©tectÃ©es.
Transactions dans le mÃªme pays dÃ©tectÃ©es.
Transactions dans le mÃªme pays dÃ©tectÃ©es.
Transactions dans le mÃªme pays dÃ©tectÃ©es.
Transactions dans le mÃªme pays dÃ©tectÃ©es.
Transactions dans le mÃªme pays dÃ©tectÃ©es.
Transactions dans le mÃªme pays dÃ©tectÃ©es.
Transactions dans le mÃªme pays dÃ©tectÃ©es.
Transactions dans le mÃªme pays dÃ©tectÃ©es.
Transactions dans le mÃªme pays dÃ©tectÃ©es.
Transactions dans le mÃªme pays dÃ©tectÃ©es.
Transactions dans le mÃªme pays dÃ©tectÃ©es.
Transactions dans le mÃªme pays dÃ©tectÃ©es.
Transactions dans le mÃªme pays dÃ©tectÃ©es.
Transactions dans le mÃªme pays dÃ©tectÃ©es.
Transactions dans le mÃªme pays dÃ©tectÃ©es.
Transactions dans le mÃªme pays dÃ©tectÃ©es.
Transactions dans le mÃªme pays dÃ©tectÃ©es.
Transactions dans le mÃªme pays dÃ©tectÃ©es.
Transactions dans le mÃªme pays dÃ©tectÃ©es.
Transactions dans le mÃªme pays dÃ©tectÃ©es.
Transactions dans le mÃªme pays dÃ©tectÃ©es.
Transactions dans le mÃªme pays dÃ©tectÃ©es.
Transactions dans le mÃªme pays dÃ©tectÃ©es.
Transactions dans le mÃªme pays dÃ©tectÃ©es.
Transactions dans le mÃªme pays dÃ©tectÃ©es.
Transactions dans le mÃªme pays dÃ©tectÃ©es.
Transactions dans le mÃªme pays dÃ©tectÃ©es.
Transactions dans le mÃªme pays dÃ©tectÃ©es.
Transactions dans le mÃªme pays dÃ©tectÃ©es.
Transactions dans le mÃªme pays dÃ©tectÃ©es.
Transactions dans le mÃªme pays dÃ©tectÃ©es.
Transactions dans le mÃªme pays dÃ©tectÃ©es.
Transactions dans le mÃªme pays dÃ©tectÃ©es.
Transactions dans le mÃªme pays dÃ©tectÃ©es.
Transactions dans le mÃªme pays dÃ©tectÃ©es.
Transactions dans le mÃªme pays dÃ©tectÃ©es.
Transactions dans le mÃªme pays dÃ©tectÃ©es.
Transactions dans le mÃªme pays dÃ©tectÃ©es.
Transactions dans le mÃªme pays dÃ©tectÃ©es.
Transactions dans le mÃªme pays dÃ©tectÃ©es.
Transactions dans le mÃªme pays dÃ©tectÃ©es.
Transactions dans le mÃªme pays dÃ©tectÃ©es.
Transactions dans le mÃªme pays dÃ©tectÃ©es.
Transactions dans le mÃªme pays dÃ©tectÃ©es.
Transactions dans le mÃªme pays dÃ©tectÃ©es.
Transactions dans le mÃªme pays dÃ©tectÃ©es.
Transactions dans le mÃªme pays dÃ©tectÃ©es.
Transactions dans le mÃªme pays dÃ©tectÃ©es.
Transactions dans le mÃªme pays dÃ©tectÃ©es.
Transactions dans le mÃªme pays dÃ©tectÃ©es.
Transactions dans le mÃªme pays dÃ©tectÃ©es.
Transactions dans le mÃªme pays dÃ©tectÃ©es.
Transactions dans le mÃªme pays dÃ©tectÃ©es.
Transactions dans le mÃªme pays dÃ©tectÃ©es.
Transactions dans le mÃªme pays dÃ©tectÃ©es.
Transactions dans le mÃªme pays dÃ©tectÃ©es.
Transactions dans le mÃªme pays dÃ©tectÃ©es.
Transactions dans le mÃªme pays dÃ©tectÃ©es.
Transactions dans le mÃªme pays dÃ©tectÃ©es.
Transactions dans le mÃªme pays dÃ©tectÃ©es.
Transactions dans le mÃªme pays dÃ©tectÃ©es.
Transactions dans le mÃªme pays dÃ©tectÃ©es.
Transactions dans le mÃªme pays dÃ©tectÃ©es.
Transactions dans le mÃªme pays dÃ©tectÃ©es.
Transactions dans le mÃªme pays dÃ©tectÃ©es.
Transactions dans le mÃªme pays dÃ©tectÃ©es.
Transactions dans le mÃªme pays dÃ©tectÃ©es.
Transactions dans le mÃªme pays dÃ©tectÃ©es.
Transactions dans le mÃªme pays dÃ©tectÃ©es.
Transactions dans le mÃªme pays dÃ©tectÃ©es.
Transactions dans le mÃªme pays dÃ©tectÃ©es.
Transactions dans le mÃªme pays dÃ©tectÃ©es.
Transactions dans le mÃªme pays dÃ©tectÃ©es.
Transactions dans le mÃªme pays dÃ©tectÃ©es.
Transactions dans le mÃªme pays dÃ©tectÃ©es.
Transactions dans le mÃªme pays dÃ©tectÃ©es.
Transactions dans le mÃªme pays dÃ©tectÃ©es.
Transactions dans le mÃªme pays dÃ©tectÃ©es.
Transactions dans le mÃªme pays dÃ©tectÃ©es.
Transactions dans le mÃªme pays dÃ©tectÃ©es.
Transactions dans le mÃªme pays dÃ©tectÃ©es.
Transactions dans le mÃªme pays dÃ©tectÃ©es.
Transactions dans le mÃªme pays dÃ©tectÃ©es.
Transactions dans le mÃªme pays dÃ©tectÃ©es.
Transactions dans le mÃªme pays dÃ©tectÃ©es.
Transactions dans le mÃªme pays dÃ©tectÃ©es.
Transactions dans le mÃªme pays dÃ©tectÃ©es.
Transactions dans le mÃªme pays dÃ©tectÃ©es.
Transactions dans le mÃªme pays dÃ©tectÃ©es.
Transactions dans le mÃªme pays dÃ©tectÃ©es.
Transactions dans le mÃªme pays dÃ©tectÃ©es.
Transactions dans le mÃªme pays dÃ©tectÃ©es.
Transactions dans le mÃªme pays dÃ©tectÃ©es.
Transactions dans le mÃªme pays dÃ©tectÃ©es.
Transactions dans le mÃªme pays dÃ©tectÃ©es.
Transactions dans le mÃªme pays dÃ©tectÃ©es.
Transactions dans le mÃªme pays dÃ©tectÃ©es.
Transactions dans le mÃªme pays dÃ©tectÃ©es.
Transactions dans le mÃªme pays dÃ©tectÃ©es.
Transactions dans le mÃªme pays dÃ©tectÃ©es.
Transactions dans le mÃªme pays dÃ©tectÃ©es.
Transactions dans le mÃªme pays dÃ©tectÃ©es.
Transactions dans le mÃªme pays dÃ©tectÃ©es.
Transactions dans le mÃªme pays dÃ©tectÃ©es.
Transactions dans le mÃªme pays dÃ©tectÃ©es.
Transactions dans le mÃªme pays dÃ©tectÃ©es.
Transactions dans le mÃªme pays dÃ©tectÃ©es.
Transactions dans le mÃªme pays dÃ©tectÃ©es.
Transactions dans le mÃªme pays dÃ©tectÃ©es.
Transactions dans le mÃªme pays dÃ©tectÃ©es.
Transactions dans le mÃªme pays dÃ©tectÃ©es.
Transactions dans le mÃªme pays dÃ©tectÃ©es.
Transactions dans le mÃªme pays dÃ©tectÃ©es.
Transactions dans le mÃªme pays dÃ©tectÃ©es.
Transactions dans le mÃªme pays dÃ©tectÃ©es.
Transactions dans le mÃªme pays dÃ©tectÃ©es.
Transactions dans le mÃªme pays dÃ©tectÃ©es.
Transactions dans le mÃªme pays dÃ©tectÃ©es.
Transactions dans le mÃªme pays dÃ©tectÃ©es.
Transactions dans le mÃªme pays dÃ©tectÃ©es.
Transactions dans le mÃªme pays dÃ©tectÃ©es.
Transactions dans le mÃªme pays dÃ©tectÃ©es.
Transactions dans le mÃªme pays dÃ©tectÃ©es.
Transactions dans le mÃªme pays dÃ©tectÃ©es.
Transactions dans le mÃªme pays dÃ©tectÃ©es.
Transactions dans le mÃªme pays dÃ©tectÃ©es.
Transactions dans le mÃªme pays dÃ©tectÃ©es.
Transactions dans le mÃªme pays dÃ©tectÃ©es.
Transactions dans le mÃªme pays dÃ©tectÃ©es.
Transactions dans le mÃªme pays dÃ©tectÃ©es.
Transactions dans le mÃªme pays dÃ©tectÃ©es.
Transactions dans le mÃªme pays dÃ©tectÃ©es.
Transactions dans le mÃªme pays dÃ©tectÃ©es.
Transactions dans le mÃªme pays dÃ©tectÃ©es.
Transactions dans le mÃªme pays dÃ©tectÃ©es.
Transactions dans le mÃªme pays dÃ©tectÃ©es.
Transactions dans le mÃªme pays dÃ©tectÃ©es.
Transactions dans le mÃªme pays dÃ©tectÃ©es.
Transactions dans le mÃªme pays dÃ©tectÃ©es.
Transactions dans le mÃªme pays dÃ©tectÃ©es.
Transactions dans le mÃªme pays dÃ©tectÃ©es.
Transactions dans le mÃªme pays dÃ©tectÃ©es.
Transactions dans le mÃªme pays dÃ©tectÃ©es.
Transactions dans le mÃªme pays dÃ©tectÃ©es.
Transactions dans le mÃªme pays dÃ©tectÃ©es.
Transactions dans le mÃªme pays dÃ©tectÃ©es.
Transactions dans le mÃªme pays dÃ©tectÃ©es.
Transactions dans le mÃªme pays dÃ©tectÃ©es.
Transactions dans le mÃªme pays dÃ©tectÃ©es.
Transactions dans le mÃªme pays dÃ©tectÃ©es.
Transactions dans le mÃªme pays dÃ©tectÃ©es.
Transactions dans le mÃªme pays dÃ©tectÃ©es.
Transactions dans le mÃªme pays dÃ©tectÃ©es.
Transactions dans le mÃªme pays dÃ©tectÃ©es.
Transactions dans le mÃªme pays dÃ©tectÃ©es.
Transactions dans le mÃªme pays dÃ©tectÃ©es.
Transactions dans le mÃªme pays dÃ©tectÃ©es.
Transactions dans le mÃªme pays dÃ©tectÃ©es.
Transactions dans le mÃªme pays dÃ©tectÃ©es.
Transactions dans le mÃªme pays dÃ©tectÃ©es.
Transactions dans le mÃªme pays dÃ©tectÃ©es.
Transactions dans le mÃªme pays dÃ©tectÃ©es.
Transactions dans le mÃªme pays dÃ©tectÃ©es.
Transactions dans le mÃªme pays dÃ©tectÃ©es.
Transactions dans le mÃªme pays dÃ©tectÃ©es.
Transactions dans le mÃªme pays dÃ©tectÃ©es.
Transactions dans le mÃªme pays dÃ©tectÃ©es.
Transactions dans le mÃªme pays dÃ©tectÃ©es.
Transactions dans le mÃªme pays dÃ©tectÃ©es.
Transactions dans le mÃªme pays dÃ©tectÃ©es.
Transactions dans le mÃªme pays dÃ©tectÃ©es.
Transactions dans le mÃªme pays dÃ©tectÃ©es.
Transactions dans le mÃªme pays dÃ©tectÃ©es.
Transactions dans le mÃªme pays dÃ©tectÃ©es.
Transactions dans le mÃªme pays dÃ©tectÃ©es.
Transactions dans le mÃªme pays dÃ©tectÃ©es.
Transactions dans le mÃªme pays dÃ©tectÃ©es.
Transactions dans le mÃªme pays dÃ©tectÃ©es.
Transactions dans le mÃªme pays dÃ©tectÃ©es.
Transactions dans le mÃªme pays dÃ©tectÃ©es.
Transactions dans le mÃªme pays dÃ©tectÃ©es.
Transactions dans le mÃªme pays dÃ©tectÃ©es.
Transactions dans le mÃªme pays dÃ©tectÃ©es.
Transactions dans le mÃªme pays dÃ©tectÃ©es.
Transactions dans le mÃªme pays dÃ©tectÃ©es.
Transactions dans le mÃªme pays dÃ©tectÃ©es.
Transactions dans le mÃªme pays dÃ©tectÃ©es.
Transactions dans le mÃªme pays dÃ©tectÃ©es.
Transactions dans le mÃªme pays dÃ©tectÃ©es.
Transactions dans le mÃªme pays dÃ©tectÃ©es.
Transactions dans le mÃªme pays dÃ©tectÃ©es.
Transactions dans le mÃªme pays dÃ©tectÃ©es.
Transactions dans le mÃªme pays dÃ©tectÃ©es.
Transactions dans le mÃªme pays dÃ©tectÃ©es.
Transactions dans le mÃªme pays dÃ©tectÃ©es.
Transactions dans le mÃªme pays dÃ©tectÃ©es.
Transactions dans le mÃªme pays dÃ©tectÃ©es.
Transactions dans le mÃªme pays dÃ©tectÃ©es.
Transactions dans le mÃªme pays dÃ©tectÃ©es.
Transactions dans le mÃªme pays dÃ©tectÃ©es.
Transactions dans le mÃªme pays dÃ©tectÃ©es.
Transactions dans le mÃªme pays dÃ©tectÃ©es.
Transactions dans le mÃªme pays dÃ©tectÃ©es.
Transactions dans le mÃªme pays dÃ©tectÃ©es.
Transactions dans le mÃªme pays dÃ©tectÃ©es.
Transactions dans le mÃªme pays dÃ©tectÃ©es.
Transactions dans le mÃªme pays dÃ©tectÃ©es.
Transactions dans le mÃªme pays dÃ©tectÃ©es.
Transactions dans le mÃªme pays dÃ©tectÃ©es.
Transactions dans le mÃªme pays dÃ©tectÃ©es.
Transactions dans le mÃªme pays dÃ©tectÃ©es.
Transactions dans le mÃªme pays dÃ©tectÃ©es.
Transactions dans le mÃªme pays dÃ©tectÃ©es.
Transactions dans le mÃªme pays dÃ©tectÃ©es.
Transactions dans le mÃªme pays dÃ©tectÃ©es.
Transactions dans le mÃªme pays dÃ©tectÃ©es.
Transactions dans le mÃªme pays dÃ©tectÃ©es.
Transactions dans le mÃªme pays dÃ©tectÃ©es.
Transactions dans le mÃªme pays dÃ©tectÃ©es.
Transactions dans le mÃªme pays dÃ©tectÃ©es.
Transactions dans le mÃªme pays dÃ©tectÃ©es.
Transactions dans le mÃªme pays dÃ©tectÃ©es.
Transactions dans le mÃªme pays dÃ©tectÃ©es.
Transactions dans le mÃªme pays dÃ©tectÃ©es.
Transactions dans le mÃªme pays dÃ©tectÃ©es.
Transactions dans le mÃªme pays dÃ©tectÃ©es.
Transactions dans le mÃªme pays dÃ©tectÃ©es.
Transactions dans le mÃªme pays dÃ©tectÃ©es.
Transactions dans le mÃªme pays dÃ©tectÃ©es.
Transactions dans le mÃªme pays dÃ©tectÃ©es.
Transactions dans le mÃªme pays dÃ©tectÃ©es.
Transactions dans le mÃªme pays dÃ©tectÃ©es.
Transactions dans le mÃªme pays dÃ©tectÃ©es.
Transactions dans le mÃªme pays dÃ©tectÃ©es.
Transactions dans le mÃªme pays dÃ©tectÃ©es.
Transactions dans le mÃªme pays dÃ©tectÃ©es.
Transactions dans le mÃªme pays dÃ©tectÃ©es.
Transactions dans le mÃªme pays dÃ©tectÃ©es.
Transactions dans le mÃªme pays dÃ©tectÃ©es.
Transactions dans le mÃªme pays dÃ©tectÃ©es.
Transactions dans le mÃªme pays dÃ©tectÃ©es.
Transactions dans le mÃªme pays dÃ©tectÃ©es.
Transactions dans le mÃªme pays dÃ©tectÃ©es.
Transactions dans le mÃªme pays dÃ©tectÃ©es.
Transactions dans le mÃªme pays dÃ©tectÃ©es.
Transactions dans le mÃªme pays dÃ©tectÃ©es.
Transactions dans le mÃªme pays dÃ©tectÃ©es.
Transactions dans le mÃªme pays dÃ©tectÃ©es.
Transactions dans le mÃªme pays dÃ©tectÃ©es.
Transactions dans le mÃªme pays dÃ©tectÃ©es.
Transactions dans le mÃªme pays dÃ©tectÃ©es.
Transactions dans le mÃªme pays dÃ©tectÃ©es.
Transactions dans le mÃªme pays dÃ©tectÃ©es.
Transactions dans le mÃªme pays dÃ©tectÃ©es.
Transactions dans le mÃªme pays dÃ©tectÃ©es.
Transactions dans le mÃªme pays dÃ©tectÃ©es.
Transactions dans le mÃªme pays dÃ©tectÃ©es.
Transactions dans le mÃªme pays dÃ©tectÃ©es.
Transactions dans le mÃªme pays dÃ©tectÃ©es.
Transactions dans le mÃªme pays dÃ©tectÃ©es.
Transactions dans le mÃªme pays dÃ©tectÃ©es.
Transactions dans le mÃªme pays dÃ©tectÃ©es.
Transactions dans le mÃªme pays dÃ©tectÃ©es.
Transactions dans le mÃªme pays dÃ©tectÃ©es.
Transactions dans le mÃªme pays dÃ©tectÃ©es.
Transactions dans le mÃªme pays dÃ©tectÃ©es.
Transactions dans le mÃªme pays dÃ©tectÃ©es.
Transactions dans le mÃªme pays dÃ©tectÃ©es.
Transactions dans le mÃªme pays dÃ©tectÃ©es.
Transactions dans le mÃªme pays dÃ©tectÃ©es.
Transactions dans le mÃªme pays dÃ©tectÃ©es.
Transactions dans le mÃªme pays dÃ©tectÃ©es.
Transactions dans le mÃªme pays dÃ©tectÃ©es.
Transactions dans le mÃªme pays dÃ©tectÃ©es.
Transactions dans le mÃªme pays dÃ©tectÃ©es.
Transactions dans le mÃªme pays dÃ©tectÃ©es.
Transactions dans le mÃªme pays dÃ©tectÃ©es.
Transactions dans le mÃªme pays dÃ©tectÃ©es.
Transactions dans le mÃªme pays dÃ©tectÃ©es.
Transactions dans le mÃªme pays dÃ©tectÃ©es.
Transactions dans le mÃªme pays dÃ©tectÃ©es.
Transactions dans le mÃªme pays dÃ©tectÃ©es.
Transactions dans le mÃªme pays dÃ©tectÃ©es.
Transactions dans le mÃªme pays dÃ©tectÃ©es.
Transactions dans le mÃªme pays dÃ©tectÃ©es.
Transactions dans le mÃªme pays dÃ©tectÃ©es.
Transactions dans le mÃªme pays dÃ©tectÃ©es.
Transactions dans le mÃªme pays dÃ©tectÃ©es.
Transactions dans le mÃªme pays dÃ©tectÃ©es.
Transactions dans le mÃªme pays dÃ©tectÃ©es.
Transactions dans le mÃªme pays dÃ©tectÃ©es.
Transactions dans le mÃªme pays dÃ©tectÃ©es.
Transactions dans le mÃªme pays dÃ©tectÃ©es.
Transactions dans le mÃªme pays dÃ©tectÃ©es.
Transactions dans le mÃªme pays dÃ©tectÃ©es.
Transactions dans le mÃªme pays dÃ©tectÃ©es.
Transactions dans le mÃªme pays dÃ©tectÃ©es.
Transactions dans le mÃªme pays dÃ©tectÃ©es.
Transactions dans le mÃªme pays dÃ©tectÃ©es.
Transactions dans le mÃªme pays dÃ©tectÃ©es.
Transactions dans le mÃªme pays dÃ©tectÃ©es.
Transactions dans le mÃªme pays dÃ©tectÃ©es.
Transactions dans le mÃªme pays dÃ©tectÃ©es.
Transactions dans le mÃªme pays dÃ©tectÃ©es.
Transactions dans le mÃªme pays dÃ©tectÃ©es.
Transactions dans le mÃªme pays dÃ©tectÃ©es.
Transactions dans le mÃªme pays dÃ©tectÃ©es.
Transactions dans le mÃªme pays dÃ©tectÃ©es.
Transactions dans le mÃªme pays dÃ©tectÃ©es.
Transactions dans le mÃªme pays dÃ©tectÃ©es.
Transactions dans le mÃªme pays dÃ©tectÃ©es.
Transactions dans le mÃªme pays dÃ©tectÃ©es.
Transactions dans le mÃªme pays dÃ©tectÃ©es.
Transactions dans le mÃªme pays dÃ©tectÃ©es.
Transactions dans le mÃªme pays dÃ©tectÃ©es.
Transactions dans le mÃªme pays dÃ©tectÃ©es.
Transactions dans le mÃªme pays dÃ©tectÃ©es.
Transactions dans le mÃªme pays dÃ©tectÃ©es.
Transactions dans le mÃªme pays dÃ©tectÃ©es.
Transactions dans le mÃªme pays dÃ©tectÃ©es.
Transactions dans le mÃªme pays dÃ©tectÃ©es.
Transactions dans le mÃªme pays dÃ©tectÃ©es.
Transactions dans le mÃªme pays dÃ©tectÃ©es.
Transactions dans le mÃªme pays dÃ©tectÃ©es.
Transactions dans le mÃªme pays dÃ©tectÃ©es.
Transactions dans le mÃªme pays dÃ©tectÃ©es.
Transactions dans le mÃªme pays dÃ©tectÃ©es.
Transactions dans le mÃªme pays dÃ©tectÃ©es.
Transactions dans le mÃªme pays dÃ©tectÃ©es.
Transactions dans le mÃªme pays dÃ©tectÃ©es.
Transactions dans le mÃªme pays dÃ©tectÃ©es.
Transactions dans le mÃªme pays dÃ©tectÃ©es.
Transactions dans le mÃªme pays dÃ©tectÃ©es.
Transactions dans le mÃªme pays dÃ©tectÃ©es.
Transactions dans le mÃªme pays dÃ©tectÃ©es.
Transactions dans le mÃªme pays dÃ©tectÃ©es.
Transactions dans le mÃªme pays dÃ©tectÃ©es.
Transactions dans le mÃªme pays dÃ©tectÃ©es.
Transactions dans le mÃªme pays dÃ©tectÃ©es.
Transactions dans le mÃªme pays dÃ©tectÃ©es.
Transactions dans le mÃªme pays dÃ©tectÃ©es.
Transactions dans le mÃªme pays dÃ©tectÃ©es.
Transactions dans le mÃªme pays dÃ©tectÃ©es.
Transactions dans le mÃªme pays dÃ©tectÃ©es.
Transactions dans le mÃªme pays dÃ©tectÃ©es.
Transactions dans le mÃªme pays dÃ©tectÃ©es.
Transactions dans le mÃªme pays dÃ©tectÃ©es.
Transactions dans le mÃªme pays dÃ©tectÃ©es.
Transactions dans le mÃªme pays dÃ©tectÃ©es.
Transactions dans le mÃªme pays dÃ©tectÃ©es.
Transactions dans le mÃªme pays dÃ©tectÃ©es.
Transactions dans le mÃªme pays dÃ©tectÃ©es.
Transactions dans le mÃªme pays dÃ©tectÃ©es.
Transactions dans le mÃªme pays dÃ©tectÃ©es.
Transactions dans le mÃªme pays dÃ©tectÃ©es.
Transactions dans le mÃªme pays dÃ©tectÃ©es.
Transactions dans le mÃªme pays dÃ©tectÃ©es.
Transactions dans le mÃªme pays dÃ©tectÃ©es.
Transactions dans le mÃªme pays dÃ©tectÃ©es.
Transactions dans le mÃªme pays dÃ©tectÃ©es.
Transactions dans le mÃªme pays dÃ©tectÃ©es.
Transactions dans le mÃªme pays dÃ©tectÃ©es.
Transactions dans le mÃªme pays dÃ©tectÃ©es.
Transactions dans le mÃªme pays dÃ©tectÃ©es.
Transactions dans le mÃªme pays dÃ©tectÃ©es.
Transactions dans le mÃªme pays dÃ©tectÃ©es.
Transactions dans le mÃªme pays dÃ©tectÃ©es.
Transactions dans le mÃªme pays dÃ©tectÃ©es.
Transactions dans le mÃªme pays dÃ©tectÃ©es.
Transactions dans le mÃªme pays dÃ©tectÃ©es.
Transactions dans le mÃªme pays dÃ©tectÃ©es.
Transactions dans le mÃªme pays dÃ©tectÃ©es.
Transactions dans le mÃªme pays dÃ©tectÃ©es.
Transactions dans le mÃªme pays dÃ©tectÃ©es.
Transactions dans le mÃªme pays dÃ©tectÃ©es.
Transactions dans le mÃªme pays dÃ©tectÃ©es.
Transactions dans le mÃªme pays dÃ©tectÃ©es.
Transactions dans le mÃªme pays dÃ©tectÃ©es.
Transactions dans le mÃªme pays dÃ©tectÃ©es.
Transactions dans le mÃªme pays dÃ©tectÃ©es.
Transactions dans le mÃªme pays dÃ©tectÃ©es.
Transactions dans le mÃªme pays dÃ©tectÃ©es.
Transactions dans le mÃªme pays dÃ©tectÃ©es.
Transactions dans le mÃªme pays dÃ©tectÃ©es.
Transactions dans le mÃªme pays dÃ©tectÃ©es.
Transactions dans le mÃªme pays dÃ©tectÃ©es.
Transactions dans le mÃªme pays dÃ©tectÃ©es.
Transactions dans le mÃªme pays dÃ©tectÃ©es.
Transactions dans le mÃªme pays dÃ©tectÃ©es.
Transactions dans le mÃªme pays dÃ©tectÃ©es.
Transactions dans le mÃªme pays dÃ©tectÃ©es.
Transactions dans le mÃªme pays dÃ©tectÃ©es.
Transactions dans le mÃªme pays dÃ©tectÃ©es.
Transactions dans le mÃªme pays dÃ©tectÃ©es.
Transactions dans le mÃªme pays dÃ©tectÃ©es.
Transactions dans le mÃªme pays dÃ©tectÃ©es.
Transactions dans le mÃªme pays dÃ©tectÃ©es.
Transactions dans le mÃªme pays dÃ©tectÃ©es.
Transactions dans le mÃªme pays dÃ©tectÃ©es.
Transactions dans le mÃªme pays dÃ©tectÃ©es.
Transactions dans le mÃªme pays dÃ©tectÃ©es.
Transactions dans le mÃªme pays dÃ©tectÃ©es.
Transactions dans le mÃªme pays dÃ©tectÃ©es.
Transactions dans le mÃªme pays dÃ©tectÃ©es.
Transactions dans le mÃªme pays dÃ©tectÃ©es.
Transactions dans le mÃªme pays dÃ©tectÃ©es.
Transactions dans le mÃªme pays dÃ©tectÃ©es.
Transactions dans le mÃªme pays dÃ©tectÃ©es.
Transactions dans le mÃªme pays dÃ©tectÃ©es.
Transactions dans le mÃªme pays dÃ©tectÃ©es.
Transactions dans le mÃªme pays dÃ©tectÃ©es.
Transactions dans le mÃªme pays dÃ©tectÃ©es.
Transactions dans le mÃªme pays dÃ©tectÃ©es.
Transactions dans le mÃªme pays dÃ©tectÃ©es.
Transactions dans le mÃªme pays dÃ©tectÃ©es.
Transactions dans le mÃªme pays dÃ©tectÃ©es.
Transactions dans le mÃªme pays dÃ©tectÃ©es.
Transactions dans le mÃªme pays dÃ©tectÃ©es.
Transactions dans le mÃªme pays dÃ©tectÃ©es.
Transactions dans le mÃªme pays dÃ©tectÃ©es.
Transactions dans le mÃªme pays dÃ©tectÃ©es.
Transactions dans le mÃªme pays dÃ©tectÃ©es.
Transactions dans le mÃªme pays dÃ©tectÃ©es.
Transactions dans le mÃªme pays dÃ©tectÃ©es.
Transactions dans le mÃªme pays dÃ©tectÃ©es.
Transactions dans le mÃªme pays dÃ©tectÃ©es.
Transactions dans le mÃªme pays dÃ©tectÃ©es.
Transactions dans le mÃªme pays dÃ©tectÃ©es.
Transactions dans le mÃªme pays dÃ©tectÃ©es.
Transactions dans le mÃªme pays dÃ©tectÃ©es.
Transactions dans le mÃªme pays dÃ©tectÃ©es.
Transactions dans le mÃªme pays dÃ©tectÃ©es.
Transactions dans le mÃªme pays dÃ©tectÃ©es.
Transactions dans le mÃªme pays dÃ©tectÃ©es.
Transactions dans le mÃªme pays dÃ©tectÃ©es.
Transactions dans le mÃªme pays dÃ©tectÃ©es.
Transactions dans le mÃªme pays dÃ©tectÃ©es.
Transactions dans le mÃªme pays dÃ©tectÃ©es.
Transactions dans le mÃªme pays dÃ©tectÃ©es.
Transactions dans le mÃªme pays dÃ©tectÃ©es.
Transactions dans le mÃªme pays dÃ©tectÃ©es.
Transactions dans le mÃªme pays dÃ©tectÃ©es.
Transactions dans le mÃªme pays dÃ©tectÃ©es.
Transactions dans le mÃªme pays dÃ©tectÃ©es.
Transactions dans le mÃªme pays dÃ©tectÃ©es.
Transactions dans le mÃªme pays dÃ©tectÃ©es.
Transactions dans le mÃªme pays dÃ©tectÃ©es.
Transactions dans le mÃªme pays dÃ©tectÃ©es.
Transactions dans le mÃªme pays dÃ©tectÃ©es.
Transactions dans le mÃªme pays dÃ©tectÃ©es.
Transactions dans le mÃªme pays dÃ©tectÃ©es.
Transactions dans le mÃªme pays dÃ©tectÃ©es.
Transactions dans le mÃªme pays dÃ©tectÃ©es.
Transactions dans le mÃªme pays dÃ©tectÃ©es.
Transactions dans le mÃªme pays dÃ©tectÃ©es.
Transactions dans le mÃªme pays dÃ©tectÃ©es.
Transactions dans le mÃªme pays dÃ©tectÃ©es.
Transactions dans le mÃªme pays dÃ©tectÃ©es.
Transactions dans le mÃªme pays dÃ©tectÃ©es.
Transactions dans le mÃªme pays dÃ©tectÃ©es.
Transactions dans le mÃªme pays dÃ©tectÃ©es.
Transactions dans le mÃªme pays dÃ©tectÃ©es.
Transactions dans le mÃªme pays dÃ©tectÃ©es.
Transactions dans le mÃªme pays dÃ©tectÃ©es.
Transactions dans le mÃªme pays dÃ©tectÃ©es.
Transactions dans le mÃªme pays dÃ©tectÃ©es.
Transactions dans le mÃªme pays dÃ©tectÃ©es.
Transactions dans le mÃªme pays dÃ©tectÃ©es.
Transactions dans le mÃªme pays dÃ©tectÃ©es.
Transactions dans le mÃªme pays dÃ©tectÃ©es.
Transactions dans le mÃªme pays dÃ©tectÃ©es.
Transactions dans le mÃªme pays dÃ©tectÃ©es.
Transactions dans le mÃªme pays dÃ©tectÃ©es.
Transactions dans le mÃªme pays dÃ©tectÃ©es.
Transactions dans le mÃªme pays dÃ©tectÃ©es.
Transactions dans le mÃªme pays dÃ©tectÃ©es.
Transactions dans le mÃªme pays dÃ©tectÃ©es.
Transactions dans le mÃªme pays dÃ©tectÃ©es.
Transactions dans le mÃªme pays dÃ©tectÃ©es.
Transactions dans le mÃªme pays dÃ©tectÃ©es.
Transactions dans le mÃªme pays dÃ©tectÃ©es.
Transactions dans le mÃªme pays dÃ©tectÃ©es.
Transactions dans le mÃªme pays dÃ©tectÃ©es.
Transactions dans le mÃªme pays dÃ©tectÃ©es.
Transactions dans le mÃªme pays dÃ©tectÃ©es.
Transactions dans le mÃªme pays dÃ©tectÃ©es.
Transactions dans le mÃªme pays dÃ©tectÃ©es.
Transactions dans le mÃªme pays dÃ©tectÃ©es.
Transactions dans le mÃªme pays dÃ©tectÃ©es.
Transactions dans le mÃªme pays dÃ©tectÃ©es.
Transactions dans le mÃªme pays dÃ©tectÃ©es.
Transactions dans le mÃªme pays dÃ©tectÃ©es.
Transactions dans le mÃªme pays dÃ©tectÃ©es.
Transactions dans le mÃªme pays dÃ©tectÃ©es.
Transactions dans le mÃªme pays dÃ©tectÃ©es.
Transactions dans le mÃªme pays dÃ©tectÃ©es.
Transactions dans le mÃªme pays dÃ©tectÃ©es.
Transactions dans le mÃªme pays dÃ©tectÃ©es.
Transactions dans le mÃªme pays dÃ©tectÃ©es.
Transactions dans le mÃªme pays dÃ©tectÃ©es.
Transactions dans le mÃªme pays dÃ©tectÃ©es.
Transactions dans le mÃªme pays dÃ©tectÃ©es.
Transactions dans le mÃªme pays dÃ©tectÃ©es.
Transactions dans le mÃªme pays dÃ©tectÃ©es.
Transactions dans le mÃªme pays dÃ©tectÃ©es.
Transactions dans le mÃªme pays dÃ©tectÃ©es.
Transactions dans le mÃªme pays dÃ©tectÃ©es.
Transactions dans le mÃªme pays dÃ©tectÃ©es.
Transactions dans le mÃªme pays dÃ©tectÃ©es.
Transactions dans le mÃªme pays dÃ©tectÃ©es.
Transactions dans le mÃªme pays dÃ©tectÃ©es.
Transactions dans le mÃªme pays dÃ©tectÃ©es.
Transactions dans le mÃªme pays dÃ©tectÃ©es.
Transactions dans le mÃªme pays dÃ©tectÃ©es.
Transactions dans le mÃªme pays dÃ©tectÃ©es.
Transactions dans le mÃªme pays dÃ©tectÃ©es.
Transactions dans le mÃªme pays dÃ©tectÃ©es.
Transactions dans le mÃªme pays dÃ©tectÃ©es.
Transactions dans le mÃªme pays dÃ©tectÃ©es.
Transactions dans le mÃªme pays dÃ©tectÃ©es.
Transactions dans le mÃªme pays dÃ©tectÃ©es.
Transactions dans le mÃªme pays dÃ©tectÃ©es.
Transactions dans le mÃªme pays dÃ©tectÃ©es.
Transactions dans le mÃªme pays dÃ©tectÃ©es.
Transactions dans le mÃªme pays dÃ©tectÃ©es.
Transactions dans le mÃªme pays dÃ©tectÃ©es.
Transactions dans le mÃªme pays dÃ©tectÃ©es.
Transactions dans le mÃªme pays dÃ©tectÃ©es.
Transactions dans le mÃªme pays dÃ©tectÃ©es.
Transactions dans le mÃªme pays dÃ©tectÃ©es.
Transactions dans le mÃªme pays dÃ©tectÃ©es.
Transactions dans le mÃªme pays dÃ©tectÃ©es.
Transactions dans le mÃªme pays dÃ©tectÃ©es.
Transactions dans le mÃªme pays dÃ©tectÃ©es.
Transactions dans le mÃªme pays dÃ©tectÃ©es.
Transactions dans le mÃªme pays dÃ©tectÃ©es.
Transactions dans le mÃªme pays dÃ©tectÃ©es.
Transactions dans le mÃªme pays dÃ©tectÃ©es.
Transactions dans le mÃªme pays dÃ©tectÃ©es.
Transactions dans le mÃªme pays dÃ©tectÃ©es.
Transactions dans le mÃªme pays dÃ©tectÃ©es.
Transactions dans le mÃªme pays dÃ©tectÃ©es.
Transactions dans le mÃªme pays dÃ©tectÃ©es.
Transactions dans le mÃªme pays dÃ©tectÃ©es.
Transactions dans le mÃªme pays dÃ©tectÃ©es.
Transactions dans le mÃªme pays dÃ©tectÃ©es.
Transactions dans le mÃªme pays dÃ©tectÃ©es.
Transactions dans le mÃªme pays dÃ©tectÃ©es.
Transactions dans le mÃªme pays dÃ©tectÃ©es.
Transactions dans le mÃªme pays dÃ©tectÃ©es.
Transactions dans le mÃªme pays dÃ©tectÃ©es.
Transactions dans le mÃªme pays dÃ©tectÃ©es.
Transactions dans le mÃªme pays dÃ©tectÃ©es.
Transactions dans le mÃªme pays dÃ©tectÃ©es.
Transactions dans le mÃªme pays dÃ©tectÃ©es.
Transactions dans le mÃªme pays dÃ©tectÃ©es.
Transactions dans le mÃªme pays dÃ©tectÃ©es.
Transactions dans le mÃªme pays dÃ©tectÃ©es.
Transactions dans le mÃªme pays dÃ©tectÃ©es.
Transactions dans le mÃªme pays dÃ©tectÃ©es.
Transactions dans le mÃªme pays dÃ©tectÃ©es.
Transactions dans le mÃªme pays dÃ©tectÃ©es.
Transactions dans le mÃªme pays dÃ©tectÃ©es.
Transactions dans le mÃªme pays dÃ©tectÃ©es.
Transactions dans le mÃªme pays dÃ©tectÃ©es.
Transactions dans le mÃªme pays dÃ©tectÃ©es.
Transactions dans le mÃªme pays dÃ©tectÃ©es.
Transactions dans le mÃªme pays dÃ©tectÃ©es.
Transactions dans le mÃªme pays dÃ©tectÃ©es.
Transactions dans le mÃªme pays dÃ©tectÃ©es.
Transactions dans le mÃªme pays dÃ©tectÃ©es.
Transactions dans le mÃªme pays dÃ©tectÃ©es.
Transactions dans le mÃªme pays dÃ©tectÃ©es.
Transactions dans le mÃªme pays dÃ©tectÃ©es.
Transactions dans le mÃªme pays dÃ©tectÃ©es.
Transactions dans le mÃªme pays dÃ©tectÃ©es.
Transactions dans le mÃªme pays dÃ©tectÃ©es.
Transactions dans le mÃªme pays dÃ©tectÃ©es.
Transactions dans le mÃªme pays dÃ©tectÃ©es.
Transactions dans le mÃªme pays dÃ©tectÃ©es.
Transactions dans le mÃªme pays dÃ©tectÃ©es.
Transactions dans le mÃªme pays dÃ©tectÃ©es.
Transactions dans le mÃªme pays dÃ©tectÃ©es.
Transactions dans le mÃªme pays dÃ©tectÃ©es.
Transactions dans le mÃªme pays dÃ©tectÃ©es.
Transactions dans le mÃªme pays dÃ©tectÃ©es.
Transactions dans le mÃªme pays dÃ©tectÃ©es.
Transactions dans le mÃªme pays dÃ©tectÃ©es.
Transactions dans le mÃªme pays dÃ©tectÃ©es.
Transactions dans le mÃªme pays dÃ©tectÃ©es.
Transactions dans le mÃªme pays dÃ©tectÃ©es.
Transactions dans le mÃªme pays dÃ©tectÃ©es.
Transactions dans le mÃªme pays dÃ©tectÃ©es.
Transactions dans le mÃªme pays dÃ©tectÃ©es.
Transactions dans le mÃªme pays dÃ©tectÃ©es.
Transactions dans le mÃªme pays dÃ©tectÃ©es.
Transactions dans le mÃªme pays dÃ©tectÃ©es.
Transactions dans le mÃªme pays dÃ©tectÃ©es.
Transactions dans le mÃªme pays dÃ©tectÃ©es.
Transactions dans le mÃªme pays dÃ©tectÃ©es.
Transactions dans le mÃªme pays dÃ©tectÃ©es.
Transactions dans le mÃªme pays dÃ©tectÃ©es.
Transactions dans le mÃªme pays dÃ©tectÃ©es.
Transactions dans le mÃªme pays dÃ©tectÃ©es.
Transactions dans le mÃªme pays dÃ©tectÃ©es.
Transactions dans le mÃªme pays dÃ©tectÃ©es.
Transactions dans le mÃªme pays dÃ©tectÃ©es.
Transactions dans le mÃªme pays dÃ©tectÃ©es.
Transactions dans le mÃªme pays dÃ©tectÃ©es.
Transactions dans le mÃªme pays dÃ©tectÃ©es.
Transactions dans le mÃªme pays dÃ©tectÃ©es.
Transactions dans le mÃªme pays dÃ©tectÃ©es.
Transactions dans le mÃªme pays dÃ©tectÃ©es.
Transactions dans le mÃªme pays dÃ©tectÃ©es.
Transactions dans le mÃªme pays dÃ©tectÃ©es.
Transactions dans le mÃªme pays dÃ©tectÃ©es.
Transactions dans le mÃªme pays dÃ©tectÃ©es.
Transactions dans le mÃªme pays dÃ©tectÃ©es.
Transactions dans le mÃªme pays dÃ©tectÃ©es.
Transactions dans le mÃªme pays dÃ©tectÃ©es.
Transactions dans le mÃªme pays dÃ©tectÃ©es.
Transactions dans le mÃªme pays dÃ©tectÃ©es.
Transactions dans le mÃªme pays dÃ©tectÃ©es.
Transactions dans le mÃªme pays dÃ©tectÃ©es.
Transactions dans le mÃªme pays dÃ©tectÃ©es.
Transactions dans le mÃªme pays dÃ©tectÃ©es.
Transactions dans le mÃªme pays dÃ©tectÃ©es.
Transactions dans le mÃªme pays dÃ©tectÃ©es.
Transactions dans le mÃªme pays dÃ©tectÃ©es.
Transactions dans le mÃªme pays dÃ©tectÃ©es.
Transactions dans le mÃªme pays dÃ©tectÃ©es.
Transactions dans le mÃªme pays dÃ©tectÃ©es.
Transactions dans le mÃªme pays dÃ©tectÃ©es.
Transactions dans le mÃªme pays dÃ©tectÃ©es.
Transactions dans le mÃªme pays dÃ©tectÃ©es.
Transactions dans le mÃªme pays dÃ©tectÃ©es.
Transactions dans le mÃªme pays dÃ©tectÃ©es.
Transactions dans le mÃªme pays dÃ©tectÃ©es.
Transactions dans le mÃªme pays dÃ©tectÃ©es.
Transactions dans le mÃªme pays dÃ©tectÃ©es.
Transactions dans le mÃªme pays dÃ©tectÃ©es.
Transactions dans le mÃªme pays dÃ©tectÃ©es.
Transactions dans le mÃªme pays dÃ©tectÃ©es.
Transactions dans le mÃªme pays dÃ©tectÃ©es.
Transactions dans le mÃªme pays dÃ©tectÃ©es.
Transactions dans le mÃªme pays dÃ©tectÃ©es.
Transactions dans le mÃªme pays dÃ©tectÃ©es.
Transactions dans le mÃªme pays dÃ©tectÃ©es.
Transactions dans le mÃªme pays dÃ©tectÃ©es.
Transactions dans le mÃªme pays dÃ©tectÃ©es.
Transactions dans le mÃªme pays dÃ©tectÃ©es.
Transactions dans le mÃªme pays dÃ©tectÃ©es.
Transactions dans le mÃªme pays dÃ©tectÃ©es.
Transactions dans le mÃªme pays dÃ©tectÃ©es.
Transactions dans le mÃªme pays dÃ©tectÃ©es.
Transactions dans le mÃªme pays dÃ©tectÃ©es.
Transactions dans le mÃªme pays dÃ©tectÃ©es.
Transactions dans le mÃªme pays dÃ©tectÃ©es.
Transactions dans le mÃªme pays dÃ©tectÃ©es.
Transactions dans le mÃªme pays dÃ©tectÃ©es.
Transactions dans le mÃªme pays dÃ©tectÃ©es.
Transactions dans le mÃªme pays dÃ©tectÃ©es.
Transactions dans le mÃªme pays dÃ©tectÃ©es.
Transactions dans le mÃªme pays dÃ©tectÃ©es.
Transactions dans le mÃªme pays dÃ©tectÃ©es.
Transactions dans le mÃªme pays dÃ©tectÃ©es.
Transactions dans le mÃªme pays dÃ©tectÃ©es.
Transactions dans le mÃªme pays dÃ©tectÃ©es.
Transactions dans le mÃªme pays dÃ©tectÃ©es.
Transactions dans le mÃªme pays dÃ©tectÃ©es.
Transactions dans le mÃªme pays dÃ©tectÃ©es.
Transactions dans le mÃªme pays dÃ©tectÃ©es.
Transactions dans le mÃªme pays dÃ©tectÃ©es.
Transactions dans le mÃªme pays dÃ©tectÃ©es.
Transactions dans le mÃªme pays dÃ©tectÃ©es.
Transactions dans le mÃªme pays dÃ©tectÃ©es.
Transactions dans le mÃªme pays dÃ©tectÃ©es.
Transactions dans le mÃªme pays dÃ©tectÃ©es.
Transactions dans le mÃªme pays dÃ©tectÃ©es.
Transactions dans le mÃªme pays dÃ©tectÃ©es.
Transactions dans le mÃªme pays dÃ©tectÃ©es.
Transactions dans le mÃªme pays dÃ©tectÃ©es.
Transactions dans le mÃªme pays dÃ©tectÃ©es.
Transactions dans le mÃªme pays dÃ©tectÃ©es.
Transactions dans le mÃªme pays dÃ©tectÃ©es.
Transactions dans le mÃªme pays dÃ©tectÃ©es.
Transactions dans le mÃªme pays dÃ©tectÃ©es.
Transactions dans le mÃªme pays dÃ©tectÃ©es.
Transactions dans le mÃªme pays dÃ©tectÃ©es.
Transactions dans le mÃªme pays dÃ©tectÃ©es.
Transactions dans le mÃªme pays dÃ©tectÃ©es.
Transactions dans le mÃªme pays dÃ©tectÃ©es.
Transactions dans le mÃªme pays dÃ©tectÃ©es.
Transactions dans le mÃªme pays dÃ©tectÃ©es.
Transactions dans le mÃªme pays dÃ©tectÃ©es.
Transactions dans le mÃªme pays dÃ©tectÃ©es.
Transactions dans le mÃªme pays dÃ©tectÃ©es.
Transactions dans le mÃªme pays dÃ©tectÃ©es.
Transactions dans le mÃªme pays dÃ©tectÃ©es.
Transactions dans le mÃªme pays dÃ©tectÃ©es.
Transactions dans le mÃªme pays dÃ©tectÃ©es.
Transactions dans le mÃªme pays dÃ©tectÃ©es.
Transactions dans le mÃªme pays dÃ©tectÃ©es.
Transactions dans le mÃªme pays dÃ©tectÃ©es.
Transactions dans le mÃªme pays dÃ©tectÃ©es.
Transactions dans le mÃªme pays dÃ©tectÃ©es.
Transactions dans le mÃªme pays dÃ©tectÃ©es.
Transactions dans le mÃªme pays dÃ©tectÃ©es.
Transactions dans le mÃªme pays dÃ©tectÃ©es.
Transactions dans le mÃªme pays dÃ©tectÃ©es.
Transactions dans le mÃªme pays dÃ©tectÃ©es.
Transactions dans le mÃªme pays dÃ©tectÃ©es.
Transactions dans le mÃªme pays dÃ©tectÃ©es.
Transactions dans le mÃªme pays dÃ©tectÃ©es.
Transactions dans le mÃªme pays dÃ©tectÃ©es.
Transactions dans le mÃªme pays dÃ©tectÃ©es.
Transactions dans le mÃªme pays dÃ©tectÃ©es.
Transactions dans le mÃªme pays dÃ©tectÃ©es.
Transactions dans le mÃªme pays dÃ©tectÃ©es.
Transactions dans le mÃªme pays dÃ©tectÃ©es.
Transactions dans le mÃªme pays dÃ©tectÃ©es.
Transactions dans le mÃªme pays dÃ©tectÃ©es.
Transactions dans le mÃªme pays dÃ©tectÃ©es.
Transactions dans le mÃªme pays dÃ©tectÃ©es.
Transactions dans le mÃªme pays dÃ©tectÃ©es.
Transactions dans le mÃªme pays dÃ©tectÃ©es.
Transactions dans le mÃªme pays dÃ©tectÃ©es.
Transactions dans le mÃªme pays dÃ©tectÃ©es.
Transactions dans le mÃªme pays dÃ©tectÃ©es.
Transactions dans le mÃªme pays dÃ©tectÃ©es.
Transactions dans le mÃªme pays dÃ©tectÃ©es.
Transactions dans le mÃªme pays dÃ©tectÃ©es.
Transactions dans le mÃªme pays dÃ©tectÃ©es.
Transactions dans le mÃªme pays dÃ©tectÃ©es.
Transactions dans le mÃªme pays dÃ©tectÃ©es.
Transactions dans le mÃªme pays dÃ©tectÃ©es.
Transactions dans le mÃªme pays dÃ©tectÃ©es.
Transactions dans le mÃªme pays dÃ©tectÃ©es.
Transactions dans le mÃªme pays dÃ©tectÃ©es.
Transactions dans le mÃªme pays dÃ©tectÃ©es.
Transactions dans le mÃªme pays dÃ©tectÃ©es.
Transactions dans le mÃªme pays dÃ©tectÃ©es.
Transactions dans le mÃªme pays dÃ©tectÃ©es.
Transactions dans le mÃªme pays dÃ©tectÃ©es.
Transactions dans le mÃªme pays dÃ©tectÃ©es.
Transactions dans le mÃªme pays dÃ©tectÃ©es.
Transactions dans le mÃªme pays dÃ©tectÃ©es.
Transactions dans le mÃªme pays dÃ©tectÃ©es.
Transactions dans le mÃªme pays dÃ©tectÃ©es.
Transactions dans le mÃªme pays dÃ©tectÃ©es.
Transactions dans le mÃªme pays dÃ©tectÃ©es.
Transactions dans le mÃªme pays dÃ©tectÃ©es.
Transactions dans le mÃªme pays dÃ©tectÃ©es.
Transactions dans le mÃªme pays dÃ©tectÃ©es.
Transactions dans le mÃªme pays dÃ©tectÃ©es.
Transactions dans le mÃªme pays dÃ©tectÃ©es.
Transactions dans le mÃªme pays dÃ©tectÃ©es.
Transactions dans le mÃªme pays dÃ©tectÃ©es.
Transactions dans le mÃªme pays dÃ©tectÃ©es.
Transactions dans le mÃªme pays dÃ©tectÃ©es.
Transactions dans le mÃªme pays dÃ©tectÃ©es.
Transactions dans le mÃªme pays dÃ©tectÃ©es.
Transactions dans le mÃªme pays dÃ©tectÃ©es.
Transactions dans le mÃªme pays dÃ©tectÃ©es.
Transactions dans le mÃªme pays dÃ©tectÃ©es.
Transactions dans le mÃªme pays dÃ©tectÃ©es.
Transactions dans le mÃªme pays dÃ©tectÃ©es.
Transactions dans le mÃªme pays dÃ©tectÃ©es.
Transactions dans le mÃªme pays dÃ©tectÃ©es.
Transactions dans le mÃªme pays dÃ©tectÃ©es.
Transactions dans le mÃªme pays dÃ©tectÃ©es.
Transactions dans le mÃªme pays dÃ©tectÃ©es.
Transactions dans le mÃªme pays dÃ©tectÃ©es.
Transactions dans le mÃªme pays dÃ©tectÃ©es.
Transactions dans le mÃªme pays dÃ©tectÃ©es.
Transactions dans le mÃªme pays dÃ©tectÃ©es.
Transactions dans le mÃªme pays dÃ©tectÃ©es.
Transactions dans le mÃªme pays dÃ©tectÃ©es.
Transactions dans le mÃªme pays dÃ©tectÃ©es.
Transactions dans le mÃªme pays dÃ©tectÃ©es.
Transactions dans le mÃªme pays dÃ©tectÃ©es.
Transactions dans le mÃªme pays dÃ©tectÃ©es.
Transactions dans le mÃªme pays dÃ©tectÃ©es.
Transactions dans le mÃªme pays dÃ©tectÃ©es.
Transactions dans le mÃªme pays dÃ©tectÃ©es.
Transactions dans le mÃªme pays dÃ©tectÃ©es.
Transactions dans le mÃªme pays dÃ©tectÃ©es.
Transactions dans le mÃªme pays dÃ©tectÃ©es.
Transactions dans le mÃªme pays dÃ©tectÃ©es.
Transactions dans le mÃªme pays dÃ©tectÃ©es.
Transactions dans le mÃªme pays dÃ©tectÃ©es.
Transactions dans le mÃªme pays dÃ©tectÃ©es.
Transactions dans le mÃªme pays dÃ©tectÃ©es.
Transactions dans le mÃªme pays dÃ©tectÃ©es.
Transactions dans le mÃªme pays dÃ©tectÃ©es.
Transactions dans le mÃªme pays dÃ©tectÃ©es.
Transactions dans le mÃªme pays dÃ©tectÃ©es.
Transactions dans le mÃªme pays dÃ©tectÃ©es.
Transactions dans le mÃªme pays dÃ©tectÃ©es.
Transactions dans le mÃªme pays dÃ©tectÃ©es.
Transactions dans le mÃªme pays dÃ©tectÃ©es.
Transactions dans le mÃªme pays dÃ©tectÃ©es.
Transactions dans le mÃªme pays dÃ©tectÃ©es.
Transactions dans le mÃªme pays dÃ©tectÃ©es.
Transactions dans le mÃªme pays dÃ©tectÃ©es.
Transactions dans le mÃªme pays dÃ©tectÃ©es.
Transactions dans le mÃªme pays dÃ©tectÃ©es.
Transactions dans le mÃªme pays dÃ©tectÃ©es.
Transactions dans le mÃªme pays dÃ©tectÃ©es.
Transactions dans le mÃªme pays dÃ©tectÃ©es.
Transactions dans le mÃªme pays dÃ©tectÃ©es.
Transactions dans le mÃªme pays dÃ©tectÃ©es.
Transactions dans le mÃªme pays dÃ©tectÃ©es.
Transactions dans le mÃªme pays dÃ©tectÃ©es.
Transactions dans le mÃªme pays dÃ©tectÃ©es.
Transactions dans le mÃªme pays dÃ©tectÃ©es.
Transactions dans le mÃªme pays dÃ©tectÃ©es.
Transactions dans le mÃªme pays dÃ©tectÃ©es.
Transactions dans le mÃªme pays dÃ©tectÃ©es.
Transactions dans le mÃªme pays dÃ©tectÃ©es.
Transactions dans le mÃªme pays dÃ©tectÃ©es.
Transactions dans le mÃªme pays dÃ©tectÃ©es.
Transactions dans le mÃªme pays dÃ©tectÃ©es.
Transactions dans le mÃªme pays dÃ©tectÃ©es.
Transactions dans le mÃªme pays dÃ©tectÃ©es.
Transactions dans le mÃªme pays dÃ©tectÃ©es.
Transactions dans le mÃªme pays dÃ©tectÃ©es.
Transactions dans le mÃªme pays dÃ©tectÃ©es.
Transactions dans le mÃªme pays dÃ©tectÃ©es.
Transactions dans le mÃªme pays dÃ©tectÃ©es.
Transactions dans le mÃªme pays dÃ©tectÃ©es.
Transactions dans le mÃªme pays dÃ©tectÃ©es.
Transactions dans le mÃªme pays dÃ©tectÃ©es.
Transactions dans le mÃªme pays dÃ©tectÃ©es.
Transactions dans le mÃªme pays dÃ©tectÃ©es.
Transactions dans le mÃªme pays dÃ©tectÃ©es.
Transactions dans le mÃªme pays dÃ©tectÃ©es.
Transactions dans le mÃªme pays dÃ©tectÃ©es.
Transactions dans le mÃªme pays dÃ©tectÃ©es.
Transactions dans le mÃªme pays dÃ©tectÃ©es.
Transactions dans le mÃªme pays dÃ©tectÃ©es.
Transactions dans le mÃªme pays dÃ©tectÃ©es.
Transactions dans le mÃªme pays dÃ©tectÃ©es.
Transactions dans le mÃªme pays dÃ©tectÃ©es.
Transactions dans le mÃªme pays dÃ©tectÃ©es.
Transactions dans le mÃªme pays dÃ©tectÃ©es.
Transactions dans le mÃªme pays dÃ©tectÃ©es.
Transactions dans le mÃªme pays dÃ©tectÃ©es.
Transactions dans le mÃªme pays dÃ©tectÃ©es.
Transactions dans le mÃªme pays dÃ©tectÃ©es.
Transactions dans le mÃªme pays dÃ©tectÃ©es.
Transactions dans le mÃªme pays dÃ©tectÃ©es.
Transactions dans le mÃªme pays dÃ©tectÃ©es.
Transactions dans le mÃªme pays dÃ©tectÃ©es.
Transactions dans le mÃªme pays dÃ©tectÃ©es.
Transactions dans le mÃªme pays dÃ©tectÃ©es.
Transactions dans le mÃªme pays dÃ©tectÃ©es.
Transactions dans le mÃªme pays dÃ©tectÃ©es.
Transactions dans le mÃªme pays dÃ©tectÃ©es.
Transactions dans le mÃªme pays dÃ©tectÃ©es.
Transactions dans le mÃªme pays dÃ©tectÃ©es.
Transactions dans le mÃªme pays dÃ©tectÃ©es.
Transactions dans le mÃªme pays dÃ©tectÃ©es.
Transactions dans le mÃªme pays dÃ©tectÃ©es.
Transactions dans le mÃªme pays dÃ©tectÃ©es.
Transactions dans le mÃªme pays dÃ©tectÃ©es.
Transactions dans le mÃªme pays dÃ©tectÃ©es.
Transactions dans le mÃªme pays dÃ©tectÃ©es.
Transactions dans le mÃªme pays dÃ©tectÃ©es.
Transactions dans le mÃªme pays dÃ©tectÃ©es.
Transactions dans le mÃªme pays dÃ©tectÃ©es.
Transactions dans le mÃªme pays dÃ©tectÃ©es.
Transactions dans le mÃªme pays dÃ©tectÃ©es.
Transactions dans le mÃªme pays dÃ©tectÃ©es.
Transactions dans le mÃªme pays dÃ©tectÃ©es.
Transactions dans le mÃªme pays dÃ©tectÃ©es.
Transactions dans le mÃªme pays dÃ©tectÃ©es.
Transactions dans le mÃªme pays dÃ©tectÃ©es.
Transactions dans le mÃªme pays dÃ©tectÃ©es.
Transactions dans le mÃªme pays dÃ©tectÃ©es.
Transactions dans le mÃªme pays dÃ©tectÃ©es.
Transactions dans le mÃªme pays dÃ©tectÃ©es.
Transactions dans le mÃªme pays dÃ©tectÃ©es.
Transactions dans le mÃªme pays dÃ©tectÃ©es.
Transactions dans le mÃªme pays dÃ©tectÃ©es.
Transactions dans le mÃªme pays dÃ©tectÃ©es.
Transactions dans le mÃªme pays dÃ©tectÃ©es.
Transactions dans le mÃªme pays dÃ©tectÃ©es.
Transactions dans le mÃªme pays dÃ©tectÃ©es.
Transactions dans le mÃªme pays dÃ©tectÃ©es.
Transactions dans le mÃªme pays dÃ©tectÃ©es.
Transactions dans le mÃªme pays dÃ©tectÃ©es.
Transactions dans le mÃªme pays dÃ©tectÃ©es.
Transactions dans le mÃªme pays dÃ©tectÃ©es.
Transactions dans le mÃªme pays dÃ©tectÃ©es.
Transactions dans le mÃªme pays dÃ©tectÃ©es.
Transactions dans le mÃªme pays dÃ©tectÃ©es.
Transactions dans le mÃªme pays dÃ©tectÃ©es.
Transactions dans le mÃªme pays dÃ©tectÃ©es.
Transactions dans le mÃªme pays dÃ©tectÃ©es.
Transactions dans le mÃªme pays dÃ©tectÃ©es.
Transactions dans le mÃªme pays dÃ©tectÃ©es.
Transactions dans le mÃªme pays dÃ©tectÃ©es.
Transactions dans le mÃªme pays dÃ©tectÃ©es.
Transactions dans le mÃªme pays dÃ©tectÃ©es.
Transactions dans le mÃªme pays dÃ©tectÃ©es.
Transactions dans le mÃªme pays dÃ©tectÃ©es.
Transactions dans le mÃªme pays dÃ©tectÃ©es.
Transactions dans le mÃªme pays dÃ©tectÃ©es.
Transactions dans le mÃªme pays dÃ©tectÃ©es.
Transactions dans le mÃªme pays dÃ©tectÃ©es.
Transactions dans le mÃªme pays dÃ©tectÃ©es.
Transactions dans le mÃªme pays dÃ©tectÃ©es.
Transactions dans le mÃªme pays dÃ©tectÃ©es.
Transactions dans le mÃªme pays dÃ©tectÃ©es.
Transactions dans le mÃªme pays dÃ©tectÃ©es.
Transactions dans le mÃªme pays dÃ©tectÃ©es.
Transactions dans le mÃªme pays dÃ©tectÃ©es.
Transactions dans le mÃªme pays dÃ©tectÃ©es.
Transactions dans le mÃªme pays dÃ©tectÃ©es.
Transactions dans le mÃªme pays dÃ©tectÃ©es.
Transactions dans le mÃªme pays dÃ©tectÃ©es.
Transactions dans le mÃªme pays dÃ©tectÃ©es.
Transactions dans le mÃªme pays dÃ©tectÃ©es.
Transactions dans le mÃªme pays dÃ©tectÃ©es.
Transactions dans le mÃªme pays dÃ©tectÃ©es.
Transactions dans le mÃªme pays dÃ©tectÃ©es.
Transactions dans le mÃªme pays dÃ©tectÃ©es.
Transactions dans le mÃªme pays dÃ©tectÃ©es.
Transactions dans le mÃªme pays dÃ©tectÃ©es.
Transactions dans le mÃªme pays dÃ©tectÃ©es.
Transactions dans le mÃªme pays dÃ©tectÃ©es.
Transactions dans le mÃªme pays dÃ©tectÃ©es.
Transactions dans le mÃªme pays dÃ©tectÃ©es.
Transactions dans le mÃªme pays dÃ©tectÃ©es.
Transactions dans le mÃªme pays dÃ©tectÃ©es.
Transactions dans le mÃªme pays dÃ©tectÃ©es.
Transactions dans le mÃªme pays dÃ©tectÃ©es.
Transactions dans le mÃªme pays dÃ©tectÃ©es.
Transactions dans le mÃªme pays dÃ©tectÃ©es.
Transactions dans le mÃªme pays dÃ©tectÃ©es.
Transactions dans le mÃªme pays dÃ©tectÃ©es.
Transactions dans le mÃªme pays dÃ©tectÃ©es.
Transactions dans le mÃªme pays dÃ©tectÃ©es.
Transactions dans le mÃªme pays dÃ©tectÃ©es.
Transactions dans le mÃªme pays dÃ©tectÃ©es.
Transactions dans le mÃªme pays dÃ©tectÃ©es.
Transactions dans le mÃªme pays dÃ©tectÃ©es.
Transactions dans le mÃªme pays dÃ©tectÃ©es.
Transactions dans le mÃªme pays dÃ©tectÃ©es.
Transactions dans le mÃªme pays dÃ©tectÃ©es.
Transactions dans le mÃªme pays dÃ©tectÃ©es.
Transactions dans le mÃªme pays dÃ©tectÃ©es.
Transactions dans le mÃªme pays dÃ©tectÃ©es.
Transactions dans le mÃªme pays dÃ©tectÃ©es.
Transactions dans le mÃªme pays dÃ©tectÃ©es.
Transactions dans le mÃªme pays dÃ©tectÃ©es.
Transactions dans le mÃªme pays dÃ©tectÃ©es.
Transactions dans le mÃªme pays dÃ©tectÃ©es.
Transactions dans le mÃªme pays dÃ©tectÃ©es.
Transactions dans le mÃªme pays dÃ©tectÃ©es.
Transactions dans le mÃªme pays dÃ©tectÃ©es.
Transactions dans le mÃªme pays dÃ©tectÃ©es.
Transactions dans le mÃªme pays dÃ©tectÃ©es.
Transactions dans le mÃªme pays dÃ©tectÃ©es.
Transactions dans le mÃªme pays dÃ©tectÃ©es.
Transactions dans le mÃªme pays dÃ©tectÃ©es.
Transactions dans le mÃªme pays dÃ©tectÃ©es.
Transactions dans le mÃªme pays dÃ©tectÃ©es.
Transactions dans le mÃªme pays dÃ©tectÃ©es.
Transactions dans le mÃªme pays dÃ©tectÃ©es.
Transactions dans le mÃªme pays dÃ©tectÃ©es.
Transactions dans le mÃªme pays dÃ©tectÃ©es.
Transactions dans le mÃªme pays dÃ©tectÃ©es.
Transactions dans le mÃªme pays dÃ©tectÃ©es.
Transactions dans le mÃªme pays dÃ©tectÃ©es.
Transactions dans le mÃªme pays dÃ©tectÃ©es.
Transactions dans le mÃªme pays dÃ©tectÃ©es.
Transactions dans le mÃªme pays dÃ©tectÃ©es.
Transactions dans le mÃªme pays dÃ©tectÃ©es.
Transactions dans le mÃªme pays dÃ©tectÃ©es.
Transactions dans le mÃªme pays dÃ©tectÃ©es.
Transactions dans le mÃªme pays dÃ©tectÃ©es.
Transactions dans le mÃªme pays dÃ©tectÃ©es.
Transactions dans le mÃªme pays dÃ©tectÃ©es.
Transactions dans le mÃªme pays dÃ©tectÃ©es.
Transactions dans le mÃªme pays dÃ©tectÃ©es.
Transactions dans le mÃªme pays dÃ©tectÃ©es.
Transactions dans le mÃªme pays dÃ©tectÃ©es.
Transactions dans le mÃªme pays dÃ©tectÃ©es.
Transactions dans le mÃªme pays dÃ©tectÃ©es.
Transactions dans le mÃªme pays dÃ©tectÃ©es.
Transactions dans le mÃªme pays dÃ©tectÃ©es.
Transactions dans le mÃªme pays dÃ©tectÃ©es.
Transactions dans le mÃªme pays dÃ©tectÃ©es.
Transactions dans le mÃªme pays dÃ©tectÃ©es.
Transactions dans le mÃªme pays dÃ©tectÃ©es.
Transactions dans le mÃªme pays dÃ©tectÃ©es.
Transactions dans le mÃªme pays dÃ©tectÃ©es.
Transactions dans le mÃªme pays dÃ©tectÃ©es.
Transactions dans le mÃªme pays dÃ©tectÃ©es.
Transactions dans le mÃªme pays dÃ©tectÃ©es.
Transactions dans le mÃªme pays dÃ©tectÃ©es.
Transactions dans le mÃªme pays dÃ©tectÃ©es.
Transactions dans le mÃªme pays dÃ©tectÃ©es.
Transactions dans le mÃªme pays dÃ©tectÃ©es.
Transactions dans le mÃªme pays dÃ©tectÃ©es.
Transactions dans le mÃªme pays dÃ©tectÃ©es.
Transactions dans le mÃªme pays dÃ©tectÃ©es.
Transactions dans le mÃªme pays dÃ©tectÃ©es.
Transactions dans le mÃªme pays dÃ©tectÃ©es.
Transactions dans le mÃªme pays dÃ©tectÃ©es.
Transactions dans le mÃªme pays dÃ©tectÃ©es.
Transactions dans le mÃªme pays dÃ©tectÃ©es.
Transactions dans le mÃªme pays dÃ©tectÃ©es.
Transactions dans le mÃªme pays dÃ©tectÃ©es.
Transactions dans le mÃªme pays dÃ©tectÃ©es.
Transactions dans le mÃªme pays dÃ©tectÃ©es.
Transactions dans le mÃªme pays dÃ©tectÃ©es.
Transactions dans le mÃªme pays dÃ©tectÃ©es.
Transactions dans le mÃªme pays dÃ©tectÃ©es.
Transactions dans le mÃªme pays dÃ©tectÃ©es.
Transactions dans le mÃªme pays dÃ©tectÃ©es.
Transactions dans le mÃªme pays dÃ©tectÃ©es.
Transactions dans le mÃªme pays dÃ©tectÃ©es.
Transactions dans le mÃªme pays dÃ©tectÃ©es.
Transactions dans le mÃªme pays dÃ©tectÃ©es.
Transactions dans le mÃªme pays dÃ©tectÃ©es.
Transactions dans le mÃªme pays dÃ©tectÃ©es.
Transactions dans le mÃªme pays dÃ©tectÃ©es.
Transactions dans le mÃªme pays dÃ©tectÃ©es.
Transactions dans le mÃªme pays dÃ©tectÃ©es.
Transactions dans le mÃªme pays dÃ©tectÃ©es.
Transactions dans le mÃªme pays dÃ©tectÃ©es.
Transactions dans le mÃªme pays dÃ©tectÃ©es.
Transactions dans le mÃªme pays dÃ©tectÃ©es.
Transactions dans le mÃªme pays dÃ©tectÃ©es.
Transactions dans le mÃªme pays dÃ©tectÃ©es.
Transactions dans le mÃªme pays dÃ©tectÃ©es.
Transactions dans le mÃªme pays dÃ©tectÃ©es.
Transactions dans le mÃªme pays dÃ©tectÃ©es.
Transactions dans le mÃªme pays dÃ©tectÃ©es.
Transactions dans le mÃªme pays dÃ©tectÃ©es.
Transactions dans le mÃªme pays dÃ©tectÃ©es.
Transactions dans le mÃªme pays dÃ©tectÃ©es.
Transactions dans le mÃªme pays dÃ©tectÃ©es.
Transactions dans le mÃªme pays dÃ©tectÃ©es.
Transactions dans le mÃªme pays dÃ©tectÃ©es.
Transactions dans le mÃªme pays dÃ©tectÃ©es.
Transactions dans le mÃªme pays dÃ©tectÃ©es.
Transactions dans le mÃªme pays dÃ©tectÃ©es.
Transactions dans le mÃªme pays dÃ©tectÃ©es.
Transactions dans le mÃªme pays dÃ©tectÃ©es.
Transactions dans le mÃªme pays dÃ©tectÃ©es.
Transactions dans le mÃªme pays dÃ©tectÃ©es.
Transactions dans le mÃªme pays dÃ©tectÃ©es.
Transactions dans le mÃªme pays dÃ©tectÃ©es.
Transactions dans le mÃªme pays dÃ©tectÃ©es.
Transactions dans le mÃªme pays dÃ©tectÃ©es.
Transactions dans le mÃªme pays dÃ©tectÃ©es.
Transactions dans le mÃªme pays dÃ©tectÃ©es.
Transactions dans le mÃªme pays dÃ©tectÃ©es.
Transactions dans le mÃªme pays dÃ©tectÃ©es.
Transactions dans le mÃªme pays dÃ©tectÃ©es.
Transactions dans le mÃªme pays dÃ©tectÃ©es.
Transactions dans le mÃªme pays dÃ©tectÃ©es.
Transactions dans le mÃªme pays dÃ©tectÃ©es.
Transactions dans le mÃªme pays dÃ©tectÃ©es.
Transactions dans le mÃªme pays dÃ©tectÃ©es.
Transactions dans le mÃªme pays dÃ©tectÃ©es.
Transactions dans le mÃªme pays dÃ©tectÃ©es.
Transactions dans le mÃªme pays dÃ©tectÃ©es.
Transactions dans le mÃªme pays dÃ©tectÃ©es.
Transactions dans le mÃªme pays dÃ©tectÃ©es.
Transactions dans le mÃªme pays dÃ©tectÃ©es.
Transactions dans le mÃªme pays dÃ©tectÃ©es.
Transactions dans le mÃªme pays dÃ©tectÃ©es.
Transactions dans le mÃªme pays dÃ©tectÃ©es.
Transactions dans le mÃªme pays dÃ©tectÃ©es.
Transactions dans le mÃªme pays dÃ©tectÃ©es.
Transactions dans le mÃªme pays dÃ©tectÃ©es.
Transactions dans le mÃªme pays dÃ©tectÃ©es.
Transactions dans le mÃªme pays dÃ©tectÃ©es.
Transactions dans le mÃªme pays dÃ©tectÃ©es.
Transactions dans le mÃªme pays dÃ©tectÃ©es.
Transactions dans le mÃªme pays dÃ©tectÃ©es.
Transactions dans le mÃªme pays dÃ©tectÃ©es.
Transactions dans le mÃªme pays dÃ©tectÃ©es.
Transactions dans le mÃªme pays dÃ©tectÃ©es.
Transactions dans le mÃªme pays dÃ©tectÃ©es.
Transactions dans le mÃªme pays dÃ©tectÃ©es.
Transactions dans le mÃªme pays dÃ©tectÃ©es.
Transactions dans le mÃªme pays dÃ©tectÃ©es.
Transactions dans le mÃªme pays dÃ©tectÃ©es.
Transactions dans le mÃªme pays dÃ©tectÃ©es.
Transactions dans le mÃªme pays dÃ©tectÃ©es.
Transactions dans le mÃªme pays dÃ©tectÃ©es.
Transactions dans le mÃªme pays dÃ©tectÃ©es.
Transactions dans le mÃªme pays dÃ©tectÃ©es.
Transactions dans le mÃªme pays dÃ©tectÃ©es.
Transactions dans le mÃªme pays dÃ©tectÃ©es.
Transactions dans le mÃªme pays dÃ©tectÃ©es.
Transactions dans le mÃªme pays dÃ©tectÃ©es.
Transactions dans le mÃªme pays dÃ©tectÃ©es.
Transactions dans le mÃªme pays dÃ©tectÃ©es.
Transactions dans le mÃªme pays dÃ©tectÃ©es.
Transactions dans le mÃªme pays dÃ©tectÃ©es.
Transactions dans le mÃªme pays dÃ©tectÃ©es.
Transactions dans le mÃªme pays dÃ©tectÃ©es.
Transactions dans le mÃªme pays dÃ©tectÃ©es.
Transactions dans le mÃªme pays dÃ©tectÃ©es.
Transactions dans le mÃªme pays dÃ©tectÃ©es.
Transactions dans le mÃªme pays dÃ©tectÃ©es.
Transactions dans le mÃªme pays dÃ©tectÃ©es.
Transactions dans le mÃªme pays dÃ©tectÃ©es.
Transactions dans le mÃªme pays dÃ©tectÃ©es.
Transactions dans le mÃªme pays dÃ©tectÃ©es.
Transactions dans le mÃªme pays dÃ©tectÃ©es.
Transactions dans le mÃªme pays dÃ©tectÃ©es.
Transactions dans le mÃªme pays dÃ©tectÃ©es.
Transactions dans le mÃªme pays dÃ©tectÃ©es.
Transactions dans le mÃªme pays dÃ©tectÃ©es.
Transactions dans le mÃªme pays dÃ©tectÃ©es.
Transactions dans le mÃªme pays dÃ©tectÃ©es.
Transactions dans le mÃªme pays dÃ©tectÃ©es.
Transactions dans le mÃªme pays dÃ©tectÃ©es.
Transactions dans le mÃªme pays dÃ©tectÃ©es.
Transactions dans le mÃªme pays dÃ©tectÃ©es.
Transactions dans le mÃªme pays dÃ©tectÃ©es.
Transactions dans le mÃªme pays dÃ©tectÃ©es.
Transactions dans le mÃªme pays dÃ©tectÃ©es.
Transactions dans le mÃªme pays dÃ©tectÃ©es.
Transactions dans le mÃªme pays dÃ©tectÃ©es.
Transactions dans le mÃªme pays dÃ©tectÃ©es.
Transactions dans le mÃªme pays dÃ©tectÃ©es.
Transactions dans le mÃªme pays dÃ©tectÃ©es.
Transactions dans le mÃªme pays dÃ©tectÃ©es.
Transactions dans le mÃªme pays dÃ©tectÃ©es.
Transactions dans le mÃªme pays dÃ©tectÃ©es.
Transactions dans le mÃªme pays dÃ©tectÃ©es.
Transactions dans le mÃªme pays dÃ©tectÃ©es.
Transactions dans le mÃªme pays dÃ©tectÃ©es.
Transactions dans le mÃªme pays dÃ©tectÃ©es.
Transactions dans le mÃªme pays dÃ©tectÃ©es.
Transactions dans le mÃªme pays dÃ©tectÃ©es.
Transactions dans le mÃªme pays dÃ©tectÃ©es.
Transactions dans le mÃªme pays dÃ©tectÃ©es.
Transactions dans le mÃªme pays dÃ©tectÃ©es.
Transactions dans le mÃªme pays dÃ©tectÃ©es.
Transactions dans le mÃªme pays dÃ©tectÃ©es.
Transactions dans le mÃªme pays dÃ©tectÃ©es.
Transactions dans le mÃªme pays dÃ©tectÃ©es.
Transactions dans le mÃªme pays dÃ©tectÃ©es.
Transactions dans le mÃªme pays dÃ©tectÃ©es.
Transactions dans le mÃªme pays dÃ©tectÃ©es.
Transactions dans le mÃªme pays dÃ©tectÃ©es.
Transactions dans le mÃªme pays dÃ©tectÃ©es.
Transactions dans le mÃªme pays dÃ©tectÃ©es.
Transactions dans le mÃªme pays dÃ©tectÃ©es.
Transactions dans le mÃªme pays dÃ©tectÃ©es.
Transactions dans le mÃªme pays dÃ©tectÃ©es.
Transactions dans le mÃªme pays dÃ©tectÃ©es.
Transactions dans le mÃªme pays dÃ©tectÃ©es.
Transactions dans le mÃªme pays dÃ©tectÃ©es.
Transactions dans le mÃªme pays dÃ©tectÃ©es.
Transactions dans le mÃªme pays dÃ©tectÃ©es.
Transactions dans le mÃªme pays dÃ©tectÃ©es.
Transactions dans le mÃªme pays dÃ©tectÃ©es.
Transactions dans le mÃªme pays dÃ©tectÃ©es.
Transactions dans le mÃªme pays dÃ©tectÃ©es.
Transactions dans le mÃªme pays dÃ©tectÃ©es.
Transactions dans le mÃªme pays dÃ©tectÃ©es.
Transactions dans le mÃªme pays dÃ©tectÃ©es.
Transactions dans le mÃªme pays dÃ©tectÃ©es.
Transactions dans le mÃªme pays dÃ©tectÃ©es.
Transactions dans le mÃªme pays dÃ©tectÃ©es.
Transactions dans le mÃªme pays dÃ©tectÃ©es.
Transactions dans le mÃªme pays dÃ©tectÃ©es.
Transactions dans le mÃªme pays dÃ©tectÃ©es.
Transactions dans le mÃªme pays dÃ©tectÃ©es.
Transactions dans le mÃªme pays dÃ©tectÃ©es.
Transactions dans le mÃªme pays dÃ©tectÃ©es.
Transactions dans le mÃªme pays dÃ©tectÃ©es.
Transactions dans le mÃªme pays dÃ©tectÃ©es.
Transactions dans le mÃªme pays dÃ©tectÃ©es.
Transactions dans le mÃªme pays dÃ©tectÃ©es.
Transactions dans le mÃªme pays dÃ©tectÃ©es.
Transactions dans le mÃªme pays dÃ©tectÃ©es.
Transactions dans le mÃªme pays dÃ©tectÃ©es.
Transactions dans le mÃªme pays dÃ©tectÃ©es.
Transactions dans le mÃªme pays dÃ©tectÃ©es.
Transactions dans le mÃªme pays dÃ©tectÃ©es.
Transactions dans le mÃªme pays dÃ©tectÃ©es.
Transactions dans le mÃªme pays dÃ©tectÃ©es.
Transactions dans le mÃªme pays dÃ©tectÃ©es.
Transactions dans le mÃªme pays dÃ©tectÃ©es.
Transactions dans le mÃªme pays dÃ©tectÃ©es.
Transactions dans le mÃªme pays dÃ©tectÃ©es.
Transactions dans le mÃªme pays dÃ©tectÃ©es.
Transactions dans le mÃªme pays dÃ©tectÃ©es.
Transactions dans le mÃªme pays dÃ©tectÃ©es.
Transactions dans le mÃªme pays dÃ©tectÃ©es.
Transactions dans le mÃªme pays dÃ©tectÃ©es.
Transactions dans le mÃªme pays dÃ©tectÃ©es.
Transactions dans le mÃªme pays dÃ©tectÃ©es.
Transactions dans le mÃªme pays dÃ©tectÃ©es.
Transactions dans le mÃªme pays dÃ©tectÃ©es.
Transactions dans le mÃªme pays dÃ©tectÃ©es.
Transactions dans le mÃªme pays dÃ©tectÃ©es.
Transactions dans le mÃªme pays dÃ©tectÃ©es.
Transactions dans le mÃªme pays dÃ©tectÃ©es.
Transactions dans le mÃªme pays dÃ©tectÃ©es.
Transactions dans le mÃªme pays dÃ©tectÃ©es.
Transactions dans le mÃªme pays dÃ©tectÃ©es.
Transactions dans le mÃªme pays dÃ©tectÃ©es.
Transactions dans le mÃªme pays dÃ©tectÃ©es.
Transactions dans le mÃªme pays dÃ©tectÃ©es.
Transactions dans le mÃªme pays dÃ©tectÃ©es.
Transactions dans le mÃªme pays dÃ©tectÃ©es.
Transactions dans le mÃªme pays dÃ©tectÃ©es.
Transactions dans le mÃªme pays dÃ©tectÃ©es.
Transactions dans le mÃªme pays dÃ©tectÃ©es.
Transactions dans le mÃªme pays dÃ©tectÃ©es.
Transactions dans le mÃªme pays dÃ©tectÃ©es.
Transactions dans le mÃªme pays dÃ©tectÃ©es.
Transactions dans le mÃªme pays dÃ©tectÃ©es.
Transactions dans le mÃªme pays dÃ©tectÃ©es.
Transactions dans le mÃªme pays dÃ©tectÃ©es.
Transactions dans le mÃªme pays dÃ©tectÃ©es.
Transactions dans le mÃªme pays dÃ©tectÃ©es.
Transactions dans le mÃªme pays dÃ©tectÃ©es.
Transactions dans le mÃªme pays dÃ©tectÃ©es.
Transactions dans le mÃªme pays dÃ©tectÃ©es.
Transactions dans le mÃªme pays dÃ©tectÃ©es.
Transactions dans le mÃªme pays dÃ©tectÃ©es.
Transactions dans le mÃªme pays dÃ©tectÃ©es.
Transactions dans le mÃªme pays dÃ©tectÃ©es.
Transactions dans le mÃªme pays dÃ©tectÃ©es.
Transactions dans le mÃªme pays dÃ©tectÃ©es.
Transactions dans le mÃªme pays dÃ©tectÃ©es.
Transactions dans le mÃªme pays dÃ©tectÃ©es.
Transactions dans le mÃªme pays dÃ©tectÃ©es.
Transactions dans le mÃªme pays dÃ©tectÃ©es.
Transactions dans le mÃªme pays dÃ©tectÃ©es.
Transactions dans le mÃªme pays dÃ©tectÃ©es.
Transactions dans le mÃªme pays dÃ©tectÃ©es.
Transactions dans le mÃªme pays dÃ©tectÃ©es.
Transactions dans le mÃªme pays dÃ©tectÃ©es.
Transactions dans le mÃªme pays dÃ©tectÃ©es.
Transactions dans le mÃªme pays dÃ©tectÃ©es.
Transactions dans le mÃªme pays dÃ©tectÃ©es.
Transactions dans le mÃªme pays dÃ©tectÃ©es.
Transactions dans le mÃªme pays dÃ©tectÃ©es.
Transactions dans le mÃªme pays dÃ©tectÃ©es.
Transactions dans le mÃªme pays dÃ©tectÃ©es.
Transactions dans le mÃªme pays dÃ©tectÃ©es.
Transactions dans le mÃªme pays dÃ©tectÃ©es.
Transactions dans le mÃªme pays dÃ©tectÃ©es.
Transactions dans le mÃªme pays dÃ©tectÃ©es.
Transactions dans le mÃªme pays dÃ©tectÃ©es.
Transactions dans le mÃªme pays dÃ©tectÃ©es.
Transactions dans le mÃªme pays dÃ©tectÃ©es.
Transactions dans le mÃªme pays dÃ©tectÃ©es.
Transactions dans le mÃªme pays dÃ©tectÃ©es.
Transactions dans le mÃªme pays dÃ©tectÃ©es.
Transactions dans le mÃªme pays dÃ©tectÃ©es.
Transactions dans le mÃªme pays dÃ©tectÃ©es.
Transactions dans le mÃªme pays dÃ©tectÃ©es.
Transactions dans le mÃªme pays dÃ©tectÃ©es.
Transactions dans le mÃªme pays dÃ©tectÃ©es.
Transactions dans le mÃªme pays dÃ©tectÃ©es.
Transactions dans le mÃªme pays dÃ©tectÃ©es.
Transactions dans le mÃªme pays dÃ©tectÃ©es.
Transactions dans le mÃªme pays dÃ©tectÃ©es.
Transactions dans le mÃªme pays dÃ©tectÃ©es.
Transactions dans le mÃªme pays dÃ©tectÃ©es.
Transactions dans le mÃªme pays dÃ©tectÃ©es.
Transactions dans le mÃªme pays dÃ©tectÃ©es.
Transactions dans le mÃªme pays dÃ©tectÃ©es.
Transactions dans le mÃªme pays dÃ©tectÃ©es.
Transactions dans le mÃªme pays dÃ©tectÃ©es.
Transactions dans le mÃªme pays dÃ©tectÃ©es.
Transactions dans le mÃªme pays dÃ©tectÃ©es.
Transactions dans le mÃªme pays dÃ©tectÃ©es.
Transactions dans le mÃªme pays dÃ©tectÃ©es.
Transactions dans le mÃªme pays dÃ©tectÃ©es.
Transactions dans le mÃªme pays dÃ©tectÃ©es.
Transactions dans le mÃªme pays dÃ©tectÃ©es.
Transactions dans le mÃªme pays dÃ©tectÃ©es.
Transactions dans le mÃªme pays dÃ©tectÃ©es.
Transactions dans le mÃªme pays dÃ©tectÃ©es.
Transactions dans le mÃªme pays dÃ©tectÃ©es.
Transactions dans le mÃªme pays dÃ©tectÃ©es.
Transactions dans le mÃªme pays dÃ©tectÃ©es.
Transactions dans le mÃªme pays dÃ©tectÃ©es.
Transactions dans le mÃªme pays dÃ©tectÃ©es.
Transactions dans le mÃªme pays dÃ©tectÃ©es.
Transactions dans le mÃªme pays dÃ©tectÃ©es.
Transactions dans le mÃªme pays dÃ©tectÃ©es.
Transactions dans le mÃªme pays dÃ©tectÃ©es.
Transactions dans le mÃªme pays dÃ©tectÃ©es.
Transactions dans le mÃªme pays dÃ©tectÃ©es.
Transactions dans le mÃªme pays dÃ©tectÃ©es.
Transactions dans le mÃªme pays dÃ©tectÃ©es.
Transactions dans le mÃªme pays dÃ©tectÃ©es.
Transactions dans le mÃªme pays dÃ©tectÃ©es.
Transactions dans le mÃªme pays dÃ©tectÃ©es.
Transactions dans le mÃªme pays dÃ©tectÃ©es.
Transactions dans le mÃªme pays dÃ©tectÃ©es.
Transactions dans le mÃªme pays dÃ©tectÃ©es.
Transactions dans le mÃªme pays dÃ©tectÃ©es.
Transactions dans le mÃªme pays dÃ©tectÃ©es.
Transactions dans le mÃªme pays dÃ©tectÃ©es.
Transactions dans le mÃªme pays dÃ©tectÃ©es.
Transactions dans le mÃªme pays dÃ©tectÃ©es.
Transactions dans le mÃªme pays dÃ©tectÃ©es.
Transactions dans le mÃªme pays dÃ©tectÃ©es.
Transactions dans le mÃªme pays dÃ©tectÃ©es.
Transactions dans le mÃªme pays dÃ©tectÃ©es.
Transactions dans le mÃªme pays dÃ©tectÃ©es.
Transactions dans le mÃªme pays dÃ©tectÃ©es.
Transactions dans le mÃªme pays dÃ©tectÃ©es.
Transactions dans le mÃªme pays dÃ©tectÃ©es.
Transactions dans le mÃªme pays dÃ©tectÃ©es.
Transactions dans le mÃªme pays dÃ©tectÃ©es.
Transactions dans le mÃªme pays dÃ©tectÃ©es.
Transactions dans le mÃªme pays dÃ©tectÃ©es.
Transactions dans le mÃªme pays dÃ©tectÃ©es.
Transactions dans le mÃªme pays dÃ©tectÃ©es.
Transactions dans le mÃªme pays dÃ©tectÃ©es.
Transactions dans le mÃªme pays dÃ©tectÃ©es.
Transactions dans le mÃªme pays dÃ©tectÃ©es.
Transactions dans le mÃªme pays dÃ©tectÃ©es.
Transactions dans le mÃªme pays dÃ©tectÃ©es.
Transactions dans le mÃªme pays dÃ©tectÃ©es.
Transactions dans le mÃªme pays dÃ©tectÃ©es.
Transactions dans le mÃªme pays dÃ©tectÃ©es.
Transactions dans le mÃªme pays dÃ©tectÃ©es.
Transactions dans le mÃªme pays dÃ©tectÃ©es.
Transactions dans le mÃªme pays dÃ©tectÃ©es.
Transactions dans le mÃªme pays dÃ©tectÃ©es.
Transactions dans le mÃªme pays dÃ©tectÃ©es.
Transactions dans le mÃªme pays dÃ©tectÃ©es.
Transactions dans le mÃªme pays dÃ©tectÃ©es.
Transactions dans le mÃªme pays dÃ©tectÃ©es.
Transactions dans le mÃªme pays dÃ©tectÃ©es.
Transactions dans le mÃªme pays dÃ©tectÃ©es.
Transactions dans le mÃªme pays dÃ©tectÃ©es.
Transactions dans le mÃªme pays dÃ©tectÃ©es.
Transactions dans le mÃªme pays dÃ©tectÃ©es.
Transactions dans le mÃªme pays dÃ©tectÃ©es.
Transactions dans le mÃªme pays dÃ©tectÃ©es.
Transactions dans le mÃªme pays dÃ©tectÃ©es.
Transactions dans le mÃªme pays dÃ©tectÃ©es.
Transactions dans le mÃªme pays dÃ©tectÃ©es.
Transactions dans le mÃªme pays dÃ©tectÃ©es.
Transactions dans le mÃªme pays dÃ©tectÃ©es.
Transactions dans le mÃªme pays dÃ©tectÃ©es.
Transactions dans le mÃªme pays dÃ©tectÃ©es.
Transactions dans le mÃªme pays dÃ©tectÃ©es.
Transactions dans le mÃªme pays dÃ©tectÃ©es.
Transactions dans le mÃªme pays dÃ©tectÃ©es.
Transactions dans le mÃªme pays dÃ©tectÃ©es.
Transactions dans le mÃªme pays dÃ©tectÃ©es.
Transactions dans le mÃªme pays dÃ©tectÃ©es.
Transactions dans le mÃªme pays dÃ©tectÃ©es.
Transactions dans le mÃªme pays dÃ©tectÃ©es.
Transactions dans le mÃªme pays dÃ©tectÃ©es.
Transactions dans le mÃªme pays dÃ©tectÃ©es.
Transactions dans le mÃªme pays dÃ©tectÃ©es.
Transactions dans le mÃªme pays dÃ©tectÃ©es.
Transactions dans le mÃªme pays dÃ©tectÃ©es.
Transactions dans le mÃªme pays dÃ©tectÃ©es.
Transactions dans le mÃªme pays dÃ©tectÃ©es.
Transactions dans le mÃªme pays dÃ©tectÃ©es.
Transactions dans le mÃªme pays dÃ©tectÃ©es.
Transactions dans le mÃªme pays dÃ©tectÃ©es.
Transactions dans le mÃªme pays dÃ©tectÃ©es.
Transactions dans le mÃªme pays dÃ©tectÃ©es.
Transactions dans le mÃªme pays dÃ©tectÃ©es.
Transactions dans le mÃªme pays dÃ©tectÃ©es.
Transactions dans le mÃªme pays dÃ©tectÃ©es.
Transactions dans le mÃªme pays dÃ©tectÃ©es.
Transactions dans le mÃªme pays dÃ©tectÃ©es.
Transactions dans le mÃªme pays dÃ©tectÃ©es.
Transactions dans le mÃªme pays dÃ©tectÃ©es.
Transactions dans le mÃªme pays dÃ©tectÃ©es.
Transactions dans le mÃªme pays dÃ©tectÃ©es.
Transactions dans le mÃªme pays dÃ©tectÃ©es.
Transactions dans le mÃªme pays dÃ©tectÃ©es.
Transactions dans le mÃªme pays dÃ©tectÃ©es.
Transactions dans le mÃªme pays dÃ©tectÃ©es.
Transactions dans le mÃªme pays dÃ©tectÃ©es.
Transactions dans le mÃªme pays dÃ©tectÃ©es.
Transactions dans le mÃªme pays dÃ©tectÃ©es.
Transactions dans le mÃªme pays dÃ©tectÃ©es.
Transactions dans le mÃªme pays dÃ©tectÃ©es.
Transactions dans le mÃªme pays dÃ©tectÃ©es.
Transactions dans le mÃªme pays dÃ©tectÃ©es.
Transactions dans le mÃªme pays dÃ©tectÃ©es.
Transactions dans le mÃªme pays dÃ©tectÃ©es.
Transactions dans le mÃªme pays dÃ©tectÃ©es.
Transactions dans le mÃªme pays dÃ©tectÃ©es.
Transactions dans le mÃªme pays dÃ©tectÃ©es.
Transactions dans le mÃªme pays dÃ©tectÃ©es.
Transactions dans le mÃªme pays dÃ©tectÃ©es.
Transactions dans le mÃªme pays dÃ©tectÃ©es.
Transactions dans le mÃªme pays dÃ©tectÃ©es.
Transactions dans le mÃªme pays dÃ©tectÃ©es.
Transactions dans le mÃªme pays dÃ©tectÃ©es.
Transactions dans le mÃªme pays dÃ©tectÃ©es.
Transactions dans le mÃªme pays dÃ©tectÃ©es.
Transactions dans le mÃªme pays dÃ©tectÃ©es.
Transactions dans le mÃªme pays dÃ©tectÃ©es.
Transactions dans le mÃªme pays dÃ©tectÃ©es.
Transactions dans le mÃªme pays dÃ©tectÃ©es.
Transactions dans le mÃªme pays dÃ©tectÃ©es.
Transactions dans le mÃªme pays dÃ©tectÃ©es.
Transactions dans le mÃªme pays dÃ©tectÃ©es.
Transactions dans le mÃªme pays dÃ©tectÃ©es.
Transactions dans le mÃªme pays dÃ©tectÃ©es.
Transactions dans le mÃªme pays dÃ©tectÃ©es.
Transactions dans le mÃªme pays dÃ©tectÃ©es.
Transactions dans le mÃªme pays dÃ©tectÃ©es.
Transactions dans le mÃªme pays dÃ©tectÃ©es.
Transactions dans le mÃªme pays dÃ©tectÃ©es.
Transactions dans le mÃªme pays dÃ©tectÃ©es.
Transactions dans le mÃªme pays dÃ©tectÃ©es.
Transactions dans le mÃªme pays dÃ©tectÃ©es.
Transactions dans le mÃªme pays dÃ©tectÃ©es.
Transactions dans le mÃªme pays dÃ©tectÃ©es.
Transactions dans le mÃªme pays dÃ©tectÃ©es.
Transactions dans le mÃªme pays dÃ©tectÃ©es.
Transactions dans le mÃªme pays dÃ©tectÃ©es.
Transactions dans le mÃªme pays dÃ©tectÃ©es.
Transactions dans le mÃªme pays dÃ©tectÃ©es.
Transactions dans le mÃªme pays dÃ©tectÃ©es.
Transactions dans le mÃªme pays dÃ©tectÃ©es.
Transactions dans le mÃªme pays dÃ©tectÃ©es.
Transactions dans le mÃªme pays dÃ©tectÃ©es.
Transactions dans le mÃªme pays dÃ©tectÃ©es.
Transactions dans le mÃªme pays dÃ©tectÃ©es.
Transactions dans le mÃªme pays dÃ©tectÃ©es.
Transactions dans le mÃªme pays dÃ©tectÃ©es.
Transactions dans le mÃªme pays dÃ©tectÃ©es.
Transactions dans le mÃªme pays dÃ©tectÃ©es.
Transactions dans le mÃªme pays dÃ©tectÃ©es.
Transactions dans le mÃªme pays dÃ©tectÃ©es.
Transactions dans le mÃªme pays dÃ©tectÃ©es.
Transactions dans le mÃªme pays dÃ©tectÃ©es.
Transactions dans le mÃªme pays dÃ©tectÃ©es.
Transactions dans le mÃªme pays dÃ©tectÃ©es.
Transactions dans le mÃªme pays dÃ©tectÃ©es.
Transactions dans le mÃªme pays dÃ©tectÃ©es.
Transactions dans le mÃªme pays dÃ©tectÃ©es.
Transactions dans le mÃªme pays dÃ©tectÃ©es.
Transactions dans le mÃªme pays dÃ©tectÃ©es.
Transactions dans le mÃªme pays dÃ©tectÃ©es.
Transactions dans le mÃªme pays dÃ©tectÃ©es.
Transactions dans le mÃªme pays dÃ©tectÃ©es.
Transactions dans le mÃªme pays dÃ©tectÃ©es.
Transactions dans le mÃªme pays dÃ©tectÃ©es.
Transactions dans le mÃªme pays dÃ©tectÃ©es.
Transactions dans le mÃªme pays dÃ©tectÃ©es.
Transactions dans le mÃªme pays dÃ©tectÃ©es.
Transactions dans le mÃªme pays dÃ©tectÃ©es.
Transactions dans le mÃªme pays dÃ©tectÃ©es.
Transactions dans le mÃªme pays dÃ©tectÃ©es.
Transactions dans le mÃªme pays dÃ©tectÃ©es.
Transactions dans le mÃªme pays dÃ©tectÃ©es.
Transactions dans le mÃªme pays dÃ©tectÃ©es.
Transactions dans le mÃªme pays dÃ©tectÃ©es.
Transactions dans le mÃªme pays dÃ©tectÃ©es.
Transactions dans le mÃªme pays dÃ©tectÃ©es.
Transactions dans le mÃªme pays dÃ©tectÃ©es.
Transactions dans le mÃªme pays dÃ©tectÃ©es.
Transactions dans le mÃªme pays dÃ©tectÃ©es.
Transactions dans le mÃªme pays dÃ©tectÃ©es.
Transactions dans le mÃªme pays dÃ©tectÃ©es.
Transactions dans le mÃªme pays dÃ©tectÃ©es.
Transactions dans le mÃªme pays dÃ©tectÃ©es.
Transactions dans le mÃªme pays dÃ©tectÃ©es.
Transactions dans le mÃªme pays dÃ©tectÃ©es.
Transactions dans le mÃªme pays dÃ©tectÃ©es.
Transactions dans le mÃªme pays dÃ©tectÃ©es.
Transactions dans le mÃªme pays dÃ©tectÃ©es.
Transactions dans le mÃªme pays dÃ©tectÃ©es.
Transactions dans le mÃªme pays dÃ©tectÃ©es.
Transactions dans le mÃªme pays dÃ©tectÃ©es.
Transactions dans le mÃªme pays dÃ©tectÃ©es.
Transactions dans le mÃªme pays dÃ©tectÃ©es.
Transactions dans le mÃªme pays dÃ©tectÃ©es.
Transactions dans le mÃªme pays dÃ©tectÃ©es.
Transactions dans le mÃªme pays dÃ©tectÃ©es.
Transactions dans le mÃªme pays dÃ©tectÃ©es.
Transactions dans le mÃªme pays dÃ©tectÃ©es.
Transactions dans le mÃªme pays dÃ©tectÃ©es.
Transactions dans le mÃªme pays dÃ©tectÃ©es.
Transactions dans le mÃªme pays dÃ©tectÃ©es.
Transactions dans le mÃªme pays dÃ©tectÃ©es.
Transactions dans le mÃªme pays dÃ©tectÃ©es.
Transactions dans le mÃªme pays dÃ©tectÃ©es.
Transactions dans le mÃªme pays dÃ©tectÃ©es.
Transactions dans le mÃªme pays dÃ©tectÃ©es.
Transactions dans le mÃªme pays dÃ©tectÃ©es.
Transactions dans le mÃªme pays dÃ©tectÃ©es.
Transactions dans le mÃªme pays dÃ©tectÃ©es.
Transactions dans le mÃªme pays dÃ©tectÃ©es.
Transactions dans le mÃªme pays dÃ©tectÃ©es.
Transactions dans le mÃªme pays dÃ©tectÃ©es.
Transactions dans le mÃªme pays dÃ©tectÃ©es.
Transactions dans le mÃªme pays dÃ©tectÃ©es.
Transactions dans le mÃªme pays dÃ©tectÃ©es.
Transactions dans le mÃªme pays dÃ©tectÃ©es.
Transactions dans le mÃªme pays dÃ©tectÃ©es.
Transactions dans le mÃªme pays dÃ©tectÃ©es.
Transactions dans le mÃªme pays dÃ©tectÃ©es.
Transactions dans le mÃªme pays dÃ©tectÃ©es.
Transactions dans le mÃªme pays dÃ©tectÃ©es.
Transactions dans le mÃªme pays dÃ©tectÃ©es.
Transactions dans le mÃªme pays dÃ©tectÃ©es.
Transactions dans le mÃªme pays dÃ©tectÃ©es.
Transactions dans le mÃªme pays dÃ©tectÃ©es.
Transactions dans le mÃªme pays dÃ©tectÃ©es.
Transactions dans le mÃªme pays dÃ©tectÃ©es.
Transactions dans le mÃªme pays dÃ©tectÃ©es.
Transactions dans le mÃªme pays dÃ©tectÃ©es.
Transactions dans le mÃªme pays dÃ©tectÃ©es.
Transactions dans le mÃªme pays dÃ©tectÃ©es.
Transactions dans le mÃªme pays dÃ©tectÃ©es.
Transactions dans le mÃªme pays dÃ©tectÃ©es.
Transactions dans le mÃªme pays dÃ©tectÃ©es.
Transactions dans le mÃªme pays dÃ©tectÃ©es.
Transactions dans le mÃªme pays dÃ©tectÃ©es.
Transactions dans le mÃªme pays dÃ©tectÃ©es.
Transactions dans le mÃªme pays dÃ©tectÃ©es.
Transactions dans le mÃªme pays dÃ©tectÃ©es.
Transactions dans le mÃªme pays dÃ©tectÃ©es.
Transactions dans le mÃªme pays dÃ©tectÃ©es.
Transactions dans le mÃªme pays dÃ©tectÃ©es.
Transactions dans le mÃªme pays dÃ©tectÃ©es.
Transactions dans le mÃªme pays dÃ©tectÃ©es.
Transactions dans le mÃªme pays dÃ©tectÃ©es.
Transactions dans le mÃªme pays dÃ©tectÃ©es.
Transactions dans le mÃªme pays dÃ©tectÃ©es.
Transactions dans le mÃªme pays dÃ©tectÃ©es.
Transactions dans le mÃªme pays dÃ©tectÃ©es.
Transactions dans le mÃªme pays dÃ©tectÃ©es.
Transactions dans le mÃªme pays dÃ©tectÃ©es.
Transactions dans le mÃªme pays dÃ©tectÃ©es.
Transactions dans le mÃªme pays dÃ©tectÃ©es.
Transactions dans le mÃªme pays dÃ©tectÃ©es.
Transactions dans le mÃªme pays dÃ©tectÃ©es.
Transactions dans le mÃªme pays dÃ©tectÃ©es.
Transactions dans le mÃªme pays dÃ©tectÃ©es.
Transactions dans le mÃªme pays dÃ©tectÃ©es.
Transactions dans le mÃªme pays dÃ©tectÃ©es.
Transactions dans le mÃªme pays dÃ©tectÃ©es.
Transactions dans le mÃªme pays dÃ©tectÃ©es.
Transactions dans le mÃªme pays dÃ©tectÃ©es.
Transactions dans le mÃªme pays dÃ©tectÃ©es.
Transactions dans le mÃªme pays dÃ©tectÃ©es.
Transactions dans le mÃªme pays dÃ©tectÃ©es.
Transactions dans le mÃªme pays dÃ©tectÃ©es.
Transactions dans le mÃªme pays dÃ©tectÃ©es.
Transactions dans le mÃªme pays dÃ©tectÃ©es.
Transactions dans le mÃªme pays dÃ©tectÃ©es.
Transactions dans le mÃªme pays dÃ©tectÃ©es.
Transactions dans le mÃªme pays dÃ©tectÃ©es.
Transactions dans le mÃªme pays dÃ©tectÃ©es.
Transactions dans le mÃªme pays dÃ©tectÃ©es.
Transactions dans le mÃªme pays dÃ©tectÃ©es.
Transactions dans le mÃªme pays dÃ©tectÃ©es.
Transactions dans le mÃªme pays dÃ©tectÃ©es.
Transactions dans le mÃªme pays dÃ©tectÃ©es.
Transactions dans le mÃªme pays dÃ©tectÃ©es.
Transactions dans le mÃªme pays dÃ©tectÃ©es.
Transactions dans le mÃªme pays dÃ©tectÃ©es.
Transactions dans le mÃªme pays dÃ©tectÃ©es.
Transactions dans le mÃªme pays dÃ©tectÃ©es.
Transactions dans le mÃªme pays dÃ©tectÃ©es.
Transactions dans le mÃªme pays dÃ©tectÃ©es.
Transactions dans le mÃªme pays dÃ©tectÃ©es.
Transactions dans le mÃªme pays dÃ©tectÃ©es.
Transactions dans le mÃªme pays dÃ©tectÃ©es.
Transactions dans le mÃªme pays dÃ©tectÃ©es.
Transactions dans le mÃªme pays dÃ©tectÃ©es.
Transactions dans le mÃªme pays dÃ©tectÃ©es.
Transactions dans le mÃªme pays dÃ©tectÃ©es.
Transactions dans le mÃªme pays dÃ©tectÃ©es.
Transactions dans le mÃªme pays dÃ©tectÃ©es.
Transactions dans le mÃªme pays dÃ©tectÃ©es.
Transactions dans le mÃªme pays dÃ©tectÃ©es.
Transactions dans le mÃªme pays dÃ©tectÃ©es.
Transactions dans le mÃªme pays dÃ©tectÃ©es.
Transactions dans le mÃªme pays dÃ©tectÃ©es.
Transactions dans le mÃªme pays dÃ©tectÃ©es.
Transactions dans le mÃªme pays dÃ©tectÃ©es.
Transactions dans le mÃªme pays dÃ©tectÃ©es.
Transactions dans le mÃªme pays dÃ©tectÃ©es.
Transactions dans le mÃªme pays dÃ©tectÃ©es.
Transactions dans le mÃªme pays dÃ©tectÃ©es.
Transactions dans le mÃªme pays dÃ©tectÃ©es.
Transactions dans le mÃªme pays dÃ©tectÃ©es.
Transactions dans le mÃªme pays dÃ©tectÃ©es.
Transactions dans le mÃªme pays dÃ©tectÃ©es.
Transactions dans le mÃªme pays dÃ©tectÃ©es.
Transactions dans le mÃªme pays dÃ©tectÃ©es.
Transactions dans le mÃªme pays dÃ©tectÃ©es.
Transactions dans le mÃªme pays dÃ©tectÃ©es.
Transactions dans le mÃªme pays dÃ©tectÃ©es.
Transactions dans le mÃªme pays dÃ©tectÃ©es.
Transactions dans le mÃªme pays dÃ©tectÃ©es.
Transactions dans le mÃªme pays dÃ©tectÃ©es.
Transactions dans le mÃªme pays dÃ©tectÃ©es.
Transactions dans le mÃªme pays dÃ©tectÃ©es.
Transactions dans le mÃªme pays dÃ©tectÃ©es.
Transactions dans le mÃªme pays dÃ©tectÃ©es.
Transactions dans le mÃªme pays dÃ©tectÃ©es.
Transactions dans le mÃªme pays dÃ©tectÃ©es.
Transactions dans le mÃªme pays dÃ©tectÃ©es.
Transactions dans le mÃªme pays dÃ©tectÃ©es.
Transactions dans le mÃªme pays dÃ©tectÃ©es.
Transactions dans le mÃªme pays dÃ©tectÃ©es.
Transactions dans le mÃªme pays dÃ©tectÃ©es.
Transactions dans le mÃªme pays dÃ©tectÃ©es.
Transactions dans le mÃªme pays dÃ©tectÃ©es.
Transactions dans le mÃªme pays dÃ©tectÃ©es.
Transactions dans le mÃªme pays dÃ©tectÃ©es.
Transactions dans le mÃªme pays dÃ©tectÃ©es.
Transactions dans le mÃªme pays dÃ©tectÃ©es.
Transactions dans le mÃªme pays dÃ©tectÃ©es.
Transactions dans le mÃªme pays dÃ©tectÃ©es.
Transactions dans le mÃªme pays dÃ©tectÃ©es.
Transactions dans le mÃªme pays dÃ©tectÃ©es.
Transactions dans le mÃªme pays dÃ©tectÃ©es.
Transactions dans le mÃªme pays dÃ©tectÃ©es.
Transactions dans le mÃªme pays dÃ©tectÃ©es.
Transactions dans le mÃªme pays dÃ©tectÃ©es.
Transactions dans le mÃªme pays dÃ©tectÃ©es.
Transactions dans le mÃªme pays dÃ©tectÃ©es.
Transactions dans le mÃªme pays dÃ©tectÃ©es.
Transactions dans le mÃªme pays dÃ©tectÃ©es.
Transactions dans le mÃªme pays dÃ©tectÃ©es.
Transactions dans le mÃªme pays dÃ©tectÃ©es.
Transactions dans le mÃªme pays dÃ©tectÃ©es.
Transactions dans le mÃªme pays dÃ©tectÃ©es.
Transactions dans le mÃªme pays dÃ©tectÃ©es.
Transactions dans le mÃªme pays dÃ©tectÃ©es.
Transactions dans le mÃªme pays dÃ©tectÃ©es.
Transactions dans le mÃªme pays dÃ©tectÃ©es.
Transactions dans le mÃªme pays dÃ©tectÃ©es.
Transactions dans le mÃªme pays dÃ©tectÃ©es.
Transactions dans le mÃªme pays dÃ©tectÃ©es.
Transactions dans le mÃªme pays dÃ©tectÃ©es.
Transactions dans le mÃªme pays dÃ©tectÃ©es.
Transactions dans le mÃªme pays dÃ©tectÃ©es.
Transactions dans le mÃªme pays dÃ©tectÃ©es.
Transactions dans le mÃªme pays dÃ©tectÃ©es.
Transactions dans le mÃªme pays dÃ©tectÃ©es.
Transactions dans le mÃªme pays dÃ©tectÃ©es.
Transactions dans le mÃªme pays dÃ©tectÃ©es.
Transactions dans le mÃªme pays dÃ©tectÃ©es.
Transactions dans le mÃªme pays dÃ©tectÃ©es.
Transactions dans le mÃªme pays dÃ©tectÃ©es.
Transactions dans le mÃªme pays dÃ©tectÃ©es.
Transactions dans le mÃªme pays dÃ©tectÃ©es.
Transactions dans le mÃªme pays dÃ©tectÃ©es.
Transactions dans le mÃªme pays dÃ©tectÃ©es.
Transactions dans le mÃªme pays dÃ©tectÃ©es.
Transactions dans le mÃªme pays dÃ©tectÃ©es.
Transactions dans le mÃªme pays dÃ©tectÃ©es.
Transactions dans le mÃªme pays dÃ©tectÃ©es.
Transactions dans le mÃªme pays dÃ©tectÃ©es.
Transactions dans le mÃªme pays dÃ©tectÃ©es.
Transactions dans le mÃªme pays dÃ©tectÃ©es.
Transactions dans le mÃªme pays dÃ©tectÃ©es.
Transactions dans le mÃªme pays dÃ©tectÃ©es.
Transactions dans le mÃªme pays dÃ©tectÃ©es.
Transactions dans le mÃªme pays dÃ©tectÃ©es.
Transactions dans le mÃªme pays dÃ©tectÃ©es.
Transactions dans le mÃªme pays dÃ©tectÃ©es.
Transactions dans le mÃªme pays dÃ©tectÃ©es.
Transactions dans le mÃªme pays dÃ©tectÃ©es.
Transactions dans le mÃªme pays dÃ©tectÃ©es.
Transactions dans le mÃªme pays dÃ©tectÃ©es.
Transactions dans le mÃªme pays dÃ©tectÃ©es.
Transactions dans le mÃªme pays dÃ©tectÃ©es.
Transactions dans le mÃªme pays dÃ©tectÃ©es.
Transactions dans le mÃªme pays dÃ©tectÃ©es.
Transactions dans le mÃªme pays dÃ©tectÃ©es.
Transactions dans le mÃªme pays dÃ©tectÃ©es.
Transactions dans le mÃªme pays dÃ©tectÃ©es.
Transactions dans le mÃªme pays dÃ©tectÃ©es.
Transactions dans le mÃªme pays dÃ©tectÃ©es.
Transactions dans le mÃªme pays dÃ©tectÃ©es.
Transactions dans le mÃªme pays dÃ©tectÃ©es.
Transactions dans le mÃªme pays dÃ©tectÃ©es.
Transactions dans le mÃªme pays dÃ©tectÃ©es.
Transactions dans le mÃªme pays dÃ©tectÃ©es.
Transactions dans le mÃªme pays dÃ©tectÃ©es.
Transactions dans le mÃªme pays dÃ©tectÃ©es.
Transactions dans le mÃªme pays dÃ©tectÃ©es.
Transactions dans le mÃªme pays dÃ©tectÃ©es.
Transactions dans le mÃªme pays dÃ©tectÃ©es.
Transactions dans le mÃªme pays dÃ©tectÃ©es.
Transactions dans le mÃªme pays dÃ©tectÃ©es.
Transactions dans le mÃªme pays dÃ©tectÃ©es.
Transactions dans le mÃªme pays dÃ©tectÃ©es.
Transactions dans le mÃªme pays dÃ©tectÃ©es.
Transactions dans le mÃªme pays dÃ©tectÃ©es.
Transactions dans le mÃªme pays dÃ©tectÃ©es.
Transactions dans le mÃªme pays dÃ©tectÃ©es.
Transactions dans le mÃªme pays dÃ©tectÃ©es.
Transactions dans le mÃªme pays dÃ©tectÃ©es.
Transactions dans le mÃªme pays dÃ©tectÃ©es.
Transactions dans le mÃªme pays dÃ©tectÃ©es.
Transactions dans le mÃªme pays dÃ©tectÃ©es.
Transactions dans le mÃªme pays dÃ©tectÃ©es.
Transactions dans le mÃªme pays dÃ©tectÃ©es.
Transactions dans le mÃªme pays dÃ©tectÃ©es.
Transactions dans le mÃªme pays dÃ©tectÃ©es.
Transactions dans le mÃªme pays dÃ©tectÃ©es.
Transactions dans le mÃªme pays dÃ©tectÃ©es.
Transactions dans le mÃªme pays dÃ©tectÃ©es.
Transactions dans le mÃªme pays dÃ©tectÃ©es.
Transactions dans le mÃªme pays dÃ©tectÃ©es.
Transactions dans le mÃªme pays dÃ©tectÃ©es.
Transactions dans le mÃªme pays dÃ©tectÃ©es.
Transactions dans le mÃªme pays dÃ©tectÃ©es.
Transactions dans le mÃªme pays dÃ©tectÃ©es.
Transactions dans le mÃªme pays dÃ©tectÃ©es.
Transactions dans le mÃªme pays dÃ©tectÃ©es.
Transactions dans le mÃªme pays dÃ©tectÃ©es.
Transactions dans le mÃªme pays dÃ©tectÃ©es.
Transactions dans le mÃªme pays dÃ©tectÃ©es.
Transactions dans le mÃªme pays dÃ©tectÃ©es.
Transactions dans le mÃªme pays dÃ©tectÃ©es.
Transactions dans le mÃªme pays dÃ©tectÃ©es.
Transactions dans le mÃªme pays dÃ©tectÃ©es.
Transactions dans le mÃªme pays dÃ©tectÃ©es.
Transactions dans le mÃªme pays dÃ©tectÃ©es.
Transactions dans le mÃªme pays dÃ©tectÃ©es.
Transactions dans le mÃªme pays dÃ©tectÃ©es.
Transactions dans le mÃªme pays dÃ©tectÃ©es.
Transactions dans le mÃªme pays dÃ©tectÃ©es.
Transactions dans le mÃªme pays dÃ©tectÃ©es.
Transactions dans le mÃªme pays dÃ©tectÃ©es.
Transactions dans le mÃªme pays dÃ©tectÃ©es.
Transactions dans le mÃªme pays dÃ©tectÃ©es.
Transactions dans le mÃªme pays dÃ©tectÃ©es.
Transactions dans le mÃªme pays dÃ©tectÃ©es.
Transactions dans le mÃªme pays dÃ©tectÃ©es.
Transactions dans le mÃªme pays dÃ©tectÃ©es.
Transactions dans le mÃªme pays dÃ©tectÃ©es.
Transactions dans le mÃªme pays dÃ©tectÃ©es.
Transactions dans le mÃªme pays dÃ©tectÃ©es.
Transactions dans le mÃªme pays dÃ©tectÃ©es.
Transactions dans le mÃªme pays dÃ©tectÃ©es.
Transactions dans le mÃªme pays dÃ©tectÃ©es.
Transactions dans le mÃªme pays dÃ©tectÃ©es.
Transactions dans le mÃªme pays dÃ©tectÃ©es.
Transactions dans le mÃªme pays dÃ©tectÃ©es.
Transactions dans le mÃªme pays dÃ©tectÃ©es.
Transactions dans le mÃªme pays dÃ©tectÃ©es.
Transactions dans le mÃªme pays dÃ©tectÃ©es.
Transactions dans le mÃªme pays dÃ©tectÃ©es.
Transactions dans le mÃªme pays dÃ©tectÃ©es.
Transactions dans le mÃªme pays dÃ©tectÃ©es.
Transactions dans le mÃªme pays dÃ©tectÃ©es.
Transactions dans le mÃªme pays dÃ©tectÃ©es.
Transactions dans le mÃªme pays dÃ©tectÃ©es.
Transactions dans le mÃªme pays dÃ©tectÃ©es.
Transactions dans le mÃªme pays dÃ©tectÃ©es.
Transactions dans le mÃªme pays dÃ©tectÃ©es.
Transactions dans le mÃªme pays dÃ©tectÃ©es.
Transactions dans le mÃªme pays dÃ©tectÃ©es.
Transactions dans le mÃªme pays dÃ©tectÃ©es.
Transactions dans le mÃªme pays dÃ©tectÃ©es.
Transactions dans le mÃªme pays dÃ©tectÃ©es.
Transactions dans le mÃªme pays dÃ©tectÃ©es.
Transactions dans le mÃªme pays dÃ©tectÃ©es.
Transactions dans le mÃªme pays dÃ©tectÃ©es.
Transactions dans le mÃªme pays dÃ©tectÃ©es.
Transactions dans le mÃªme pays dÃ©tectÃ©es.
Transactions dans le mÃªme pays dÃ©tectÃ©es.
Transactions dans le mÃªme pays dÃ©tectÃ©es.
Transactions dans le mÃªme pays dÃ©tectÃ©es.
Transactions dans le mÃªme pays dÃ©tectÃ©es.
Transactions dans le mÃªme pays dÃ©tectÃ©es.
Transactions dans le mÃªme pays dÃ©tectÃ©es.
Transactions dans le mÃªme pays dÃ©tectÃ©es.
Transactions dans le mÃªme pays dÃ©tectÃ©es.
Transactions dans le mÃªme pays dÃ©tectÃ©es.
Transactions dans le mÃªme pays dÃ©tectÃ©es.
Transactions dans le mÃªme pays dÃ©tectÃ©es.
Transactions dans le mÃªme pays dÃ©tectÃ©es.
Transactions dans le mÃªme pays dÃ©tectÃ©es.
Transactions dans le mÃªme pays dÃ©tectÃ©es.
Transactions dans le mÃªme pays dÃ©tectÃ©es.
Transactions dans le mÃªme pays dÃ©tectÃ©es.
Transactions dans le mÃªme pays dÃ©tectÃ©es.
Transactions dans le mÃªme pays dÃ©tectÃ©es.
Transactions dans le mÃªme pays dÃ©tectÃ©es.
Transactions dans le mÃªme pays dÃ©tectÃ©es.
Transactions dans le mÃªme pays dÃ©tectÃ©es.
Transactions dans le mÃªme pays dÃ©tectÃ©es.
Transactions dans le mÃªme pays dÃ©tectÃ©es.
Transactions dans le mÃªme pays dÃ©tectÃ©es.
Transactions dans le mÃªme pays dÃ©tectÃ©es.
Transactions dans le mÃªme pays dÃ©tectÃ©es.
Transactions dans le mÃªme pays dÃ©tectÃ©es.
Transactions dans le mÃªme pays dÃ©tectÃ©es.
Transactions dans le mÃªme pays dÃ©tectÃ©es.
Transactions dans le mÃªme pays dÃ©tectÃ©es.
Transactions dans le mÃªme pays dÃ©tectÃ©es.
Transactions dans le mÃªme pays dÃ©tectÃ©es.
Transactions dans le mÃªme pays dÃ©tectÃ©es.
Transactions dans le mÃªme pays dÃ©tectÃ©es.
Transactions dans le mÃªme pays dÃ©tectÃ©es.
Transactions dans le mÃªme pays dÃ©tectÃ©es.
Transactions dans le mÃªme pays dÃ©tectÃ©es.
Transactions dans le mÃªme pays dÃ©tectÃ©es.
Transactions dans le mÃªme pays dÃ©tectÃ©es.
Transactions dans le mÃªme pays dÃ©tectÃ©es.
Transactions dans le mÃªme pays dÃ©tectÃ©es.
Transactions dans le mÃªme pays dÃ©tectÃ©es.
Transactions dans le mÃªme pays dÃ©tectÃ©es.
Transactions dans le mÃªme pays dÃ©tectÃ©es.
Transactions dans le mÃªme pays dÃ©tectÃ©es.
Transactions dans le mÃªme pays dÃ©tectÃ©es.
Transactions dans le mÃªme pays dÃ©tectÃ©es.
Transactions dans le mÃªme pays dÃ©tectÃ©es.
Transactions dans le mÃªme pays dÃ©tectÃ©es.
Transactions dans le mÃªme pays dÃ©tectÃ©es.
Transactions dans le mÃªme pays dÃ©tectÃ©es.
Transactions dans le mÃªme pays dÃ©tectÃ©es.
Transactions dans le mÃªme pays dÃ©tectÃ©es.
Transactions dans le mÃªme pays dÃ©tectÃ©es.
Transactions dans le mÃªme pays dÃ©tectÃ©es.
Transactions dans le mÃªme pays dÃ©tectÃ©es.
Transactions dans le mÃªme pays dÃ©tectÃ©es.
Transactions dans le mÃªme pays dÃ©tectÃ©es.
Transactions dans le mÃªme pays dÃ©tectÃ©es.
Transactions dans le mÃªme pays dÃ©tectÃ©es.
Transactions dans le mÃªme pays dÃ©tectÃ©es.
Transactions dans le mÃªme pays dÃ©tectÃ©es.
Transactions dans le mÃªme pays dÃ©tectÃ©es.
Transactions dans le mÃªme pays dÃ©tectÃ©es.
Transactions dans le mÃªme pays dÃ©tectÃ©es.
Transactions dans le mÃªme pays dÃ©tectÃ©es.
Transactions dans le mÃªme pays dÃ©tectÃ©es.
Transactions dans le mÃªme pays dÃ©tectÃ©es.
Transactions dans le mÃªme pays dÃ©tectÃ©es.
Transactions dans le mÃªme pays dÃ©tectÃ©es.
Transactions dans le mÃªme pays dÃ©tectÃ©es.
Transactions dans le mÃªme pays dÃ©tectÃ©es.
Transactions dans le mÃªme pays dÃ©tectÃ©es.
Transactions dans le mÃªme pays dÃ©tectÃ©es.
Transactions dans le mÃªme pays dÃ©tectÃ©es.
Transactions dans le mÃªme pays dÃ©tectÃ©es.
Transactions dans le mÃªme pays dÃ©tectÃ©es.
Transactions dans le mÃªme pays dÃ©tectÃ©es.
Transactions dans le mÃªme pays dÃ©tectÃ©es.
Transactions dans le mÃªme pays dÃ©tectÃ©es.
Transactions dans le mÃªme pays dÃ©tectÃ©es.
Transactions dans le mÃªme pays dÃ©tectÃ©es.
Transactions dans le mÃªme pays dÃ©tectÃ©es.
Transactions dans le mÃªme pays dÃ©tectÃ©es.
Transactions dans le mÃªme pays dÃ©tectÃ©es.
Transactions dans le mÃªme pays dÃ©tectÃ©es.
Transactions dans le mÃªme pays dÃ©tectÃ©es.
Transactions dans le mÃªme pays dÃ©tectÃ©es.
Transactions dans le mÃªme pays dÃ©tectÃ©es.
Transactions dans le mÃªme pays dÃ©tectÃ©es.
Transactions dans le mÃªme pays dÃ©tectÃ©es.
Transactions dans le mÃªme pays dÃ©tectÃ©es.
Transactions dans le mÃªme pays dÃ©tectÃ©es.
Transactions dans le mÃªme pays dÃ©tectÃ©es.
Transactions dans le mÃªme pays dÃ©tectÃ©es.
Transactions dans le mÃªme pays dÃ©tectÃ©es.
Transactions dans le mÃªme pays dÃ©tectÃ©es.
Transactions dans le mÃªme pays dÃ©tectÃ©es.
Transactions dans le mÃªme pays dÃ©tectÃ©es.
Transactions dans le mÃªme pays dÃ©tectÃ©es.
Transactions dans le mÃªme pays dÃ©tectÃ©es.
Transactions dans le mÃªme pays dÃ©tectÃ©es.
Transactions dans le mÃªme pays dÃ©tectÃ©es.
Transactions dans le mÃªme pays dÃ©tectÃ©es.
Transactions dans le mÃªme pays dÃ©tectÃ©es.
Transactions dans le mÃªme pays dÃ©tectÃ©es.
Transactions dans le mÃªme pays dÃ©tectÃ©es.
Transactions dans le mÃªme pays dÃ©tectÃ©es.
Transactions dans le mÃªme pays dÃ©tectÃ©es.
Transactions dans le mÃªme pays dÃ©tectÃ©es.
Transactions dans le mÃªme pays dÃ©tectÃ©es.
Transactions dans le mÃªme pays dÃ©tectÃ©es.
Transactions dans le mÃªme pays dÃ©tectÃ©es.
Transactions dans le mÃªme pays dÃ©tectÃ©es.
Transactions dans le mÃªme pays dÃ©tectÃ©es.
Transactions dans le mÃªme pays dÃ©tectÃ©es.
Transactions dans le mÃªme pays dÃ©tectÃ©es.
Transactions dans le mÃªme pays dÃ©tectÃ©es.
Transactions dans le mÃªme pays dÃ©tectÃ©es.
Transactions dans le mÃªme pays dÃ©tectÃ©es.
Transactions dans le mÃªme pays dÃ©tectÃ©es.
Transactions dans le mÃªme pays dÃ©tectÃ©es.
Transactions dans le mÃªme pays dÃ©tectÃ©es.
Transactions dans le mÃªme pays dÃ©tectÃ©es.
Transactions dans le mÃªme pays dÃ©tectÃ©es.
Transactions dans le mÃªme pays dÃ©tectÃ©es.
Transactions dans le mÃªme pays dÃ©tectÃ©es.
Transactions dans le mÃªme pays dÃ©tectÃ©es.
Transactions dans le mÃªme pays dÃ©tectÃ©es.
Transactions dans le mÃªme pays dÃ©tectÃ©es.
Transactions dans le mÃªme pays dÃ©tectÃ©es.
Transactions dans le mÃªme pays dÃ©tectÃ©es.
Transactions dans le mÃªme pays dÃ©tectÃ©es.
Transactions dans le mÃªme pays dÃ©tectÃ©es.
Transactions dans le mÃªme pays dÃ©tectÃ©es.
Transactions dans le mÃªme pays dÃ©tectÃ©es.
Transactions dans le mÃªme pays dÃ©tectÃ©es.
Transactions dans le mÃªme pays dÃ©tectÃ©es.
Transactions dans le mÃªme pays dÃ©tectÃ©es.
Transactions dans le mÃªme pays dÃ©tectÃ©es.
Transactions dans le mÃªme pays dÃ©tectÃ©es.
Transactions dans le mÃªme pays dÃ©tectÃ©es.
Transactions dans le mÃªme pays dÃ©tectÃ©es.
Transactions dans le mÃªme pays dÃ©tectÃ©es.
Transactions dans le mÃªme pays dÃ©tectÃ©es.
Transactions dans le mÃªme pays dÃ©tectÃ©es.
Transactions dans le mÃªme pays dÃ©tectÃ©es.
Transactions dans le mÃªme pays dÃ©tectÃ©es.
Transactions dans le mÃªme pays dÃ©tectÃ©es.
Transactions dans le mÃªme pays dÃ©tectÃ©es.
Transactions dans le mÃªme pays dÃ©tectÃ©es.
Transactions dans le mÃªme pays dÃ©tectÃ©es.
Transactions dans le mÃªme pays dÃ©tectÃ©es.
Transactions dans le mÃªme pays dÃ©tectÃ©es.
Transactions dans le mÃªme pays dÃ©tectÃ©es.
Transactions dans le mÃªme pays dÃ©tectÃ©es.
Transactions dans le mÃªme pays dÃ©tectÃ©es.
Transactions dans le mÃªme pays dÃ©tectÃ©es.
Transactions dans le mÃªme pays dÃ©tectÃ©es.
Transactions dans le mÃªme pays dÃ©tectÃ©es.
Transactions dans le mÃªme pays dÃ©tectÃ©es.
Transactions dans le mÃªme pays dÃ©tectÃ©es.
Transactions dans le mÃªme pays dÃ©tectÃ©es.
Transactions dans le mÃªme pays dÃ©tectÃ©es.
Transactions dans le mÃªme pays dÃ©tectÃ©es.
Transactions dans le mÃªme pays dÃ©tectÃ©es.
Transactions dans le mÃªme pays dÃ©tectÃ©es.
Transactions dans le mÃªme pays dÃ©tectÃ©es.
Transactions dans le mÃªme pays dÃ©tectÃ©es.
Transactions dans le mÃªme pays dÃ©tectÃ©es.
Transactions dans le mÃªme pays dÃ©tectÃ©es.
Transactions dans le mÃªme pays dÃ©tectÃ©es.
Transactions dans le mÃªme pays dÃ©tectÃ©es.
Transactions dans le mÃªme pays dÃ©tectÃ©es.
Transactions dans le mÃªme pays dÃ©tectÃ©es.
Transactions dans le mÃªme pays dÃ©tectÃ©es.
Transactions dans le mÃªme pays dÃ©tectÃ©es.
Transactions dans le mÃªme pays dÃ©tectÃ©es.
Transactions dans le mÃªme pays dÃ©tectÃ©es.
Transactions dans le mÃªme pays dÃ©tectÃ©es.
Transactions dans le mÃªme pays dÃ©tectÃ©es.
Transactions dans le mÃªme pays dÃ©tectÃ©es.
Transactions dans le mÃªme pays dÃ©tectÃ©es.
Transactions dans le mÃªme pays dÃ©tectÃ©es.
Transactions dans le mÃªme pays dÃ©tectÃ©es.
Transactions dans le mÃªme pays dÃ©tectÃ©es.
Transactions dans le mÃªme pays dÃ©tectÃ©es.
Transactions dans le mÃªme pays dÃ©tectÃ©es.
Transactions dans le mÃªme pays dÃ©tectÃ©es.
Transactions dans le mÃªme pays dÃ©tectÃ©es.
Transactions dans le mÃªme pays dÃ©tectÃ©es.
Transactions dans le mÃªme pays dÃ©tectÃ©es.
Transactions dans le mÃªme pays dÃ©tectÃ©es.
Transactions dans le mÃªme pays dÃ©tectÃ©es.
Transactions dans le mÃªme pays dÃ©tectÃ©es.
Transactions dans le mÃªme pays dÃ©tectÃ©es.
Transactions dans le mÃªme pays dÃ©tectÃ©es.
Transactions dans le mÃªme pays dÃ©tectÃ©es.
Transactions dans le mÃªme pays dÃ©tectÃ©es.
Transactions dans le mÃªme pays dÃ©tectÃ©es.
Transactions dans le mÃªme pays dÃ©tectÃ©es.
Transactions dans le mÃªme pays dÃ©tectÃ©es.
Transactions dans le mÃªme pays dÃ©tectÃ©es.
Transactions dans le mÃªme pays dÃ©tectÃ©es.
Transactions dans le mÃªme pays dÃ©tectÃ©es.
Transactions dans le mÃªme pays dÃ©tectÃ©es.
Transactions dans le mÃªme pays dÃ©tectÃ©es.
Transactions dans le mÃªme pays dÃ©tectÃ©es.
Transactions dans le mÃªme pays dÃ©tectÃ©es.
Transactions dans le mÃªme pays dÃ©tectÃ©es.
Transactions dans le mÃªme pays dÃ©tectÃ©es.
Transactions dans le mÃªme pays dÃ©tectÃ©es.
Transactions dans le mÃªme pays dÃ©tectÃ©es.
Transactions dans le mÃªme pays dÃ©tectÃ©es.
Transactions dans le mÃªme pays dÃ©tectÃ©es.
Transactions dans le mÃªme pays dÃ©tectÃ©es.
Transactions dans le mÃªme pays dÃ©tectÃ©es.
Transactions dans le mÃªme pays dÃ©tectÃ©es.
Transactions dans le mÃªme pays dÃ©tectÃ©es.
Transactions dans le mÃªme pays dÃ©tectÃ©es.
Transactions dans le mÃªme pays dÃ©tectÃ©es.
Transactions dans le mÃªme pays dÃ©tectÃ©es.
Transactions dans le mÃªme pays dÃ©tectÃ©es.
Transactions dans le mÃªme pays dÃ©tectÃ©es.
Transactions dans le mÃªme pays dÃ©tectÃ©es.
Transactions dans le mÃªme pays dÃ©tectÃ©es.
Transactions dans le mÃªme pays dÃ©tectÃ©es.
Transactions dans le mÃªme pays dÃ©tectÃ©es.
Transactions dans le mÃªme pays dÃ©tectÃ©es.
Transactions dans le mÃªme pays dÃ©tectÃ©es.
Transactions dans le mÃªme pays dÃ©tectÃ©es.
Transactions dans le mÃªme pays dÃ©tectÃ©es.
Transactions dans le mÃªme pays dÃ©tectÃ©es.
Transactions dans le mÃªme pays dÃ©tectÃ©es.
Transactions dans le mÃªme pays dÃ©tectÃ©es.
Transactions dans le mÃªme pays dÃ©tectÃ©es.
Transactions dans le mÃªme pays dÃ©tectÃ©es.
Transactions dans le mÃªme pays dÃ©tectÃ©es.
Transactions dans le mÃªme pays dÃ©tectÃ©es.
Transactions dans le mÃªme pays dÃ©tectÃ©es.
Transactions dans le mÃªme pays dÃ©tectÃ©es.
Transactions dans le mÃªme pays dÃ©tectÃ©es.
Transactions dans le mÃªme pays dÃ©tectÃ©es.
Transactions dans le mÃªme pays dÃ©tectÃ©es.
Transactions dans le mÃªme pays dÃ©tectÃ©es.
Transactions dans le mÃªme pays dÃ©tectÃ©es.
Transactions dans le mÃªme pays dÃ©tectÃ©es.
Transactions dans le mÃªme pays dÃ©tectÃ©es.
Transactions dans le mÃªme pays dÃ©tectÃ©es.
Transactions dans le mÃªme pays dÃ©tectÃ©es.
Transactions dans le mÃªme pays dÃ©tectÃ©es.
Transactions dans le mÃªme pays dÃ©tectÃ©es.
Transactions dans le mÃªme pays dÃ©tectÃ©es.
Transactions dans le mÃªme pays dÃ©tectÃ©es.
Transactions dans le mÃªme pays dÃ©tectÃ©es.
Transactions dans le mÃªme pays dÃ©tectÃ©es.
Transactions dans le mÃªme pays dÃ©tectÃ©es.
Transactions dans le mÃªme pays dÃ©tectÃ©es.
Transactions dans le mÃªme pays dÃ©tectÃ©es.
Transactions dans le mÃªme pays dÃ©tectÃ©es.
Transactions dans le mÃªme pays dÃ©tectÃ©es.
Transactions dans le mÃªme pays dÃ©tectÃ©es.
Transactions dans le mÃªme pays dÃ©tectÃ©es.
Transactions dans le mÃªme pays dÃ©tectÃ©es.
Transactions dans le mÃªme pays dÃ©tectÃ©es.
Transactions dans le mÃªme pays dÃ©tectÃ©es.
Transactions dans le mÃªme pays dÃ©tectÃ©es.
Transactions dans le mÃªme pays dÃ©tectÃ©es.
Transactions dans le mÃªme pays dÃ©tectÃ©es.
Transactions dans le mÃªme pays dÃ©tectÃ©es.
Transactions dans le mÃªme pays dÃ©tectÃ©es.
Transactions dans le mÃªme pays dÃ©tectÃ©es.
Transactions dans le mÃªme pays dÃ©tectÃ©es.
Transactions dans le mÃªme pays dÃ©tectÃ©es.
Transactions dans le mÃªme pays dÃ©tectÃ©es.
Transactions dans le mÃªme pays dÃ©tectÃ©es.
Transactions dans le mÃªme pays dÃ©tectÃ©es.
Transactions dans le mÃªme pays dÃ©tectÃ©es.
Transactions dans le mÃªme pays dÃ©tectÃ©es.
Transactions dans le mÃªme pays dÃ©tectÃ©es.
Transactions dans le mÃªme pays dÃ©tectÃ©es.
Transactions dans le mÃªme pays dÃ©tectÃ©es.
Transactions dans le mÃªme pays dÃ©tectÃ©es.
Transactions dans le mÃªme pays dÃ©tectÃ©es.
Transactions dans le mÃªme pays dÃ©tectÃ©es.
Transactions dans le mÃªme pays dÃ©tectÃ©es.
Transactions dans le mÃªme pays dÃ©tectÃ©es.
Transactions dans le mÃªme pays dÃ©tectÃ©es.
Transactions dans le mÃªme pays dÃ©tectÃ©es.
Transactions dans le mÃªme pays dÃ©tectÃ©es.
Transactions dans le mÃªme pays dÃ©tectÃ©es.
Transactions dans le mÃªme pays dÃ©tectÃ©es.
Transactions dans le mÃªme pays dÃ©tectÃ©es.
Transactions dans le mÃªme pays dÃ©tectÃ©es.
Transactions dans le mÃªme pays dÃ©tectÃ©es.
Transactions dans le mÃªme pays dÃ©tectÃ©es.
Transactions dans le mÃªme pays dÃ©tectÃ©es.
Transactions dans le mÃªme pays dÃ©tectÃ©es.
Transactions dans le mÃªme pays dÃ©tectÃ©es.
Transactions dans le mÃªme pays dÃ©tectÃ©es.
Transactions dans le mÃªme pays dÃ©tectÃ©es.
Transactions dans le mÃªme pays dÃ©tectÃ©es.
Transactions dans le mÃªme pays dÃ©tectÃ©es.
Transactions dans le mÃªme pays dÃ©tectÃ©es.
Transactions dans le mÃªme pays dÃ©tectÃ©es.
Transactions dans le mÃªme pays dÃ©tectÃ©es.
Transactions dans le mÃªme pays dÃ©tectÃ©es.
Transactions dans le mÃªme pays dÃ©tectÃ©es.
Transactions dans le mÃªme pays dÃ©tectÃ©es.
Transactions dans le mÃªme pays dÃ©tectÃ©es.
Transactions dans le mÃªme pays dÃ©tectÃ©es.
Transactions dans le mÃªme pays dÃ©tectÃ©es.
Transactions dans le mÃªme pays dÃ©tectÃ©es.
Transactions dans le mÃªme pays dÃ©tectÃ©es.
Transactions dans le mÃªme pays dÃ©tectÃ©es.
Transactions dans le mÃªme pays dÃ©tectÃ©es.
Transactions dans le mÃªme pays dÃ©tectÃ©es.
Transactions dans le mÃªme pays dÃ©tectÃ©es.
Transactions dans le mÃªme pays dÃ©tectÃ©es.
Transactions dans le mÃªme pays dÃ©tectÃ©es.
Transactions dans le mÃªme pays dÃ©tectÃ©es.
Transactions dans le mÃªme pays dÃ©tectÃ©es.
Transactions dans le mÃªme pays dÃ©tectÃ©es.
Transactions dans le mÃªme pays dÃ©tectÃ©es.
Transactions dans le mÃªme pays dÃ©tectÃ©es.
Transactions dans le mÃªme pays dÃ©tectÃ©es.
Transactions dans le mÃªme pays dÃ©tectÃ©es.
Transactions dans le mÃªme pays dÃ©tectÃ©es.
Transactions dans le mÃªme pays dÃ©tectÃ©es.
Transactions dans le mÃªme pays dÃ©tectÃ©es.
Transactions dans le mÃªme pays dÃ©tectÃ©es.
Transactions dans le mÃªme pays dÃ©tectÃ©es.
Transactions dans le mÃªme pays dÃ©tectÃ©es.
Transactions dans le mÃªme pays dÃ©tectÃ©es.
Transactions dans le mÃªme pays dÃ©tectÃ©es.
Transactions dans le mÃªme pays dÃ©tectÃ©es.
Transactions dans le mÃªme pays dÃ©tectÃ©es.
Transactions dans le mÃªme pays dÃ©tectÃ©es.
Transactions dans le mÃªme pays dÃ©tectÃ©es.
Transactions dans le mÃªme pays dÃ©tectÃ©es.
Transactions dans le mÃªme pays dÃ©tectÃ©es.
Transactions dans le mÃªme pays dÃ©tectÃ©es.
Transactions dans le mÃªme pays dÃ©tectÃ©es.
Transactions dans le mÃªme pays dÃ©tectÃ©es.
Transactions dans le mÃªme pays dÃ©tectÃ©es.
Transactions dans le mÃªme pays dÃ©tectÃ©es.
Transactions dans le mÃªme pays dÃ©tectÃ©es.
Transactions dans le mÃªme pays dÃ©tectÃ©es.
Transactions dans le mÃªme pays dÃ©tectÃ©es.
Transactions dans le mÃªme pays dÃ©tectÃ©es.
Transactions dans le mÃªme pays dÃ©tectÃ©es.
Transactions dans le mÃªme pays dÃ©tectÃ©es.
Transactions dans le mÃªme pays dÃ©tectÃ©es.
Transactions dans le mÃªme pays dÃ©tectÃ©es.
Transactions dans le mÃªme pays dÃ©tectÃ©es.
Transactions dans le mÃªme pays dÃ©tectÃ©es.
Transactions dans le mÃªme pays dÃ©tectÃ©es.
Transactions dans le mÃªme pays dÃ©tectÃ©es.
Transactions dans le mÃªme pays dÃ©tectÃ©es.
Transactions dans le mÃªme pays dÃ©tectÃ©es.
Transactions dans le mÃªme pays dÃ©tectÃ©es.
Transactions dans le mÃªme pays dÃ©tectÃ©es.
Transactions dans le mÃªme pays dÃ©tectÃ©es.
Transactions dans le mÃªme pays dÃ©tectÃ©es.
Transactions dans le mÃªme pays dÃ©tectÃ©es.
Transactions dans le mÃªme pays dÃ©tectÃ©es.
Transactions dans le mÃªme pays dÃ©tectÃ©es.
Transactions dans le mÃªme pays dÃ©tectÃ©es.
Transactions dans le mÃªme pays dÃ©tectÃ©es.
Transactions dans le mÃªme pays dÃ©tectÃ©es.
Transactions dans le mÃªme pays dÃ©tectÃ©es.
Transactions dans le mÃªme pays dÃ©tectÃ©es.
Transactions dans le mÃªme pays dÃ©tectÃ©es.
Transactions dans le mÃªme pays dÃ©tectÃ©es.
Transactions dans le mÃªme pays dÃ©tectÃ©es.
Transactions dans le mÃªme pays dÃ©tectÃ©es.
Transactions dans le mÃªme pays dÃ©tectÃ©es.
Transactions dans le mÃªme pays dÃ©tectÃ©es.
Transactions dans le mÃªme pays dÃ©tectÃ©es.
Transactions dans le mÃªme pays dÃ©tectÃ©es.
Transactions dans le mÃªme pays dÃ©tectÃ©es.
Transactions dans le mÃªme pays dÃ©tectÃ©es.
Transactions dans le mÃªme pays dÃ©tectÃ©es.
Transactions dans le mÃªme pays dÃ©tectÃ©es.
Transactions dans le mÃªme pays dÃ©tectÃ©es.
Transactions dans le mÃªme pays dÃ©tectÃ©es.
Transactions dans le mÃªme pays dÃ©tectÃ©es.
Transactions dans le mÃªme pays dÃ©tectÃ©es.
Transactions dans le mÃªme pays dÃ©tectÃ©es.
Transactions dans le mÃªme pays dÃ©tectÃ©es.
Transactions dans le mÃªme pays dÃ©tectÃ©es.
Transactions dans le mÃªme pays dÃ©tectÃ©es.
Transactions dans le mÃªme pays dÃ©tectÃ©es.
Transactions dans le mÃªme pays dÃ©tectÃ©es.
Transactions dans le mÃªme pays dÃ©tectÃ©es.
Transactions dans le mÃªme pays dÃ©tectÃ©es.
Transactions dans le mÃªme pays dÃ©tectÃ©es.
Transactions dans le mÃªme pays dÃ©tectÃ©es.
Transactions dans le mÃªme pays dÃ©tectÃ©es.
Transactions dans le mÃªme pays dÃ©tectÃ©es.
Transactions dans le mÃªme pays dÃ©tectÃ©es.
Transactions dans le mÃªme pays dÃ©tectÃ©es.
Transactions dans le mÃªme pays dÃ©tectÃ©es.
Transactions dans le mÃªme pays dÃ©tectÃ©es.
Transactions dans le mÃªme pays dÃ©tectÃ©es.
Transactions dans le mÃªme pays dÃ©tectÃ©es.
Transactions dans le mÃªme pays dÃ©tectÃ©es.
Transactions dans le mÃªme pays dÃ©tectÃ©es.
Transactions dans le mÃªme pays dÃ©tectÃ©es.
Transactions dans le mÃªme pays dÃ©tectÃ©es.
Transactions dans le mÃªme pays dÃ©tectÃ©es.
Transactions dans le mÃªme pays dÃ©tectÃ©es.
Transactions dans le mÃªme pays dÃ©tectÃ©es.
Transactions dans le mÃªme pays dÃ©tectÃ©es.
Transactions dans le mÃªme pays dÃ©tectÃ©es.
Transactions dans le mÃªme pays dÃ©tectÃ©es.
Transactions dans le mÃªme pays dÃ©tectÃ©es.
Transactions dans le mÃªme pays dÃ©tectÃ©es.
Transactions dans le mÃªme pays dÃ©tectÃ©es.
Transactions dans le mÃªme pays dÃ©tectÃ©es.
Transactions dans le mÃªme pays dÃ©tectÃ©es.
Transactions dans le mÃªme pays dÃ©tectÃ©es.
Transactions dans le mÃªme pays dÃ©tectÃ©es.
Transactions dans le mÃªme pays dÃ©tectÃ©es.
Transactions dans le mÃªme pays dÃ©tectÃ©es.
Transactions dans le mÃªme pays dÃ©tectÃ©es.
Transactions dans le mÃªme pays dÃ©tectÃ©es.
Transactions dans le mÃªme pays dÃ©tectÃ©es.
Transactions dans le mÃªme pays dÃ©tectÃ©es.
Transactions dans le mÃªme pays dÃ©tectÃ©es.
Transactions dans le mÃªme pays dÃ©tectÃ©es.
Transactions dans le mÃªme pays dÃ©tectÃ©es.
Transactions dans le mÃªme pays dÃ©tectÃ©es.
Transactions dans le mÃªme pays dÃ©tectÃ©es.
Transactions dans le mÃªme pays dÃ©tectÃ©es.
Transactions dans le mÃªme pays dÃ©tectÃ©es.
Transactions dans le mÃªme pays dÃ©tectÃ©es.
Transactions dans le mÃªme pays dÃ©tectÃ©es.
Transactions dans le mÃªme pays dÃ©tectÃ©es.
Transactions dans le mÃªme pays dÃ©tectÃ©es.
Transactions dans le mÃªme pays dÃ©tectÃ©es.
Transactions dans le mÃªme pays dÃ©tectÃ©es.
Transactions dans le mÃªme pays dÃ©tectÃ©es.
Transactions dans le mÃªme pays dÃ©tectÃ©es.
Transactions dans le mÃªme pays dÃ©tectÃ©es.
Transactions dans le mÃªme pays dÃ©tectÃ©es.
Transactions dans le mÃªme pays dÃ©tectÃ©es.
Transactions dans le mÃªme pays dÃ©tectÃ©es.
Transactions dans le mÃªme pays dÃ©tectÃ©es.
Transactions dans le mÃªme pays dÃ©tectÃ©es.
Transactions dans le mÃªme pays dÃ©tectÃ©es.
Transactions dans le mÃªme pays dÃ©tectÃ©es.
Transactions dans le mÃªme pays dÃ©tectÃ©es.
Transactions dans le mÃªme pays dÃ©tectÃ©es.
Transactions dans le mÃªme pays dÃ©tectÃ©es.
Transactions dans le mÃªme pays dÃ©tectÃ©es.
Transactions dans le mÃªme pays dÃ©tectÃ©es.
Transactions dans le mÃªme pays dÃ©tectÃ©es.
Transactions dans le mÃªme pays dÃ©tectÃ©es.
Transactions dans le mÃªme pays dÃ©tectÃ©es.
Transactions dans le mÃªme pays dÃ©tectÃ©es.
Transactions dans le mÃªme pays dÃ©tectÃ©es.
Transactions dans le mÃªme pays dÃ©tectÃ©es.
Transactions dans le mÃªme pays dÃ©tectÃ©es.
Transactions dans le mÃªme pays dÃ©tectÃ©es.
Transactions dans le mÃªme pays dÃ©tectÃ©es.
Transactions dans le mÃªme pays dÃ©tectÃ©es.
Transactions dans le mÃªme pays dÃ©tectÃ©es.
Transactions dans le mÃªme pays dÃ©tectÃ©es.
Transactions dans le mÃªme pays dÃ©tectÃ©es.
Transactions dans le mÃªme pays dÃ©tectÃ©es.
Transactions dans le mÃªme pays dÃ©tectÃ©es.
Transactions dans le mÃªme pays dÃ©tectÃ©es.
Transactions dans le mÃªme pays dÃ©tectÃ©es.
Transactions dans le mÃªme pays dÃ©tectÃ©es.
Transactions dans le mÃªme pays dÃ©tectÃ©es.
Transactions dans le mÃªme pays dÃ©tectÃ©es.
Transactions dans le mÃªme pays dÃ©tectÃ©es.
Transactions dans le mÃªme pays dÃ©tectÃ©es.
Transactions dans le mÃªme pays dÃ©tectÃ©es.
Transactions dans le mÃªme pays dÃ©tectÃ©es.
Transactions dans le mÃªme pays dÃ©tectÃ©es.
Transactions dans le mÃªme pays dÃ©tectÃ©es.
Transactions dans le mÃªme pays dÃ©tectÃ©es.
Transactions dans le mÃªme pays dÃ©tectÃ©es.
Transactions dans le mÃªme pays dÃ©tectÃ©es.
Transactions dans le mÃªme pays dÃ©tectÃ©es.
Transactions dans le mÃªme pays dÃ©tectÃ©es.
Transactions dans le mÃªme pays dÃ©tectÃ©es.
Transactions dans le mÃªme pays dÃ©tectÃ©es.
Transactions dans le mÃªme pays dÃ©tectÃ©es.
Transactions dans le mÃªme pays dÃ©tectÃ©es.
Transactions dans le mÃªme pays dÃ©tectÃ©es.
Transactions dans le mÃªme pays dÃ©tectÃ©es.
Transactions dans le mÃªme pays dÃ©tectÃ©es.
Transactions dans le mÃªme pays dÃ©tectÃ©es.
Transactions dans le mÃªme pays dÃ©tectÃ©es.
Transactions dans le mÃªme pays dÃ©tectÃ©es.
Transactions dans le mÃªme pays dÃ©tectÃ©es.
Transactions dans le mÃªme pays dÃ©tectÃ©es.
Transactions dans le mÃªme pays dÃ©tectÃ©es.
Transactions dans le mÃªme pays dÃ©tectÃ©es.
Transactions dans le mÃªme pays dÃ©tectÃ©es.
Transactions dans le mÃªme pays dÃ©tectÃ©es.
Transactions dans le mÃªme pays dÃ©tectÃ©es.
Transactions dans le mÃªme pays dÃ©tectÃ©es.
Transactions dans le mÃªme pays dÃ©tectÃ©es.
Transactions dans le mÃªme pays dÃ©tectÃ©es.
Transactions dans le mÃªme pays dÃ©tectÃ©es.
Transactions dans le mÃªme pays dÃ©tectÃ©es.
Transactions dans le mÃªme pays dÃ©tectÃ©es.
Transactions dans le mÃªme pays dÃ©tectÃ©es.
Transactions dans le mÃªme pays dÃ©tectÃ©es.
Transactions dans le mÃªme pays dÃ©tectÃ©es.
Transactions dans le mÃªme pays dÃ©tectÃ©es.
Transactions dans le mÃªme pays dÃ©tectÃ©es.
Transactions dans le mÃªme pays dÃ©tectÃ©es.
Transactions dans le mÃªme pays dÃ©tectÃ©es.
Transactions dans le mÃªme pays dÃ©tectÃ©es.
Transactions dans le mÃªme pays dÃ©tectÃ©es.
Transactions dans le mÃªme pays dÃ©tectÃ©es.
Transactions dans le mÃªme pays dÃ©tectÃ©es.
Transactions dans le mÃªme pays dÃ©tectÃ©es.
Transactions dans le mÃªme pays dÃ©tectÃ©es.
Transactions dans le mÃªme pays dÃ©tectÃ©es.
Transactions dans le mÃªme pays dÃ©tectÃ©es.
Transactions dans le mÃªme pays dÃ©tectÃ©es.
Transactions dans le mÃªme pays dÃ©tectÃ©es.
Transactions dans le mÃªme pays dÃ©tectÃ©es.
Transactions dans le mÃªme pays dÃ©tectÃ©es.
Transactions dans le mÃªme pays dÃ©tectÃ©es.
Transactions dans le mÃªme pays dÃ©tectÃ©es.
Transactions dans le mÃªme pays dÃ©tectÃ©es.
Transactions dans le mÃªme pays dÃ©tectÃ©es.
Transactions dans le mÃªme pays dÃ©tectÃ©es.
Transactions dans le mÃªme pays dÃ©tectÃ©es.
Transactions dans le mÃªme pays dÃ©tectÃ©es.
Transactions dans le mÃªme pays dÃ©tectÃ©es.
Transactions dans le mÃªme pays dÃ©tectÃ©es.
Transactions dans le mÃªme pays dÃ©tectÃ©es.
Transactions dans le mÃªme pays dÃ©tectÃ©es.
Transactions dans le mÃªme pays dÃ©tectÃ©es.
Transactions dans le mÃªme pays dÃ©tectÃ©es.
Transactions dans le mÃªme pays dÃ©tectÃ©es.
Transactions dans le mÃªme pays dÃ©tectÃ©es.
Transactions dans le mÃªme pays dÃ©tectÃ©es.
Transactions dans le mÃªme pays dÃ©tectÃ©es.
Transactions dans le mÃªme pays dÃ©tectÃ©es.
Transactions dans le mÃªme pays dÃ©tectÃ©es.
Transactions dans le mÃªme pays dÃ©tectÃ©es.
Transactions dans le mÃªme pays dÃ©tectÃ©es.
Transactions dans le mÃªme pays dÃ©tectÃ©es.
Transactions dans le mÃªme pays dÃ©tectÃ©es.
Transactions dans le mÃªme pays dÃ©tectÃ©es.
Transactions dans le mÃªme pays dÃ©tectÃ©es.
Transactions dans le mÃªme pays dÃ©tectÃ©es.
Transactions dans le mÃªme pays dÃ©tectÃ©es.
Transactions dans le mÃªme pays dÃ©tectÃ©es.
Transactions dans le mÃªme pays dÃ©tectÃ©es.
Transactions dans le mÃªme pays dÃ©tectÃ©es.
Transactions dans le mÃªme pays dÃ©tectÃ©es.
Transactions dans le mÃªme pays dÃ©tectÃ©es.
Transactions dans le mÃªme pays dÃ©tectÃ©es.
Transactions dans le mÃªme pays dÃ©tectÃ©es.
Transactions dans le mÃªme pays dÃ©tectÃ©es.
Transactions dans le mÃªme pays dÃ©tectÃ©es.
Transactions dans le mÃªme pays dÃ©tectÃ©es.
Transactions dans le mÃªme pays dÃ©tectÃ©es.
Transactions dans le mÃªme pays dÃ©tectÃ©es.
Transactions dans le mÃªme pays dÃ©tectÃ©es.
Transactions dans le mÃªme pays dÃ©tectÃ©es.
Transactions dans le mÃªme pays dÃ©tectÃ©es.
Transactions dans le mÃªme pays dÃ©tectÃ©es.
Transactions dans le mÃªme pays dÃ©tectÃ©es.
Transactions dans le mÃªme pays dÃ©tectÃ©es.
Transactions dans le mÃªme pays dÃ©tectÃ©es.
Transactions dans le mÃªme pays dÃ©tectÃ©es.
Transactions dans le mÃªme pays dÃ©tectÃ©es.
Transactions dans le mÃªme pays dÃ©tectÃ©es.
Transactions dans le mÃªme pays dÃ©tectÃ©es.
Transactions dans le mÃªme pays dÃ©tectÃ©es.
Transactions dans le mÃªme pays dÃ©tectÃ©es.
Transactions dans le mÃªme pays dÃ©tectÃ©es.
Transactions dans le mÃªme pays dÃ©tectÃ©es.
Transactions dans le mÃªme pays dÃ©tectÃ©es.
Transactions dans le mÃªme pays dÃ©tectÃ©es.
Transactions dans le mÃªme pays dÃ©tectÃ©es.
Transactions dans le mÃªme pays dÃ©tectÃ©es.
Transactions dans le mÃªme pays dÃ©tectÃ©es.
Transactions dans le mÃªme pays dÃ©tectÃ©es.
Transactions dans le mÃªme pays dÃ©tectÃ©es.
Transactions dans le mÃªme pays dÃ©tectÃ©es.
Transactions dans le mÃªme pays dÃ©tectÃ©es.
Transactions dans le mÃªme pays dÃ©tectÃ©es.
Transactions dans le mÃªme pays dÃ©tectÃ©es.
Transactions dans le mÃªme pays dÃ©tectÃ©es.
Transactions dans le mÃªme pays dÃ©tectÃ©es.
Transactions dans le mÃªme pays dÃ©tectÃ©es.
Transactions dans le mÃªme pays dÃ©tectÃ©es.
Transactions dans le mÃªme pays dÃ©tectÃ©es.
Transactions dans le mÃªme pays dÃ©tectÃ©es.
Transactions dans le mÃªme pays dÃ©tectÃ©es.
Transactions dans le mÃªme pays dÃ©tectÃ©es.
Transactions dans le mÃªme pays dÃ©tectÃ©es.
Transactions dans le mÃªme pays dÃ©tectÃ©es.
Transactions dans le mÃªme pays dÃ©tectÃ©es.
Transactions dans le mÃªme pays dÃ©tectÃ©es.
Transactions dans le mÃªme pays dÃ©tectÃ©es.
Transactions dans le mÃªme pays dÃ©tectÃ©es.
Transactions dans le mÃªme pays dÃ©tectÃ©es.
Transactions dans le mÃªme pays dÃ©tectÃ©es.
Transactions dans le mÃªme pays dÃ©tectÃ©es.
Transactions dans le mÃªme pays dÃ©tectÃ©es.
Transactions dans le mÃªme pays dÃ©tectÃ©es.
Transactions dans le mÃªme pays dÃ©tectÃ©es.
Transactions dans le mÃªme pays dÃ©tectÃ©es.
Transactions dans le mÃªme pays dÃ©tectÃ©es.
Transactions dans le mÃªme pays dÃ©tectÃ©es.
Transactions dans le mÃªme pays dÃ©tectÃ©es.
Transactions dans le mÃªme pays dÃ©tectÃ©es.
Transactions dans le mÃªme pays dÃ©tectÃ©es.
Transactions dans le mÃªme pays dÃ©tectÃ©es.
Transactions dans le mÃªme pays dÃ©tectÃ©es.
Transactions dans le mÃªme pays dÃ©tectÃ©es.
Transactions dans le mÃªme pays dÃ©tectÃ©es.
Transactions dans le mÃªme pays dÃ©tectÃ©es.
Transactions dans le mÃªme pays dÃ©tectÃ©es.
Transactions dans le mÃªme pays dÃ©tectÃ©es.
Transactions dans le mÃªme pays dÃ©tectÃ©es.
Transactions dans le mÃªme pays dÃ©tectÃ©es.
Transactions dans le mÃªme pays dÃ©tectÃ©es.
Transactions dans le mÃªme pays dÃ©tectÃ©es.
Transactions dans le mÃªme pays dÃ©tectÃ©es.
Transactions dans le mÃªme pays dÃ©tectÃ©es.
Transactions dans le mÃªme pays dÃ©tectÃ©es.
Transactions dans le mÃªme pays dÃ©tectÃ©es.
Transactions dans le mÃªme pays dÃ©tectÃ©es.
Transactions dans le mÃªme pays dÃ©tectÃ©es.
Transactions dans le mÃªme pays dÃ©tectÃ©es.
Transactions dans le mÃªme pays dÃ©tectÃ©es.
Transactions dans le mÃªme pays dÃ©tectÃ©es.
Transactions dans le mÃªme pays dÃ©tectÃ©es.
Transactions dans le mÃªme pays dÃ©tectÃ©es.
Transactions dans le mÃªme pays dÃ©tectÃ©es.
Transactions dans le mÃªme pays dÃ©tectÃ©es.
Transactions dans le mÃªme pays dÃ©tectÃ©es.
Transactions dans le mÃªme pays dÃ©tectÃ©es.
Transactions dans le mÃªme pays dÃ©tectÃ©es.
Transactions dans le mÃªme pays dÃ©tectÃ©es.
Transactions dans le mÃªme pays dÃ©tectÃ©es.
Transactions dans le mÃªme pays dÃ©tectÃ©es.
Transactions dans le mÃªme pays dÃ©tectÃ©es.
Transactions dans le mÃªme pays dÃ©tectÃ©es.
Transactions dans le mÃªme pays dÃ©tectÃ©es.
Transactions dans le mÃªme pays dÃ©tectÃ©es.
Transactions dans le mÃªme pays dÃ©tectÃ©es.
Transactions dans le mÃªme pays dÃ©tectÃ©es.
Transactions dans le mÃªme pays dÃ©tectÃ©es.
Transactions dans le mÃªme pays dÃ©tectÃ©es.
Transactions dans le mÃªme pays dÃ©tectÃ©es.
Transactions dans le mÃªme pays dÃ©tectÃ©es.
Transactions dans le mÃªme pays dÃ©tectÃ©es.
Transactions dans le mÃªme pays dÃ©tectÃ©es.
Transactions dans le mÃªme pays dÃ©tectÃ©es.
Transactions dans le mÃªme pays dÃ©tectÃ©es.
Transactions dans le mÃªme pays dÃ©tectÃ©es.
Transactions dans le mÃªme pays dÃ©tectÃ©es.
Transactions dans le mÃªme pays dÃ©tectÃ©es.
Transactions dans le mÃªme pays dÃ©tectÃ©es.
Transactions dans le mÃªme pays dÃ©tectÃ©es.
Transactions dans le mÃªme pays dÃ©tectÃ©es.
Transactions dans le mÃªme pays dÃ©tectÃ©es.
Transactions dans le mÃªme pays dÃ©tectÃ©es.
Transactions dans le mÃªme pays dÃ©tectÃ©es.
Transactions dans le mÃªme pays dÃ©tectÃ©es.
Transactions dans le mÃªme pays dÃ©tectÃ©es.
Transactions dans le mÃªme pays dÃ©tectÃ©es.
Transactions dans le mÃªme pays dÃ©tectÃ©es.
Transactions dans le mÃªme pays dÃ©tectÃ©es.
Transactions dans le mÃªme pays dÃ©tectÃ©es.
Transactions dans le mÃªme pays dÃ©tectÃ©es.
Transactions dans le mÃªme pays dÃ©tectÃ©es.
Transactions dans le mÃªme pays dÃ©tectÃ©es.
Transactions dans le mÃªme pays dÃ©tectÃ©es.
Transactions dans le mÃªme pays dÃ©tectÃ©es.
Transactions dans le mÃªme pays dÃ©tectÃ©es.
Transactions dans le mÃªme pays dÃ©tectÃ©es.
Transactions dans le mÃªme pays dÃ©tectÃ©es.
Transactions dans le mÃªme pays dÃ©tectÃ©es.
Transactions dans le mÃªme pays dÃ©tectÃ©es.
Transactions dans le mÃªme pays dÃ©tectÃ©es.
Transactions dans le mÃªme pays dÃ©tectÃ©es.
Transactions dans le mÃªme pays dÃ©tectÃ©es.
Transactions dans le mÃªme pays dÃ©tectÃ©es.
Transactions dans le mÃªme pays dÃ©tectÃ©es.
Transactions dans le mÃªme pays dÃ©tectÃ©es.
Transactions dans le mÃªme pays dÃ©tectÃ©es.
Transactions dans le mÃªme pays dÃ©tectÃ©es.
Transactions dans le mÃªme pays dÃ©tectÃ©es.
Transactions dans le mÃªme pays dÃ©tectÃ©es.
Transactions dans le mÃªme pays dÃ©tectÃ©es.
Transactions dans le mÃªme pays dÃ©tectÃ©es.
Transactions dans le mÃªme pays dÃ©tectÃ©es.
Transactions dans le mÃªme pays dÃ©tectÃ©es.
Transactions dans le mÃªme pays dÃ©tectÃ©es.
Transactions dans le mÃªme pays dÃ©tectÃ©es.
Transactions dans le mÃªme pays dÃ©tectÃ©es.
Transactions dans le mÃªme pays dÃ©tectÃ©es.
Transactions dans le mÃªme pays dÃ©tectÃ©es.
Transactions dans le mÃªme pays dÃ©tectÃ©es.
Transactions dans le mÃªme pays dÃ©tectÃ©es.
Transactions dans le mÃªme pays dÃ©tectÃ©es.
Transactions dans le mÃªme pays dÃ©tectÃ©es.
Transactions dans le mÃªme pays dÃ©tectÃ©es.
Transactions dans le mÃªme pays dÃ©tectÃ©es.
Transactions dans le mÃªme pays dÃ©tectÃ©es.
Transactions dans le mÃªme pays dÃ©tectÃ©es.
Transactions dans le mÃªme pays dÃ©tectÃ©es.
Transactions dans le mÃªme pays dÃ©tectÃ©es.
Transactions dans le mÃªme pays dÃ©tectÃ©es.
Transactions dans le mÃªme pays dÃ©tectÃ©es.
Transactions dans le mÃªme pays dÃ©tectÃ©es.
Transactions dans le mÃªme pays dÃ©tectÃ©es.
Transactions dans le mÃªme pays dÃ©tectÃ©es.
Transactions dans le mÃªme pays dÃ©tectÃ©es.
Transactions dans le mÃªme pays dÃ©tectÃ©es.
Transactions dans le mÃªme pays dÃ©tectÃ©es.
Transactions dans le mÃªme pays dÃ©tectÃ©es.
Transactions dans le mÃªme pays dÃ©tectÃ©es.
Transactions dans le mÃªme pays dÃ©tectÃ©es.
Transactions dans le mÃªme pays dÃ©tectÃ©es.
Transactions dans le mÃªme pays dÃ©tectÃ©es.
Transactions dans le mÃªme pays dÃ©tectÃ©es.
Transactions dans le mÃªme pays dÃ©tectÃ©es.
Transactions dans le mÃªme pays dÃ©tectÃ©es.
Transactions dans le mÃªme pays dÃ©tectÃ©es.
Transactions dans le mÃªme pays dÃ©tectÃ©es.
Transactions dans le mÃªme pays dÃ©tectÃ©es.
Transactions dans le mÃªme pays dÃ©tectÃ©es.
Transactions dans le mÃªme pays dÃ©tectÃ©es.
Transactions dans le mÃªme pays dÃ©tectÃ©es.
Transactions dans le mÃªme pays dÃ©tectÃ©es.
Transactions dans le mÃªme pays dÃ©tectÃ©es.
Transactions dans le mÃªme pays dÃ©tectÃ©es.
Transactions dans le mÃªme pays dÃ©tectÃ©es.
Transactions dans le mÃªme pays dÃ©tectÃ©es.
Transactions dans le mÃªme pays dÃ©tectÃ©es.
Transactions dans le mÃªme pays dÃ©tectÃ©es.
Transactions dans le mÃªme pays dÃ©tectÃ©es.
Transactions dans le mÃªme pays dÃ©tectÃ©es.
Transactions dans le mÃªme pays dÃ©tectÃ©es.
Transactions dans le mÃªme pays dÃ©tectÃ©es.
Transactions dans le mÃªme pays dÃ©tectÃ©es.
Transactions dans le mÃªme pays dÃ©tectÃ©es.
Transactions dans le mÃªme pays dÃ©tectÃ©es.
Transactions dans le mÃªme pays dÃ©tectÃ©es.
Transactions dans le mÃªme pays dÃ©tectÃ©es.
Transactions dans le mÃªme pays dÃ©tectÃ©es.
Transactions dans le mÃªme pays dÃ©tectÃ©es.
Transactions dans le mÃªme pays dÃ©tectÃ©es.
Transactions dans le mÃªme pays dÃ©tectÃ©es.
Transactions dans le mÃªme pays dÃ©tectÃ©es.
Transactions dans le mÃªme pays dÃ©tectÃ©es.
Transactions dans le mÃªme pays dÃ©tectÃ©es.
Transactions dans le mÃªme pays dÃ©tectÃ©es.
Transactions dans le mÃªme pays dÃ©tectÃ©es.
Transactions dans le mÃªme pays dÃ©tectÃ©es.
Transactions dans le mÃªme pays dÃ©tectÃ©es.
Transactions dans le mÃªme pays dÃ©tectÃ©es.
Transactions dans le mÃªme pays dÃ©tectÃ©es.
Transactions dans le mÃªme pays dÃ©tectÃ©es.
Transactions dans le mÃªme pays dÃ©tectÃ©es.
Transactions dans le mÃªme pays dÃ©tectÃ©es.
Transactions dans le mÃªme pays dÃ©tectÃ©es.
Transactions dans le mÃªme pays dÃ©tectÃ©es.
Transactions dans le mÃªme pays dÃ©tectÃ©es.
Transactions dans le mÃªme pays dÃ©tectÃ©es.
Transactions dans le mÃªme pays dÃ©tectÃ©es.
Transactions dans le mÃªme pays dÃ©tectÃ©es.
Transactions dans le mÃªme pays dÃ©tectÃ©es.
Transactions dans le mÃªme pays dÃ©tectÃ©es.
Transactions dans le mÃªme pays dÃ©tectÃ©es.
Transactions dans le mÃªme pays dÃ©tectÃ©es.
Transactions dans le mÃªme pays dÃ©tectÃ©es.
Transactions dans le mÃªme pays dÃ©tectÃ©es.
Transactions dans le mÃªme pays dÃ©tectÃ©es.
Transactions dans le mÃªme pays dÃ©tectÃ©es.
Transactions dans le mÃªme pays dÃ©tectÃ©es.
Transactions dans le mÃªme pays dÃ©tectÃ©es.
Transactions dans le mÃªme pays dÃ©tectÃ©es.
Transactions dans le mÃªme pays dÃ©tectÃ©es.
Transactions dans le mÃªme pays dÃ©tectÃ©es.
Transactions dans le mÃªme pays dÃ©tectÃ©es.
Transactions dans le mÃªme pays dÃ©tectÃ©es.
Transactions dans le mÃªme pays dÃ©tectÃ©es.
Transactions dans le mÃªme pays dÃ©tectÃ©es.
Transactions dans le mÃªme pays dÃ©tectÃ©es.
Transactions dans le mÃªme pays dÃ©tectÃ©es.
Transactions dans le mÃªme pays dÃ©tectÃ©es.
Transactions dans le mÃªme pays dÃ©tectÃ©es.
Transactions dans le mÃªme pays dÃ©tectÃ©es.
Transactions dans le mÃªme pays dÃ©tectÃ©es.
Transactions dans le mÃªme pays dÃ©tectÃ©es.
Transactions dans le mÃªme pays dÃ©tectÃ©es.
Transactions dans le mÃªme pays dÃ©tectÃ©es.
Transactions dans le mÃªme pays dÃ©tectÃ©es.
Transactions dans le mÃªme pays dÃ©tectÃ©es.
Transactions dans le mÃªme pays dÃ©tectÃ©es.
Transactions dans le mÃªme pays dÃ©tectÃ©es.
Transactions dans le mÃªme pays dÃ©tectÃ©es.
Transactions dans le mÃªme pays dÃ©tectÃ©es.
Transactions dans le mÃªme pays dÃ©tectÃ©es.
Transactions dans le mÃªme pays dÃ©tectÃ©es.
Transactions dans le mÃªme pays dÃ©tectÃ©es.
Transactions dans le mÃªme pays dÃ©tectÃ©es.
Transactions dans le mÃªme pays dÃ©tectÃ©es.
Transactions dans le mÃªme pays dÃ©tectÃ©es.
Transactions dans le mÃªme pays dÃ©tectÃ©es.
Transactions dans le mÃªme pays dÃ©tectÃ©es.
Transactions dans le mÃªme pays dÃ©tectÃ©es.
Transactions dans le mÃªme pays dÃ©tectÃ©es.
Transactions dans le mÃªme pays dÃ©tectÃ©es.
Transactions dans le mÃªme pays dÃ©tectÃ©es.
Transactions dans le mÃªme pays dÃ©tectÃ©es.
Transactions dans le mÃªme pays dÃ©tectÃ©es.
Transactions dans le mÃªme pays dÃ©tectÃ©es.
Transactions dans le mÃªme pays dÃ©tectÃ©es.
Transactions dans le mÃªme pays dÃ©tectÃ©es.
Transactions dans le mÃªme pays dÃ©tectÃ©es.
Transactions dans le mÃªme pays dÃ©tectÃ©es.
Transactions dans le mÃªme pays dÃ©tectÃ©es.
Transactions dans le mÃªme pays dÃ©tectÃ©es.
Transactions dans le mÃªme pays dÃ©tectÃ©es.
Transactions dans le mÃªme pays dÃ©tectÃ©es.
Transactions dans le mÃªme pays dÃ©tectÃ©es.
Transactions dans le mÃªme pays dÃ©tectÃ©es.
Transactions dans le mÃªme pays dÃ©tectÃ©es.
Transactions dans le mÃªme pays dÃ©tectÃ©es.
Transactions dans le mÃªme pays dÃ©tectÃ©es.
Transactions dans le mÃªme pays dÃ©tectÃ©es.
Transactions dans le mÃªme pays dÃ©tectÃ©es.
Transactions dans le mÃªme pays dÃ©tectÃ©es.
Transactions dans le mÃªme pays dÃ©tectÃ©es.
Transactions dans le mÃªme pays dÃ©tectÃ©es.
Transactions dans le mÃªme pays dÃ©tectÃ©es.
Transactions dans le mÃªme pays dÃ©tectÃ©es.
Transactions dans le mÃªme pays dÃ©tectÃ©es.
Transactions dans le mÃªme pays dÃ©tectÃ©es.
Transactions dans le mÃªme pays dÃ©tectÃ©es.
Transactions dans le mÃªme pays dÃ©tectÃ©es.
Transactions dans le mÃªme pays dÃ©tectÃ©es.
Transactions dans le mÃªme pays dÃ©tectÃ©es.
Transactions dans le mÃªme pays dÃ©tectÃ©es.
Transactions dans le mÃªme pays dÃ©tectÃ©es.
Transactions dans le mÃªme pays dÃ©tectÃ©es.
Transactions dans le mÃªme pays dÃ©tectÃ©es.
Transactions dans le mÃªme pays dÃ©tectÃ©es.
Transactions dans le mÃªme pays dÃ©tectÃ©es.
Transactions dans le mÃªme pays dÃ©tectÃ©es.
Transactions dans le mÃªme pays dÃ©tectÃ©es.
Transactions dans le mÃªme pays dÃ©tectÃ©es.
Transactions dans le mÃªme pays dÃ©tectÃ©es.
Transactions dans le mÃªme pays dÃ©tectÃ©es.
Transactions dans le mÃªme pays dÃ©tectÃ©es.
Transactions dans le mÃªme pays dÃ©tectÃ©es.
Transactions dans le mÃªme pays dÃ©tectÃ©es.
Transactions dans le mÃªme pays dÃ©tectÃ©es.
Transactions dans le mÃªme pays dÃ©tectÃ©es.
Transactions dans le mÃªme pays dÃ©tectÃ©es.
Transactions dans le mÃªme pays dÃ©tectÃ©es.
Transactions dans le mÃªme pays dÃ©tectÃ©es.
Transactions dans le mÃªme pays dÃ©tectÃ©es.
Transactions dans le mÃªme pays dÃ©tectÃ©es.
Transactions dans le mÃªme pays dÃ©tectÃ©es.
Transactions dans le mÃªme pays dÃ©tectÃ©es.
Transactions dans le mÃªme pays dÃ©tectÃ©es.
Transactions dans le mÃªme pays dÃ©tectÃ©es.
Transactions dans le mÃªme pays dÃ©tectÃ©es.
Transactions dans le mÃªme pays dÃ©tectÃ©es.
Transactions dans le mÃªme pays dÃ©tectÃ©es.
Transactions dans le mÃªme pays dÃ©tectÃ©es.
Transactions dans le mÃªme pays dÃ©tectÃ©es.
Transactions dans le mÃªme pays dÃ©tectÃ©es.
Transactions dans le mÃªme pays dÃ©tectÃ©es.
Transactions dans le mÃªme pays dÃ©tectÃ©es.
Transactions dans le mÃªme pays dÃ©tectÃ©es.
Transactions dans le mÃªme pays dÃ©tectÃ©es.
Transactions dans le mÃªme pays dÃ©tectÃ©es.
Transactions dans le mÃªme pays dÃ©tectÃ©es.
Transactions dans le mÃªme pays dÃ©tectÃ©es.
Transactions dans le mÃªme pays dÃ©tectÃ©es.
Transactions dans le mÃªme pays dÃ©tectÃ©es.
Transactions dans le mÃªme pays dÃ©tectÃ©es.
Transactions dans le mÃªme pays dÃ©tectÃ©es.
Transactions dans le mÃªme pays dÃ©tectÃ©es.
Transactions dans le mÃªme pays dÃ©tectÃ©es.
Transactions dans le mÃªme pays dÃ©tectÃ©es.
Transactions dans le mÃªme pays dÃ©tectÃ©es.
Transactions dans le mÃªme pays dÃ©tectÃ©es.
Transactions dans le mÃªme pays dÃ©tectÃ©es.
Transactions dans le mÃªme pays dÃ©tectÃ©es.
Transactions dans le mÃªme pays dÃ©tectÃ©es.
Transactions dans le mÃªme pays dÃ©tectÃ©es.
Transactions dans le mÃªme pays dÃ©tectÃ©es.
Transactions dans le mÃªme pays dÃ©tectÃ©es.
Transactions dans le mÃªme pays dÃ©tectÃ©es.
Transactions dans le mÃªme pays dÃ©tectÃ©es.
Transactions dans le mÃªme pays dÃ©tectÃ©es.
Transactions dans le mÃªme pays dÃ©tectÃ©es.
Transactions dans le mÃªme pays dÃ©tectÃ©es.
Transactions dans le mÃªme pays dÃ©tectÃ©es.
Transactions dans le mÃªme pays dÃ©tectÃ©es.
Transactions dans le mÃªme pays dÃ©tectÃ©es.
Transactions dans le mÃªme pays dÃ©tectÃ©es.
Transactions dans le mÃªme pays dÃ©tectÃ©es.
Transactions dans le mÃªme pays dÃ©tectÃ©es.
Transactions dans le mÃªme pays dÃ©tectÃ©es.
Transactions dans le mÃªme pays dÃ©tectÃ©es.
Transactions dans le mÃªme pays dÃ©tectÃ©es.
Transactions dans le mÃªme pays dÃ©tectÃ©es.
Transactions dans le mÃªme pays dÃ©tectÃ©es.
Transactions dans le mÃªme pays dÃ©tectÃ©es.
Transactions dans le mÃªme pays dÃ©tectÃ©es.
Transactions dans le mÃªme pays dÃ©tectÃ©es.
Transactions dans le mÃªme pays dÃ©tectÃ©es.
Transactions dans le mÃªme pays dÃ©tectÃ©es.
Transactions dans le mÃªme pays dÃ©tectÃ©es.
Transactions dans le mÃªme pays dÃ©tectÃ©es.
Transactions dans le mÃªme pays dÃ©tectÃ©es.
Transactions dans le mÃªme pays dÃ©tectÃ©es.
Transactions dans le mÃªme pays dÃ©tectÃ©es.
Transactions dans le mÃªme pays dÃ©tectÃ©es.
Transactions dans le mÃªme pays dÃ©tectÃ©es.
Transactions dans le mÃªme pays dÃ©tectÃ©es.
Transactions dans le mÃªme pays dÃ©tectÃ©es.
Transactions dans le mÃªme pays dÃ©tectÃ©es.
Transactions dans le mÃªme pays dÃ©tectÃ©es.
Transactions dans le mÃªme pays dÃ©tectÃ©es.
Transactions dans le mÃªme pays dÃ©tectÃ©es.
Transactions dans le mÃªme pays dÃ©tectÃ©es.
Transactions dans le mÃªme pays dÃ©tectÃ©es.
Transactions dans le mÃªme pays dÃ©tectÃ©es.
Transactions dans le mÃªme pays dÃ©tectÃ©es.
Transactions dans le mÃªme pays dÃ©tectÃ©es.
Transactions dans le mÃªme pays dÃ©tectÃ©es.
Transactions dans le mÃªme pays dÃ©tectÃ©es.
Transactions dans le mÃªme pays dÃ©tectÃ©es.
Transactions dans le mÃªme pays dÃ©tectÃ©es.
Transactions dans le mÃªme pays dÃ©tectÃ©es.
Transactions dans le mÃªme pays dÃ©tectÃ©es.
Transactions dans le mÃªme pays dÃ©tectÃ©es.
Transactions dans le mÃªme pays dÃ©tectÃ©es.
Transactions dans le mÃªme pays dÃ©tectÃ©es.
Transactions dans le mÃªme pays dÃ©tectÃ©es.
Transactions dans le mÃªme pays dÃ©tectÃ©es.
Transactions dans le mÃªme pays dÃ©tectÃ©es.
Transactions dans le mÃªme pays dÃ©tectÃ©es.
Transactions dans le mÃªme pays dÃ©tectÃ©es.
Transactions dans le mÃªme pays dÃ©tectÃ©es.
Transactions dans le mÃªme pays dÃ©tectÃ©es.
Transactions dans le mÃªme pays dÃ©tectÃ©es.
Transactions dans le mÃªme pays dÃ©tectÃ©es.
Transactions dans le mÃªme pays dÃ©tectÃ©es.
Transactions dans le mÃªme pays dÃ©tectÃ©es.
Transactions dans le mÃªme pays dÃ©tectÃ©es.
Transactions dans le mÃªme pays dÃ©tectÃ©es.
Transactions dans le mÃªme pays dÃ©tectÃ©es.
Transactions dans le mÃªme pays dÃ©tectÃ©es.
Transactions dans le mÃªme pays dÃ©tectÃ©es.
Transactions dans le mÃªme pays dÃ©tectÃ©es.
Transactions dans le mÃªme pays dÃ©tectÃ©es.
Transactions dans le mÃªme pays dÃ©tectÃ©es.
Transactions dans le mÃªme pays dÃ©tectÃ©es.
Transactions dans le mÃªme pays dÃ©tectÃ©es.
Transactions dans le mÃªme pays dÃ©tectÃ©es.
Transactions dans le mÃªme pays dÃ©tectÃ©es.
Transactions dans le mÃªme pays dÃ©tectÃ©es.
Transactions dans le mÃªme pays dÃ©tectÃ©es.
Transactions dans le mÃªme pays dÃ©tectÃ©es.
Transactions dans le mÃªme pays dÃ©tectÃ©es.
Transactions dans le mÃªme pays dÃ©tectÃ©es.
Transactions dans le mÃªme pays dÃ©tectÃ©es.
Transactions dans le mÃªme pays dÃ©tectÃ©es.
Transactions dans le mÃªme pays dÃ©tectÃ©es.
Transactions dans le mÃªme pays dÃ©tectÃ©es.
Transactions dans le mÃªme pays dÃ©tectÃ©es.
Transactions dans le mÃªme pays dÃ©tectÃ©es.
Transactions dans le mÃªme pays dÃ©tectÃ©es.
Transactions dans le mÃªme pays dÃ©tectÃ©es.
Transactions dans le mÃªme pays dÃ©tectÃ©es.
Transactions dans le mÃªme pays dÃ©tectÃ©es.
Transactions dans le mÃªme pays dÃ©tectÃ©es.
Transactions dans le mÃªme pays dÃ©tectÃ©es.
Transactions dans le mÃªme pays dÃ©tectÃ©es.
Transactions dans le mÃªme pays dÃ©tectÃ©es.
Transactions dans le mÃªme pays dÃ©tectÃ©es.
Transactions dans le mÃªme pays dÃ©tectÃ©es.
Transactions dans le mÃªme pays dÃ©tectÃ©es.
Transactions dans le mÃªme pays dÃ©tectÃ©es.
Transactions dans le mÃªme pays dÃ©tectÃ©es.
Transactions dans le mÃªme pays dÃ©tectÃ©es.
Transactions dans le mÃªme pays dÃ©tectÃ©es.
Transactions dans le mÃªme pays dÃ©tectÃ©es.
Transactions dans le mÃªme pays dÃ©tectÃ©es.
Transactions dans le mÃªme pays dÃ©tectÃ©es.
Transactions dans le mÃªme pays dÃ©tectÃ©es.
Transactions dans le mÃªme pays dÃ©tectÃ©es.
Transactions dans le mÃªme pays dÃ©tectÃ©es.
Transactions dans le mÃªme pays dÃ©tectÃ©es.
Transactions dans le mÃªme pays dÃ©tectÃ©es.
Transactions dans le mÃªme pays dÃ©tectÃ©es.
Transactions dans le mÃªme pays dÃ©tectÃ©es.
Transactions dans le mÃªme pays dÃ©tectÃ©es.
Transactions dans le mÃªme pays dÃ©tectÃ©es.
Transactions dans le mÃªme pays dÃ©tectÃ©es.
Transactions dans le mÃªme pays dÃ©tectÃ©es.
Transactions dans le mÃªme pays dÃ©tectÃ©es.
Transactions dans le mÃªme pays dÃ©tectÃ©es.
Transactions dans le mÃªme pays dÃ©tectÃ©es.
Transactions dans le mÃªme pays dÃ©tectÃ©es.
Transactions dans le mÃªme pays dÃ©tectÃ©es.
Transactions dans le mÃªme pays dÃ©tectÃ©es.
Transactions dans le mÃªme pays dÃ©tectÃ©es.
Transactions dans le mÃªme pays dÃ©tectÃ©es.
Transactions dans le mÃªme pays dÃ©tectÃ©es.
Transactions dans le mÃªme pays dÃ©tectÃ©es.
Transactions dans le mÃªme pays dÃ©tectÃ©es.
Transactions dans le mÃªme pays dÃ©tectÃ©es.
Transactions dans le mÃªme pays dÃ©tectÃ©es.
Transactions dans le mÃªme pays dÃ©tectÃ©es.
Transactions dans le mÃªme pays dÃ©tectÃ©es.
Transactions dans le mÃªme pays dÃ©tectÃ©es.
Transactions dans le mÃªme pays dÃ©tectÃ©es.
Transactions dans le mÃªme pays dÃ©tectÃ©es.
Transactions dans le mÃªme pays dÃ©tectÃ©es.
Transactions dans le mÃªme pays dÃ©tectÃ©es.
Transactions dans le mÃªme pays dÃ©tectÃ©es.
Transactions dans le mÃªme pays dÃ©tectÃ©es.
Transactions dans le mÃªme pays dÃ©tectÃ©es.
Transactions dans le mÃªme pays dÃ©tectÃ©es.
Transactions dans le mÃªme pays dÃ©tectÃ©es.
Transactions dans le mÃªme pays dÃ©tectÃ©es.
Transactions dans le mÃªme pays dÃ©tectÃ©es.
Transactions dans le mÃªme pays dÃ©tectÃ©es.
Transactions dans le mÃªme pays dÃ©tectÃ©es.
Transactions dans le mÃªme pays dÃ©tectÃ©es.
Transactions dans le mÃªme pays dÃ©tectÃ©es.
Transactions dans le mÃªme pays dÃ©tectÃ©es.
Transactions dans le mÃªme pays dÃ©tectÃ©es.
Transactions dans le mÃªme pays dÃ©tectÃ©es.
Transactions dans le mÃªme pays dÃ©tectÃ©es.
Transactions dans le mÃªme pays dÃ©tectÃ©es.
Transactions dans le mÃªme pays dÃ©tectÃ©es.
Transactions dans le mÃªme pays dÃ©tectÃ©es.
Transactions dans le mÃªme pays dÃ©tectÃ©es.
Transactions dans le mÃªme pays dÃ©tectÃ©es.
Transactions dans le mÃªme pays dÃ©tectÃ©es.
Transactions dans le mÃªme pays dÃ©tectÃ©es.
Transactions dans le mÃªme pays dÃ©tectÃ©es.
Transactions dans le mÃªme pays dÃ©tectÃ©es.
Transactions dans le mÃªme pays dÃ©tectÃ©es.
Transactions dans le mÃªme pays dÃ©tectÃ©es.
Transactions dans le mÃªme pays dÃ©tectÃ©es.
Transactions dans le mÃªme pays dÃ©tectÃ©es.
Transactions dans le mÃªme pays dÃ©tectÃ©es.
Transactions dans le mÃªme pays dÃ©tectÃ©es.
Transactions dans le mÃªme pays dÃ©tectÃ©es.
Transactions dans le mÃªme pays dÃ©tectÃ©es.
Transactions dans le mÃªme pays dÃ©tectÃ©es.
Transactions dans le mÃªme pays dÃ©tectÃ©es.
Transactions dans le mÃªme pays dÃ©tectÃ©es.
Transactions dans le mÃªme pays dÃ©tectÃ©es.
Transactions dans le mÃªme pays dÃ©tectÃ©es.
Transactions dans le mÃªme pays dÃ©tectÃ©es.
Transactions dans le mÃªme pays dÃ©tectÃ©es.
Transactions dans le mÃªme pays dÃ©tectÃ©es.
Transactions dans le mÃªme pays dÃ©tectÃ©es.
Transactions dans le mÃªme pays dÃ©tectÃ©es.
Transactions dans le mÃªme pays dÃ©tectÃ©es.
Transactions dans le mÃªme pays dÃ©tectÃ©es.
Transactions dans le mÃªme pays dÃ©tectÃ©es.
Transactions dans le mÃªme pays dÃ©tectÃ©es.
Transactions dans le mÃªme pays dÃ©tectÃ©es.
Transactions dans le mÃªme pays dÃ©tectÃ©es.
Transactions dans le mÃªme pays dÃ©tectÃ©es.
Transactions dans le mÃªme pays dÃ©tectÃ©es.
Transactions dans le mÃªme pays dÃ©tectÃ©es.
Transactions dans le mÃªme pays dÃ©tectÃ©es.
Transactions dans le mÃªme pays dÃ©tectÃ©es.
Transactions dans le mÃªme pays dÃ©tectÃ©es.
Transactions dans le mÃªme pays dÃ©tectÃ©es.
Transactions dans le mÃªme pays dÃ©tectÃ©es.
Transactions dans le mÃªme pays dÃ©tectÃ©es.
Transactions dans le mÃªme pays dÃ©tectÃ©es.
Transactions dans le mÃªme pays dÃ©tectÃ©es.
Transactions dans le mÃªme pays dÃ©tectÃ©es.
Transactions dans le mÃªme pays dÃ©tectÃ©es.
Transactions dans le mÃªme pays dÃ©tectÃ©es.
Transactions dans le mÃªme pays dÃ©tectÃ©es.
Transactions dans le mÃªme pays dÃ©tectÃ©es.
Transactions dans le mÃªme pays dÃ©tectÃ©es.
Transactions dans le mÃªme pays dÃ©tectÃ©es.
Transactions dans le mÃªme pays dÃ©tectÃ©es.
Transactions dans le mÃªme pays dÃ©tectÃ©es.
Transactions dans le mÃªme pays dÃ©tectÃ©es.
Transactions dans le mÃªme pays dÃ©tectÃ©es.
Transactions dans le mÃªme pays dÃ©tectÃ©es.
Transactions dans le mÃªme pays dÃ©tectÃ©es.
Transactions dans le mÃªme pays dÃ©tectÃ©es.
Transactions dans le mÃªme pays dÃ©tectÃ©es.
Transactions dans le mÃªme pays dÃ©tectÃ©es.
Transactions dans le mÃªme pays dÃ©tectÃ©es.
Transactions dans le mÃªme pays dÃ©tectÃ©es.
Transactions dans le mÃªme pays dÃ©tectÃ©es.
Transactions dans le mÃªme pays dÃ©tectÃ©es.
Transactions dans le mÃªme pays dÃ©tectÃ©es.
Transactions dans le mÃªme pays dÃ©tectÃ©es.
Transactions dans le mÃªme pays dÃ©tectÃ©es.
Transactions dans le mÃªme pays dÃ©tectÃ©es.
Transactions dans le mÃªme pays dÃ©tectÃ©es.
Transactions dans le mÃªme pays dÃ©tectÃ©es.
Transactions dans le mÃªme pays dÃ©tectÃ©es.
Transactions dans le mÃªme pays dÃ©tectÃ©es.
Transactions dans le mÃªme pays dÃ©tectÃ©es.
Transactions dans le mÃªme pays dÃ©tectÃ©es.
Transactions dans le mÃªme pays dÃ©tectÃ©es.
Transactions dans le mÃªme pays dÃ©tectÃ©es.
Transactions dans le mÃªme pays dÃ©tectÃ©es.
Transactions dans le mÃªme pays dÃ©tectÃ©es.
Transactions dans le mÃªme pays dÃ©tectÃ©es.
Transactions dans le mÃªme pays dÃ©tectÃ©es.
Transactions dans le mÃªme pays dÃ©tectÃ©es.
Transactions dans le mÃªme pays dÃ©tectÃ©es.
Transactions dans le mÃªme pays dÃ©tectÃ©es.
Transactions dans le mÃªme pays dÃ©tectÃ©es.
Transactions dans le mÃªme pays dÃ©tectÃ©es.
Transactions dans le mÃªme pays dÃ©tectÃ©es.
Transactions dans le mÃªme pays dÃ©tectÃ©es.
Transactions dans le mÃªme pays dÃ©tectÃ©es.
Transactions dans le mÃªme pays dÃ©tectÃ©es.
Transactions dans le mÃªme pays dÃ©tectÃ©es.
Transactions dans le mÃªme pays dÃ©tectÃ©es.
Transactions dans le mÃªme pays dÃ©tectÃ©es.
Transactions dans le mÃªme pays dÃ©tectÃ©es.
Transactions dans le mÃªme pays dÃ©tectÃ©es.
Transactions dans le mÃªme pays dÃ©tectÃ©es.
Transactions dans le mÃªme pays dÃ©tectÃ©es.
Transactions dans le mÃªme pays dÃ©tectÃ©es.
Transactions dans le mÃªme pays dÃ©tectÃ©es.
Transactions dans le mÃªme pays dÃ©tectÃ©es.
Transactions dans le mÃªme pays dÃ©tectÃ©es.
Transactions dans le mÃªme pays dÃ©tectÃ©es.
Transactions dans le mÃªme pays dÃ©tectÃ©es.
Transactions dans le mÃªme pays dÃ©tectÃ©es.
Transactions dans le mÃªme pays dÃ©tectÃ©es.
Transactions dans le mÃªme pays dÃ©tectÃ©es.
Transactions dans le mÃªme pays dÃ©tectÃ©es.
Transactions dans le mÃªme pays dÃ©tectÃ©es.
Transactions dans le mÃªme pays dÃ©tectÃ©es.
Transactions dans le mÃªme pays dÃ©tectÃ©es.
Transactions dans le mÃªme pays dÃ©tectÃ©es.
Transactions dans le mÃªme pays dÃ©tectÃ©es.
Transactions dans le mÃªme pays dÃ©tectÃ©es.
Transactions dans le mÃªme pays dÃ©tectÃ©es.
Transactions dans le mÃªme pays dÃ©tectÃ©es.
Transactions dans le mÃªme pays dÃ©tectÃ©es.
Transactions dans le mÃªme pays dÃ©tectÃ©es.
Transactions dans le mÃªme pays dÃ©tectÃ©es.
Transactions dans le mÃªme pays dÃ©tectÃ©es.
Transactions dans le mÃªme pays dÃ©tectÃ©es.
Transactions dans le mÃªme pays dÃ©tectÃ©es.
Transactions dans le mÃªme pays dÃ©tectÃ©es.
Transactions dans le mÃªme pays dÃ©tectÃ©es.
Transactions dans le mÃªme pays dÃ©tectÃ©es.
Transactions dans le mÃªme pays dÃ©tectÃ©es.
Transactions dans le mÃªme pays dÃ©tectÃ©es.
Transactions dans le mÃªme pays dÃ©tectÃ©es.
Transactions dans le mÃªme pays dÃ©tectÃ©es.
Transactions dans le mÃªme pays dÃ©tectÃ©es.
Transactions dans le mÃªme pays dÃ©tectÃ©es.
Transactions dans le mÃªme pays dÃ©tectÃ©es.
Transactions dans le mÃªme pays dÃ©tectÃ©es.
Transactions dans le mÃªme pays dÃ©tectÃ©es.
Transactions dans le mÃªme pays dÃ©tectÃ©es.
Transactions dans le mÃªme pays dÃ©tectÃ©es.
Transactions dans le mÃªme pays dÃ©tectÃ©es.
Transactions dans le mÃªme pays dÃ©tectÃ©es.
Transactions dans le mÃªme pays dÃ©tectÃ©es.
Transactions dans le mÃªme pays dÃ©tectÃ©es.
Transactions dans le mÃªme pays dÃ©tectÃ©es.
Transactions dans le mÃªme pays dÃ©tectÃ©es.
Transactions dans le mÃªme pays dÃ©tectÃ©es.
Transactions dans le mÃªme pays dÃ©tectÃ©es.
Transactions dans le mÃªme pays dÃ©tectÃ©es.
Transactions dans le mÃªme pays dÃ©tectÃ©es.
Transactions dans le mÃªme pays dÃ©tectÃ©es.
Transactions dans le mÃªme pays dÃ©tectÃ©es.
Transactions dans le mÃªme pays dÃ©tectÃ©es.
Transactions dans le mÃªme pays dÃ©tectÃ©es.
Transactions dans le mÃªme pays dÃ©tectÃ©es.
Transactions dans le mÃªme pays dÃ©tectÃ©es.
Transactions dans le mÃªme pays dÃ©tectÃ©es.
Transactions dans le mÃªme pays dÃ©tectÃ©es.
Transactions dans le mÃªme pays dÃ©tectÃ©es.
Transactions dans le mÃªme pays dÃ©tectÃ©es.
Transactions dans le mÃªme pays dÃ©tectÃ©es.
Transactions dans le mÃªme pays dÃ©tectÃ©es.
Transactions dans le mÃªme pays dÃ©tectÃ©es.
Transactions dans le mÃªme pays dÃ©tectÃ©es.
Transactions dans le mÃªme pays dÃ©tectÃ©es.
Transactions dans le mÃªme pays dÃ©tectÃ©es.
Transactions dans le mÃªme pays dÃ©tectÃ©es.
Transactions dans le mÃªme pays dÃ©tectÃ©es.
Transactions dans le mÃªme pays dÃ©tectÃ©es.
Transactions dans le mÃªme pays dÃ©tectÃ©es.
Transactions dans le mÃªme pays dÃ©tectÃ©es.
Transactions dans le mÃªme pays dÃ©tectÃ©es.
Transactions dans le mÃªme pays dÃ©tectÃ©es.
Transactions dans le mÃªme pays dÃ©tectÃ©es.
Transactions dans le mÃªme pays dÃ©tectÃ©es.
Transactions dans le mÃªme pays dÃ©tectÃ©es.
Transactions dans le mÃªme pays dÃ©tectÃ©es.
Transactions dans le mÃªme pays dÃ©tectÃ©es.
Transactions dans le mÃªme pays dÃ©tectÃ©es.
Transactions dans le mÃªme pays dÃ©tectÃ©es.
Transactions dans le mÃªme pays dÃ©tectÃ©es.
Transactions dans le mÃªme pays dÃ©tectÃ©es.
Transactions dans le mÃªme pays dÃ©tectÃ©es.
Transactions dans le mÃªme pays dÃ©tectÃ©es.
Transactions dans le mÃªme pays dÃ©tectÃ©es.
Transactions dans le mÃªme pays dÃ©tectÃ©es.
Transactions dans le mÃªme pays dÃ©tectÃ©es.
Transactions dans le mÃªme pays dÃ©tectÃ©es.
Transactions dans le mÃªme pays dÃ©tectÃ©es.
Transactions dans le mÃªme pays dÃ©tectÃ©es.
Transactions dans le mÃªme pays dÃ©tectÃ©es.
Transactions dans le mÃªme pays dÃ©tectÃ©es.
Transactions dans le mÃªme pays dÃ©tectÃ©es.
Transactions dans le mÃªme pays dÃ©tectÃ©es.
Transactions dans le mÃªme pays dÃ©tectÃ©es.
Transactions dans le mÃªme pays dÃ©tectÃ©es.
Transactions dans le mÃªme pays dÃ©tectÃ©es.
Transactions dans le mÃªme pays dÃ©tectÃ©es.
Transactions dans le mÃªme pays dÃ©tectÃ©es.
Transactions dans le mÃªme pays dÃ©tectÃ©es.
Transactions dans le mÃªme pays dÃ©tectÃ©es.
Transactions dans le mÃªme pays dÃ©tectÃ©es.
Transactions dans le mÃªme pays dÃ©tectÃ©es.
Transactions dans le mÃªme pays dÃ©tectÃ©es.
Transactions dans le mÃªme pays dÃ©tectÃ©es.
Transactions dans le mÃªme pays dÃ©tectÃ©es.
Transactions dans le mÃªme pays dÃ©tectÃ©es.
Transactions dans le mÃªme pays dÃ©tectÃ©es.
Transactions dans le mÃªme pays dÃ©tectÃ©es.
Transactions dans le mÃªme pays dÃ©tectÃ©es.
Transactions dans le mÃªme pays dÃ©tectÃ©es.
Transactions dans le mÃªme pays dÃ©tectÃ©es.
Transactions dans le mÃªme pays dÃ©tectÃ©es.
Transactions dans le mÃªme pays dÃ©tectÃ©es.
Transactions dans le mÃªme pays dÃ©tectÃ©es.
Transactions dans le mÃªme pays dÃ©tectÃ©es.
Transactions dans le mÃªme pays dÃ©tectÃ©es.
Transactions dans le mÃªme pays dÃ©tectÃ©es.
Transactions dans le mÃªme pays dÃ©tectÃ©es.
Transactions dans le mÃªme pays dÃ©tectÃ©es.
Transactions dans le mÃªme pays dÃ©tectÃ©es.
Transactions dans le mÃªme pays dÃ©tectÃ©es.
Transactions dans le mÃªme pays dÃ©tectÃ©es.
Transactions dans le mÃªme pays dÃ©tectÃ©es.
Transactions dans le mÃªme pays dÃ©tectÃ©es.
Transactions dans le mÃªme pays dÃ©tectÃ©es.
Transactions dans le mÃªme pays dÃ©tectÃ©es.
Transactions dans le mÃªme pays dÃ©tectÃ©es.
Transactions dans le mÃªme pays dÃ©tectÃ©es.
Transactions dans le mÃªme pays dÃ©tectÃ©es.
Transactions dans le mÃªme pays dÃ©tectÃ©es.
Transactions dans le mÃªme pays dÃ©tectÃ©es.
Transactions dans le mÃªme pays dÃ©tectÃ©es.
Transactions dans le mÃªme pays dÃ©tectÃ©es.
Transactions dans le mÃªme pays dÃ©tectÃ©es.
Transactions dans le mÃªme pays dÃ©tectÃ©es.
Transactions dans le mÃªme pays dÃ©tectÃ©es.
Transactions dans le mÃªme pays dÃ©tectÃ©es.
Transactions dans le mÃªme pays dÃ©tectÃ©es.
Transactions dans le mÃªme pays dÃ©tectÃ©es.
Transactions dans le mÃªme pays dÃ©tectÃ©es.
Transactions dans le mÃªme pays dÃ©tectÃ©es.
Transactions dans le mÃªme pays dÃ©tectÃ©es.
Transactions dans le mÃªme pays dÃ©tectÃ©es.
Transactions dans le mÃªme pays dÃ©tectÃ©es.
Transactions dans le mÃªme pays dÃ©tectÃ©es.
Transactions dans le mÃªme pays dÃ©tectÃ©es.
Transactions dans le mÃªme pays dÃ©tectÃ©es.
Transactions dans le mÃªme pays dÃ©tectÃ©es.
Transactions dans le mÃªme pays dÃ©tectÃ©es.
Transactions dans le mÃªme pays dÃ©tectÃ©es.
Transactions dans le mÃªme pays dÃ©tectÃ©es.
Transactions dans le mÃªme pays dÃ©tectÃ©es.
Transactions dans le mÃªme pays dÃ©tectÃ©es.
Transactions dans le mÃªme pays dÃ©tectÃ©es.
Transactions dans le mÃªme pays dÃ©tectÃ©es.
Transactions dans le mÃªme pays dÃ©tectÃ©es.
Transactions dans le mÃªme pays dÃ©tectÃ©es.
Transactions dans le mÃªme pays dÃ©tectÃ©es.
Transactions dans le mÃªme pays dÃ©tectÃ©es.
Transactions dans le mÃªme pays dÃ©tectÃ©es.
Transactions dans le mÃªme pays dÃ©tectÃ©es.
Transactions dans le mÃªme pays dÃ©tectÃ©es.
Transactions dans le mÃªme pays dÃ©tectÃ©es.
Transactions dans le mÃªme pays dÃ©tectÃ©es.
Transactions dans le mÃªme pays dÃ©tectÃ©es.
Transactions dans le mÃªme pays dÃ©tectÃ©es.
Transactions dans le mÃªme pays dÃ©tectÃ©es.
Transactions dans le mÃªme pays dÃ©tectÃ©es.
Transactions dans le mÃªme pays dÃ©tectÃ©es.
Transactions dans le mÃªme pays dÃ©tectÃ©es.
Transactions dans le mÃªme pays dÃ©tectÃ©es.
Transactions dans le mÃªme pays dÃ©tectÃ©es.
Transactions dans le mÃªme pays dÃ©tectÃ©es.
Transactions dans le mÃªme pays dÃ©tectÃ©es.
Transactions dans le mÃªme pays dÃ©tectÃ©es.
Transactions dans le mÃªme pays dÃ©tectÃ©es.
Transactions dans le mÃªme pays dÃ©tectÃ©es.
Transactions dans le mÃªme pays dÃ©tectÃ©es.
Transactions dans le mÃªme pays dÃ©tectÃ©es.
Transactions dans le mÃªme pays dÃ©tectÃ©es.
Transactions dans le mÃªme pays dÃ©tectÃ©es.
Transactions dans le mÃªme pays dÃ©tectÃ©es.
Transactions dans le mÃªme pays dÃ©tectÃ©es.
Transactions dans le mÃªme pays dÃ©tectÃ©es.
Transactions dans le mÃªme pays dÃ©tectÃ©es.
Transactions dans le mÃªme pays dÃ©tectÃ©es.
Transactions dans le mÃªme pays dÃ©tectÃ©es.
Transactions dans le mÃªme pays dÃ©tectÃ©es.
Transactions dans le mÃªme pays dÃ©tectÃ©es.
Transactions dans le mÃªme pays dÃ©tectÃ©es.
Transactions dans le mÃªme pays dÃ©tectÃ©es.
Transactions dans le mÃªme pays dÃ©tectÃ©es.
Transactions dans le mÃªme pays dÃ©tectÃ©es.
Transactions dans le mÃªme pays dÃ©tectÃ©es.
Transactions dans le mÃªme pays dÃ©tectÃ©es.
Transactions dans le mÃªme pays dÃ©tectÃ©es.
Transactions dans le mÃªme pays dÃ©tectÃ©es.
Transactions dans le mÃªme pays dÃ©tectÃ©es.
Transactions dans le mÃªme pays dÃ©tectÃ©es.
Transactions dans le mÃªme pays dÃ©tectÃ©es.
Transactions dans le mÃªme pays dÃ©tectÃ©es.
Transactions dans le mÃªme pays dÃ©tectÃ©es.
Transactions dans le mÃªme pays dÃ©tectÃ©es.
Transactions dans le mÃªme pays dÃ©tectÃ©es.
Transactions dans le mÃªme pays dÃ©tectÃ©es.
Transactions dans le mÃªme pays dÃ©tectÃ©es.
Transactions dans le mÃªme pays dÃ©tectÃ©es.
Transactions dans le mÃªme pays dÃ©tectÃ©es.
Transactions dans le mÃªme pays dÃ©tectÃ©es.
Transactions dans le mÃªme pays dÃ©tectÃ©es.
Transactions dans le mÃªme pays dÃ©tectÃ©es.
Transactions dans le mÃªme pays dÃ©tectÃ©es.
Transactions dans le mÃªme pays dÃ©tectÃ©es.
Transactions dans le mÃªme pays dÃ©tectÃ©es.
Transactions dans le mÃªme pays dÃ©tectÃ©es.
Transactions dans le mÃªme pays dÃ©tectÃ©es.
Transactions dans le mÃªme pays dÃ©tectÃ©es.
Transactions dans le mÃªme pays dÃ©tectÃ©es.
Transactions dans le mÃªme pays dÃ©tectÃ©es.
Transactions dans le mÃªme pays dÃ©tectÃ©es.
Transactions dans le mÃªme pays dÃ©tectÃ©es.
Transactions dans le mÃªme pays dÃ©tectÃ©es.
Transactions dans le mÃªme pays dÃ©tectÃ©es.
Transactions dans le mÃªme pays dÃ©tectÃ©es.
Transactions dans le mÃªme pays dÃ©tectÃ©es.
Transactions dans le mÃªme pays dÃ©tectÃ©es.
Transactions dans le mÃªme pays dÃ©tectÃ©es.
Transactions dans le mÃªme pays dÃ©tectÃ©es.
Transactions dans le mÃªme pays dÃ©tectÃ©es.
Transactions dans le mÃªme pays dÃ©tectÃ©es.
Transactions dans le mÃªme pays dÃ©tectÃ©es.
Transactions dans le mÃªme pays dÃ©tectÃ©es.
Transactions dans le mÃªme pays dÃ©tectÃ©es.
Transactions dans le mÃªme pays dÃ©tectÃ©es.
Transactions dans le mÃªme pays dÃ©tectÃ©es.
Transactions dans le mÃªme pays dÃ©tectÃ©es.
Transactions dans le mÃªme pays dÃ©tectÃ©es.
Transactions dans le mÃªme pays dÃ©tectÃ©es.
Transactions dans le mÃªme pays dÃ©tectÃ©es.
Transactions dans le mÃªme pays dÃ©tectÃ©es.
Transactions dans le mÃªme pays dÃ©tectÃ©es.
Transactions dans le mÃªme pays dÃ©tectÃ©es.
Transactions dans le mÃªme pays dÃ©tectÃ©es.
Transactions dans le mÃªme pays dÃ©tectÃ©es.
Transactions dans le mÃªme pays dÃ©tectÃ©es.
Transactions dans le mÃªme pays dÃ©tectÃ©es.
Transactions dans le mÃªme pays dÃ©tectÃ©es.
Transactions dans le mÃªme pays dÃ©tectÃ©es.
Transactions dans le mÃªme pays dÃ©tectÃ©es.
Transactions dans le mÃªme pays dÃ©tectÃ©es.
Transactions dans le mÃªme pays dÃ©tectÃ©es.
Transactions dans le mÃªme pays dÃ©tectÃ©es.
Transactions dans le mÃªme pays dÃ©tectÃ©es.
Transactions dans le mÃªme pays dÃ©tectÃ©es.
Transactions dans le mÃªme pays dÃ©tectÃ©es.
Transactions dans le mÃªme pays dÃ©tectÃ©es.
Transactions dans le mÃªme pays dÃ©tectÃ©es.
Transactions dans le mÃªme pays dÃ©tectÃ©es.
Transactions dans le mÃªme pays dÃ©tectÃ©es.
Transactions dans le mÃªme pays dÃ©tectÃ©es.
Transactions dans le mÃªme pays dÃ©tectÃ©es.
Transactions dans le mÃªme pays dÃ©tectÃ©es.
Transactions dans le mÃªme pays dÃ©tectÃ©es.
Transactions dans le mÃªme pays dÃ©tectÃ©es.
Transactions dans le mÃªme pays dÃ©tectÃ©es.
Transactions dans le mÃªme pays dÃ©tectÃ©es.
Transactions dans le mÃªme pays dÃ©tectÃ©es.
Transactions dans le mÃªme pays dÃ©tectÃ©es.
Transactions dans le mÃªme pays dÃ©tectÃ©es.
Transactions dans le mÃªme pays dÃ©tectÃ©es.
Transactions dans le mÃªme pays dÃ©tectÃ©es.
Transactions dans le mÃªme pays dÃ©tectÃ©es.
Transactions dans le mÃªme pays dÃ©tectÃ©es.
Transactions dans le mÃªme pays dÃ©tectÃ©es.
Transactions dans le mÃªme pays dÃ©tectÃ©es.
Transactions dans le mÃªme pays dÃ©tectÃ©es.
Transactions dans le mÃªme pays dÃ©tectÃ©es.
Transactions dans le mÃªme pays dÃ©tectÃ©es.
Transactions dans le mÃªme pays dÃ©tectÃ©es.
Transactions dans le mÃªme pays dÃ©tectÃ©es.
Transactions dans le mÃªme pays dÃ©tectÃ©es.
Transactions dans le mÃªme pays dÃ©tectÃ©es.
Transactions dans le mÃªme pays dÃ©tectÃ©es.
Transactions dans le mÃªme pays dÃ©tectÃ©es.
Transactions dans le mÃªme pays dÃ©tectÃ©es.
Transactions dans le mÃªme pays dÃ©tectÃ©es.
Transactions dans le mÃªme pays dÃ©tectÃ©es.
Transactions dans le mÃªme pays dÃ©tectÃ©es.
Transactions dans le mÃªme pays dÃ©tectÃ©es.
Transactions dans le mÃªme pays dÃ©tectÃ©es.
Transactions dans le mÃªme pays dÃ©tectÃ©es.
Transactions dans le mÃªme pays dÃ©tectÃ©es.
Transactions dans le mÃªme pays dÃ©tectÃ©es.
Transactions dans le mÃªme pays dÃ©tectÃ©es.
Transactions dans le mÃªme pays dÃ©tectÃ©es.
Transactions dans le mÃªme pays dÃ©tectÃ©es.
Transactions dans le mÃªme pays dÃ©tectÃ©es.
Transactions dans le mÃªme pays dÃ©tectÃ©es.
Transactions dans le mÃªme pays dÃ©tectÃ©es.
Transactions dans le mÃªme pays dÃ©tectÃ©es.
Transactions dans le mÃªme pays dÃ©tectÃ©es.
Transactions dans le mÃªme pays dÃ©tectÃ©es.
Transactions dans le mÃªme pays dÃ©tectÃ©es.
Transactions dans le mÃªme pays dÃ©tectÃ©es.
Transactions dans le mÃªme pays dÃ©tectÃ©es.
Transactions dans le mÃªme pays dÃ©tectÃ©es.
Transactions dans le mÃªme pays dÃ©tectÃ©es.
Transactions dans le mÃªme pays dÃ©tectÃ©es.
Transactions dans le mÃªme pays dÃ©tectÃ©es.
Transactions dans le mÃªme pays dÃ©tectÃ©es.
Transactions dans le mÃªme pays dÃ©tectÃ©es.
Transactions dans le mÃªme pays dÃ©tectÃ©es.
Transactions dans le mÃªme pays dÃ©tectÃ©es.
Transactions dans le mÃªme pays dÃ©tectÃ©es.
Transactions dans le mÃªme pays dÃ©tectÃ©es.
Transactions dans le mÃªme pays dÃ©tectÃ©es.
Transactions dans le mÃªme pays dÃ©tectÃ©es.
Transactions dans le mÃªme pays dÃ©tectÃ©es.
Transactions dans le mÃªme pays dÃ©tectÃ©es.
Transactions dans le mÃªme pays dÃ©tectÃ©es.
Transactions dans le mÃªme pays dÃ©tectÃ©es.
Transactions dans le mÃªme pays dÃ©tectÃ©es.
Transactions dans le mÃªme pays dÃ©tectÃ©es.
Transactions dans le mÃªme pays dÃ©tectÃ©es.
Transactions dans le mÃªme pays dÃ©tectÃ©es.
Transactions dans le mÃªme pays dÃ©tectÃ©es.
Transactions dans le mÃªme pays dÃ©tectÃ©es.
Transactions dans le mÃªme pays dÃ©tectÃ©es.
Transactions dans le mÃªme pays dÃ©tectÃ©es.
Transactions dans le mÃªme pays dÃ©tectÃ©es.
Transactions dans le mÃªme pays dÃ©tectÃ©es.
Transactions dans le mÃªme pays dÃ©tectÃ©es.
Transactions dans le mÃªme pays dÃ©tectÃ©es.
Transactions dans le mÃªme pays dÃ©tectÃ©es.
Transactions dans le mÃªme pays dÃ©tectÃ©es.
Transactions dans le mÃªme pays dÃ©tectÃ©es.
Transactions dans le mÃªme pays dÃ©tectÃ©es.
Transactions dans le mÃªme pays dÃ©tectÃ©es.
Transactions dans le mÃªme pays dÃ©tectÃ©es.
Transactions dans le mÃªme pays dÃ©tectÃ©es.
Transactions dans le mÃªme pays dÃ©tectÃ©es.
Transactions dans le mÃªme pays dÃ©tectÃ©es.
Transactions dans le mÃªme pays dÃ©tectÃ©es.
Transactions dans le mÃªme pays dÃ©tectÃ©es.
Transactions dans le mÃªme pays dÃ©tectÃ©es.
Transactions dans le mÃªme pays dÃ©tectÃ©es.
Transactions dans le mÃªme pays dÃ©tectÃ©es.
Transactions dans le mÃªme pays dÃ©tectÃ©es.
Transactions dans le mÃªme pays dÃ©tectÃ©es.
Transactions dans le mÃªme pays dÃ©tectÃ©es.
Transactions dans le mÃªme pays dÃ©tectÃ©es.
Transactions dans le mÃªme pays dÃ©tectÃ©es.
Transactions dans le mÃªme pays dÃ©tectÃ©es.
Transactions dans le mÃªme pays dÃ©tectÃ©es.
Transactions dans le mÃªme pays dÃ©tectÃ©es.
Transactions dans le mÃªme pays dÃ©tectÃ©es.
Transactions dans le mÃªme pays dÃ©tectÃ©es.
Transactions dans le mÃªme pays dÃ©tectÃ©es.
Transactions dans le mÃªme pays dÃ©tectÃ©es.
Transactions dans le mÃªme pays dÃ©tectÃ©es.
Transactions dans le mÃªme pays dÃ©tectÃ©es.
Transactions dans le mÃªme pays dÃ©tectÃ©es.
Transactions dans le mÃªme pays dÃ©tectÃ©es.
Transactions dans le mÃªme pays dÃ©tectÃ©es.
Transactions dans le mÃªme pays dÃ©tectÃ©es.
Transactions dans le mÃªme pays dÃ©tectÃ©es.
Transactions dans le mÃªme pays dÃ©tectÃ©es.
Transactions dans le mÃªme pays dÃ©tectÃ©es.
Transactions dans le mÃªme pays dÃ©tectÃ©es.
Transactions dans le mÃªme pays dÃ©tectÃ©es.
Transactions dans le mÃªme pays dÃ©tectÃ©es.
Transactions dans le mÃªme pays dÃ©tectÃ©es.
Transactions dans le mÃªme pays dÃ©tectÃ©es.
Transactions dans le mÃªme pays dÃ©tectÃ©es.
Transactions dans le mÃªme pays dÃ©tectÃ©es.
Transactions dans le mÃªme pays dÃ©tectÃ©es.
Transactions dans le mÃªme pays dÃ©tectÃ©es.
Transactions dans le mÃªme pays dÃ©tectÃ©es.
Transactions dans le mÃªme pays dÃ©tectÃ©es.
Transactions dans le mÃªme pays dÃ©tectÃ©es.
Transactions dans le mÃªme pays dÃ©tectÃ©es.
Transactions dans le mÃªme pays dÃ©tectÃ©es.
Transactions dans le mÃªme pays dÃ©tectÃ©es.
Transactions dans le mÃªme pays dÃ©tectÃ©es.
Transactions dans le mÃªme pays dÃ©tectÃ©es.
Transactions dans le mÃªme pays dÃ©tectÃ©es.
Transactions dans le mÃªme pays dÃ©tectÃ©es.
Transactions dans le mÃªme pays dÃ©tectÃ©es.
Transactions dans le mÃªme pays dÃ©tectÃ©es.
Transactions dans le mÃªme pays dÃ©tectÃ©es.
Transactions dans le mÃªme pays dÃ©tectÃ©es.
Transactions dans le mÃªme pays dÃ©tectÃ©es.
Transactions dans le mÃªme pays dÃ©tectÃ©es.
Transactions dans le mÃªme pays dÃ©tectÃ©es.
Transactions dans le mÃªme pays dÃ©tectÃ©es.
Transactions dans le mÃªme pays dÃ©tectÃ©es.
Transactions dans le mÃªme pays dÃ©tectÃ©es.
Transactions dans le mÃªme pays dÃ©tectÃ©es.
Transactions dans le mÃªme pays dÃ©tectÃ©es.
Transactions dans le mÃªme pays dÃ©tectÃ©es.
Transactions dans le mÃªme pays dÃ©tectÃ©es.
Transactions dans le mÃªme pays dÃ©tectÃ©es.
Transactions dans le mÃªme pays dÃ©tectÃ©es.
Transactions dans le mÃªme pays dÃ©tectÃ©es.
Transactions dans le mÃªme pays dÃ©tectÃ©es.
Transactions dans le mÃªme pays dÃ©tectÃ©es.
Transactions dans le mÃªme pays dÃ©tectÃ©es.
Transactions dans le mÃªme pays dÃ©tectÃ©es.
Transactions dans le mÃªme pays dÃ©tectÃ©es.
Transactions dans le mÃªme pays dÃ©tectÃ©es.
Transactions dans le mÃªme pays dÃ©tectÃ©es.
Transactions dans le mÃªme pays dÃ©tectÃ©es.
Transactions dans le mÃªme pays dÃ©tectÃ©es.
Transactions dans le mÃªme pays dÃ©tectÃ©es.
Transactions dans le mÃªme pays dÃ©tectÃ©es.
Transactions dans le mÃªme pays dÃ©tectÃ©es.
Transactions dans le mÃªme pays dÃ©tectÃ©es.
Transactions dans le mÃªme pays dÃ©tectÃ©es.
Transactions dans le mÃªme pays dÃ©tectÃ©es.
Transactions dans le mÃªme pays dÃ©tectÃ©es.
Transactions dans le mÃªme pays dÃ©tectÃ©es.
Transactions dans le mÃªme pays dÃ©tectÃ©es.
Transactions dans le mÃªme pays dÃ©tectÃ©es.
Transactions dans le mÃªme pays dÃ©tectÃ©es.
Transactions dans le mÃªme pays dÃ©tectÃ©es.
Transactions dans le mÃªme pays dÃ©tectÃ©es.
Transactions dans le mÃªme pays dÃ©tectÃ©es.
Transactions dans le mÃªme pays dÃ©tectÃ©es.
Transactions dans le mÃªme pays dÃ©tectÃ©es.
Transactions dans le mÃªme pays dÃ©tectÃ©es.
Transactions dans le mÃªme pays dÃ©tectÃ©es.
Transactions dans le mÃªme pays dÃ©tectÃ©es.
Transactions dans le mÃªme pays dÃ©tectÃ©es.
Transactions dans le mÃªme pays dÃ©tectÃ©es.
Transactions dans le mÃªme pays dÃ©tectÃ©es.
Transactions dans le mÃªme pays dÃ©tectÃ©es.
Transactions dans le mÃªme pays dÃ©tectÃ©es.
Transactions dans le mÃªme pays dÃ©tectÃ©es.
Transactions dans le mÃªme pays dÃ©tectÃ©es.
Transactions dans le mÃªme pays dÃ©tectÃ©es.
Transactions dans le mÃªme pays dÃ©tectÃ©es.
Transactions dans le mÃªme pays dÃ©tectÃ©es.
Transactions dans le mÃªme pays dÃ©tectÃ©es.
Transactions dans le mÃªme pays dÃ©tectÃ©es.
Transactions dans le mÃªme pays dÃ©tectÃ©es.
Transactions dans le mÃªme pays dÃ©tectÃ©es.
Transactions dans le mÃªme pays dÃ©tectÃ©es.
Transactions dans le mÃªme pays dÃ©tectÃ©es.
Transactions dans le mÃªme pays dÃ©tectÃ©es.
Transactions dans le mÃªme pays dÃ©tectÃ©es.
Transactions dans le mÃªme pays dÃ©tectÃ©es.
Transactions dans le mÃªme pays dÃ©tectÃ©es.
Transactions dans le mÃªme pays dÃ©tectÃ©es.
Transactions dans le mÃªme pays dÃ©tectÃ©es.
Transactions dans le mÃªme pays dÃ©tectÃ©es.
Transactions dans le mÃªme pays dÃ©tectÃ©es.
Transactions dans le mÃªme pays dÃ©tectÃ©es.
Transactions dans le mÃªme pays dÃ©tectÃ©es.
Transactions dans le mÃªme pays dÃ©tectÃ©es.
Transactions dans le mÃªme pays dÃ©tectÃ©es.
Transactions dans le mÃªme pays dÃ©tectÃ©es.
Transactions dans le mÃªme pays dÃ©tectÃ©es.
Transactions dans le mÃªme pays dÃ©tectÃ©es.
Transactions dans le mÃªme pays dÃ©tectÃ©es.
Transactions dans le mÃªme pays dÃ©tectÃ©es.
Transactions dans le mÃªme pays dÃ©tectÃ©es.
Transactions dans le mÃªme pays dÃ©tectÃ©es.
Transactions dans le mÃªme pays dÃ©tectÃ©es.
Transactions dans le mÃªme pays dÃ©tectÃ©es.
Transactions dans le mÃªme pays dÃ©tectÃ©es.
Transactions dans le mÃªme pays dÃ©tectÃ©es.
Transactions dans le mÃªme pays dÃ©tectÃ©es.
Transactions dans le mÃªme pays dÃ©tectÃ©es.
Transactions dans le mÃªme pays dÃ©tectÃ©es.
Transactions dans le mÃªme pays dÃ©tectÃ©es.
Transactions dans le mÃªme pays dÃ©tectÃ©es.
Transactions dans le mÃªme pays dÃ©tectÃ©es.
Transactions dans le mÃªme pays dÃ©tectÃ©es.
Transactions dans le mÃªme pays dÃ©tectÃ©es.
Transactions dans le mÃªme pays dÃ©tectÃ©es.
Transactions dans le mÃªme pays dÃ©tectÃ©es.
Transactions dans le mÃªme pays dÃ©tectÃ©es.
Transactions dans le mÃªme pays dÃ©tectÃ©es.
Transactions dans le mÃªme pays dÃ©tectÃ©es.
Transactions dans le mÃªme pays dÃ©tectÃ©es.
Transactions dans le mÃªme pays dÃ©tectÃ©es.
Transactions dans le mÃªme pays dÃ©tectÃ©es.
Transactions dans le mÃªme pays dÃ©tectÃ©es.
Transactions dans le mÃªme pays dÃ©tectÃ©es.
Transactions dans le mÃªme pays dÃ©tectÃ©es.
Transactions dans le mÃªme pays dÃ©tectÃ©es.
Transactions dans le mÃªme pays dÃ©tectÃ©es.
Transactions dans le mÃªme pays dÃ©tectÃ©es.
Transactions dans le mÃªme pays dÃ©tectÃ©es.
Transactions dans le mÃªme pays dÃ©tectÃ©es.
Transactions dans le mÃªme pays dÃ©tectÃ©es.
Transactions dans le mÃªme pays dÃ©tectÃ©es.
Transactions dans le mÃªme pays dÃ©tectÃ©es.
Transactions dans le mÃªme pays dÃ©tectÃ©es.
Transactions dans le mÃªme pays dÃ©tectÃ©es.
Transactions dans le mÃªme pays dÃ©tectÃ©es.
Transactions dans le mÃªme pays dÃ©tectÃ©es.
Transactions dans le mÃªme pays dÃ©tectÃ©es.
Transactions dans le mÃªme pays dÃ©tectÃ©es.
Transactions dans le mÃªme pays dÃ©tectÃ©es.
Transactions dans le mÃªme pays dÃ©tectÃ©es.
Transactions dans le mÃªme pays dÃ©tectÃ©es.
Transactions dans le mÃªme pays dÃ©tectÃ©es.
Transactions dans le mÃªme pays dÃ©tectÃ©es.
Transactions dans le mÃªme pays dÃ©tectÃ©es.
Transactions dans le mÃªme pays dÃ©tectÃ©es.
Transactions dans le mÃªme pays dÃ©tectÃ©es.
Transactions dans le mÃªme pays dÃ©tectÃ©es.
Transactions dans le mÃªme pays dÃ©tectÃ©es.
Transactions dans le mÃªme pays dÃ©tectÃ©es.
Transactions dans le mÃªme pays dÃ©tectÃ©es.
Transactions dans le mÃªme pays dÃ©tectÃ©es.
Transactions dans le mÃªme pays dÃ©tectÃ©es.
Transactions dans le mÃªme pays dÃ©tectÃ©es.
Transactions dans le mÃªme pays dÃ©tectÃ©es.
Transactions dans le mÃªme pays dÃ©tectÃ©es.
Transactions dans le mÃªme pays dÃ©tectÃ©es.
Transactions dans le mÃªme pays dÃ©tectÃ©es.
Transactions dans le mÃªme pays dÃ©tectÃ©es.
Transactions dans le mÃªme pays dÃ©tectÃ©es.
Transactions dans le mÃªme pays dÃ©tectÃ©es.
Transactions dans le mÃªme pays dÃ©tectÃ©es.
Transactions dans le mÃªme pays dÃ©tectÃ©es.
Transactions dans le mÃªme pays dÃ©tectÃ©es.
Transactions dans le mÃªme pays dÃ©tectÃ©es.
Transactions dans le mÃªme pays dÃ©tectÃ©es.
Transactions dans le mÃªme pays dÃ©tectÃ©es.
Transactions dans le mÃªme pays dÃ©tectÃ©es.
Transactions dans le mÃªme pays dÃ©tectÃ©es.
Transactions dans le mÃªme pays dÃ©tectÃ©es.
Transactions dans le mÃªme pays dÃ©tectÃ©es.
Transactions dans le mÃªme pays dÃ©tectÃ©es.
Transactions dans le mÃªme pays dÃ©tectÃ©es.
Transactions dans le mÃªme pays dÃ©tectÃ©es.
Transactions dans le mÃªme pays dÃ©tectÃ©es.
Transactions dans le mÃªme pays dÃ©tectÃ©es.
Transactions dans le mÃªme pays dÃ©tectÃ©es.
Transactions dans le mÃªme pays dÃ©tectÃ©es.
Transactions dans le mÃªme pays dÃ©tectÃ©es.
Transactions dans le mÃªme pays dÃ©tectÃ©es.
Transactions dans le mÃªme pays dÃ©tectÃ©es.
Transactions dans le mÃªme pays dÃ©tectÃ©es.
Transactions dans le mÃªme pays dÃ©tectÃ©es.
Transactions dans le mÃªme pays dÃ©tectÃ©es.
Transactions dans le mÃªme pays dÃ©tectÃ©es.
Transactions dans le mÃªme pays dÃ©tectÃ©es.
Transactions dans le mÃªme pays dÃ©tectÃ©es.
Transactions dans le mÃªme pays dÃ©tectÃ©es.
Transactions dans le mÃªme pays dÃ©tectÃ©es.
Transactions dans le mÃªme pays dÃ©tectÃ©es.
Transactions dans le mÃªme pays dÃ©tectÃ©es.
Transactions dans le mÃªme pays dÃ©tectÃ©es.
Transactions dans le mÃªme pays dÃ©tectÃ©es.
Transactions dans le mÃªme pays dÃ©tectÃ©es.
Transactions dans le mÃªme pays dÃ©tectÃ©es.
Transactions dans le mÃªme pays dÃ©tectÃ©es.
Transactions dans le mÃªme pays dÃ©tectÃ©es.
Transactions dans le mÃªme pays dÃ©tectÃ©es.
Transactions dans le mÃªme pays dÃ©tectÃ©es.
Transactions dans le mÃªme pays dÃ©tectÃ©es.
Transactions dans le mÃªme pays dÃ©tectÃ©es.
Transactions dans le mÃªme pays dÃ©tectÃ©es.
Transactions dans le mÃªme pays dÃ©tectÃ©es.
Transactions dans le mÃªme pays dÃ©tectÃ©es.
Transactions dans le mÃªme pays dÃ©tectÃ©es.
Transactions dans le mÃªme pays dÃ©tectÃ©es.
Transactions dans le mÃªme pays dÃ©tectÃ©es.
Transactions dans le mÃªme pays dÃ©tectÃ©es.
Transactions dans le mÃªme pays dÃ©tectÃ©es.
Transactions dans le mÃªme pays dÃ©tectÃ©es.
Transactions dans le mÃªme pays dÃ©tectÃ©es.
Transactions dans le mÃªme pays dÃ©tectÃ©es.
Transactions dans le mÃªme pays dÃ©tectÃ©es.
Transactions dans le mÃªme pays dÃ©tectÃ©es.
Transactions dans le mÃªme pays dÃ©tectÃ©es.
Transactions dans le mÃªme pays dÃ©tectÃ©es.
Transactions dans le mÃªme pays dÃ©tectÃ©es.
Transactions dans le mÃªme pays dÃ©tectÃ©es.
Transactions dans le mÃªme pays dÃ©tectÃ©es.
Transactions dans le mÃªme pays dÃ©tectÃ©es.
Transactions dans le mÃªme pays dÃ©tectÃ©es.
Transactions dans le mÃªme pays dÃ©tectÃ©es.
Transactions dans le mÃªme pays dÃ©tectÃ©es.
Transactions dans le mÃªme pays dÃ©tectÃ©es.
Transactions dans le mÃªme pays dÃ©tectÃ©es.
Transactions dans le mÃªme pays dÃ©tectÃ©es.
Transactions dans le mÃªme pays dÃ©tectÃ©es.
Transactions dans le mÃªme pays dÃ©tectÃ©es.
Transactions dans le mÃªme pays dÃ©tectÃ©es.
Transactions dans le mÃªme pays dÃ©tectÃ©es.
Transactions dans le mÃªme pays dÃ©tectÃ©es.
Transactions dans le mÃªme pays dÃ©tectÃ©es.
Transactions dans le mÃªme pays dÃ©tectÃ©es.
Transactions dans le mÃªme pays dÃ©tectÃ©es.
Transactions dans le mÃªme pays dÃ©tectÃ©es.
Transactions dans le mÃªme pays dÃ©tectÃ©es.
Transactions dans le mÃªme pays dÃ©tectÃ©es.
Transactions dans le mÃªme pays dÃ©tectÃ©es.
Transactions dans le mÃªme pays dÃ©tectÃ©es.
Transactions dans le mÃªme pays dÃ©tectÃ©es.
Transactions dans le mÃªme pays dÃ©tectÃ©es.
Transactions dans le mÃªme pays dÃ©tectÃ©es.
Transactions dans le mÃªme pays dÃ©tectÃ©es.
Transactions dans le mÃªme pays dÃ©tectÃ©es.
Transactions dans le mÃªme pays dÃ©tectÃ©es.
Transactions dans le mÃªme pays dÃ©tectÃ©es.
Transactions dans le mÃªme pays dÃ©tectÃ©es.
Transactions dans le mÃªme pays dÃ©tectÃ©es.
Transactions dans le mÃªme pays dÃ©tectÃ©es.
Transactions dans le mÃªme pays dÃ©tectÃ©es.
Transactions dans le mÃªme pays dÃ©tectÃ©es.
Transactions dans le mÃªme pays dÃ©tectÃ©es.
Transactions dans le mÃªme pays dÃ©tectÃ©es.
Transactions dans le mÃªme pays dÃ©tectÃ©es.
Transactions dans le mÃªme pays dÃ©tectÃ©es.
Transactions dans le mÃªme pays dÃ©tectÃ©es.
Transactions dans le mÃªme pays dÃ©tectÃ©es.
Transactions dans le mÃªme pays dÃ©tectÃ©es.
Transactions dans le mÃªme pays dÃ©tectÃ©es.
Transactions dans le mÃªme pays dÃ©tectÃ©es.
Transactions dans le mÃªme pays dÃ©tectÃ©es.
Transactions dans le mÃªme pays dÃ©tectÃ©es.
Transactions dans le mÃªme pays dÃ©tectÃ©es.
Transactions dans le mÃªme pays dÃ©tectÃ©es.
Transactions dans le mÃªme pays dÃ©tectÃ©es.
Transactions dans le mÃªme pays dÃ©tectÃ©es.
Transactions dans le mÃªme pays dÃ©tectÃ©es.
Transactions dans le mÃªme pays dÃ©tectÃ©es.
Transactions dans le mÃªme pays dÃ©tectÃ©es.
Transactions dans le mÃªme pays dÃ©tectÃ©es.
Transactions dans le mÃªme pays dÃ©tectÃ©es.
Transactions dans le mÃªme pays dÃ©tectÃ©es.
Transactions dans le mÃªme pays dÃ©tectÃ©es.
Transactions dans le mÃªme pays dÃ©tectÃ©es.
Transactions dans le mÃªme pays dÃ©tectÃ©es.
Transactions dans le mÃªme pays dÃ©tectÃ©es.
Transactions dans le mÃªme pays dÃ©tectÃ©es.
Transactions dans le mÃªme pays dÃ©tectÃ©es.
Transactions dans le mÃªme pays dÃ©tectÃ©es.
Transactions dans le mÃªme pays dÃ©tectÃ©es.
Transactions dans le mÃªme pays dÃ©tectÃ©es.
Transactions dans le mÃªme pays dÃ©tectÃ©es.
Transactions dans le mÃªme pays dÃ©tectÃ©es.
Transactions dans le mÃªme pays dÃ©tectÃ©es.
Transactions dans le mÃªme pays dÃ©tectÃ©es.
Transactions dans le mÃªme pays dÃ©tectÃ©es.
Transactions dans le mÃªme pays dÃ©tectÃ©es.
Transactions dans le mÃªme pays dÃ©tectÃ©es.
Transactions dans le mÃªme pays dÃ©tectÃ©es.
Transactions dans le mÃªme pays dÃ©tectÃ©es.
Transactions dans le mÃªme pays dÃ©tectÃ©es.
Transactions dans le mÃªme pays dÃ©tectÃ©es.
Transactions dans le mÃªme pays dÃ©tectÃ©es.
Transactions dans le mÃªme pays dÃ©tectÃ©es.
Transactions dans le mÃªme pays dÃ©tectÃ©es.
Transactions dans le mÃªme pays dÃ©tectÃ©es.
Transactions dans le mÃªme pays dÃ©tectÃ©es.
Transactions dans le mÃªme pays dÃ©tectÃ©es.
Transactions dans le mÃªme pays dÃ©tectÃ©es.
Transactions dans le mÃªme pays dÃ©tectÃ©es.
Transactions dans le mÃªme pays dÃ©tectÃ©es.
Transactions dans le mÃªme pays dÃ©tectÃ©es.
Transactions dans le mÃªme pays dÃ©tectÃ©es.
Transactions dans le mÃªme pays dÃ©tectÃ©es.
Transactions dans le mÃªme pays dÃ©tectÃ©es.
Transactions dans le mÃªme pays dÃ©tectÃ©es.
Transactions dans le mÃªme pays dÃ©tectÃ©es.
Transactions dans le mÃªme pays dÃ©tectÃ©es.
Transactions dans le mÃªme pays dÃ©tectÃ©es.
Transactions dans le mÃªme pays dÃ©tectÃ©es.
Transactions dans le mÃªme pays dÃ©tectÃ©es.
Transactions dans le mÃªme pays dÃ©tectÃ©es.
Transactions dans le mÃªme pays dÃ©tectÃ©es.
Transactions dans le mÃªme pays dÃ©tectÃ©es.
Transactions dans le mÃªme pays dÃ©tectÃ©es.
Transactions dans le mÃªme pays dÃ©tectÃ©es.
Transactions dans le mÃªme pays dÃ©tectÃ©es.
Transactions dans le mÃªme pays dÃ©tectÃ©es.
Transactions dans le mÃªme pays dÃ©tectÃ©es.
Transactions dans le mÃªme pays dÃ©tectÃ©es.
Transactions dans le mÃªme pays dÃ©tectÃ©es.
Transactions dans le mÃªme pays dÃ©tectÃ©es.
Transactions dans le mÃªme pays dÃ©tectÃ©es.
Transactions dans le mÃªme pays dÃ©tectÃ©es.
Transactions dans le mÃªme pays dÃ©tectÃ©es.
Transactions dans le mÃªme pays dÃ©tectÃ©es.
Transactions dans le mÃªme pays dÃ©tectÃ©es.
Transactions dans le mÃªme pays dÃ©tectÃ©es.
Transactions dans le mÃªme pays dÃ©tectÃ©es.
Transactions dans le mÃªme pays dÃ©tectÃ©es.
Transactions dans le mÃªme pays dÃ©tectÃ©es.
Transactions dans le mÃªme pays dÃ©tectÃ©es.
Transactions dans le mÃªme pays dÃ©tectÃ©es.
Transactions dans le mÃªme pays dÃ©tectÃ©es.
Transactions dans le mÃªme pays dÃ©tectÃ©es.
Transactions dans le mÃªme pays dÃ©tectÃ©es.
Transactions dans le mÃªme pays dÃ©tectÃ©es.
Transactions dans le mÃªme pays dÃ©tectÃ©es.
Transactions dans le mÃªme pays dÃ©tectÃ©es.
Transactions dans le mÃªme pays dÃ©tectÃ©es.
Transactions dans le mÃªme pays dÃ©tectÃ©es.
Transactions dans le mÃªme pays dÃ©tectÃ©es.
Transactions dans le mÃªme pays dÃ©tectÃ©es.
Transactions dans le mÃªme pays dÃ©tectÃ©es.
Transactions dans le mÃªme pays dÃ©tectÃ©es.
Transactions dans le mÃªme pays dÃ©tectÃ©es.
Transactions dans le mÃªme pays dÃ©tectÃ©es.
Transactions dans le mÃªme pays dÃ©tectÃ©es.
Transactions dans le mÃªme pays dÃ©tectÃ©es.
Transactions dans le mÃªme pays dÃ©tectÃ©es.
Transactions dans le mÃªme pays dÃ©tectÃ©es.
Transactions dans le mÃªme pays dÃ©tectÃ©es.
Transactions dans le mÃªme pays dÃ©tectÃ©es.
Transactions dans le mÃªme pays dÃ©tectÃ©es.
Transactions dans le mÃªme pays dÃ©tectÃ©es.
Transactions dans le mÃªme pays dÃ©tectÃ©es.
Transactions dans le mÃªme pays dÃ©tectÃ©es.
Transactions dans le mÃªme pays dÃ©tectÃ©es.
Transactions dans le mÃªme pays dÃ©tectÃ©es.
Transactions dans le mÃªme pays dÃ©tectÃ©es.
Transactions dans le mÃªme pays dÃ©tectÃ©es.
Transactions dans le mÃªme pays dÃ©tectÃ©es.
Transactions dans le mÃªme pays dÃ©tectÃ©es.
Transactions dans le mÃªme pays dÃ©tectÃ©es.
Transactions dans le mÃªme pays dÃ©tectÃ©es.
Transactions dans le mÃªme pays dÃ©tectÃ©es.
Transactions dans le mÃªme pays dÃ©tectÃ©es.
Transactions dans le mÃªme pays dÃ©tectÃ©es.
Transactions dans le mÃªme pays dÃ©tectÃ©es.
Transactions dans le mÃªme pays dÃ©tectÃ©es.
Transactions dans le mÃªme pays dÃ©tectÃ©es.
Transactions dans le mÃªme pays dÃ©tectÃ©es.
Transactions dans le mÃªme pays dÃ©tectÃ©es.
Transactions dans le mÃªme pays dÃ©tectÃ©es.
Transactions dans le mÃªme pays dÃ©tectÃ©es.
Transactions dans le mÃªme pays dÃ©tectÃ©es.
Transactions dans le mÃªme pays dÃ©tectÃ©es.
Transactions dans le mÃªme pays dÃ©tectÃ©es.
Transactions dans le mÃªme pays dÃ©tectÃ©es.
Transactions dans le mÃªme pays dÃ©tectÃ©es.
Transactions dans le mÃªme pays dÃ©tectÃ©es.
Transactions dans le mÃªme pays dÃ©tectÃ©es.
Transactions dans le mÃªme pays dÃ©tectÃ©es.
Transactions dans le mÃªme pays dÃ©tectÃ©es.
Transactions dans le mÃªme pays dÃ©tectÃ©es.
Transactions dans le mÃªme pays dÃ©tectÃ©es.
Transactions dans le mÃªme pays dÃ©tectÃ©es.
Transactions dans le mÃªme pays dÃ©tectÃ©es.
Transactions dans le mÃªme pays dÃ©tectÃ©es.
Transactions dans le mÃªme pays dÃ©tectÃ©es.
Transactions dans le mÃªme pays dÃ©tectÃ©es.
Transactions dans le mÃªme pays dÃ©tectÃ©es.
Transactions dans le mÃªme pays dÃ©tectÃ©es.
Transactions dans le mÃªme pays dÃ©tectÃ©es.
Transactions dans le mÃªme pays dÃ©tectÃ©es.
Transactions dans le mÃªme pays dÃ©tectÃ©es.
Transactions dans le mÃªme pays dÃ©tectÃ©es.
Transactions dans le mÃªme pays dÃ©tectÃ©es.
Transactions dans le mÃªme pays dÃ©tectÃ©es.
Transactions dans le mÃªme pays dÃ©tectÃ©es.
Transactions dans le mÃªme pays dÃ©tectÃ©es.
Transactions dans le mÃªme pays dÃ©tectÃ©es.
Transactions dans le mÃªme pays dÃ©tectÃ©es.
Transactions dans le mÃªme pays dÃ©tectÃ©es.
Transactions dans le mÃªme pays dÃ©tectÃ©es.
Transactions dans le mÃªme pays dÃ©tectÃ©es.
Transactions dans le mÃªme pays dÃ©tectÃ©es.
Transactions dans le mÃªme pays dÃ©tectÃ©es.
Transactions dans le mÃªme pays dÃ©tectÃ©es.
Transactions dans le mÃªme pays dÃ©tectÃ©es.
Transactions dans le mÃªme pays dÃ©tectÃ©es.
Transactions dans le mÃªme pays dÃ©tectÃ©es.
Transactions dans le mÃªme pays dÃ©tectÃ©es.
Transactions dans le mÃªme pays dÃ©tectÃ©es.
Transactions dans le mÃªme pays dÃ©tectÃ©es.
Transactions dans le mÃªme pays dÃ©tectÃ©es.
Transactions dans le mÃªme pays dÃ©tectÃ©es.
Transactions dans le mÃªme pays dÃ©tectÃ©es.
Transactions dans le mÃªme pays dÃ©tectÃ©es.
Transactions dans le mÃªme pays dÃ©tectÃ©es.
Transactions dans le mÃªme pays dÃ©tectÃ©es.
Transactions dans le mÃªme pays dÃ©tectÃ©es.
Transactions dans le mÃªme pays dÃ©tectÃ©es.
Transactions dans le mÃªme pays dÃ©tectÃ©es.
Transactions dans le mÃªme pays dÃ©tectÃ©es.
Transactions dans le mÃªme pays dÃ©tectÃ©es.
Transactions dans le mÃªme pays dÃ©tectÃ©es.
Transactions dans le mÃªme pays dÃ©tectÃ©es.
Transactions dans le mÃªme pays dÃ©tectÃ©es.
Transactions dans le mÃªme pays dÃ©tectÃ©es.
Transactions dans le mÃªme pays dÃ©tectÃ©es.
Transactions dans le mÃªme pays dÃ©tectÃ©es.
Transactions dans le mÃªme pays dÃ©tectÃ©es.
Transactions dans le mÃªme pays dÃ©tectÃ©es.
Transactions dans le mÃªme pays dÃ©tectÃ©es.
Transactions dans le mÃªme pays dÃ©tectÃ©es.
Transactions dans le mÃªme pays dÃ©tectÃ©es.
Transactions dans le mÃªme pays dÃ©tectÃ©es.
Transactions dans le mÃªme pays dÃ©tectÃ©es.
Transactions dans le mÃªme pays dÃ©tectÃ©es.
Transactions dans le mÃªme pays dÃ©tectÃ©es.
Transactions dans le mÃªme pays dÃ©tectÃ©es.
Transactions dans le mÃªme pays dÃ©tectÃ©es.
Transactions dans le mÃªme pays dÃ©tectÃ©es.
Transactions dans le mÃªme pays dÃ©tectÃ©es.
Transactions dans le mÃªme pays dÃ©tectÃ©es.
Transactions dans le mÃªme pays dÃ©tectÃ©es.
Transactions dans le mÃªme pays dÃ©tectÃ©es.
Transactions dans le mÃªme pays dÃ©tectÃ©es.
Transactions dans le mÃªme pays dÃ©tectÃ©es.
Transactions dans le mÃªme pays dÃ©tectÃ©es.
Transactions dans le mÃªme pays dÃ©tectÃ©es.
Transactions dans le mÃªme pays dÃ©tectÃ©es.
Transactions dans le mÃªme pays dÃ©tectÃ©es.
Transactions dans le mÃªme pays dÃ©tectÃ©es.
Transactions dans le mÃªme pays dÃ©tectÃ©es.
Transactions dans le mÃªme pays dÃ©tectÃ©es.
Transactions dans le mÃªme pays dÃ©tectÃ©es.
Transactions dans le mÃªme pays dÃ©tectÃ©es.
Transactions dans le mÃªme pays dÃ©tectÃ©es.
Transactions dans le mÃªme pays dÃ©tectÃ©es.
Transactions dans le mÃªme pays dÃ©tectÃ©es.
Transactions dans le mÃªme pays dÃ©tectÃ©es.
Transactions dans le mÃªme pays dÃ©tectÃ©es.
Transactions dans le mÃªme pays dÃ©tectÃ©es.
Transactions dans le mÃªme pays dÃ©tectÃ©es.
Transactions dans le mÃªme pays dÃ©tectÃ©es.
Transactions dans le mÃªme pays dÃ©tectÃ©es.
Transactions dans le mÃªme pays dÃ©tectÃ©es.
Transactions dans le mÃªme pays dÃ©tectÃ©es.
Transactions dans le mÃªme pays dÃ©tectÃ©es.
Transactions dans le mÃªme pays dÃ©tectÃ©es.
Transactions dans le mÃªme pays dÃ©tectÃ©es.
Transactions dans le mÃªme pays dÃ©tectÃ©es.
Transactions dans le mÃªme pays dÃ©tectÃ©es.
Transactions dans le mÃªme pays dÃ©tectÃ©es.
Transactions dans le mÃªme pays dÃ©tectÃ©es.
Transactions dans le mÃªme pays dÃ©tectÃ©es.
Transactions dans le mÃªme pays dÃ©tectÃ©es.
Transactions dans le mÃªme pays dÃ©tectÃ©es.
Transactions dans le mÃªme pays dÃ©tectÃ©es.
Transactions dans le mÃªme pays dÃ©tectÃ©es.
Transactions dans le mÃªme pays dÃ©tectÃ©es.
Transactions dans le mÃªme pays dÃ©tectÃ©es.
Transactions dans le mÃªme pays dÃ©tectÃ©es.
Transactions dans le mÃªme pays dÃ©tectÃ©es.
Transactions dans le mÃªme pays dÃ©tectÃ©es.
Transactions dans le mÃªme pays dÃ©tectÃ©es.
Transactions dans le mÃªme pays dÃ©tectÃ©es.
Transactions dans le mÃªme pays dÃ©tectÃ©es.
Transactions dans le mÃªme pays dÃ©tectÃ©es.
Transactions dans le mÃªme pays dÃ©tectÃ©es.
Transactions dans le mÃªme pays dÃ©tectÃ©es.
Transactions dans le mÃªme pays dÃ©tectÃ©es.
Transactions dans le mÃªme pays dÃ©tectÃ©es.
Transactions dans le mÃªme pays dÃ©tectÃ©es.
Transactions dans le mÃªme pays dÃ©tectÃ©es.
Transactions dans le mÃªme pays dÃ©tectÃ©es.
Transactions dans le mÃªme pays dÃ©tectÃ©es.
Transactions dans le mÃªme pays dÃ©tectÃ©es.
Transactions dans le mÃªme pays dÃ©tectÃ©es.
Transactions dans le mÃªme pays dÃ©tectÃ©es.
Transactions dans le mÃªme pays dÃ©tectÃ©es.
Transactions dans le mÃªme pays dÃ©tectÃ©es.
Transactions dans le mÃªme pays dÃ©tectÃ©es.
Transactions dans le mÃªme pays dÃ©tectÃ©es.
Transactions dans le mÃªme pays dÃ©tectÃ©es.
Transactions dans le mÃªme pays dÃ©tectÃ©es.
Transactions dans le mÃªme pays dÃ©tectÃ©es.
Transactions dans le mÃªme pays dÃ©tectÃ©es.
Transactions dans le mÃªme pays dÃ©tectÃ©es.
Transactions dans le mÃªme pays dÃ©tectÃ©es.
Transactions dans le mÃªme pays dÃ©tectÃ©es.
Transactions dans le mÃªme pays dÃ©tectÃ©es.
Transactions dans le mÃªme pays dÃ©tectÃ©es.
Transactions dans le mÃªme pays dÃ©tectÃ©es.
Transactions dans le mÃªme pays dÃ©tectÃ©es.
Transactions dans le mÃªme pays dÃ©tectÃ©es.
Transactions dans le mÃªme pays dÃ©tectÃ©es.
Transactions dans le mÃªme pays dÃ©tectÃ©es.
Transactions dans le mÃªme pays dÃ©tectÃ©es.
Transactions dans le mÃªme pays dÃ©tectÃ©es.
Transactions dans le mÃªme pays dÃ©tectÃ©es.
Transactions dans le mÃªme pays dÃ©tectÃ©es.
Transactions dans le mÃªme pays dÃ©tectÃ©es.
Transactions dans le mÃªme pays dÃ©tectÃ©es.
Transactions dans le mÃªme pays dÃ©tectÃ©es.
Transactions dans le mÃªme pays dÃ©tectÃ©es.
Transactions dans le mÃªme pays dÃ©tectÃ©es.
Transactions dans le mÃªme pays dÃ©tectÃ©es.
Transactions dans le mÃªme pays dÃ©tectÃ©es.
Transactions dans le mÃªme pays dÃ©tectÃ©es.
Transactions dans le mÃªme pays dÃ©tectÃ©es.
Transactions dans le mÃªme pays dÃ©tectÃ©es.
Transactions dans le mÃªme pays dÃ©tectÃ©es.
Transactions dans le mÃªme pays dÃ©tectÃ©es.
Transactions dans le mÃªme pays dÃ©tectÃ©es.
Transactions dans le mÃªme pays dÃ©tectÃ©es.
Transactions dans le mÃªme pays dÃ©tectÃ©es.
Transactions dans le mÃªme pays dÃ©tectÃ©es.
Transactions dans le mÃªme pays dÃ©tectÃ©es.
Transactions dans le mÃªme pays dÃ©tectÃ©es.
Transactions dans le mÃªme pays dÃ©tectÃ©es.
Transactions dans le mÃªme pays dÃ©tectÃ©es.
Transactions dans le mÃªme pays dÃ©tectÃ©es.
Transactions dans le mÃªme pays dÃ©tectÃ©es.
Transactions dans le mÃªme pays dÃ©tectÃ©es.
Transactions dans le mÃªme pays dÃ©tectÃ©es.
Transactions dans le mÃªme pays dÃ©tectÃ©es.
Transactions dans le mÃªme pays dÃ©tectÃ©es.
Transactions dans le mÃªme pays dÃ©tectÃ©es.
Transactions dans le mÃªme pays dÃ©tectÃ©es.
Transactions dans le mÃªme pays dÃ©tectÃ©es.
Transactions dans le mÃªme pays dÃ©tectÃ©es.
Transactions dans le mÃªme pays dÃ©tectÃ©es.
Transactions dans le mÃªme pays dÃ©tectÃ©es.
Transactions dans le mÃªme pays dÃ©tectÃ©es.
Transactions dans le mÃªme pays dÃ©tectÃ©es.
Transactions dans le mÃªme pays dÃ©tectÃ©es.
Transactions dans le mÃªme pays dÃ©tectÃ©es.
Transactions dans le mÃªme pays dÃ©tectÃ©es.
Transactions dans le mÃªme pays dÃ©tectÃ©es.
Transactions dans le mÃªme pays dÃ©tectÃ©es.
Transactions dans le mÃªme pays dÃ©tectÃ©es.
Transactions dans le mÃªme pays dÃ©tectÃ©es.
Transactions dans le mÃªme pays dÃ©tectÃ©es.
Transactions dans le mÃªme pays dÃ©tectÃ©es.
Transactions dans le mÃªme pays dÃ©tectÃ©es.
Transactions dans le mÃªme pays dÃ©tectÃ©es.
Transactions dans le mÃªme pays dÃ©tectÃ©es.
Transactions dans le mÃªme pays dÃ©tectÃ©es.
Transactions dans le mÃªme pays dÃ©tectÃ©es.
Transactions dans le mÃªme pays dÃ©tectÃ©es.
Transactions dans le mÃªme pays dÃ©tectÃ©es.
Transactions dans le mÃªme pays dÃ©tectÃ©es.
Transactions dans le mÃªme pays dÃ©tectÃ©es.
Transactions dans le mÃªme pays dÃ©tectÃ©es.
Transactions dans le mÃªme pays dÃ©tectÃ©es.
Transactions dans le mÃªme pays dÃ©tectÃ©es.
Transactions dans le mÃªme pays dÃ©tectÃ©es.
Transactions dans le mÃªme pays dÃ©tectÃ©es.
Transactions dans le mÃªme pays dÃ©tectÃ©es.
Transactions dans le mÃªme pays dÃ©tectÃ©es.
Transactions dans le mÃªme pays dÃ©tectÃ©es.
Transactions dans le mÃªme pays dÃ©tectÃ©es.
Transactions dans le mÃªme pays dÃ©tectÃ©es.
Transactions dans le mÃªme pays dÃ©tectÃ©es.
Transactions dans le mÃªme pays dÃ©tectÃ©es.
Transactions dans le mÃªme pays dÃ©tectÃ©es.
Transactions dans le mÃªme pays dÃ©tectÃ©es.
Transactions dans le mÃªme pays dÃ©tectÃ©es.
Transactions dans le mÃªme pays dÃ©tectÃ©es.
Transactions dans le mÃªme pays dÃ©tectÃ©es.
Transactions dans le mÃªme pays dÃ©tectÃ©es.
Transactions dans le mÃªme pays dÃ©tectÃ©es.
Transactions dans le mÃªme pays dÃ©tectÃ©es.
Transactions dans le mÃªme pays dÃ©tectÃ©es.
Transactions dans le mÃªme pays dÃ©tectÃ©es.
Transactions dans le mÃªme pays dÃ©tectÃ©es.
Transactions dans le mÃªme pays dÃ©tectÃ©es.
Transactions dans le mÃªme pays dÃ©tectÃ©es.
Transactions dans le mÃªme pays dÃ©tectÃ©es.
Transactions dans le mÃªme pays dÃ©tectÃ©es.
Transactions dans le mÃªme pays dÃ©tectÃ©es.
Transactions dans le mÃªme pays dÃ©tectÃ©es.
Transactions dans le mÃªme pays dÃ©tectÃ©es.
Transactions dans le mÃªme pays dÃ©tectÃ©es.
Transactions dans le mÃªme pays dÃ©tectÃ©es.
Transactions dans le mÃªme pays dÃ©tectÃ©es.
Transactions dans le mÃªme pays dÃ©tectÃ©es.
Transactions dans le mÃªme pays dÃ©tectÃ©es.
Transactions dans le mÃªme pays dÃ©tectÃ©es.
Transactions dans le mÃªme pays dÃ©tectÃ©es.
Transactions dans le mÃªme pays dÃ©tectÃ©es.
Transactions dans le mÃªme pays dÃ©tectÃ©es.
Transactions dans le mÃªme pays dÃ©tectÃ©es.
Transactions dans le mÃªme pays dÃ©tectÃ©es.
Transactions dans le mÃªme pays dÃ©tectÃ©es.
Transactions dans le mÃªme pays dÃ©tectÃ©es.
Transactions dans le mÃªme pays dÃ©tectÃ©es.
Transactions dans le mÃªme pays dÃ©tectÃ©es.
Transactions dans le mÃªme pays dÃ©tectÃ©es.
Transactions dans le mÃªme pays dÃ©tectÃ©es.
Transactions dans le mÃªme pays dÃ©tectÃ©es.
Transactions dans le mÃªme pays dÃ©tectÃ©es.
Transactions dans le mÃªme pays dÃ©tectÃ©es.
Transactions dans le mÃªme pays dÃ©tectÃ©es.
Transactions dans le mÃªme pays dÃ©tectÃ©es.
Transactions dans le mÃªme pays dÃ©tectÃ©es.
Transactions dans le mÃªme pays dÃ©tectÃ©es.
Transactions dans le mÃªme pays dÃ©tectÃ©es.
Transactions dans le mÃªme pays dÃ©tectÃ©es.
Transactions dans le mÃªme pays dÃ©tectÃ©es.
Transactions dans le mÃªme pays dÃ©tectÃ©es.
Transactions dans le mÃªme pays dÃ©tectÃ©es.
Transactions dans le mÃªme pays dÃ©tectÃ©es.
Transactions dans le mÃªme pays dÃ©tectÃ©es.
Transactions dans le mÃªme pays dÃ©tectÃ©es.
Transactions dans le mÃªme pays dÃ©tectÃ©es.
Transactions dans le mÃªme pays dÃ©tectÃ©es.
Transactions dans le mÃªme pays dÃ©tectÃ©es.
Transactions dans le mÃªme pays dÃ©tectÃ©es.
Transactions dans le mÃªme pays dÃ©tectÃ©es.
Transactions dans le mÃªme pays dÃ©tectÃ©es.
Transactions dans le mÃªme pays dÃ©tectÃ©es.
Transactions dans le mÃªme pays dÃ©tectÃ©es.
Transactions dans le mÃªme pays dÃ©tectÃ©es.
Transactions dans le mÃªme pays dÃ©tectÃ©es.
Transactions dans le mÃªme pays dÃ©tectÃ©es.
Transactions dans le mÃªme pays dÃ©tectÃ©es.
Transactions dans le mÃªme pays dÃ©tectÃ©es.
Transactions dans le mÃªme pays dÃ©tectÃ©es.
Transactions dans le mÃªme pays dÃ©tectÃ©es.
Transactions dans le mÃªme pays dÃ©tectÃ©es.
Transactions dans le mÃªme pays dÃ©tectÃ©es.
Transactions dans le mÃªme pays dÃ©tectÃ©es.
Transactions dans le mÃªme pays dÃ©tectÃ©es.
Transactions dans le mÃªme pays dÃ©tectÃ©es.
Transactions dans le mÃªme pays dÃ©tectÃ©es.
Transactions dans le mÃªme pays dÃ©tectÃ©es.
Transactions dans le mÃªme pays dÃ©tectÃ©es.
Transactions dans le mÃªme pays dÃ©tectÃ©es.
Transactions dans le mÃªme pays dÃ©tectÃ©es.
Transactions dans le mÃªme pays dÃ©tectÃ©es.
Transactions dans le mÃªme pays dÃ©tectÃ©es.
Transactions dans le mÃªme pays dÃ©tectÃ©es.
Transactions dans le mÃªme pays dÃ©tectÃ©es.
Transactions dans le mÃªme pays dÃ©tectÃ©es.
Transactions dans le mÃªme pays dÃ©tectÃ©es.
Transactions dans le mÃªme pays dÃ©tectÃ©es.
Transactions dans le mÃªme pays dÃ©tectÃ©es.
Transactions dans le mÃªme pays dÃ©tectÃ©es.
Transactions dans le mÃªme pays dÃ©tectÃ©es.
Transactions dans le mÃªme pays dÃ©tectÃ©es.
Transactions dans le mÃªme pays dÃ©tectÃ©es.
Transactions dans le mÃªme pays dÃ©tectÃ©es.
Transactions dans le mÃªme pays dÃ©tectÃ©es.
Transactions dans le mÃªme pays dÃ©tectÃ©es.
Transactions dans le mÃªme pays dÃ©tectÃ©es.
Transactions dans le mÃªme pays dÃ©tectÃ©es.
Transactions dans le mÃªme pays dÃ©tectÃ©es.
Transactions dans le mÃªme pays dÃ©tectÃ©es.
Transactions dans le mÃªme pays dÃ©tectÃ©es.
Transactions dans le mÃªme pays dÃ©tectÃ©es.
Transactions dans le mÃªme pays dÃ©tectÃ©es.
Transactions dans le mÃªme pays dÃ©tectÃ©es.
Transactions dans le mÃªme pays dÃ©tectÃ©es.
Transactions dans le mÃªme pays dÃ©tectÃ©es.
Transactions dans le mÃªme pays dÃ©tectÃ©es.
Transactions dans le mÃªme pays dÃ©tectÃ©es.
Transactions dans le mÃªme pays dÃ©tectÃ©es.
Transactions dans le mÃªme pays dÃ©tectÃ©es.
Transactions dans le mÃªme pays dÃ©tectÃ©es.
Transactions dans le mÃªme pays dÃ©tectÃ©es.
Transactions dans le mÃªme pays dÃ©tectÃ©es.
Transactions dans le mÃªme pays dÃ©tectÃ©es.
Transactions dans le mÃªme pays dÃ©tectÃ©es.
Transactions dans le mÃªme pays dÃ©tectÃ©es.
Transactions dans le mÃªme pays dÃ©tectÃ©es.
Transactions dans le mÃªme pays dÃ©tectÃ©es.
Transactions dans le mÃªme pays dÃ©tectÃ©es.
Transactions dans le mÃªme pays dÃ©tectÃ©es.
Transactions dans le mÃªme pays dÃ©tectÃ©es.
Transactions dans le mÃªme pays dÃ©tectÃ©es.
Transactions dans le mÃªme pays dÃ©tectÃ©es.
Transactions dans le mÃªme pays dÃ©tectÃ©es.
Transactions dans le mÃªme pays dÃ©tectÃ©es.
Transactions dans le mÃªme pays dÃ©tectÃ©es.
Transactions dans le mÃªme pays dÃ©tectÃ©es.
Transactions dans le mÃªme pays dÃ©tectÃ©es.
Transactions dans le mÃªme pays dÃ©tectÃ©es.
Transactions dans le mÃªme pays dÃ©tectÃ©es.
Transactions dans le mÃªme pays dÃ©tectÃ©es.
Transactions dans le mÃªme pays dÃ©tectÃ©es.
Transactions dans le mÃªme pays dÃ©tectÃ©es.
Transactions dans le mÃªme pays dÃ©tectÃ©es.
Transactions dans le mÃªme pays dÃ©tectÃ©es.
Transactions dans le mÃªme pays dÃ©tectÃ©es.
Transactions dans le mÃªme pays dÃ©tectÃ©es.
Transactions dans le mÃªme pays dÃ©tectÃ©es.
Transactions dans le mÃªme pays dÃ©tectÃ©es.
Transactions dans le mÃªme pays dÃ©tectÃ©es.
Transactions dans le mÃªme pays dÃ©tectÃ©es.
Transactions dans le mÃªme pays dÃ©tectÃ©es.
Transactions dans le mÃªme pays dÃ©tectÃ©es.
Transactions dans le mÃªme pays dÃ©tectÃ©es.
Transactions dans le mÃªme pays dÃ©tectÃ©es.
Transactions dans le mÃªme pays dÃ©tectÃ©es.
Transactions dans le mÃªme pays dÃ©tectÃ©es.
Transactions dans le mÃªme pays dÃ©tectÃ©es.
Transactions dans le mÃªme pays dÃ©tectÃ©es.
Transactions dans le mÃªme pays dÃ©tectÃ©es.
Transactions dans le mÃªme pays dÃ©tectÃ©es.
Transactions dans le mÃªme pays dÃ©tectÃ©es.
Transactions dans le mÃªme pays dÃ©tectÃ©es.
Transactions dans le mÃªme pays dÃ©tectÃ©es.
Transactions dans le mÃªme pays dÃ©tectÃ©es.
Transactions dans le mÃªme pays dÃ©tectÃ©es.
Transactions dans le mÃªme pays dÃ©tectÃ©es.
Transactions dans le mÃªme pays dÃ©tectÃ©es.
Transactions dans le mÃªme pays dÃ©tectÃ©es.
Transactions dans le mÃªme pays dÃ©tectÃ©es.
Transactions dans le mÃªme pays dÃ©tectÃ©es.
Transactions dans le mÃªme pays dÃ©tectÃ©es.
Transactions dans le mÃªme pays dÃ©tectÃ©es.
Transactions dans le mÃªme pays dÃ©tectÃ©es.
Transactions dans le mÃªme pays dÃ©tectÃ©es.
Transactions dans le mÃªme pays dÃ©tectÃ©es.
Transactions dans le mÃªme pays dÃ©tectÃ©es.
Transactions dans le mÃªme pays dÃ©tectÃ©es.
Transactions dans le mÃªme pays dÃ©tectÃ©es.
Transactions dans le mÃªme pays dÃ©tectÃ©es.
Transactions dans le mÃªme pays dÃ©tectÃ©es.
Transactions dans le mÃªme pays dÃ©tectÃ©es.
Transactions dans le mÃªme pays dÃ©tectÃ©es.
Transactions dans le mÃªme pays dÃ©tectÃ©es.
Transactions dans le mÃªme pays dÃ©tectÃ©es.
Transactions dans le mÃªme pays dÃ©tectÃ©es.
Transactions dans le mÃªme pays dÃ©tectÃ©es.
Transactions dans le mÃªme pays dÃ©tectÃ©es.
Transactions dans le mÃªme pays dÃ©tectÃ©es.
Transactions dans le mÃªme pays dÃ©tectÃ©es.
Transactions dans le mÃªme pays dÃ©tectÃ©es.
Transactions dans le mÃªme pays dÃ©tectÃ©es.
Transactions dans le mÃªme pays dÃ©tectÃ©es.
Transactions dans le mÃªme pays dÃ©tectÃ©es.
Transactions dans le mÃªme pays dÃ©tectÃ©es.
Transactions dans le mÃªme pays dÃ©tectÃ©es.
Transactions dans le mÃªme pays dÃ©tectÃ©es.
Transactions dans le mÃªme pays dÃ©tectÃ©es.
Transactions dans le mÃªme pays dÃ©tectÃ©es.
Transactions dans le mÃªme pays dÃ©tectÃ©es.
Transactions dans le mÃªme pays dÃ©tectÃ©es.
Transactions dans le mÃªme pays dÃ©tectÃ©es.
Transactions dans le mÃªme pays dÃ©tectÃ©es.
Transactions dans le mÃªme pays dÃ©tectÃ©es.
Transactions dans le mÃªme pays dÃ©tectÃ©es.
Transactions dans le mÃªme pays dÃ©tectÃ©es.
Transactions dans le mÃªme pays dÃ©tectÃ©es.
Transactions dans le mÃªme pays dÃ©tectÃ©es.
Transactions dans le mÃªme pays dÃ©tectÃ©es.
Transactions dans le mÃªme pays dÃ©tectÃ©es.
Transactions dans le mÃªme pays dÃ©tectÃ©es.
Transactions dans le mÃªme pays dÃ©tectÃ©es.
Transactions dans le mÃªme pays dÃ©tectÃ©es.
Transactions dans le mÃªme pays dÃ©tectÃ©es.
Transactions dans le mÃªme pays dÃ©tectÃ©es.
Transactions dans le mÃªme pays dÃ©tectÃ©es.
Transactions dans le mÃªme pays dÃ©tectÃ©es.
Transactions dans le mÃªme pays dÃ©tectÃ©es.
Transactions dans le mÃªme pays dÃ©tectÃ©es.
Transactions dans le mÃªme pays dÃ©tectÃ©es.
Transactions dans le mÃªme pays dÃ©tectÃ©es.
Transactions dans le mÃªme pays dÃ©tectÃ©es.
Transactions dans le mÃªme pays dÃ©tectÃ©es.
Transactions dans le mÃªme pays dÃ©tectÃ©es.
Transactions dans le mÃªme pays dÃ©tectÃ©es.
Transactions dans le mÃªme pays dÃ©tectÃ©es.
Transactions dans le mÃªme pays dÃ©tectÃ©es.
Transactions dans le mÃªme pays dÃ©tectÃ©es.
Transactions dans le mÃªme pays dÃ©tectÃ©es.
Transactions dans le mÃªme pays dÃ©tectÃ©es.
Transactions dans le mÃªme pays dÃ©tectÃ©es.
Transactions dans le mÃªme pays dÃ©tectÃ©es.
Transactions dans le mÃªme pays dÃ©tectÃ©es.
Transactions dans le mÃªme pays dÃ©tectÃ©es.
Transactions dans le mÃªme pays dÃ©tectÃ©es.
Transactions dans le mÃªme pays dÃ©tectÃ©es.
Transactions dans le mÃªme pays dÃ©tectÃ©es.
Transactions dans le mÃªme pays dÃ©tectÃ©es.
Transactions dans le mÃªme pays dÃ©tectÃ©es.
Transactions dans le mÃªme pays dÃ©tectÃ©es.
Transactions dans le mÃªme pays dÃ©tectÃ©es.
Transactions dans le mÃªme pays dÃ©tectÃ©es.
Transactions dans le mÃªme pays dÃ©tectÃ©es.
Transactions dans le mÃªme pays dÃ©tectÃ©es.
Transactions dans le mÃªme pays dÃ©tectÃ©es.
Transactions dans le mÃªme pays dÃ©tectÃ©es.
Transactions dans le mÃªme pays dÃ©tectÃ©es.
Transactions dans le mÃªme pays dÃ©tectÃ©es.
Transactions dans le mÃªme pays dÃ©tectÃ©es.
Transactions dans le mÃªme pays dÃ©tectÃ©es.
Transactions dans le mÃªme pays dÃ©tectÃ©es.
Transactions dans le mÃªme pays dÃ©tectÃ©es.
Transactions dans le mÃªme pays dÃ©tectÃ©es.
Transactions dans le mÃªme pays dÃ©tectÃ©es.
Transactions dans le mÃªme pays dÃ©tectÃ©es.
Transactions dans le mÃªme pays dÃ©tectÃ©es.
Transactions dans le mÃªme pays dÃ©tectÃ©es.
Transactions dans le mÃªme pays dÃ©tectÃ©es.
Transactions dans le mÃªme pays dÃ©tectÃ©es.
Transactions dans le mÃªme pays dÃ©tectÃ©es.
Transactions dans le mÃªme pays dÃ©tectÃ©es.
Transactions dans le mÃªme pays dÃ©tectÃ©es.
Transactions dans le mÃªme pays dÃ©tectÃ©es.
Transactions dans le mÃªme pays dÃ©tectÃ©es.
Transactions dans le mÃªme pays dÃ©tectÃ©es.
Transactions dans le mÃªme pays dÃ©tectÃ©es.
Transactions dans le mÃªme pays dÃ©tectÃ©es.
Transactions dans le mÃªme pays dÃ©tectÃ©es.
Transactions dans le mÃªme pays dÃ©tectÃ©es.
Transactions dans le mÃªme pays dÃ©tectÃ©es.
Transactions dans le mÃªme pays dÃ©tectÃ©es.
Transactions dans le mÃªme pays dÃ©tectÃ©es.
Transactions dans le mÃªme pays dÃ©tectÃ©es.
Transactions dans le mÃªme pays dÃ©tectÃ©es.
Transactions dans le mÃªme pays dÃ©tectÃ©es.
Transactions dans le mÃªme pays dÃ©tectÃ©es.
Transactions dans le mÃªme pays dÃ©tectÃ©es.
Transactions dans le mÃªme pays dÃ©tectÃ©es.
Transactions dans le mÃªme pays dÃ©tectÃ©es.
Transactions dans le mÃªme pays dÃ©tectÃ©es.
Transactions dans le mÃªme pays dÃ©tectÃ©es.
Transactions dans le mÃªme pays dÃ©tectÃ©es.
Transactions dans le mÃªme pays dÃ©tectÃ©es.
Transactions dans le mÃªme pays dÃ©tectÃ©es.
Transactions dans le mÃªme pays dÃ©tectÃ©es.
Transactions dans le mÃªme pays dÃ©tectÃ©es.
Transactions dans le mÃªme pays dÃ©tectÃ©es.
Transactions dans le mÃªme pays dÃ©tectÃ©es.
Transactions dans le mÃªme pays dÃ©tectÃ©es.
Transactions dans le mÃªme pays dÃ©tectÃ©es.
Transactions dans le mÃªme pays dÃ©tectÃ©es.
Transactions dans le mÃªme pays dÃ©tectÃ©es.
Transactions dans le mÃªme pays dÃ©tectÃ©es.
Transactions dans le mÃªme pays dÃ©tectÃ©es.
Transactions dans le mÃªme pays dÃ©tectÃ©es.
Transactions dans le mÃªme pays dÃ©tectÃ©es.
Transactions dans le mÃªme pays dÃ©tectÃ©es.
Transactions dans le mÃªme pays dÃ©tectÃ©es.
Transactions dans le mÃªme pays dÃ©tectÃ©es.
Transactions dans le mÃªme pays dÃ©tectÃ©es.
Transactions dans le mÃªme pays dÃ©tectÃ©es.
Transactions dans le mÃªme pays dÃ©tectÃ©es.
Transactions dans le mÃªme pays dÃ©tectÃ©es.
Transactions dans le mÃªme pays dÃ©tectÃ©es.
Transactions dans le mÃªme pays dÃ©tectÃ©es.
Transactions dans le mÃªme pays dÃ©tectÃ©es.
Transactions dans le mÃªme pays dÃ©tectÃ©es.
Transactions dans le mÃªme pays dÃ©tectÃ©es.
Transactions dans le mÃªme pays dÃ©tectÃ©es.
Transactions dans le mÃªme pays dÃ©tectÃ©es.
Transactions dans le mÃªme pays dÃ©tectÃ©es.
Transactions dans le mÃªme pays dÃ©tectÃ©es.
Transactions dans le mÃªme pays dÃ©tectÃ©es.
Transactions dans le mÃªme pays dÃ©tectÃ©es.
Transactions dans le mÃªme pays dÃ©tectÃ©es.
Transactions dans le mÃªme pays dÃ©tectÃ©es.
Transactions dans le mÃªme pays dÃ©tectÃ©es.
Transactions dans le mÃªme pays dÃ©tectÃ©es.
Transactions dans le mÃªme pays dÃ©tectÃ©es.
Transactions dans le mÃªme pays dÃ©tectÃ©es.
Transactions dans le mÃªme pays dÃ©tectÃ©es.
Transactions dans le mÃªme pays dÃ©tectÃ©es.
Transactions dans le mÃªme pays dÃ©tectÃ©es.
Transactions dans le mÃªme pays dÃ©tectÃ©es.
Transactions dans le mÃªme pays dÃ©tectÃ©es.
Transactions dans le mÃªme pays dÃ©tectÃ©es.
Transactions dans le mÃªme pays dÃ©tectÃ©es.
Transactions dans le mÃªme pays dÃ©tectÃ©es.
Transactions dans le mÃªme pays dÃ©tectÃ©es.
Transactions dans le mÃªme pays dÃ©tectÃ©es.
Transactions dans le mÃªme pays dÃ©tectÃ©es.
Transactions dans le mÃªme pays dÃ©tectÃ©es.
Transactions dans le mÃªme pays dÃ©tectÃ©es.
Transactions dans le mÃªme pays dÃ©tectÃ©es.
Transactions dans le mÃªme pays dÃ©tectÃ©es.
Transactions dans le mÃªme pays dÃ©tectÃ©es.
Transactions dans le mÃªme pays dÃ©tectÃ©es.
Transactions dans le mÃªme pays dÃ©tectÃ©es.
Transactions dans le mÃªme pays dÃ©tectÃ©es.
Transactions dans le mÃªme pays dÃ©tectÃ©es.
Transactions dans le mÃªme pays dÃ©tectÃ©es.
Transactions dans le mÃªme pays dÃ©tectÃ©es.
Transactions dans le mÃªme pays dÃ©tectÃ©es.
Transactions dans le mÃªme pays dÃ©tectÃ©es.
Transactions dans le mÃªme pays dÃ©tectÃ©es.
Transactions dans le mÃªme pays dÃ©tectÃ©es.
Transactions dans le mÃªme pays dÃ©tectÃ©es.
Transactions dans le mÃªme pays dÃ©tectÃ©es.
Transactions dans le mÃªme pays dÃ©tectÃ©es.
Transactions dans le mÃªme pays dÃ©tectÃ©es.
Transactions dans le mÃªme pays dÃ©tectÃ©es.
Transactions dans le mÃªme pays dÃ©tectÃ©es.
Transactions dans le mÃªme pays dÃ©tectÃ©es.
Transactions dans le mÃªme pays dÃ©tectÃ©es.
Transactions dans le mÃªme pays dÃ©tectÃ©es.
Transactions dans le mÃªme pays dÃ©tectÃ©es.
Transactions dans le mÃªme pays dÃ©tectÃ©es.
Transactions dans le mÃªme pays dÃ©tectÃ©es.
Transactions dans le mÃªme pays dÃ©tectÃ©es.
Transactions dans le mÃªme pays dÃ©tectÃ©es.
Transactions dans le mÃªme pays dÃ©tectÃ©es.
Transactions dans le mÃªme pays dÃ©tectÃ©es.
Transactions dans le mÃªme pays dÃ©tectÃ©es.
Transactions dans le mÃªme pays dÃ©tectÃ©es.
Transactions dans le mÃªme pays dÃ©tectÃ©es.
Transactions dans le mÃªme pays dÃ©tectÃ©es.
Transactions dans le mÃªme pays dÃ©tectÃ©es.
Transactions dans le mÃªme pays dÃ©tectÃ©es.
Transactions dans le mÃªme pays dÃ©tectÃ©es.
Transactions dans le mÃªme pays dÃ©tectÃ©es.
Transactions dans le mÃªme pays dÃ©tectÃ©es.
Transactions dans le mÃªme pays dÃ©tectÃ©es.
Transactions dans le mÃªme pays dÃ©tectÃ©es.
Transactions dans le mÃªme pays dÃ©tectÃ©es.
Transactions dans le mÃªme pays dÃ©tectÃ©es.
Transactions dans le mÃªme pays dÃ©tectÃ©es.
Transactions dans le mÃªme pays dÃ©tectÃ©es.
Transactions dans le mÃªme pays dÃ©tectÃ©es.
Transactions dans le mÃªme pays dÃ©tectÃ©es.
Transactions dans le mÃªme pays dÃ©tectÃ©es.
Transactions dans le mÃªme pays dÃ©tectÃ©es.
Transactions dans le mÃªme pays dÃ©tectÃ©es.
Transactions dans le mÃªme pays dÃ©tectÃ©es.
Transactions dans le mÃªme pays dÃ©tectÃ©es.
Transactions dans le mÃªme pays dÃ©tectÃ©es.
Transactions dans le mÃªme pays dÃ©tectÃ©es.
Transactions dans le mÃªme pays dÃ©tectÃ©es.
Transactions dans le mÃªme pays dÃ©tectÃ©es.
Transactions dans le mÃªme pays dÃ©tectÃ©es.
Transactions dans le mÃªme pays dÃ©tectÃ©es.
Transactions dans le mÃªme pays dÃ©tectÃ©es.
Transactions dans le mÃªme pays dÃ©tectÃ©es.
Transactions dans le mÃªme pays dÃ©tectÃ©es.
Transactions dans le mÃªme pays dÃ©tectÃ©es.
Transactions dans le mÃªme pays dÃ©tectÃ©es.
Transactions dans le mÃªme pays dÃ©tectÃ©es.
Transactions dans le mÃªme pays dÃ©tectÃ©es.
Transactions dans le mÃªme pays dÃ©tectÃ©es.
Transactions dans le mÃªme pays dÃ©tectÃ©es.
Transactions dans le mÃªme pays dÃ©tectÃ©es.
Transactions dans le mÃªme pays dÃ©tectÃ©es.
Transactions dans le mÃªme pays dÃ©tectÃ©es.
Transactions dans le mÃªme pays dÃ©tectÃ©es.
Transactions dans le mÃªme pays dÃ©tectÃ©es.
Transactions dans le mÃªme pays dÃ©tectÃ©es.
Transactions dans le mÃªme pays dÃ©tectÃ©es.
Transactions dans le mÃªme pays dÃ©tectÃ©es.
Transactions dans le mÃªme pays dÃ©tectÃ©es.
Transactions dans le mÃªme pays dÃ©tectÃ©es.
Transactions dans le mÃªme pays dÃ©tectÃ©es.
Transactions dans le mÃªme pays dÃ©tectÃ©es.
Transactions dans le mÃªme pays dÃ©tectÃ©es.
Transactions dans le mÃªme pays dÃ©tectÃ©es.
Transactions dans le mÃªme pays dÃ©tectÃ©es.
Transactions dans le mÃªme pays dÃ©tectÃ©es.
Transactions dans le mÃªme pays dÃ©tectÃ©es.
Transactions dans le mÃªme pays dÃ©tectÃ©es.
Transactions dans le mÃªme pays dÃ©tectÃ©es.
Transactions dans le mÃªme pays dÃ©tectÃ©es.
Transactions dans le mÃªme pays dÃ©tectÃ©es.
Transactions dans le mÃªme pays dÃ©tectÃ©es.
Transactions dans le mÃªme pays dÃ©tectÃ©es.
Transactions dans le mÃªme pays dÃ©tectÃ©es.
Transactions dans le mÃªme pays dÃ©tectÃ©es.
Transactions dans le mÃªme pays dÃ©tectÃ©es.
Transactions dans le mÃªme pays dÃ©tectÃ©es.
Transactions dans le mÃªme pays dÃ©tectÃ©es.
Transactions dans le mÃªme pays dÃ©tectÃ©es.
Transactions dans le mÃªme pays dÃ©tectÃ©es.
Transactions dans le mÃªme pays dÃ©tectÃ©es.
Transactions dans le mÃªme pays dÃ©tectÃ©es.
Transactions dans le mÃªme pays dÃ©tectÃ©es.
Transactions dans le mÃªme pays dÃ©tectÃ©es.
Transactions dans le mÃªme pays dÃ©tectÃ©es.
Transactions dans le mÃªme pays dÃ©tectÃ©es.
Transactions dans le mÃªme pays dÃ©tectÃ©es.
Transactions dans le mÃªme pays dÃ©tectÃ©es.
Transactions dans le mÃªme pays dÃ©tectÃ©es.
Transactions dans le mÃªme pays dÃ©tectÃ©es.
Transactions dans le mÃªme pays dÃ©tectÃ©es.
Transactions dans le mÃªme pays dÃ©tectÃ©es.
Transactions dans le mÃªme pays dÃ©tectÃ©es.
Transactions dans le mÃªme pays dÃ©tectÃ©es.
Transactions dans le mÃªme pays dÃ©tectÃ©es.
Transactions dans le mÃªme pays dÃ©tectÃ©es.
Transactions dans le mÃªme pays dÃ©tectÃ©es.
Transactions dans le mÃªme pays dÃ©tectÃ©es.
Transactions dans le mÃªme pays dÃ©tectÃ©es.
Transactions dans le mÃªme pays dÃ©tectÃ©es.
Transactions dans le mÃªme pays dÃ©tectÃ©es.
Transactions dans le mÃªme pays dÃ©tectÃ©es.
Transactions dans le mÃªme pays dÃ©tectÃ©es.
Transactions dans le mÃªme pays dÃ©tectÃ©es.
Transactions dans le mÃªme pays dÃ©tectÃ©es.
Transactions dans le mÃªme pays dÃ©tectÃ©es.
Transactions dans le mÃªme pays dÃ©tectÃ©es.
Transactions dans le mÃªme pays dÃ©tectÃ©es.
Transactions dans le mÃªme pays dÃ©tectÃ©es.
Transactions dans le mÃªme pays dÃ©tectÃ©es.
Transactions dans le mÃªme pays dÃ©tectÃ©es.
Transactions dans le mÃªme pays dÃ©tectÃ©es.
Transactions dans le mÃªme pays dÃ©tectÃ©es.
Transactions dans le mÃªme pays dÃ©tectÃ©es.
Transactions dans le mÃªme pays dÃ©tectÃ©es.
Transactions dans le mÃªme pays dÃ©tectÃ©es.
Transactions dans le mÃªme pays dÃ©tectÃ©es.
Transactions dans le mÃªme pays dÃ©tectÃ©es.
Transactions dans le mÃªme pays dÃ©tectÃ©es.
Transactions dans le mÃªme pays dÃ©tectÃ©es.
Transactions dans le mÃªme pays dÃ©tectÃ©es.
Transactions dans le mÃªme pays dÃ©tectÃ©es.
Transactions dans le mÃªme pays dÃ©tectÃ©es.
Transactions dans le mÃªme pays dÃ©tectÃ©es.
Transactions dans le mÃªme pays dÃ©tectÃ©es.
Transactions dans le mÃªme pays dÃ©tectÃ©es.
Transactions dans le mÃªme pays dÃ©tectÃ©es.
Transactions dans le mÃªme pays dÃ©tectÃ©es.
Transactions dans le mÃªme pays dÃ©tectÃ©es.
Transactions dans le mÃªme pays dÃ©tectÃ©es.
Transactions dans le mÃªme pays dÃ©tectÃ©es.
Transactions dans le mÃªme pays dÃ©tectÃ©es.
Transactions dans le mÃªme pays dÃ©tectÃ©es.
Transactions dans le mÃªme pays dÃ©tectÃ©es.
Transactions dans le mÃªme pays dÃ©tectÃ©es.
Transactions dans le mÃªme pays dÃ©tectÃ©es.
Transactions dans le mÃªme pays dÃ©tectÃ©es.
Transactions dans le mÃªme pays dÃ©tectÃ©es.
Transactions dans le mÃªme pays dÃ©tectÃ©es.
Transactions dans le mÃªme pays dÃ©tectÃ©es.
Transactions dans le mÃªme pays dÃ©tectÃ©es.
Transactions dans le mÃªme pays dÃ©tectÃ©es.
Transactions dans le mÃªme pays dÃ©tectÃ©es.
Transactions dans le mÃªme pays dÃ©tectÃ©es.
Transactions dans le mÃªme pays dÃ©tectÃ©es.
Transactions dans le mÃªme pays dÃ©tectÃ©es.
Transactions dans le mÃªme pays dÃ©tectÃ©es.
Transactions dans le mÃªme pays dÃ©tectÃ©es.
Transactions dans le mÃªme pays dÃ©tectÃ©es.
Transactions dans le mÃªme pays dÃ©tectÃ©es.
Transactions dans le mÃªme pays dÃ©tectÃ©es.
Transactions dans le mÃªme pays dÃ©tectÃ©es.
Transactions dans le mÃªme pays dÃ©tectÃ©es.
Transactions dans le mÃªme pays dÃ©tectÃ©es.
Transactions dans le mÃªme pays dÃ©tectÃ©es.
Transactions dans le mÃªme pays dÃ©tectÃ©es.
Transactions dans le mÃªme pays dÃ©tectÃ©es.
Transactions dans le mÃªme pays dÃ©tectÃ©es.
Transactions dans le mÃªme pays dÃ©tectÃ©es.
Transactions dans le mÃªme pays dÃ©tectÃ©es.
Transactions dans le mÃªme pays dÃ©tectÃ©es.
Transactions dans le mÃªme pays dÃ©tectÃ©es.
Transactions dans le mÃªme pays dÃ©tectÃ©es.
Transactions dans le mÃªme pays dÃ©tectÃ©es.
Transactions dans le mÃªme pays dÃ©tectÃ©es.
Transactions dans le mÃªme pays dÃ©tectÃ©es.
Transactions dans le mÃªme pays dÃ©tectÃ©es.
Transactions dans le mÃªme pays dÃ©tectÃ©es.
Transactions dans le mÃªme pays dÃ©tectÃ©es.
Transactions dans le mÃªme pays dÃ©tectÃ©es.
Transactions dans le mÃªme pays dÃ©tectÃ©es.
Transactions dans le mÃªme pays dÃ©tectÃ©es.
Transactions dans le mÃªme pays dÃ©tectÃ©es.
Transactions dans le mÃªme pays dÃ©tectÃ©es.
Transactions dans le mÃªme pays dÃ©tectÃ©es.
Transactions dans le mÃªme pays dÃ©tectÃ©es.
Transactions dans le mÃªme pays dÃ©tectÃ©es.
Transactions dans le mÃªme pays dÃ©tectÃ©es.
Transactions dans le mÃªme pays dÃ©tectÃ©es.
Transactions dans le mÃªme pays dÃ©tectÃ©es.
Transactions dans le mÃªme pays dÃ©tectÃ©es.
Transactions dans le mÃªme pays dÃ©tectÃ©es.
Transactions dans le mÃªme pays dÃ©tectÃ©es.
Transactions dans le mÃªme pays dÃ©tectÃ©es.
Transactions dans le mÃªme pays dÃ©tectÃ©es.
Transactions dans le mÃªme pays dÃ©tectÃ©es.
Transactions dans le mÃªme pays dÃ©tectÃ©es.
Transactions dans le mÃªme pays dÃ©tectÃ©es.
Transactions dans le mÃªme pays dÃ©tectÃ©es.
Transactions dans le mÃªme pays dÃ©tectÃ©es.
Transactions dans le mÃªme pays dÃ©tectÃ©es.
Transactions dans le mÃªme pays dÃ©tectÃ©es.
Transactions dans le mÃªme pays dÃ©tectÃ©es.
Transactions dans le mÃªme pays dÃ©tectÃ©es.
Transactions dans le mÃªme pays dÃ©tectÃ©es.
Transactions dans le mÃªme pays dÃ©tectÃ©es.
Transactions dans le mÃªme pays dÃ©tectÃ©es.
Transactions dans le mÃªme pays dÃ©tectÃ©es.
Transactions dans le mÃªme pays dÃ©tectÃ©es.
Transactions dans le mÃªme pays dÃ©tectÃ©es.
Transactions dans le mÃªme pays dÃ©tectÃ©es.
Transactions dans le mÃªme pays dÃ©tectÃ©es.
Transactions dans le mÃªme pays dÃ©tectÃ©es.
Transactions dans le mÃªme pays dÃ©tectÃ©es.
Transactions dans le mÃªme pays dÃ©tectÃ©es.
Transactions dans le mÃªme pays dÃ©tectÃ©es.
Transactions dans le mÃªme pays dÃ©tectÃ©es.
Transactions dans le mÃªme pays dÃ©tectÃ©es.
Transactions dans le mÃªme pays dÃ©tectÃ©es.
Transactions dans le mÃªme pays dÃ©tectÃ©es.
Transactions dans le mÃªme pays dÃ©tectÃ©es.
Transactions dans le mÃªme pays dÃ©tectÃ©es.
Transactions dans le mÃªme pays dÃ©tectÃ©es.
Transactions dans le mÃªme pays dÃ©tectÃ©es.
Transactions dans le mÃªme pays dÃ©tectÃ©es.
Transactions dans le mÃªme pays dÃ©tectÃ©es.
Transactions dans le mÃªme pays dÃ©tectÃ©es.
Transactions dans le mÃªme pays dÃ©tectÃ©es.
Transactions dans le mÃªme pays dÃ©tectÃ©es.
Transactions dans le mÃªme pays dÃ©tectÃ©es.
Transactions dans le mÃªme pays dÃ©tectÃ©es.
Transactions dans le mÃªme pays dÃ©tectÃ©es.
Transactions dans le mÃªme pays dÃ©tectÃ©es.
Transactions dans le mÃªme pays dÃ©tectÃ©es.
Transactions dans le mÃªme pays dÃ©tectÃ©es.
Transactions dans le mÃªme pays dÃ©tectÃ©es.
Transactions dans le mÃªme pays dÃ©tectÃ©es.
Transactions dans le mÃªme pays dÃ©tectÃ©es.
Transactions dans le mÃªme pays dÃ©tectÃ©es.
Transactions dans le mÃªme pays dÃ©tectÃ©es.
Transactions dans le mÃªme pays dÃ©tectÃ©es.
Transactions dans le mÃªme pays dÃ©tectÃ©es.
Transactions dans le mÃªme pays dÃ©tectÃ©es.
Transactions dans le mÃªme pays dÃ©tectÃ©es.
Transactions dans le mÃªme pays dÃ©tectÃ©es.
Transactions dans le mÃªme pays dÃ©tectÃ©es.
Transactions dans le mÃªme pays dÃ©tectÃ©es.
Transactions dans le mÃªme pays dÃ©tectÃ©es.
Transactions dans le mÃªme pays dÃ©tectÃ©es.
Transactions dans le mÃªme pays dÃ©tectÃ©es.
Transactions dans le mÃªme pays dÃ©tectÃ©es.
Transactions dans le mÃªme pays dÃ©tectÃ©es.
Transactions dans le mÃªme pays dÃ©tectÃ©es.
Transactions dans le mÃªme pays dÃ©tectÃ©es.
Transactions dans le mÃªme pays dÃ©tectÃ©es.
Transactions dans le mÃªme pays dÃ©tectÃ©es.
Transactions dans le mÃªme pays dÃ©tectÃ©es.
Transactions dans le mÃªme pays dÃ©tectÃ©es.
Transactions dans le mÃªme pays dÃ©tectÃ©es.
Transactions dans le mÃªme pays dÃ©tectÃ©es.
Transactions dans le mÃªme pays dÃ©tectÃ©es.
Transactions dans le mÃªme pays dÃ©tectÃ©es.
Transactions dans le mÃªme pays dÃ©tectÃ©es.
Transactions dans le mÃªme pays dÃ©tectÃ©es.
Transactions dans le mÃªme pays dÃ©tectÃ©es.
Transactions dans le mÃªme pays dÃ©tectÃ©es.
Transactions dans le mÃªme pays dÃ©tectÃ©es.
Transactions dans le mÃªme pays dÃ©tectÃ©es.
Transactions dans le mÃªme pays dÃ©tectÃ©es.
Transactions dans le mÃªme pays dÃ©tectÃ©es.
Transactions dans le mÃªme pays dÃ©tectÃ©es.
Transactions dans le mÃªme pays dÃ©tectÃ©es.
Transactions dans le mÃªme pays dÃ©tectÃ©es.
Transactions dans le mÃªme pays dÃ©tectÃ©es.
Transactions dans le mÃªme pays dÃ©tectÃ©es.
Transactions dans le mÃªme pays dÃ©tectÃ©es.
Transactions dans le mÃªme pays dÃ©tectÃ©es.
Transactions dans le mÃªme pays dÃ©tectÃ©es.
Transactions dans le mÃªme pays dÃ©tectÃ©es.
Transactions dans le mÃªme pays dÃ©tectÃ©es.
Transactions dans le mÃªme pays dÃ©tectÃ©es.
Transactions dans le mÃªme pays dÃ©tectÃ©es.
Transactions dans le mÃªme pays dÃ©tectÃ©es.
Transactions dans le mÃªme pays dÃ©tectÃ©es.
Transactions dans le mÃªme pays dÃ©tectÃ©es.
Transactions dans le mÃªme pays dÃ©tectÃ©es.
Transactions dans le mÃªme pays dÃ©tectÃ©es.
Transactions dans le mÃªme pays dÃ©tectÃ©es.
Transactions dans le mÃªme pays dÃ©tectÃ©es.
Transactions dans le mÃªme pays dÃ©tectÃ©es.
Transactions dans le mÃªme pays dÃ©tectÃ©es.
Transactions dans le mÃªme pays dÃ©tectÃ©es.
Transactions dans le mÃªme pays dÃ©tectÃ©es.
Transactions dans le mÃªme pays dÃ©tectÃ©es.
Transactions dans le mÃªme pays dÃ©tectÃ©es.
Transactions dans le mÃªme pays dÃ©tectÃ©es.
Transactions dans le mÃªme pays dÃ©tectÃ©es.
Transactions dans le mÃªme pays dÃ©tectÃ©es.
Transactions dans le mÃªme pays dÃ©tectÃ©es.
Transactions dans le mÃªme pays dÃ©tectÃ©es.
Transactions dans le mÃªme pays dÃ©tectÃ©es.
Transactions dans le mÃªme pays dÃ©tectÃ©es.
Transactions dans le mÃªme pays dÃ©tectÃ©es.
Transactions dans le mÃªme pays dÃ©tectÃ©es.
Transactions dans le mÃªme pays dÃ©tectÃ©es.
Transactions dans le mÃªme pays dÃ©tectÃ©es.
Transactions dans le mÃªme pays dÃ©tectÃ©es.
Transactions dans le mÃªme pays dÃ©tectÃ©es.
Transactions dans le mÃªme pays dÃ©tectÃ©es.
Transactions dans le mÃªme pays dÃ©tectÃ©es.
Transactions dans le mÃªme pays dÃ©tectÃ©es.
Transactions dans le mÃªme pays dÃ©tectÃ©es.
Transactions dans le mÃªme pays dÃ©tectÃ©es.
Transactions dans le mÃªme pays dÃ©tectÃ©es.
Transactions dans le mÃªme pays dÃ©tectÃ©es.
Transactions dans le mÃªme pays dÃ©tectÃ©es.
Transactions dans le mÃªme pays dÃ©tectÃ©es.
Transactions dans le mÃªme pays dÃ©tectÃ©es.
Transactions dans le mÃªme pays dÃ©tectÃ©es.
Transactions dans le mÃªme pays dÃ©tectÃ©es.
Transactions dans le mÃªme pays dÃ©tectÃ©es.
Transactions dans le mÃªme pays dÃ©tectÃ©es.
Transactions dans le mÃªme pays dÃ©tectÃ©es.
Transactions dans le mÃªme pays dÃ©tectÃ©es.
Transactions dans le mÃªme pays dÃ©tectÃ©es.
Transactions dans le mÃªme pays dÃ©tectÃ©es.
Transactions dans le mÃªme pays dÃ©tectÃ©es.
Transactions dans le mÃªme pays dÃ©tectÃ©es.
Transactions dans le mÃªme pays dÃ©tectÃ©es.
Transactions dans le mÃªme pays dÃ©tectÃ©es.
Transactions dans le mÃªme pays dÃ©tectÃ©es.
Transactions dans le mÃªme pays dÃ©tectÃ©es.
Transactions dans le mÃªme pays dÃ©tectÃ©es.
Transactions dans le mÃªme pays dÃ©tectÃ©es.
Transactions dans le mÃªme pays dÃ©tectÃ©es.
Transactions dans le mÃªme pays dÃ©tectÃ©es.
Transactions dans le mÃªme pays dÃ©tectÃ©es.
Transactions dans le mÃªme pays dÃ©tectÃ©es.
Transactions dans le mÃªme pays dÃ©tectÃ©es.
Transactions dans le mÃªme pays dÃ©tectÃ©es.
Transactions dans le mÃªme pays dÃ©tectÃ©es.
Transactions dans le mÃªme pays dÃ©tectÃ©es.
Transactions dans le mÃªme pays dÃ©tectÃ©es.
Transactions dans le mÃªme pays dÃ©tectÃ©es.
Transactions dans le mÃªme pays dÃ©tectÃ©es.
Transactions dans le mÃªme pays dÃ©tectÃ©es.
Transactions dans le mÃªme pays dÃ©tectÃ©es.
Transactions dans le mÃªme pays dÃ©tectÃ©es.
Transactions dans le mÃªme pays dÃ©tectÃ©es.
Transactions dans le mÃªme pays dÃ©tectÃ©es.
Transactions dans le mÃªme pays dÃ©tectÃ©es.
Transactions dans le mÃªme pays dÃ©tectÃ©es.
Transactions dans le mÃªme pays dÃ©tectÃ©es.
Transactions dans le mÃªme pays dÃ©tectÃ©es.
Transactions dans le mÃªme pays dÃ©tectÃ©es.
Transactions dans le mÃªme pays dÃ©tectÃ©es.
Transactions dans le mÃªme pays dÃ©tectÃ©es.
Transactions dans le mÃªme pays dÃ©tectÃ©es.
Transactions dans le mÃªme pays dÃ©tectÃ©es.
Transactions dans le mÃªme pays dÃ©tectÃ©es.
Transactions dans le mÃªme pays dÃ©tectÃ©es.
Transactions dans le mÃªme pays dÃ©tectÃ©es.
Transactions dans le mÃªme pays dÃ©tectÃ©es.
Transactions dans le mÃªme pays dÃ©tectÃ©es.
Transactions dans le mÃªme pays dÃ©tectÃ©es.
Transactions dans le mÃªme pays dÃ©tectÃ©es.
Transactions dans le mÃªme pays dÃ©tectÃ©es.
Transactions dans le mÃªme pays dÃ©tectÃ©es.
Transactions dans le mÃªme pays dÃ©tectÃ©es.
Transactions dans le mÃªme pays dÃ©tectÃ©es.
Transactions dans le mÃªme pays dÃ©tectÃ©es.
Transactions dans le mÃªme pays dÃ©tectÃ©es.
Transactions dans le mÃªme pays dÃ©tectÃ©es.
Transactions dans le mÃªme pays dÃ©tectÃ©es.
Transactions dans le mÃªme pays dÃ©tectÃ©es.
Transactions dans le mÃªme pays dÃ©tectÃ©es.
Transactions dans le mÃªme pays dÃ©tectÃ©es.
Transactions dans le mÃªme pays dÃ©tectÃ©es.
Transactions dans le mÃªme pays dÃ©tectÃ©es.
Transactions dans le mÃªme pays dÃ©tectÃ©es.
Transactions dans le mÃªme pays dÃ©tectÃ©es.
Transactions dans le mÃªme pays dÃ©tectÃ©es.
Transactions dans le mÃªme pays dÃ©tectÃ©es.
Transactions dans le mÃªme pays dÃ©tectÃ©es.
Transactions dans le mÃªme pays dÃ©tectÃ©es.
Transactions dans le mÃªme pays dÃ©tectÃ©es.
Transactions dans le mÃªme pays dÃ©tectÃ©es.
Transactions dans le mÃªme pays dÃ©tectÃ©es.
Transactions dans le mÃªme pays dÃ©tectÃ©es.
Transactions dans le mÃªme pays dÃ©tectÃ©es.
Transactions dans le mÃªme pays dÃ©tectÃ©es.
Transactions dans le mÃªme pays dÃ©tectÃ©es.
Transactions dans le mÃªme pays dÃ©tectÃ©es.
Transactions dans le mÃªme pays dÃ©tectÃ©es.
Transactions dans le mÃªme pays dÃ©tectÃ©es.
Transactions dans le mÃªme pays dÃ©tectÃ©es.
Transactions dans le mÃªme pays dÃ©tectÃ©es.
Transactions dans le mÃªme pays dÃ©tectÃ©es.
Transactions dans le mÃªme pays dÃ©tectÃ©es.
Transactions dans le mÃªme pays dÃ©tectÃ©es.
Transactions dans le mÃªme pays dÃ©tectÃ©es.
Transactions dans le mÃªme pays dÃ©tectÃ©es.
Transactions dans le mÃªme pays dÃ©tectÃ©es.
Transactions dans le mÃªme pays dÃ©tectÃ©es.
Transactions dans le mÃªme pays dÃ©tectÃ©es.
Transactions dans le mÃªme pays dÃ©tectÃ©es.
Transactions dans le mÃªme pays dÃ©tectÃ©es.
Transactions dans le mÃªme pays dÃ©tectÃ©es.
Transactions dans le mÃªme pays dÃ©tectÃ©es.
Transactions dans le mÃªme pays dÃ©tectÃ©es.
Transactions dans le mÃªme pays dÃ©tectÃ©es.
Transactions dans le mÃªme pays dÃ©tectÃ©es.
Transactions dans le mÃªme pays dÃ©tectÃ©es.
Transactions dans le mÃªme pays dÃ©tectÃ©es.
Transactions dans le mÃªme pays dÃ©tectÃ©es.
Transactions dans le mÃªme pays dÃ©tectÃ©es.
Transactions dans le mÃªme pays dÃ©tectÃ©es.
Transactions dans le mÃªme pays dÃ©tectÃ©es.
Transactions dans le mÃªme pays dÃ©tectÃ©es.
Transactions dans le mÃªme pays dÃ©tectÃ©es.
Transactions dans le mÃªme pays dÃ©tectÃ©es.
Transactions dans le mÃªme pays dÃ©tectÃ©es.
Transactions dans le mÃªme pays dÃ©tectÃ©es.
Transactions dans le mÃªme pays dÃ©tectÃ©es.
Transactions dans le mÃªme pays dÃ©tectÃ©es.
Transactions dans le mÃªme pays dÃ©tectÃ©es.
Transactions dans le mÃªme pays dÃ©tectÃ©es.
Transactions dans le mÃªme pays dÃ©tectÃ©es.
Transactions dans le mÃªme pays dÃ©tectÃ©es.
Transactions dans le mÃªme pays dÃ©tectÃ©es.
Transactions dans le mÃªme pays dÃ©tectÃ©es.
Transactions dans le mÃªme pays dÃ©tectÃ©es.
Transactions dans le mÃªme pays dÃ©tectÃ©es.
Transactions dans le mÃªme pays dÃ©tectÃ©es.
Transactions dans le mÃªme pays dÃ©tectÃ©es.
Transactions dans le mÃªme pays dÃ©tectÃ©es.
Transactions dans le mÃªme pays dÃ©tectÃ©es.
Transactions dans le mÃªme pays dÃ©tectÃ©es.
Transactions dans le mÃªme pays dÃ©tectÃ©es.
Transactions dans le mÃªme pays dÃ©tectÃ©es.
Transactions dans le mÃªme pays dÃ©tectÃ©es.
Transactions dans le mÃªme pays dÃ©tectÃ©es.
Transactions dans le mÃªme pays dÃ©tectÃ©es.
Transactions dans le mÃªme pays dÃ©tectÃ©es.
Transactions dans le mÃªme pays dÃ©tectÃ©es.
Transactions dans le mÃªme pays dÃ©tectÃ©es.
Transactions dans le mÃªme pays dÃ©tectÃ©es.
Transactions dans le mÃªme pays dÃ©tectÃ©es.
Transactions dans le mÃªme pays dÃ©tectÃ©es.
Transactions dans le mÃªme pays dÃ©tectÃ©es.
Transactions dans le mÃªme pays dÃ©tectÃ©es.
Transactions dans le mÃªme pays dÃ©tectÃ©es.
Transactions dans le mÃªme pays dÃ©tectÃ©es.
Transactions dans le mÃªme pays dÃ©tectÃ©es.
Transactions dans le mÃªme pays dÃ©tectÃ©es.
Transactions dans le mÃªme pays dÃ©tectÃ©es.
Transactions dans le mÃªme pays dÃ©tectÃ©es.
Transactions dans le mÃªme pays dÃ©tectÃ©es.
Transactions dans le mÃªme pays dÃ©tectÃ©es.
Transactions dans le mÃªme pays dÃ©tectÃ©es.
Transactions dans le mÃªme pays dÃ©tectÃ©es.
Transactions dans le mÃªme pays dÃ©tectÃ©es.
Transactions dans le mÃªme pays dÃ©tectÃ©es.
Transactions dans le mÃªme pays dÃ©tectÃ©es.
Transactions dans le mÃªme pays dÃ©tectÃ©es.
Transactions dans le mÃªme pays dÃ©tectÃ©es.
Transactions dans le mÃªme pays dÃ©tectÃ©es.
Transactions dans le mÃªme pays dÃ©tectÃ©es.
Transactions dans le mÃªme pays dÃ©tectÃ©es.
Transactions dans le mÃªme pays dÃ©tectÃ©es.
Transactions dans le mÃªme pays dÃ©tectÃ©es.
Transactions dans le mÃªme pays dÃ©tectÃ©es.
Transactions dans le mÃªme pays dÃ©tectÃ©es.
Transactions dans le mÃªme pays dÃ©tectÃ©es.
Transactions dans le mÃªme pays dÃ©tectÃ©es.
Transactions dans le mÃªme pays dÃ©tectÃ©es.
Transactions dans le mÃªme pays dÃ©tectÃ©es.
Transactions dans le mÃªme pays dÃ©tectÃ©es.
Transactions dans le mÃªme pays dÃ©tectÃ©es.
Transactions dans le mÃªme pays dÃ©tectÃ©es.
Transactions dans le mÃªme pays dÃ©tectÃ©es.
Transactions dans le mÃªme pays dÃ©tectÃ©es.
Transactions dans le mÃªme pays dÃ©tectÃ©es.
Transactions dans le mÃªme pays dÃ©tectÃ©es.
Transactions dans le mÃªme pays dÃ©tectÃ©es.
Transactions dans le mÃªme pays dÃ©tectÃ©es.
Transactions dans le mÃªme pays dÃ©tectÃ©es.
Transactions dans le mÃªme pays dÃ©tectÃ©es.
Transactions dans le mÃªme pays dÃ©tectÃ©es.
Transactions dans le mÃªme pays dÃ©tectÃ©es.
Transactions dans le mÃªme pays dÃ©tectÃ©es.
Transactions dans le mÃªme pays dÃ©tectÃ©es.
Transactions dans le mÃªme pays dÃ©tectÃ©es.
Transactions dans le mÃªme pays dÃ©tectÃ©es.
Transactions dans le mÃªme pays dÃ©tectÃ©es.
Transactions dans le mÃªme pays dÃ©tectÃ©es.
Transactions dans le mÃªme pays dÃ©tectÃ©es.
Transactions dans le mÃªme pays dÃ©tectÃ©es.
Transactions dans le mÃªme pays dÃ©tectÃ©es.
Transactions dans le mÃªme pays dÃ©tectÃ©es.
Transactions dans le mÃªme pays dÃ©tectÃ©es.
Transactions dans le mÃªme pays dÃ©tectÃ©es.
Transactions dans le mÃªme pays dÃ©tectÃ©es.
Transactions dans le mÃªme pays dÃ©tectÃ©es.
Transactions dans le mÃªme pays dÃ©tectÃ©es.
Transactions dans le mÃªme pays dÃ©tectÃ©es.
Transactions dans le mÃªme pays dÃ©tectÃ©es.
Transactions dans le mÃªme pays dÃ©tectÃ©es.
Transactions dans le mÃªme pays dÃ©tectÃ©es.
Transactions dans le mÃªme pays dÃ©tectÃ©es.
Transactions dans le mÃªme pays dÃ©tectÃ©es.
Transactions dans le mÃªme pays dÃ©tectÃ©es.
Transactions dans le mÃªme pays dÃ©tectÃ©es.
Transactions dans le mÃªme pays dÃ©tectÃ©es.
Transactions dans le mÃªme pays dÃ©tectÃ©es.
Transactions dans le mÃªme pays dÃ©tectÃ©es.
Transactions dans le mÃªme pays dÃ©tectÃ©es.
Transactions dans le mÃªme pays dÃ©tectÃ©es.
Transactions dans le mÃªme pays dÃ©tectÃ©es.
Transactions dans le mÃªme pays dÃ©tectÃ©es.
Transactions dans le mÃªme pays dÃ©tectÃ©es.
Transactions dans le mÃªme pays dÃ©tectÃ©es.
Transactions dans le mÃªme pays dÃ©tectÃ©es.
Transactions dans le mÃªme pays dÃ©tectÃ©es.
Transactions dans le mÃªme pays dÃ©tectÃ©es.
Transactions dans le mÃªme pays dÃ©tectÃ©es.
Transactions dans le mÃªme pays dÃ©tectÃ©es.
Transactions dans le mÃªme pays dÃ©tectÃ©es.
Transactions dans le mÃªme pays dÃ©tectÃ©es.
Transactions dans le mÃªme pays dÃ©tectÃ©es.
Transactions dans le mÃªme pays dÃ©tectÃ©es.
Transactions dans le mÃªme pays dÃ©tectÃ©es.
Transactions dans le mÃªme pays dÃ©tectÃ©es.
Transactions dans le mÃªme pays dÃ©tectÃ©es.
Transactions dans le mÃªme pays dÃ©tectÃ©es.
Transactions dans le mÃªme pays dÃ©tectÃ©es.
Transactions dans le mÃªme pays dÃ©tectÃ©es.
Transactions dans le mÃªme pays dÃ©tectÃ©es.
Transactions dans le mÃªme pays dÃ©tectÃ©es.
Transactions dans le mÃªme pays dÃ©tectÃ©es.
Transactions dans le mÃªme pays dÃ©tectÃ©es.
Transactions dans le mÃªme pays dÃ©tectÃ©es.
Transactions dans le mÃªme pays dÃ©tectÃ©es.
Transactions dans le mÃªme pays dÃ©tectÃ©es.
Transactions dans le mÃªme pays dÃ©tectÃ©es.
Transactions dans le mÃªme pays dÃ©tectÃ©es.
Transactions dans le mÃªme pays dÃ©tectÃ©es.
Transactions dans le mÃªme pays dÃ©tectÃ©es.
Transactions dans le mÃªme pays dÃ©tectÃ©es.
Transactions dans le mÃªme pays dÃ©tectÃ©es.
Transactions dans le mÃªme pays dÃ©tectÃ©es.
Transactions dans le mÃªme pays dÃ©tectÃ©es.
Transactions dans le mÃªme pays dÃ©tectÃ©es.
Transactions dans le mÃªme pays dÃ©tectÃ©es.
Transactions dans le mÃªme pays dÃ©tectÃ©es.
Transactions dans le mÃªme pays dÃ©tectÃ©es.
Transactions dans le mÃªme pays dÃ©tectÃ©es.
Transactions dans le mÃªme pays dÃ©tectÃ©es.
Transactions dans le mÃªme pays dÃ©tectÃ©es.
Transactions dans le mÃªme pays dÃ©tectÃ©es.
Transactions dans le mÃªme pays dÃ©tectÃ©es.
Transactions dans le mÃªme pays dÃ©tectÃ©es.
Transactions dans le mÃªme pays dÃ©tectÃ©es.
Transactions dans le mÃªme pays dÃ©tectÃ©es.
Transactions dans le mÃªme pays dÃ©tectÃ©es.
Transactions dans le mÃªme pays dÃ©tectÃ©es.
Transactions dans le mÃªme pays dÃ©tectÃ©es.
Transactions dans le mÃªme pays dÃ©tectÃ©es.
Transactions dans le mÃªme pays dÃ©tectÃ©es.
Transactions dans le mÃªme pays dÃ©tectÃ©es.
Transactions dans le mÃªme pays dÃ©tectÃ©es.
Transactions dans le mÃªme pays dÃ©tectÃ©es.
Transactions dans le mÃªme pays dÃ©tectÃ©es.
Transactions dans le mÃªme pays dÃ©tectÃ©es.
Transactions dans le mÃªme pays dÃ©tectÃ©es.
Transactions dans le mÃªme pays dÃ©tectÃ©es.
Transactions dans le mÃªme pays dÃ©tectÃ©es.
Transactions dans le mÃªme pays dÃ©tectÃ©es.
Transactions dans le mÃªme pays dÃ©tectÃ©es.
Transactions dans le mÃªme pays dÃ©tectÃ©es.
Transactions dans le mÃªme pays dÃ©tectÃ©es.
Transactions dans le mÃªme pays dÃ©tectÃ©es.
Transactions dans le mÃªme pays dÃ©tectÃ©es.
Transactions dans le mÃªme pays dÃ©tectÃ©es.
Transactions dans le mÃªme pays dÃ©tectÃ©es.
Transactions dans le mÃªme pays dÃ©tectÃ©es.
Transactions dans le mÃªme pays dÃ©tectÃ©es.
Transactions dans le mÃªme pays dÃ©tectÃ©es.
Transactions dans le mÃªme pays dÃ©tectÃ©es.
Transactions dans le mÃªme pays dÃ©tectÃ©es.
Transactions dans le mÃªme pays dÃ©tectÃ©es.
Transactions dans le mÃªme pays dÃ©tectÃ©es.
Transactions dans le mÃªme pays dÃ©tectÃ©es.
Transactions dans le mÃªme pays dÃ©tectÃ©es.
Transactions dans le mÃªme pays dÃ©tectÃ©es.
Transactions dans le mÃªme pays dÃ©tectÃ©es.
Transactions dans le mÃªme pays dÃ©tectÃ©es.
Transactions dans le mÃªme pays dÃ©tectÃ©es.
Transactions dans le mÃªme pays dÃ©tectÃ©es.
Transactions dans le mÃªme pays dÃ©tectÃ©es.
Transactions dans le mÃªme pays dÃ©tectÃ©es.
Transactions dans le mÃªme pays dÃ©tectÃ©es.
Transactions dans le mÃªme pays dÃ©tectÃ©es.
Transactions dans le mÃªme pays dÃ©tectÃ©es.
Transactions dans le mÃªme pays dÃ©tectÃ©es.
Transactions dans le mÃªme pays dÃ©tectÃ©es.
Transactions dans le mÃªme pays dÃ©tectÃ©es.
Transactions dans le mÃªme pays dÃ©tectÃ©es.
Transactions dans le mÃªme pays dÃ©tectÃ©es.
Transactions dans le mÃªme pays dÃ©tectÃ©es.
Transactions dans le mÃªme pays dÃ©tectÃ©es.
Transactions dans le mÃªme pays dÃ©tectÃ©es.
Transactions dans le mÃªme pays dÃ©tectÃ©es.
Transactions dans le mÃªme pays dÃ©tectÃ©es.
Transactions dans le mÃªme pays dÃ©tectÃ©es.
Transactions dans le mÃªme pays dÃ©tectÃ©es.
Transactions dans le mÃªme pays dÃ©tectÃ©es.
Transactions dans le mÃªme pays dÃ©tectÃ©es.
Transactions dans le mÃªme pays dÃ©tectÃ©es.
Transactions dans le mÃªme pays dÃ©tectÃ©es.
Transactions dans le mÃªme pays dÃ©tectÃ©es.
Transactions dans le mÃªme pays dÃ©tectÃ©es.
Transactions dans le mÃªme pays dÃ©tectÃ©es.
Transactions dans le mÃªme pays dÃ©tectÃ©es.
Transactions dans le mÃªme pays dÃ©tectÃ©es.
Transactions dans le mÃªme pays dÃ©tectÃ©es.
Transactions dans le mÃªme pays dÃ©tectÃ©es.
Transactions dans le mÃªme pays dÃ©tectÃ©es.
Transactions dans le mÃªme pays dÃ©tectÃ©es.
Transactions dans le mÃªme pays dÃ©tectÃ©es.
Transactions dans le mÃªme pays dÃ©tectÃ©es.
Transactions dans le mÃªme pays dÃ©tectÃ©es.
Transactions dans le mÃªme pays dÃ©tectÃ©es.
Transactions dans le mÃªme pays dÃ©tectÃ©es.
Transactions dans le mÃªme pays dÃ©tectÃ©es.
Transactions dans le mÃªme pays dÃ©tectÃ©es.
Transactions dans le mÃªme pays dÃ©tectÃ©es.
Transactions dans le mÃªme pays dÃ©tectÃ©es.
Transactions dans le mÃªme pays dÃ©tectÃ©es.
Transactions dans le mÃªme pays dÃ©tectÃ©es.
Transactions dans le mÃªme pays dÃ©tectÃ©es.
Transactions dans le mÃªme pays dÃ©tectÃ©es.
Transactions dans le mÃªme pays dÃ©tectÃ©es.
Transactions dans le mÃªme pays dÃ©tectÃ©es.
Transactions dans le mÃªme pays dÃ©tectÃ©es.
Transactions dans le mÃªme pays dÃ©tectÃ©es.
Transactions dans le mÃªme pays dÃ©tectÃ©es.
Transactions dans le mÃªme pays dÃ©tectÃ©es.
Transactions dans le mÃªme pays dÃ©tectÃ©es.
Transactions dans le mÃªme pays dÃ©tectÃ©es.
Transactions dans le mÃªme pays dÃ©tectÃ©es.
Transactions dans le mÃªme pays dÃ©tectÃ©es.
Transactions dans le mÃªme pays dÃ©tectÃ©es.
Transactions dans le mÃªme pays dÃ©tectÃ©es.
Transactions dans le mÃªme pays dÃ©tectÃ©es.
Transactions dans le mÃªme pays dÃ©tectÃ©es.
Transactions dans le mÃªme pays dÃ©tectÃ©es.
Transactions dans le mÃªme pays dÃ©tectÃ©es.
Transactions dans le mÃªme pays dÃ©tectÃ©es.
Transactions dans le mÃªme pays dÃ©tectÃ©es.
Transactions dans le mÃªme pays dÃ©tectÃ©es.
Transactions dans le mÃªme pays dÃ©tectÃ©es.
Transactions dans le mÃªme pays dÃ©tectÃ©es.
Transactions dans le mÃªme pays dÃ©tectÃ©es.
Transactions dans le mÃªme pays dÃ©tectÃ©es.
Transactions dans le mÃªme pays dÃ©tectÃ©es.
Transactions dans le mÃªme pays dÃ©tectÃ©es.
Transactions dans le mÃªme pays dÃ©tectÃ©es.
Transactions dans le mÃªme pays dÃ©tectÃ©es.
Transactions dans le mÃªme pays dÃ©tectÃ©es.
Transactions dans le mÃªme pays dÃ©tectÃ©es.
Transactions dans le mÃªme pays dÃ©tectÃ©es.
Transactions dans le mÃªme pays dÃ©tectÃ©es.
Transactions dans le mÃªme pays dÃ©tectÃ©es.
Transactions dans le mÃªme pays dÃ©tectÃ©es.
Transactions dans le mÃªme pays dÃ©tectÃ©es.
Transactions dans le mÃªme pays dÃ©tectÃ©es.
Transactions dans le mÃªme pays dÃ©tectÃ©es.
Transactions dans le mÃªme pays dÃ©tectÃ©es.
Transactions dans le mÃªme pays dÃ©tectÃ©es.
Transactions dans le mÃªme pays dÃ©tectÃ©es.
Transactions dans le mÃªme pays dÃ©tectÃ©es.
Transactions dans le mÃªme pays dÃ©tectÃ©es.
Transactions dans le mÃªme pays dÃ©tectÃ©es.
Transactions dans le mÃªme pays dÃ©tectÃ©es.
Transactions dans le mÃªme pays dÃ©tectÃ©es.
Transactions dans le mÃªme pays dÃ©tectÃ©es.
Transactions dans le mÃªme pays dÃ©tectÃ©es.
Transactions dans le mÃªme pays dÃ©tectÃ©es.
Transactions dans le mÃªme pays dÃ©tectÃ©es.
Transactions dans le mÃªme pays dÃ©tectÃ©es.
Transactions dans le mÃªme pays dÃ©tectÃ©es.
Transactions dans le mÃªme pays dÃ©tectÃ©es.
Transactions dans le mÃªme pays dÃ©tectÃ©es.
Transactions dans le mÃªme pays dÃ©tectÃ©es.
Transactions dans le mÃªme pays dÃ©tectÃ©es.
Transactions dans le mÃªme pays dÃ©tectÃ©es.
Transactions dans le mÃªme pays dÃ©tectÃ©es.
Transactions dans le mÃªme pays dÃ©tectÃ©es.
Transactions dans le mÃªme pays dÃ©tectÃ©es.
Transactions dans le mÃªme pays dÃ©tectÃ©es.
Transactions dans le mÃªme pays dÃ©tectÃ©es.
Transactions dans le mÃªme pays dÃ©tectÃ©es.
Transactions dans le mÃªme pays dÃ©tectÃ©es.
Transactions dans le mÃªme pays dÃ©tectÃ©es.
Transactions dans le mÃªme pays dÃ©tectÃ©es.
Transactions dans le mÃªme pays dÃ©tectÃ©es.
Transactions dans le mÃªme pays dÃ©tectÃ©es.
Transactions dans le mÃªme pays dÃ©tectÃ©es.
Transactions dans le mÃªme pays dÃ©tectÃ©es.
Transactions dans le mÃªme pays dÃ©tectÃ©es.
Transactions dans le mÃªme pays dÃ©tectÃ©es.
Transactions dans le mÃªme pays dÃ©tectÃ©es.
Transactions dans le mÃªme pays dÃ©tectÃ©es.
Transactions dans le mÃªme pays dÃ©tectÃ©es.
Transactions dans le mÃªme pays dÃ©tectÃ©es.
Transactions dans le mÃªme pays dÃ©tectÃ©es.
Transactions dans le mÃªme pays dÃ©tectÃ©es.
Transactions dans le mÃªme pays dÃ©tectÃ©es.
Transactions dans le mÃªme pays dÃ©tectÃ©es.
Transactions dans le mÃªme pays dÃ©tectÃ©es.
Transactions dans le mÃªme pays dÃ©tectÃ©es.
Transactions dans le mÃªme pays dÃ©tectÃ©es.
Transactions dans le mÃªme pays dÃ©tectÃ©es.
Transactions dans le mÃªme pays dÃ©tectÃ©es.
Transactions dans le mÃªme pays dÃ©tectÃ©es.
Transactions dans le mÃªme pays dÃ©tectÃ©es.
Transactions dans le mÃªme pays dÃ©tectÃ©es.
Transactions dans le mÃªme pays dÃ©tectÃ©es.
Transactions dans le mÃªme pays dÃ©tectÃ©es.
Transactions dans le mÃªme pays dÃ©tectÃ©es.
Transactions dans le mÃªme pays dÃ©tectÃ©es.
Transactions dans le mÃªme pays dÃ©tectÃ©es.
Transactions dans le mÃªme pays dÃ©tectÃ©es.
Transactions dans le mÃªme pays dÃ©tectÃ©es.
Transactions dans le mÃªme pays dÃ©tectÃ©es.
Transactions dans le mÃªme pays dÃ©tectÃ©es.
Transactions dans le mÃªme pays dÃ©tectÃ©es.
Transactions dans le mÃªme pays dÃ©tectÃ©es.
Transactions dans le mÃªme pays dÃ©tectÃ©es.
Transactions dans le mÃªme pays dÃ©tectÃ©es.
Transactions dans le mÃªme pays dÃ©tectÃ©es.
Transactions dans le mÃªme pays dÃ©tectÃ©es.
Transactions dans le mÃªme pays dÃ©tectÃ©es.
Transactions dans le mÃªme pays dÃ©tectÃ©es.
Transactions dans le mÃªme pays dÃ©tectÃ©es.
Transactions dans le mÃªme pays dÃ©tectÃ©es.
Transactions dans le mÃªme pays dÃ©tectÃ©es.
Transactions dans le mÃªme pays dÃ©tectÃ©es.
Transactions dans le mÃªme pays dÃ©tectÃ©es.
Transactions dans le mÃªme pays dÃ©tectÃ©es.
Transactions dans le mÃªme pays dÃ©tectÃ©es.
Transactions dans le mÃªme pays dÃ©tectÃ©es.
Transactions dans le mÃªme pays dÃ©tectÃ©es.
Transactions dans le mÃªme pays dÃ©tectÃ©es.
Transactions dans le mÃªme pays dÃ©tectÃ©es.
Transactions dans le mÃªme pays dÃ©tectÃ©es.
Transactions dans le mÃªme pays dÃ©tectÃ©es.
Transactions dans le mÃªme pays dÃ©tectÃ©es.
Transactions dans le mÃªme pays dÃ©tectÃ©es.
Transactions dans le mÃªme pays dÃ©tectÃ©es.
Transactions dans le mÃªme pays dÃ©tectÃ©es.
Transactions dans le mÃªme pays dÃ©tectÃ©es.
Transactions dans le mÃªme pays dÃ©tectÃ©es.
Transactions dans le mÃªme pays dÃ©tectÃ©es.
Transactions dans le mÃªme pays dÃ©tectÃ©es.
Transactions dans le mÃªme pays dÃ©tectÃ©es.
Transactions dans le mÃªme pays dÃ©tectÃ©es.
Transactions dans le mÃªme pays dÃ©tectÃ©es.
Transactions dans le mÃªme pays dÃ©tectÃ©es.
Transactions dans le mÃªme pays dÃ©tectÃ©es.
Transactions dans le mÃªme pays dÃ©tectÃ©es.
Transactions dans le mÃªme pays dÃ©tectÃ©es.
Transactions dans le mÃªme pays dÃ©tectÃ©es.
Transactions dans le mÃªme pays dÃ©tectÃ©es.
Transactions dans le mÃªme pays dÃ©tectÃ©es.
Transactions dans le mÃªme pays dÃ©tectÃ©es.
Transactions dans le mÃªme pays dÃ©tectÃ©es.
Transactions dans le mÃªme pays dÃ©tectÃ©es.
Transactions dans le mÃªme pays dÃ©tectÃ©es.
Transactions dans le mÃªme pays dÃ©tectÃ©es.
Transactions dans le mÃªme pays dÃ©tectÃ©es.
Transactions dans le mÃªme pays dÃ©tectÃ©es.
Transactions dans le mÃªme pays dÃ©tectÃ©es.
Transactions dans le mÃªme pays dÃ©tectÃ©es.
Transactions dans le mÃªme pays dÃ©tectÃ©es.
Transactions dans le mÃªme pays dÃ©tectÃ©es.
Transactions dans le mÃªme pays dÃ©tectÃ©es.
Transactions dans le mÃªme pays dÃ©tectÃ©es.
Transactions dans le mÃªme pays dÃ©tectÃ©es.
Transactions dans le mÃªme pays dÃ©tectÃ©es.
Transactions dans le mÃªme pays dÃ©tectÃ©es.
Transactions dans le mÃªme pays dÃ©tectÃ©es.
Transactions dans le mÃªme pays dÃ©tectÃ©es.
Transactions dans le mÃªme pays dÃ©tectÃ©es.
Transactions dans le mÃªme pays dÃ©tectÃ©es.
Transactions dans le mÃªme pays dÃ©tectÃ©es.
Transactions dans le mÃªme pays dÃ©tectÃ©es.
Transactions dans le mÃªme pays dÃ©tectÃ©es.
Transactions dans le mÃªme pays dÃ©tectÃ©es.
Transactions dans le mÃªme pays dÃ©tectÃ©es.
Transactions dans le mÃªme pays dÃ©tectÃ©es.
Transactions dans le mÃªme pays dÃ©tectÃ©es.
Transactions dans le mÃªme pays dÃ©tectÃ©es.
Transactions dans le mÃªme pays dÃ©tectÃ©es.
Transactions dans le mÃªme pays dÃ©tectÃ©es.
Transactions dans le mÃªme pays dÃ©tectÃ©es.
Transactions dans le mÃªme pays dÃ©tectÃ©es.
Transactions dans le mÃªme pays dÃ©tectÃ©es.
Transactions dans le mÃªme pays dÃ©tectÃ©es.
Transactions dans le mÃªme pays dÃ©tectÃ©es.
Transactions dans le mÃªme pays dÃ©tectÃ©es.
Transactions dans le mÃªme pays dÃ©tectÃ©es.
Transactions dans le mÃªme pays dÃ©tectÃ©es.
Transactions dans le mÃªme pays dÃ©tectÃ©es.
Transactions dans le mÃªme pays dÃ©tectÃ©es.
Transactions dans le mÃªme pays dÃ©tectÃ©es.
Transactions dans le mÃªme pays dÃ©tectÃ©es.
Transactions dans le mÃªme pays dÃ©tectÃ©es.
Transactions dans le mÃªme pays dÃ©tectÃ©es.
Transactions dans le mÃªme pays dÃ©tectÃ©es.
Transactions dans le mÃªme pays dÃ©tectÃ©es.
Transactions dans le mÃªme pays dÃ©tectÃ©es.
Transactions dans le mÃªme pays dÃ©tectÃ©es.
Transactions dans le mÃªme pays dÃ©tectÃ©es.
Transactions dans le mÃªme pays dÃ©tectÃ©es.
Transactions dans le mÃªme pays dÃ©tectÃ©es.
Transactions dans le mÃªme pays dÃ©tectÃ©es.
Transactions dans le mÃªme pays dÃ©tectÃ©es.
Transactions dans le mÃªme pays dÃ©tectÃ©es.
Transactions dans le mÃªme pays dÃ©tectÃ©es.
Transactions dans le mÃªme pays dÃ©tectÃ©es.
Transactions dans le mÃªme pays dÃ©tectÃ©es.
Transactions dans le mÃªme pays dÃ©tectÃ©es.
Transactions dans le mÃªme pays dÃ©tectÃ©es.
Transactions dans le mÃªme pays dÃ©tectÃ©es.
Transactions dans le mÃªme pays dÃ©tectÃ©es.
Transactions dans le mÃªme pays dÃ©tectÃ©es.
Transactions dans le mÃªme pays dÃ©tectÃ©es.
Transactions dans le mÃªme pays dÃ©tectÃ©es.
Transactions dans le mÃªme pays dÃ©tectÃ©es.
Transactions dans le mÃªme pays dÃ©tectÃ©es.
Transactions dans le mÃªme pays dÃ©tectÃ©es.
Transactions dans le mÃªme pays dÃ©tectÃ©es.
Transactions dans le mÃªme pays dÃ©tectÃ©es.
Transactions dans le mÃªme pays dÃ©tectÃ©es.
Transactions dans le mÃªme pays dÃ©tectÃ©es.
Transactions dans le mÃªme pays dÃ©tectÃ©es.
Transactions dans le mÃªme pays dÃ©tectÃ©es.
Transactions dans le mÃªme pays dÃ©tectÃ©es.
Transactions dans le mÃªme pays dÃ©tectÃ©es.
Transactions dans le mÃªme pays dÃ©tectÃ©es.
Transactions dans le mÃªme pays dÃ©tectÃ©es.
Transactions dans le mÃªme pays dÃ©tectÃ©es.
Transactions dans le mÃªme pays dÃ©tectÃ©es.
Transactions dans le mÃªme pays dÃ©tectÃ©es.
Transactions dans le mÃªme pays dÃ©tectÃ©es.
Transactions dans le mÃªme pays dÃ©tectÃ©es.
Transactions dans le mÃªme pays dÃ©tectÃ©es.
Transactions dans le mÃªme pays dÃ©tectÃ©es.
Transactions dans le mÃªme pays dÃ©tectÃ©es.
Transactions dans le mÃªme pays dÃ©tectÃ©es.
Transactions dans le mÃªme pays dÃ©tectÃ©es.
Transactions dans le mÃªme pays dÃ©tectÃ©es.
Transactions dans le mÃªme pays dÃ©tectÃ©es.
Transactions dans le mÃªme pays dÃ©tectÃ©es.
Transactions dans le mÃªme pays dÃ©tectÃ©es.
Transactions dans le mÃªme pays dÃ©tectÃ©es.
Transactions dans le mÃªme pays dÃ©tectÃ©es.
Transactions dans le mÃªme pays dÃ©tectÃ©es.
Transactions dans le mÃªme pays dÃ©tectÃ©es.
Transactions dans le mÃªme pays dÃ©tectÃ©es.
Transactions dans le mÃªme pays dÃ©tectÃ©es.
Transactions dans le mÃªme pays dÃ©tectÃ©es.
Transactions dans le mÃªme pays dÃ©tectÃ©es.
Transactions dans le mÃªme pays dÃ©tectÃ©es.
Transactions dans le mÃªme pays dÃ©tectÃ©es.
Transactions dans le mÃªme pays dÃ©tectÃ©es.
Transactions dans le mÃªme pays dÃ©tectÃ©es.
Transactions dans le mÃªme pays dÃ©tectÃ©es.
Transactions dans le mÃªme pays dÃ©tectÃ©es.
Transactions dans le mÃªme pays dÃ©tectÃ©es.
Transactions dans le mÃªme pays dÃ©tectÃ©es.
Transactions dans le mÃªme pays dÃ©tectÃ©es.
Transactions dans le mÃªme pays dÃ©tectÃ©es.
Transactions dans le mÃªme pays dÃ©tectÃ©es.
Transactions dans le mÃªme pays dÃ©tectÃ©es.
Transactions dans le mÃªme pays dÃ©tectÃ©es.
Transactions dans le mÃªme pays dÃ©tectÃ©es.
Transactions dans le mÃªme pays dÃ©tectÃ©es.
Transactions dans le mÃªme pays dÃ©tectÃ©es.
Transactions dans le mÃªme pays dÃ©tectÃ©es.
Transactions dans le mÃªme pays dÃ©tectÃ©es.
Transactions dans le mÃªme pays dÃ©tectÃ©es.
Transactions dans le mÃªme pays dÃ©tectÃ©es.
Transactions dans le mÃªme pays dÃ©tectÃ©es.
Transactions dans le mÃªme pays dÃ©tectÃ©es.
Transactions dans le mÃªme pays dÃ©tectÃ©es.
Transactions dans le mÃªme pays dÃ©tectÃ©es.
Transactions dans le mÃªme pays dÃ©tectÃ©es.
Transactions dans le mÃªme pays dÃ©tectÃ©es.
Transactions dans le mÃªme pays dÃ©tectÃ©es.
Transactions dans le mÃªme pays dÃ©tectÃ©es.
Transactions dans le mÃªme pays dÃ©tectÃ©es.
Transactions dans le mÃªme pays dÃ©tectÃ©es.
Transactions dans le mÃªme pays dÃ©tectÃ©es.
Transactions dans le mÃªme pays dÃ©tectÃ©es.
Transactions dans le mÃªme pays dÃ©tectÃ©es.
Transactions dans le mÃªme pays dÃ©tectÃ©es.
Transactions dans le mÃªme pays dÃ©tectÃ©es.
Transactions dans le mÃªme pays dÃ©tectÃ©es.
Transactions dans le mÃªme pays dÃ©tectÃ©es.
Transactions dans le mÃªme pays dÃ©tectÃ©es.
Transactions dans le mÃªme pays dÃ©tectÃ©es.
Transactions dans le mÃªme pays dÃ©tectÃ©es.
Transactions dans le mÃªme pays dÃ©tectÃ©es.
Transactions dans le mÃªme pays dÃ©tectÃ©es.
Transactions dans le mÃªme pays dÃ©tectÃ©es.
Transactions dans le mÃªme pays dÃ©tectÃ©es.
Transactions dans le mÃªme pays dÃ©tectÃ©es.
Transactions dans le mÃªme pays dÃ©tectÃ©es.
Transactions dans le mÃªme pays dÃ©tectÃ©es.
Transactions dans le mÃªme pays dÃ©tectÃ©es.
Transactions dans le mÃªme pays dÃ©tectÃ©es.
Transactions dans le mÃªme pays dÃ©tectÃ©es.
Transactions dans le mÃªme pays dÃ©tectÃ©es.
Transactions dans le mÃªme pays dÃ©tectÃ©es.
Transactions dans le mÃªme pays dÃ©tectÃ©es.
Transactions dans le mÃªme pays dÃ©tectÃ©es.
Transactions dans le mÃªme pays dÃ©tectÃ©es.
Transactions dans le mÃªme pays dÃ©tectÃ©es.
Transactions dans le mÃªme pays dÃ©tectÃ©es.
Transactions dans le mÃªme pays dÃ©tectÃ©es.
Transactions dans le mÃªme pays dÃ©tectÃ©es.
Transactions dans le mÃªme pays dÃ©tectÃ©es.
Transactions dans le mÃªme pays dÃ©tectÃ©es.
Transactions dans le mÃªme pays dÃ©tectÃ©es.
Transactions dans le mÃªme pays dÃ©tectÃ©es.
Transactions dans le mÃªme pays dÃ©tectÃ©es.
Transactions dans le mÃªme pays dÃ©tectÃ©es.
Transactions dans le mÃªme pays dÃ©tectÃ©es.
Transactions dans le mÃªme pays dÃ©tectÃ©es.
Transactions dans le mÃªme pays dÃ©tectÃ©es.
Transactions dans le mÃªme pays dÃ©tectÃ©es.
Transactions dans le mÃªme pays dÃ©tectÃ©es.
Transactions dans le mÃªme pays dÃ©tectÃ©es.
Transactions dans le mÃªme pays dÃ©tectÃ©es.
Transactions dans le mÃªme pays dÃ©tectÃ©es.
Transactions dans le mÃªme pays dÃ©tectÃ©es.
Transactions dans le mÃªme pays dÃ©tectÃ©es.
Transactions dans le mÃªme pays dÃ©tectÃ©es.
Transactions dans le mÃªme pays dÃ©tectÃ©es.
Transactions dans le mÃªme pays dÃ©tectÃ©es.
Transactions dans le mÃªme pays dÃ©tectÃ©es.
Transactions dans le mÃªme pays dÃ©tectÃ©es.
Transactions dans le mÃªme pays dÃ©tectÃ©es.
Transactions dans le mÃªme pays dÃ©tectÃ©es.
Transactions dans le mÃªme pays dÃ©tectÃ©es.
Transactions dans le mÃªme pays dÃ©tectÃ©es.
Transactions dans le mÃªme pays dÃ©tectÃ©es.
Transactions dans le mÃªme pays dÃ©tectÃ©es.
Transactions dans le mÃªme pays dÃ©tectÃ©es.
Transactions dans le mÃªme pays dÃ©tectÃ©es.
Transactions dans le mÃªme pays dÃ©tectÃ©es.
Transactions dans le mÃªme pays dÃ©tectÃ©es.
Transactions dans le mÃªme pays dÃ©tectÃ©es.
Transactions dans le mÃªme pays dÃ©tectÃ©es.
Transactions dans le mÃªme pays dÃ©tectÃ©es.
Transactions dans le mÃªme pays dÃ©tectÃ©es.
Transactions dans le mÃªme pays dÃ©tectÃ©es.
Transactions dans le mÃªme pays dÃ©tectÃ©es.
Transactions dans le mÃªme pays dÃ©tectÃ©es.
Transactions dans le mÃªme pays dÃ©tectÃ©es.
Transactions dans le mÃªme pays dÃ©tectÃ©es.
Transactions dans le mÃªme pays dÃ©tectÃ©es.
Transactions dans le mÃªme pays dÃ©tectÃ©es.
Transactions dans le mÃªme pays dÃ©tectÃ©es.
Transactions dans le mÃªme pays dÃ©tectÃ©es.
Transactions dans le mÃªme pays dÃ©tectÃ©es.
Transactions dans le mÃªme pays dÃ©tectÃ©es.
Transactions dans le mÃªme pays dÃ©tectÃ©es.
Transactions dans le mÃªme pays dÃ©tectÃ©es.
Transactions dans le mÃªme pays dÃ©tectÃ©es.
Transactions dans le mÃªme pays dÃ©tectÃ©es.
Transactions dans le mÃªme pays dÃ©tectÃ©es.
Transactions dans le mÃªme pays dÃ©tectÃ©es.
Transactions dans le mÃªme pays dÃ©tectÃ©es.
Transactions dans le mÃªme pays dÃ©tectÃ©es.
Transactions dans le mÃªme pays dÃ©tectÃ©es.
Transactions dans le mÃªme pays dÃ©tectÃ©es.
Transactions dans le mÃªme pays dÃ©tectÃ©es.
Transactions dans le mÃªme pays dÃ©tectÃ©es.
Transactions dans le mÃªme pays dÃ©tectÃ©es.
Transactions dans le mÃªme pays dÃ©tectÃ©es.
Transactions dans le mÃªme pays dÃ©tectÃ©es.
Transactions dans le mÃªme pays dÃ©tectÃ©es.
Transactions dans le mÃªme pays dÃ©tectÃ©es.
Transactions dans le mÃªme pays dÃ©tectÃ©es.
Transactions dans le mÃªme pays dÃ©tectÃ©es.
Transactions dans le mÃªme pays dÃ©tectÃ©es.
Transactions dans le mÃªme pays dÃ©tectÃ©es.
Transactions dans le mÃªme pays dÃ©tectÃ©es.
Transactions dans le mÃªme pays dÃ©tectÃ©es.
Transactions dans le mÃªme pays dÃ©tectÃ©es.
Transactions dans le mÃªme pays dÃ©tectÃ©es.
Transactions dans le mÃªme pays dÃ©tectÃ©es.
Transactions dans le mÃªme pays dÃ©tectÃ©es.
Transactions dans le mÃªme pays dÃ©tectÃ©es.
Transactions dans le mÃªme pays dÃ©tectÃ©es.
Transactions dans le mÃªme pays dÃ©tectÃ©es.
Transactions dans le mÃªme pays dÃ©tectÃ©es.
Transactions dans le mÃªme pays dÃ©tectÃ©es.
Transactions dans le mÃªme pays dÃ©tectÃ©es.
Transactions dans le mÃªme pays dÃ©tectÃ©es.
Transactions dans le mÃªme pays dÃ©tectÃ©es.
Transactions dans le mÃªme pays dÃ©tectÃ©es.
Transactions dans le mÃªme pays dÃ©tectÃ©es.
Transactions dans le mÃªme pays dÃ©tectÃ©es.
Transactions dans le mÃªme pays dÃ©tectÃ©es.
Transactions dans le mÃªme pays dÃ©tectÃ©es.
Transactions dans le mÃªme pays dÃ©tectÃ©es.
Transactions dans le mÃªme pays dÃ©tectÃ©es.
Transactions dans le mÃªme pays dÃ©tectÃ©es.
Transactions dans le mÃªme pays dÃ©tectÃ©es.
Transactions dans le mÃªme pays dÃ©tectÃ©es.
Transactions dans le mÃªme pays dÃ©tectÃ©es.
Transactions dans le mÃªme pays dÃ©tectÃ©es.
Transactions dans le mÃªme pays dÃ©tectÃ©es.
Transactions dans le mÃªme pays dÃ©tectÃ©es.
Transactions dans le mÃªme pays dÃ©tectÃ©es.
Transactions dans le mÃªme pays dÃ©tectÃ©es.
Transactions dans le mÃªme pays dÃ©tectÃ©es.
Transactions dans le mÃªme pays dÃ©tectÃ©es.
Transactions dans le mÃªme pays dÃ©tectÃ©es.
Transactions dans le mÃªme pays dÃ©tectÃ©es.
Transactions dans le mÃªme pays dÃ©tectÃ©es.
Transactions dans le mÃªme pays dÃ©tectÃ©es.
Transactions dans le mÃªme pays dÃ©tectÃ©es.
Transactions dans le mÃªme pays dÃ©tectÃ©es.
Transactions dans le mÃªme pays dÃ©tectÃ©es.
Transactions dans le mÃªme pays dÃ©tectÃ©es.
Transactions dans le mÃªme pays dÃ©tectÃ©es.
Transactions dans le mÃªme pays dÃ©tectÃ©es.
Transactions dans le mÃªme pays dÃ©tectÃ©es.
Transactions dans le mÃªme pays dÃ©tectÃ©es.
Transactions dans le mÃªme pays dÃ©tectÃ©es.
Transactions dans le mÃªme pays dÃ©tectÃ©es.
Transactions dans le mÃªme pays dÃ©tectÃ©es.
Transactions dans le mÃªme pays dÃ©tectÃ©es.
Transactions dans le mÃªme pays dÃ©tectÃ©es.
Transactions dans le mÃªme pays dÃ©tectÃ©es.
Transactions dans le mÃªme pays dÃ©tectÃ©es.
Transactions dans le mÃªme pays dÃ©tectÃ©es.
Transactions dans le mÃªme pays dÃ©tectÃ©es.
Transactions dans le mÃªme pays dÃ©tectÃ©es.
Transactions dans le mÃªme pays dÃ©tectÃ©es.
Transactions dans le mÃªme pays dÃ©tectÃ©es.
Transactions dans le mÃªme pays dÃ©tectÃ©es.
Transactions dans le mÃªme pays dÃ©tectÃ©es.
Transactions dans le mÃªme pays dÃ©tectÃ©es.
Transactions dans le mÃªme pays dÃ©tectÃ©es.
Transactions dans le mÃªme pays dÃ©tectÃ©es.
Transactions dans le mÃªme pays dÃ©tectÃ©es.
Transactions dans le mÃªme pays dÃ©tectÃ©es.
Transactions dans le mÃªme pays dÃ©tectÃ©es.
Transactions dans le mÃªme pays dÃ©tectÃ©es.
Transactions dans le mÃªme pays dÃ©tectÃ©es.
Transactions dans le mÃªme pays dÃ©tectÃ©es.
Transactions dans le mÃªme pays dÃ©tectÃ©es.
Transactions dans le mÃªme pays dÃ©tectÃ©es.
Transactions dans le mÃªme pays dÃ©tectÃ©es.
Transactions dans le mÃªme pays dÃ©tectÃ©es.
Transactions dans le mÃªme pays dÃ©tectÃ©es.
Transactions dans le mÃªme pays dÃ©tectÃ©es.
Transactions dans le mÃªme pays dÃ©tectÃ©es.
Transactions dans le mÃªme pays dÃ©tectÃ©es.
Transactions dans le mÃªme pays dÃ©tectÃ©es.
Transactions dans le mÃªme pays dÃ©tectÃ©es.
Transactions dans le mÃªme pays dÃ©tectÃ©es.
Transactions dans le mÃªme pays dÃ©tectÃ©es.
Transactions dans le mÃªme pays dÃ©tectÃ©es.
Transactions dans le mÃªme pays dÃ©tectÃ©es.
Transactions dans le mÃªme pays dÃ©tectÃ©es.
Transactions dans le mÃªme pays dÃ©tectÃ©es.
Transactions dans le mÃªme pays dÃ©tectÃ©es.
Transactions dans le mÃªme pays dÃ©tectÃ©es.
Transactions dans le mÃªme pays dÃ©tectÃ©es.
Transactions dans le mÃªme pays dÃ©tectÃ©es.
Transactions dans le mÃªme pays dÃ©tectÃ©es.
Transactions dans le mÃªme pays dÃ©tectÃ©es.
Transactions dans le mÃªme pays dÃ©tectÃ©es.
Transactions dans le mÃªme pays dÃ©tectÃ©es.
Transactions dans le mÃªme pays dÃ©tectÃ©es.
Transactions dans le mÃªme pays dÃ©tectÃ©es.
Transactions dans le mÃªme pays dÃ©tectÃ©es.
Transactions dans le mÃªme pays dÃ©tectÃ©es.
Transactions dans le mÃªme pays dÃ©tectÃ©es.
Transactions dans le mÃªme pays dÃ©tectÃ©es.
Transactions dans le mÃªme pays dÃ©tectÃ©es.
Transactions dans le mÃªme pays dÃ©tectÃ©es.
Transactions dans le mÃªme pays dÃ©tectÃ©es.
Transactions dans le mÃªme pays dÃ©tectÃ©es.
Transactions dans le mÃªme pays dÃ©tectÃ©es.
Transactions dans le mÃªme pays dÃ©tectÃ©es.
Transactions dans le mÃªme pays dÃ©tectÃ©es.
Transactions dans le mÃªme pays dÃ©tectÃ©es.
Transactions dans le mÃªme pays dÃ©tectÃ©es.
Transactions dans le mÃªme pays dÃ©tectÃ©es.
Transactions dans le mÃªme pays dÃ©tectÃ©es.
Transactions dans le mÃªme pays dÃ©tectÃ©es.
Transactions dans le mÃªme pays dÃ©tectÃ©es.
Transactions dans le mÃªme pays dÃ©tectÃ©es.
Transactions dans le mÃªme pays dÃ©tectÃ©es.
Transactions dans le mÃªme pays dÃ©tectÃ©es.
Transactions dans le mÃªme pays dÃ©tectÃ©es.
Transactions dans le mÃªme pays dÃ©tectÃ©es.
Transactions dans le mÃªme pays dÃ©tectÃ©es.
Transactions dans le mÃªme pays dÃ©tectÃ©es.
Transactions dans le mÃªme pays dÃ©tectÃ©es.
Transactions dans le mÃªme pays dÃ©tectÃ©es.
Transactions dans le mÃªme pays dÃ©tectÃ©es.
Transactions dans le mÃªme pays dÃ©tectÃ©es.
Transactions dans le mÃªme pays dÃ©tectÃ©es.
Transactions dans le mÃªme pays dÃ©tectÃ©es.
Transactions dans le mÃªme pays dÃ©tectÃ©es.
Transactions dans le mÃªme pays dÃ©tectÃ©es.
Transactions dans le mÃªme pays dÃ©tectÃ©es.
Transactions dans le mÃªme pays dÃ©tectÃ©es.
Transactions dans le mÃªme pays dÃ©tectÃ©es.
Transactions dans le mÃªme pays dÃ©tectÃ©es.
Transactions dans le mÃªme pays dÃ©tectÃ©es.
Transactions dans le mÃªme pays dÃ©tectÃ©es.
Transactions dans le mÃªme pays dÃ©tectÃ©es.
Transactions dans le mÃªme pays dÃ©tectÃ©es.
Transactions dans le mÃªme pays dÃ©tectÃ©es.
Transactions dans le mÃªme pays dÃ©tectÃ©es.
Transactions dans le mÃªme pays dÃ©tectÃ©es.
Transactions dans le mÃªme pays dÃ©tectÃ©es.
Transactions dans le mÃªme pays dÃ©tectÃ©es.
Transactions dans le mÃªme pays dÃ©tectÃ©es.
Transactions dans le mÃªme pays dÃ©tectÃ©es.
Transactions dans le mÃªme pays dÃ©tectÃ©es.
Transactions dans le mÃªme pays dÃ©tectÃ©es.
Transactions dans le mÃªme pays dÃ©tectÃ©es.
Transactions dans le mÃªme pays dÃ©tectÃ©es.
Transactions dans le mÃªme pays dÃ©tectÃ©es.
Transactions dans le mÃªme pays dÃ©tectÃ©es.
Transactions dans le mÃªme pays dÃ©tectÃ©es.
Transactions dans le mÃªme pays dÃ©tectÃ©es.
Transactions dans le mÃªme pays dÃ©tectÃ©es.
Transactions dans le mÃªme pays dÃ©tectÃ©es.
Transactions dans le mÃªme pays dÃ©tectÃ©es.
Transactions dans le mÃªme pays dÃ©tectÃ©es.
Transactions dans le mÃªme pays dÃ©tectÃ©es.
Transactions dans le mÃªme pays dÃ©tectÃ©es.
Transactions dans le mÃªme pays dÃ©tectÃ©es.
Transactions dans le mÃªme pays dÃ©tectÃ©es.
Transactions dans le mÃªme pays dÃ©tectÃ©es.
Transactions dans le mÃªme pays dÃ©tectÃ©es.
Transactions dans le mÃªme pays dÃ©tectÃ©es.
Transactions dans le mÃªme pays dÃ©tectÃ©es.
Transactions dans le mÃªme pays dÃ©tectÃ©es.
Transactions dans le mÃªme pays dÃ©tectÃ©es.
Transactions dans le mÃªme pays dÃ©tectÃ©es.
Transactions dans le mÃªme pays dÃ©tectÃ©es.
Transactions dans le mÃªme pays dÃ©tectÃ©es.
Transactions dans le mÃªme pays dÃ©tectÃ©es.
Transactions dans le mÃªme pays dÃ©tectÃ©es.
Transactions dans le mÃªme pays dÃ©tectÃ©es.
Transactions dans le mÃªme pays dÃ©tectÃ©es.
Transactions dans le mÃªme pays dÃ©tectÃ©es.
Transactions dans le mÃªme pays dÃ©tectÃ©es.
Transactions dans le mÃªme pays dÃ©tectÃ©es.
Transactions dans le mÃªme pays dÃ©tectÃ©es.
Transactions dans le mÃªme pays dÃ©tectÃ©es.
Transactions dans le mÃªme pays dÃ©tectÃ©es.
Transactions dans le mÃªme pays dÃ©tectÃ©es.
Transactions dans le mÃªme pays dÃ©tectÃ©es.
Transactions dans le mÃªme pays dÃ©tectÃ©es.
Transactions dans le mÃªme pays dÃ©tectÃ©es.
Transactions dans le mÃªme pays dÃ©tectÃ©es.
Transactions dans le mÃªme pays dÃ©tectÃ©es.
Transactions dans le mÃªme pays dÃ©tectÃ©es.
Transactions dans le mÃªme pays dÃ©tectÃ©es.
Transactions dans le mÃªme pays dÃ©tectÃ©es.
Transactions dans le mÃªme pays dÃ©tectÃ©es.
Transactions dans le mÃªme pays dÃ©tectÃ©es.
Transactions dans le mÃªme pays dÃ©tectÃ©es.
Transactions dans le mÃªme pays dÃ©tectÃ©es.
Transactions dans le mÃªme pays dÃ©tectÃ©es.
Transactions dans le mÃªme pays dÃ©tectÃ©es.
Transactions dans le mÃªme pays dÃ©tectÃ©es.
Transactions dans le mÃªme pays dÃ©tectÃ©es.
Transactions dans le mÃªme pays dÃ©tectÃ©es.
Transactions dans le mÃªme pays dÃ©tectÃ©es.
Transactions dans le mÃªme pays dÃ©tectÃ©es.
Transactions dans le mÃªme pays dÃ©tectÃ©es.
Transactions dans le mÃªme pays dÃ©tectÃ©es.
Transactions dans le mÃªme pays dÃ©tectÃ©es.
Transactions dans le mÃªme pays dÃ©tectÃ©es.
Transactions dans le mÃªme pays dÃ©tectÃ©es.
Transactions dans le mÃªme pays dÃ©tectÃ©es.
Transactions dans le mÃªme pays dÃ©tectÃ©es.
Transactions dans le mÃªme pays dÃ©tectÃ©es.
Transactions dans le mÃªme pays dÃ©tectÃ©es.
Transactions dans le mÃªme pays dÃ©tectÃ©es.
Transactions dans le mÃªme pays dÃ©tectÃ©es.
Transactions dans le mÃªme pays dÃ©tectÃ©es.
Transactions dans le mÃªme pays dÃ©tectÃ©es.
Transactions dans le mÃªme pays dÃ©tectÃ©es.
Transactions dans le mÃªme pays dÃ©tectÃ©es.
Transactions dans le mÃªme pays dÃ©tectÃ©es.
Transactions dans le mÃªme pays dÃ©tectÃ©es.
Transactions dans le mÃªme pays dÃ©tectÃ©es.
Transactions dans le mÃªme pays dÃ©tectÃ©es.
Transactions dans le mÃªme pays dÃ©tectÃ©es.
Transactions dans le mÃªme pays dÃ©tectÃ©es.
Transactions dans le mÃªme pays dÃ©tectÃ©es.
Transactions dans le mÃªme pays dÃ©tectÃ©es.
Transactions dans le mÃªme pays dÃ©tectÃ©es.
Transactions dans le mÃªme pays dÃ©tectÃ©es.
Transactions dans le mÃªme pays dÃ©tectÃ©es.
Transactions dans le mÃªme pays dÃ©tectÃ©es.
Transactions dans le mÃªme pays dÃ©tectÃ©es.
Transactions dans le mÃªme pays dÃ©tectÃ©es.
Transactions dans le mÃªme pays dÃ©tectÃ©es.
Transactions dans le mÃªme pays dÃ©tectÃ©es.
Transactions dans le mÃªme pays dÃ©tectÃ©es.
Transactions dans le mÃªme pays dÃ©tectÃ©es.
Transactions dans le mÃªme pays dÃ©tectÃ©es.
Transactions dans le mÃªme pays dÃ©tectÃ©es.
Transactions dans le mÃªme pays dÃ©tectÃ©es.
Transactions dans le mÃªme pays dÃ©tectÃ©es.
Transactions dans le mÃªme pays dÃ©tectÃ©es.
Transactions dans le mÃªme pays dÃ©tectÃ©es.
Transactions dans le mÃªme pays dÃ©tectÃ©es.
Transactions dans le mÃªme pays dÃ©tectÃ©es.
Transactions dans le mÃªme pays dÃ©tectÃ©es.
Transactions dans le mÃªme pays dÃ©tectÃ©es.
Transactions dans le mÃªme pays dÃ©tectÃ©es.
Transactions dans le mÃªme pays dÃ©tectÃ©es.
Transactions dans le mÃªme pays dÃ©tectÃ©es.
Transactions dans le mÃªme pays dÃ©tectÃ©es.
Transactions dans le mÃªme pays dÃ©tectÃ©es.
Transactions dans le mÃªme pays dÃ©tectÃ©es.
Transactions dans le mÃªme pays dÃ©tectÃ©es.
Transactions dans le mÃªme pays dÃ©tectÃ©es.
Transactions dans le mÃªme pays dÃ©tectÃ©es.
Transactions dans le mÃªme pays dÃ©tectÃ©es.
Transactions dans le mÃªme pays dÃ©tectÃ©es.
Transactions dans le mÃªme pays dÃ©tectÃ©es.
Transactions dans le mÃªme pays dÃ©tectÃ©es.
Transactions dans le mÃªme pays dÃ©tectÃ©es.
Transactions dans le mÃªme pays dÃ©tectÃ©es.
Transactions dans le mÃªme pays dÃ©tectÃ©es.
Transactions dans le mÃªme pays dÃ©tectÃ©es.
Transactions dans le mÃªme pays dÃ©tectÃ©es.
Transactions dans le mÃªme pays dÃ©tectÃ©es.
Transactions dans le mÃªme pays dÃ©tectÃ©es.
Transactions dans le mÃªme pays dÃ©tectÃ©es.
Transactions dans le mÃªme pays dÃ©tectÃ©es.
Transactions dans le mÃªme pays dÃ©tectÃ©es.
Transactions dans le mÃªme pays dÃ©tectÃ©es.
Transactions dans le mÃªme pays dÃ©tectÃ©es.
Transactions dans le mÃªme pays dÃ©tectÃ©es.
Transactions dans le mÃªme pays dÃ©tectÃ©es.
Transactions dans le mÃªme pays dÃ©tectÃ©es.
Transactions dans le mÃªme pays dÃ©tectÃ©es.
Transactions dans le mÃªme pays dÃ©tectÃ©es.
Transactions dans le mÃªme pays dÃ©tectÃ©es.
Transactions dans le mÃªme pays dÃ©tectÃ©es.
Transactions dans le mÃªme pays dÃ©tectÃ©es.
Transactions dans le mÃªme pays dÃ©tectÃ©es.
Transactions dans le mÃªme pays dÃ©tectÃ©es.
Transactions dans le mÃªme pays dÃ©tectÃ©es.
Transactions dans le mÃªme pays dÃ©tectÃ©es.
Transactions dans le mÃªme pays dÃ©tectÃ©es.
Transactions dans le mÃªme pays dÃ©tectÃ©es.
Transactions dans le mÃªme pays dÃ©tectÃ©es.
Transactions dans le mÃªme pays dÃ©tectÃ©es.
Transactions dans le mÃªme pays dÃ©tectÃ©es.
Transactions dans le mÃªme pays dÃ©tectÃ©es.
Transactions dans le mÃªme pays dÃ©tectÃ©es.
Transactions dans le mÃªme pays dÃ©tectÃ©es.
Transactions dans le mÃªme pays dÃ©tectÃ©es.
Transactions dans le mÃªme pays dÃ©tectÃ©es.
Transactions dans le mÃªme pays dÃ©tectÃ©es.
Transactions dans le mÃªme pays dÃ©tectÃ©es.
Transactions dans le mÃªme pays dÃ©tectÃ©es.
Transactions dans le mÃªme pays dÃ©tectÃ©es.
Transactions dans le mÃªme pays dÃ©tectÃ©es.
Transactions dans le mÃªme pays dÃ©tectÃ©es.
Transactions dans le mÃªme pays dÃ©tectÃ©es.
Transactions dans le mÃªme pays dÃ©tectÃ©es.
Transactions dans le mÃªme pays dÃ©tectÃ©es.
Transactions dans le mÃªme pays dÃ©tectÃ©es.
Transactions dans le mÃªme pays dÃ©tectÃ©es.
Transactions dans le mÃªme pays dÃ©tectÃ©es.
Transactions dans le mÃªme pays dÃ©tectÃ©es.
Transactions dans le mÃªme pays dÃ©tectÃ©es.
Transactions dans le mÃªme pays dÃ©tectÃ©es.
Transactions dans le mÃªme pays dÃ©tectÃ©es.
Transactions dans le mÃªme pays dÃ©tectÃ©es.
Transactions dans le mÃªme pays dÃ©tectÃ©es.
Transactions dans le mÃªme pays dÃ©tectÃ©es.
Transactions dans le mÃªme pays dÃ©tectÃ©es.
Transactions dans le mÃªme pays dÃ©tectÃ©es.
Transactions dans le mÃªme pays dÃ©tectÃ©es.
Transactions dans le mÃªme pays dÃ©tectÃ©es.
Transactions dans le mÃªme pays dÃ©tectÃ©es.
Transactions dans le mÃªme pays dÃ©tectÃ©es.
Transactions dans le mÃªme pays dÃ©tectÃ©es.
Transactions dans le mÃªme pays dÃ©tectÃ©es.
Transactions dans le mÃªme pays dÃ©tectÃ©es.
Transactions dans le mÃªme pays dÃ©tectÃ©es.
Transactions dans le mÃªme pays dÃ©tectÃ©es.
Transactions dans le mÃªme pays dÃ©tectÃ©es.
Transactions dans le mÃªme pays dÃ©tectÃ©es.
Transactions dans le mÃªme pays dÃ©tectÃ©es.
Transactions dans le mÃªme pays dÃ©tectÃ©es.
Transactions dans le mÃªme pays dÃ©tectÃ©es.
Transactions dans le mÃªme pays dÃ©tectÃ©es.
Transactions dans le mÃªme pays dÃ©tectÃ©es.
Transactions dans le mÃªme pays dÃ©tectÃ©es.
Transactions dans le mÃªme pays dÃ©tectÃ©es.
Transactions dans le mÃªme pays dÃ©tectÃ©es.
Transactions dans le mÃªme pays dÃ©tectÃ©es.
Transactions dans le mÃªme pays dÃ©tectÃ©es.
Transactions dans le mÃªme pays dÃ©tectÃ©es.
Transactions dans le mÃªme pays dÃ©tectÃ©es.
Transactions dans le mÃªme pays dÃ©tectÃ©es.
Transactions dans le mÃªme pays dÃ©tectÃ©es.
Transactions dans le mÃªme pays dÃ©tectÃ©es.
Transactions dans le mÃªme pays dÃ©tectÃ©es.
Transactions dans le mÃªme pays dÃ©tectÃ©es.
Transactions dans le mÃªme pays dÃ©tectÃ©es.
Transactions dans le mÃªme pays dÃ©tectÃ©es.
Transactions dans le mÃªme pays dÃ©tectÃ©es.
Transactions dans le mÃªme pays dÃ©tectÃ©es.
Transactions dans le mÃªme pays dÃ©tectÃ©es.
Transactions dans le mÃªme pays dÃ©tectÃ©es.
Transactions dans le mÃªme pays dÃ©tectÃ©es.
Transactions dans le mÃªme pays dÃ©tectÃ©es.
Transactions dans le mÃªme pays dÃ©tectÃ©es.
Transactions dans le mÃªme pays dÃ©tectÃ©es.
Transactions dans le mÃªme pays dÃ©tectÃ©es.
Transactions dans le mÃªme pays dÃ©tectÃ©es.
Transactions dans le mÃªme pays dÃ©tectÃ©es.
Transactions dans le mÃªme pays dÃ©tectÃ©es.
Transactions dans le mÃªme pays dÃ©tectÃ©es.
Transactions dans le mÃªme pays dÃ©tectÃ©es.
Transactions dans le mÃªme pays dÃ©tectÃ©es.
Transactions dans le mÃªme pays dÃ©tectÃ©es.
Transactions dans le mÃªme pays dÃ©tectÃ©es.
Transactions dans le mÃªme pays dÃ©tectÃ©es.
Transactions dans le mÃªme pays dÃ©tectÃ©es.
Transactions dans le mÃªme pays dÃ©tectÃ©es.
Transactions dans le mÃªme pays dÃ©tectÃ©es.
Transactions dans le mÃªme pays dÃ©tectÃ©es.
Transactions dans le mÃªme pays dÃ©tectÃ©es.
Transactions dans le mÃªme pays dÃ©tectÃ©es.
Transactions dans le mÃªme pays dÃ©tectÃ©es.
Transactions dans le mÃªme pays dÃ©tectÃ©es.
Transactions dans le mÃªme pays dÃ©tectÃ©es.
Transactions dans le mÃªme pays dÃ©tectÃ©es.
Transactions dans le mÃªme pays dÃ©tectÃ©es.
Transactions dans le mÃªme pays dÃ©tectÃ©es.
Transactions dans le mÃªme pays dÃ©tectÃ©es.
Transactions dans le mÃªme pays dÃ©tectÃ©es.
Transactions dans le mÃªme pays dÃ©tectÃ©es.
Transactions dans le mÃªme pays dÃ©tectÃ©es.
Transactions dans le mÃªme pays dÃ©tectÃ©es.
Transactions dans le mÃªme pays dÃ©tectÃ©es.
Transactions dans le mÃªme pays dÃ©tectÃ©es.
Transactions dans le mÃªme pays dÃ©tectÃ©es.
Transactions dans le mÃªme pays dÃ©tectÃ©es.
Transactions dans le mÃªme pays dÃ©tectÃ©es.
Transactions dans le mÃªme pays dÃ©tectÃ©es.
Transactions dans le mÃªme pays dÃ©tectÃ©es.
Transactions dans le mÃªme pays dÃ©tectÃ©es.
Transactions dans le mÃªme pays dÃ©tectÃ©es.
Transactions dans le mÃªme pays dÃ©tectÃ©es.
Transactions dans le mÃªme pays dÃ©tectÃ©es.
Transactions dans le mÃªme pays dÃ©tectÃ©es.
Transactions dans le mÃªme pays dÃ©tectÃ©es.
Transactions dans le mÃªme pays dÃ©tectÃ©es.
Transactions dans le mÃªme pays dÃ©tectÃ©es.
Transactions dans le mÃªme pays dÃ©tectÃ©es.
Transactions dans le mÃªme pays dÃ©tectÃ©es.
Transactions dans le mÃªme pays dÃ©tectÃ©es.
Transactions dans le mÃªme pays dÃ©tectÃ©es.
Transactions dans le mÃªme pays dÃ©tectÃ©es.
Transactions dans le mÃªme pays dÃ©tectÃ©es.
Transactions dans le mÃªme pays dÃ©tectÃ©es.
Transactions dans le mÃªme pays dÃ©tectÃ©es.
Transactions dans le mÃªme pays dÃ©tectÃ©es.
Transactions dans le mÃªme pays dÃ©tectÃ©es.
Transactions dans le mÃªme pays dÃ©tectÃ©es.
Transactions dans le mÃªme pays dÃ©tectÃ©es.
Transactions dans le mÃªme pays dÃ©tectÃ©es.
Transactions dans le mÃªme pays dÃ©tectÃ©es.
Transactions dans le mÃªme pays dÃ©tectÃ©es.
Transactions dans le mÃªme pays dÃ©tectÃ©es.
Transactions dans le mÃªme pays dÃ©tectÃ©es.
Transactions dans le mÃªme pays dÃ©tectÃ©es.
Transactions dans le mÃªme pays dÃ©tectÃ©es.
Transactions dans le mÃªme pays dÃ©tectÃ©es.
Transactions dans le mÃªme pays dÃ©tectÃ©es.
Transactions dans le mÃªme pays dÃ©tectÃ©es.
Transactions dans le mÃªme pays dÃ©tectÃ©es.
Transactions dans le mÃªme pays dÃ©tectÃ©es.
Transactions dans le mÃªme pays dÃ©tectÃ©es.
Transactions dans le mÃªme pays dÃ©tectÃ©es.
Transactions dans le mÃªme pays dÃ©tectÃ©es.
Transactions dans le mÃªme pays dÃ©tectÃ©es.
Transactions dans le mÃªme pays dÃ©tectÃ©es.
Transactions dans le mÃªme pays dÃ©tectÃ©es.
Transactions dans le mÃªme pays dÃ©tectÃ©es.
Transactions dans le mÃªme pays dÃ©tectÃ©es.
Transactions dans le mÃªme pays dÃ©tectÃ©es.
Transactions dans le mÃªme pays dÃ©tectÃ©es.
Transactions dans le mÃªme pays dÃ©tectÃ©es.
Transactions dans le mÃªme pays dÃ©tectÃ©es.
Transactions dans le mÃªme pays dÃ©tectÃ©es.
Transactions dans le mÃªme pays dÃ©tectÃ©es.
Transactions dans le mÃªme pays dÃ©tectÃ©es.
Transactions dans le mÃªme pays dÃ©tectÃ©es.
Transactions dans le mÃªme pays dÃ©tectÃ©es.
Transactions dans le mÃªme pays dÃ©tectÃ©es.
Transactions dans le mÃªme pays dÃ©tectÃ©es.
Transactions dans le mÃªme pays dÃ©tectÃ©es.
Transactions dans le mÃªme pays dÃ©tectÃ©es.
Transactions dans le mÃªme pays dÃ©tectÃ©es.
Transactions dans le mÃªme pays dÃ©tectÃ©es.
Transactions dans le mÃªme pays dÃ©tectÃ©es.
Transactions dans le mÃªme pays dÃ©tectÃ©es.
Transactions dans le mÃªme pays dÃ©tectÃ©es.
Transactions dans le mÃªme pays dÃ©tectÃ©es.
Transactions dans le mÃªme pays dÃ©tectÃ©es.
Transactions dans le mÃªme pays dÃ©tectÃ©es.
Transactions dans le mÃªme pays dÃ©tectÃ©es.
Transactions dans le mÃªme pays dÃ©tectÃ©es.
Transactions dans le mÃªme pays dÃ©tectÃ©es.
Transactions dans le mÃªme pays dÃ©tectÃ©es.
Transactions dans le mÃªme pays dÃ©tectÃ©es.
Transactions dans le mÃªme pays dÃ©tectÃ©es.
Transactions dans le mÃªme pays dÃ©tectÃ©es.
Transactions dans le mÃªme pays dÃ©tectÃ©es.
Transactions dans le mÃªme pays dÃ©tectÃ©es.
Transactions dans le mÃªme pays dÃ©tectÃ©es.
Transactions dans le mÃªme pays dÃ©tectÃ©es.
Transactions dans le mÃªme pays dÃ©tectÃ©es.
Transactions dans le mÃªme pays dÃ©tectÃ©es.
Transactions dans le mÃªme pays dÃ©tectÃ©es.
Transactions dans le mÃªme pays dÃ©tectÃ©es.
Transactions dans le mÃªme pays dÃ©tectÃ©es.
Transactions dans le mÃªme pays dÃ©tectÃ©es.
Transactions dans le mÃªme pays dÃ©tectÃ©es.
Transactions dans le mÃªme pays dÃ©tectÃ©es.
Transactions dans le mÃªme pays dÃ©tectÃ©es.
Transactions dans le mÃªme pays dÃ©tectÃ©es.
Transactions dans le mÃªme pays dÃ©tectÃ©es.
Transactions dans le mÃªme pays dÃ©tectÃ©es.
Transactions dans le mÃªme pays dÃ©tectÃ©es.
Transactions dans le mÃªme pays dÃ©tectÃ©es.
Transactions dans le mÃªme pays dÃ©tectÃ©es.
Transactions dans le mÃªme pays dÃ©tectÃ©es.
Transactions dans le mÃªme pays dÃ©tectÃ©es.
Transactions dans le mÃªme pays dÃ©tectÃ©es.
Transactions dans le mÃªme pays dÃ©tectÃ©es.
Transactions dans le mÃªme pays dÃ©tectÃ©es.
Transactions dans le mÃªme pays dÃ©tectÃ©es.
Transactions dans le mÃªme pays dÃ©tectÃ©es.
Transactions dans le mÃªme pays dÃ©tectÃ©es.
Transactions dans le mÃªme pays dÃ©tectÃ©es.
Transactions dans le mÃªme pays dÃ©tectÃ©es.
Transactions dans le mÃªme pays dÃ©tectÃ©es.
Transactions dans le mÃªme pays dÃ©tectÃ©es.
Transactions dans le mÃªme pays dÃ©tectÃ©es.
Transactions dans le mÃªme pays dÃ©tectÃ©es.
Transactions dans le mÃªme pays dÃ©tectÃ©es.
Transactions dans le mÃªme pays dÃ©tectÃ©es.
Transactions dans le mÃªme pays dÃ©tectÃ©es.
Transactions dans le mÃªme pays dÃ©tectÃ©es.
Transactions dans le mÃªme pays dÃ©tectÃ©es.
Transactions dans le mÃªme pays dÃ©tectÃ©es.
Transactions dans le mÃªme pays dÃ©tectÃ©es.
Transactions dans le mÃªme pays dÃ©tectÃ©es.
Transactions dans le mÃªme pays dÃ©tectÃ©es.
Transactions dans le mÃªme pays dÃ©tectÃ©es.
Transactions dans le mÃªme pays dÃ©tectÃ©es.
Transactions dans le mÃªme pays dÃ©tectÃ©es.
Transactions dans le mÃªme pays dÃ©tectÃ©es.
Transactions dans le mÃªme pays dÃ©tectÃ©es.
Transactions dans le mÃªme pays dÃ©tectÃ©es.
Transactions dans le mÃªme pays dÃ©tectÃ©es.
Transactions dans le mÃªme pays dÃ©tectÃ©es.
Transactions dans le mÃªme pays dÃ©tectÃ©es.
Transactions dans le mÃªme pays dÃ©tectÃ©es.
Transactions dans le mÃªme pays dÃ©tectÃ©es.
Transactions dans le mÃªme pays dÃ©tectÃ©es.
Transactions dans le mÃªme pays dÃ©tectÃ©es.
Transactions dans le mÃªme pays dÃ©tectÃ©es.
Transactions dans le mÃªme pays dÃ©tectÃ©es.
Transactions dans le mÃªme pays dÃ©tectÃ©es.
Transactions dans le mÃªme pays dÃ©tectÃ©es.
Transactions dans le mÃªme pays dÃ©tectÃ©es.
Transactions dans le mÃªme pays dÃ©tectÃ©es.
Transactions dans le mÃªme pays dÃ©tectÃ©es.
Transactions dans le mÃªme pays dÃ©tectÃ©es.
Transactions dans le mÃªme pays dÃ©tectÃ©es.
Transactions dans le mÃªme pays dÃ©tectÃ©es.
Transactions dans le mÃªme pays dÃ©tectÃ©es.
Transactions dans le mÃªme pays dÃ©tectÃ©es.
Transactions dans le mÃªme pays dÃ©tectÃ©es.
Transactions dans le mÃªme pays dÃ©tectÃ©es.
Transactions dans le mÃªme pays dÃ©tectÃ©es.
Transactions dans le mÃªme pays dÃ©tectÃ©es.
Transactions dans le mÃªme pays dÃ©tectÃ©es.
Transactions dans le mÃªme pays dÃ©tectÃ©es.
Transactions dans le mÃªme pays dÃ©tectÃ©es.
Transactions dans le mÃªme pays dÃ©tectÃ©es.
Transactions dans le mÃªme pays dÃ©tectÃ©es.
Transactions dans le mÃªme pays dÃ©tectÃ©es.
Transactions dans le mÃªme pays dÃ©tectÃ©es.
Transactions dans le mÃªme pays dÃ©tectÃ©es.
Transactions dans le mÃªme pays dÃ©tectÃ©es.
Transactions dans le mÃªme pays dÃ©tectÃ©es.
Transactions dans le mÃªme pays dÃ©tectÃ©es.
Transactions dans le mÃªme pays dÃ©tectÃ©es.
Transactions dans le mÃªme pays dÃ©tectÃ©es.
Transactions dans le mÃªme pays dÃ©tectÃ©es.
Transactions dans le mÃªme pays dÃ©tectÃ©es.
Transactions dans le mÃªme pays dÃ©tectÃ©es.
Transactions dans le mÃªme pays dÃ©tectÃ©es.
Transactions dans le mÃªme pays dÃ©tectÃ©es.
Transactions dans le mÃªme pays dÃ©tectÃ©es.
Transactions dans le mÃªme pays dÃ©tectÃ©es.
Transactions dans le mÃªme pays dÃ©tectÃ©es.
Transactions dans le mÃªme pays dÃ©tectÃ©es.
Transactions dans le mÃªme pays dÃ©tectÃ©es.
Transactions dans le mÃªme pays dÃ©tectÃ©es.
Transactions dans le mÃªme pays dÃ©tectÃ©es.
Transactions dans le mÃªme pays dÃ©tectÃ©es.
Transactions dans le mÃªme pays dÃ©tectÃ©es.
Transactions dans le mÃªme pays dÃ©tectÃ©es.
Transactions dans le mÃªme pays dÃ©tectÃ©es.
Transactions dans le mÃªme pays dÃ©tectÃ©es.
Transactions dans le mÃªme pays dÃ©tectÃ©es.
Transactions dans le mÃªme pays dÃ©tectÃ©es.
Transactions dans le mÃªme pays dÃ©tectÃ©es.
Transactions dans le mÃªme pays dÃ©tectÃ©es.
Transactions dans le mÃªme pays dÃ©tectÃ©es.
Transactions dans le mÃªme pays dÃ©tectÃ©es.
Transactions dans le mÃªme pays dÃ©tectÃ©es.
Transactions dans le mÃªme pays dÃ©tectÃ©es.
Transactions dans le mÃªme pays dÃ©tectÃ©es.
Transactions dans le mÃªme pays dÃ©tectÃ©es.
Transactions dans le mÃªme pays dÃ©tectÃ©es.
Transactions dans le mÃªme pays dÃ©tectÃ©es.
Transactions dans le mÃªme pays dÃ©tectÃ©es.
Transactions dans le mÃªme pays dÃ©tectÃ©es.
Transactions dans le mÃªme pays dÃ©tectÃ©es.
Transactions dans le mÃªme pays dÃ©tectÃ©es.
Transactions dans le mÃªme pays dÃ©tectÃ©es.
Transactions dans le mÃªme pays dÃ©tectÃ©es.
Transactions dans le mÃªme pays dÃ©tectÃ©es.
Transactions dans le mÃªme pays dÃ©tectÃ©es.
Transactions dans le mÃªme pays dÃ©tectÃ©es.
Transactions dans le mÃªme pays dÃ©tectÃ©es.
Transactions dans le mÃªme pays dÃ©tectÃ©es.
Transactions dans le mÃªme pays dÃ©tectÃ©es.
Transactions dans le mÃªme pays dÃ©tectÃ©es.
Transactions dans le mÃªme pays dÃ©tectÃ©es.
Transactions dans le mÃªme pays dÃ©tectÃ©es.
Transactions dans le mÃªme pays dÃ©tectÃ©es.
Transactions dans le mÃªme pays dÃ©tectÃ©es.
Transactions dans le mÃªme pays dÃ©tectÃ©es.
Transactions dans le mÃªme pays dÃ©tectÃ©es.
Transactions dans le mÃªme pays dÃ©tectÃ©es.
Transactions dans le mÃªme pays dÃ©tectÃ©es.
Transactions dans le mÃªme pays dÃ©tectÃ©es.
Transactions dans le mÃªme pays dÃ©tectÃ©es.
Transactions dans le mÃªme pays dÃ©tectÃ©es.
Transactions dans le mÃªme pays dÃ©tectÃ©es.
Transactions dans le mÃªme pays dÃ©tectÃ©es.
Transactions dans le mÃªme pays dÃ©tectÃ©es.
Transactions dans le mÃªme pays dÃ©tectÃ©es.
Transactions dans le mÃªme pays dÃ©tectÃ©es.
Transactions dans le mÃªme pays dÃ©tectÃ©es.
Transactions dans le mÃªme pays dÃ©tectÃ©es.
Transactions dans le mÃªme pays dÃ©tectÃ©es.
Transactions dans le mÃªme pays dÃ©tectÃ©es.
Transactions dans le mÃªme pays dÃ©tectÃ©es.
Transactions dans le mÃªme pays dÃ©tectÃ©es.
Transactions dans le mÃªme pays dÃ©tectÃ©es.
Transactions dans le mÃªme pays dÃ©tectÃ©es.
Transactions dans le mÃªme pays dÃ©tectÃ©es.
Transactions dans le mÃªme pays dÃ©tectÃ©es.
Transactions dans le mÃªme pays dÃ©tectÃ©es.
Transactions dans le mÃªme pays dÃ©tectÃ©es.
Transactions dans le mÃªme pays dÃ©tectÃ©es.
Transactions dans le mÃªme pays dÃ©tectÃ©es.
Transactions dans le mÃªme pays dÃ©tectÃ©es.
Transactions dans le mÃªme pays dÃ©tectÃ©es.
Transactions dans le mÃªme pays dÃ©tectÃ©es.
Transactions dans le mÃªme pays dÃ©tectÃ©es.
Transactions dans le mÃªme pays dÃ©tectÃ©es.
Transactions dans le mÃªme pays dÃ©tectÃ©es.
Transactions dans le mÃªme pays dÃ©tectÃ©es.
Transactions dans le mÃªme pays dÃ©tectÃ©es.
Transactions dans le mÃªme pays dÃ©tectÃ©es.
Transactions dans le mÃªme pays dÃ©tectÃ©es.
Transactions dans le mÃªme pays dÃ©tectÃ©es.
Transactions dans le mÃªme pays dÃ©tectÃ©es.
Transactions dans le mÃªme pays dÃ©tectÃ©es.
Transactions dans le mÃªme pays dÃ©tectÃ©es.
Transactions dans le mÃªme pays dÃ©tectÃ©es.
Transactions dans le mÃªme pays dÃ©tectÃ©es.
Transactions dans le mÃªme pays dÃ©tectÃ©es.
Transactions dans le mÃªme pays dÃ©tectÃ©es.
Transactions dans le mÃªme pays dÃ©tectÃ©es.
Transactions dans le mÃªme pays dÃ©tectÃ©es.
Transactions dans le mÃªme pays dÃ©tectÃ©es.
Transactions dans le mÃªme pays dÃ©tectÃ©es.
Transactions dans le mÃªme pays dÃ©tectÃ©es.
Transactions dans le mÃªme pays dÃ©tectÃ©es.
Transactions dans le mÃªme pays dÃ©tectÃ©es.
Transactions dans le mÃªme pays dÃ©tectÃ©es.
Transactions dans le mÃªme pays dÃ©tectÃ©es.
Transactions dans le mÃªme pays dÃ©tectÃ©es.
Transactions dans le mÃªme pays dÃ©tectÃ©es.
Transactions dans le mÃªme pays dÃ©tectÃ©es.
Transactions dans le mÃªme pays dÃ©tectÃ©es.
Transactions dans le mÃªme pays dÃ©tectÃ©es.
Transactions dans le mÃªme pays dÃ©tectÃ©es.
Transactions dans le mÃªme pays dÃ©tectÃ©es.
Transactions dans le mÃªme pays dÃ©tectÃ©es.
Transactions dans le mÃªme pays dÃ©tectÃ©es.
Transactions dans le mÃªme pays dÃ©tectÃ©es.
Transactions dans le mÃªme pays dÃ©tectÃ©es.
Transactions dans le mÃªme pays dÃ©tectÃ©es.
Transactions dans le mÃªme pays dÃ©tectÃ©es.
Transactions dans le mÃªme pays dÃ©tectÃ©es.
Transactions dans le mÃªme pays dÃ©tectÃ©es.
Transactions dans le mÃªme pays dÃ©tectÃ©es.
Transactions dans le mÃªme pays dÃ©tectÃ©es.
Transactions dans le mÃªme pays dÃ©tectÃ©es.
Transactions dans le mÃªme pays dÃ©tectÃ©es.
Transactions dans le mÃªme pays dÃ©tectÃ©es.
Transactions dans le mÃªme pays dÃ©tectÃ©es.
Transactions dans le mÃªme pays dÃ©tectÃ©es.
Transactions dans le mÃªme pays dÃ©tectÃ©es.
Transactions dans le mÃªme pays dÃ©tectÃ©es.
Transactions dans le mÃªme pays dÃ©tectÃ©es.
Transactions dans le mÃªme pays dÃ©tectÃ©es.
Transactions dans le mÃªme pays dÃ©tectÃ©es.
Transactions dans le mÃªme pays dÃ©tectÃ©es.
Transactions dans le mÃªme pays dÃ©tectÃ©es.
Transactions dans le mÃªme pays dÃ©tectÃ©es.
Transactions dans le mÃªme pays dÃ©tectÃ©es.
Transactions dans le mÃªme pays dÃ©tectÃ©es.
Transactions dans le mÃªme pays dÃ©tectÃ©es.
Transactions dans le mÃªme pays dÃ©tectÃ©es.
Transactions dans le mÃªme pays dÃ©tectÃ©es.
Transactions dans le mÃªme pays dÃ©tectÃ©es.
Transactions dans le mÃªme pays dÃ©tectÃ©es.
Transactions dans le mÃªme pays dÃ©tectÃ©es.
Transactions dans le mÃªme pays dÃ©tectÃ©es.
Transactions dans le mÃªme pays dÃ©tectÃ©es.
Transactions dans le mÃªme pays dÃ©tectÃ©es.
Transactions dans le mÃªme pays dÃ©tectÃ©es.
Transactions dans le mÃªme pays dÃ©tectÃ©es.
Transactions dans le mÃªme pays dÃ©tectÃ©es.
Transactions dans le mÃªme pays dÃ©tectÃ©es.
Transactions dans le mÃªme pays dÃ©tectÃ©es.
Transactions dans le mÃªme pays dÃ©tectÃ©es.
Transactions dans le mÃªme pays dÃ©tectÃ©es.
Transactions dans le mÃªme pays dÃ©tectÃ©es.
Transactions dans le mÃªme pays dÃ©tectÃ©es.
Transactions dans le mÃªme pays dÃ©tectÃ©es.
Transactions dans le mÃªme pays dÃ©tectÃ©es.
Transactions dans le mÃªme pays dÃ©tectÃ©es.
Transactions dans le mÃªme pays dÃ©tectÃ©es.
Transactions dans le mÃªme pays dÃ©tectÃ©es.
Transactions dans le mÃªme pays dÃ©tectÃ©es.
Transactions dans le mÃªme pays dÃ©tectÃ©es.
Transactions dans le mÃªme pays dÃ©tectÃ©es.
Transactions dans le mÃªme pays dÃ©tectÃ©es.
Transactions dans le mÃªme pays dÃ©tectÃ©es.
Transactions dans le mÃªme pays dÃ©tectÃ©es.
Transactions dans le mÃªme pays dÃ©tectÃ©es.
Transactions dans le mÃªme pays dÃ©tectÃ©es.
Transactions dans le mÃªme pays dÃ©tectÃ©es.
Transactions dans le mÃªme pays dÃ©tectÃ©es.
Transactions dans le mÃªme pays dÃ©tectÃ©es.
Transactions dans le mÃªme pays dÃ©tectÃ©es.
Transactions dans le mÃªme pays dÃ©tectÃ©es.
Transactions dans le mÃªme pays dÃ©tectÃ©es.
Transactions dans le mÃªme pays dÃ©tectÃ©es.
Transactions dans le mÃªme pays dÃ©tectÃ©es.
Transactions dans le mÃªme pays dÃ©tectÃ©es.
Transactions dans le mÃªme pays dÃ©tectÃ©es.
Transactions dans le mÃªme pays dÃ©tectÃ©es.
Transactions dans le mÃªme pays dÃ©tectÃ©es.
Transactions dans le mÃªme pays dÃ©tectÃ©es.
Transactions dans le mÃªme pays dÃ©tectÃ©es.
Transactions dans le mÃªme pays dÃ©tectÃ©es.
Transactions dans le mÃªme pays dÃ©tectÃ©es.
Transactions dans le mÃªme pays dÃ©tectÃ©es.
Transactions dans le mÃªme pays dÃ©tectÃ©es.
Transactions dans le mÃªme pays dÃ©tectÃ©es.
Transactions dans le mÃªme pays dÃ©tectÃ©es.
Transactions dans le mÃªme pays dÃ©tectÃ©es.
Transactions dans le mÃªme pays dÃ©tectÃ©es.
Transactions dans le mÃªme pays dÃ©tectÃ©es.
Transactions dans le mÃªme pays dÃ©tectÃ©es.
Transactions dans le mÃªme pays dÃ©tectÃ©es.
Transactions dans le mÃªme pays dÃ©tectÃ©es.
Transactions dans le mÃªme pays dÃ©tectÃ©es.
Transactions dans le mÃªme pays dÃ©tectÃ©es.
Transactions dans le mÃªme pays dÃ©tectÃ©es.
Transactions dans le mÃªme pays dÃ©tectÃ©es.
Transactions dans le mÃªme pays dÃ©tectÃ©es.
Transactions dans le mÃªme pays dÃ©tectÃ©es.
Transactions dans le mÃªme pays dÃ©tectÃ©es.
Transactions dans le mÃªme pays dÃ©tectÃ©es.
Transactions dans le mÃªme pays dÃ©tectÃ©es.
Transactions dans le mÃªme pays dÃ©tectÃ©es.
Transactions dans le mÃªme pays dÃ©tectÃ©es.
Transactions dans le mÃªme pays dÃ©tectÃ©es.
Transactions dans le mÃªme pays dÃ©tectÃ©es.
Transactions dans le mÃªme pays dÃ©tectÃ©es.
Transactions dans le mÃªme pays dÃ©tectÃ©es.
Transactions dans le mÃªme pays dÃ©tectÃ©es.
Transactions dans le mÃªme pays dÃ©tectÃ©es.
Transactions dans le mÃªme pays dÃ©tectÃ©es.
Transactions dans le mÃªme pays dÃ©tectÃ©es.
Transactions dans le mÃªme pays dÃ©tectÃ©es.
Transactions dans le mÃªme pays dÃ©tectÃ©es.
Transactions dans le mÃªme pays dÃ©tectÃ©es.
Transactions dans le mÃªme pays dÃ©tectÃ©es.
Transactions dans le mÃªme pays dÃ©tectÃ©es.
Transactions dans le mÃªme pays dÃ©tectÃ©es.
Transactions dans le mÃªme pays dÃ©tectÃ©es.
Transactions dans le mÃªme pays dÃ©tectÃ©es.
Transactions dans le mÃªme pays dÃ©tectÃ©es.
Transactions dans le mÃªme pays dÃ©tectÃ©es.
Transactions dans le mÃªme pays dÃ©tectÃ©es.
Transactions dans le mÃªme pays dÃ©tectÃ©es.
Transactions dans le mÃªme pays dÃ©tectÃ©es.
Transactions dans le mÃªme pays dÃ©tectÃ©es.
Transactions dans le mÃªme pays dÃ©tectÃ©es.
Transactions dans le mÃªme pays dÃ©tectÃ©es.
Transactions dans le mÃªme pays dÃ©tectÃ©es.
Transactions dans le mÃªme pays dÃ©tectÃ©es.
Transactions dans le mÃªme pays dÃ©tectÃ©es.
Transactions dans le mÃªme pays dÃ©tectÃ©es.
Transactions dans le mÃªme pays dÃ©tectÃ©es.
Transactions dans le mÃªme pays dÃ©tectÃ©es.
Transactions dans le mÃªme pays dÃ©tectÃ©es.
Transactions dans le mÃªme pays dÃ©tectÃ©es.
Transactions dans le mÃªme pays dÃ©tectÃ©es.
Transactions dans le mÃªme pays dÃ©tectÃ©es.
Transactions dans le mÃªme pays dÃ©tectÃ©es.
Transactions dans le mÃªme pays dÃ©tectÃ©es.
Transactions dans le mÃªme pays dÃ©tectÃ©es.
Transactions dans le mÃªme pays dÃ©tectÃ©es.
Transactions dans le mÃªme pays dÃ©tectÃ©es.
Transactions dans le mÃªme pays dÃ©tectÃ©es.
Transactions dans le mÃªme pays dÃ©tectÃ©es.
Transactions dans le mÃªme pays dÃ©tectÃ©es.
Transactions dans le mÃªme pays dÃ©tectÃ©es.
Transactions dans le mÃªme pays dÃ©tectÃ©es.
Transactions dans le mÃªme pays dÃ©tectÃ©es.
Transactions dans le mÃªme pays dÃ©tectÃ©es.
Transactions dans le mÃªme pays dÃ©tectÃ©es.
Transactions dans le mÃªme pays dÃ©tectÃ©es.
Transactions dans le mÃªme pays dÃ©tectÃ©es.
Transactions dans le mÃªme pays dÃ©tectÃ©es.
Transactions dans le mÃªme pays dÃ©tectÃ©es.
Transactions dans le mÃªme pays dÃ©tectÃ©es.
Transactions dans le mÃªme pays dÃ©tectÃ©es.
Transactions dans le mÃªme pays dÃ©tectÃ©es.
Transactions dans le mÃªme pays dÃ©tectÃ©es.
Transactions dans le mÃªme pays dÃ©tectÃ©es.
Transactions dans le mÃªme pays dÃ©tectÃ©es.
Transactions dans le mÃªme pays dÃ©tectÃ©es.
Transactions dans le mÃªme pays dÃ©tectÃ©es.
Transactions dans le mÃªme pays dÃ©tectÃ©es.
Transactions dans le mÃªme pays dÃ©tectÃ©es.
Transactions dans le mÃªme pays dÃ©tectÃ©es.
Transactions dans le mÃªme pays dÃ©tectÃ©es.
Transactions dans le mÃªme pays dÃ©tectÃ©es.
Transactions dans le mÃªme pays dÃ©tectÃ©es.
Transactions dans le mÃªme pays dÃ©tectÃ©es.
Transactions dans le mÃªme pays dÃ©tectÃ©es.
Transactions dans le mÃªme pays dÃ©tectÃ©es.
Transactions dans le mÃªme pays dÃ©tectÃ©es.
Transactions dans le mÃªme pays dÃ©tectÃ©es.
Transactions dans le mÃªme pays dÃ©tectÃ©es.
Transactions dans le mÃªme pays dÃ©tectÃ©es.
Transactions dans le mÃªme pays dÃ©tectÃ©es.
Transactions dans le mÃªme pays dÃ©tectÃ©es.
Transactions dans le mÃªme pays dÃ©tectÃ©es.
Transactions dans le mÃªme pays dÃ©tectÃ©es.
Transactions dans le mÃªme pays dÃ©tectÃ©es.
Transactions dans le mÃªme pays dÃ©tectÃ©es.
Transactions dans le mÃªme pays dÃ©tectÃ©es.
Transactions dans le mÃªme pays dÃ©tectÃ©es.
Transactions dans le mÃªme pays dÃ©tectÃ©es.
Transactions dans le mÃªme pays dÃ©tectÃ©es.
Transactions dans le mÃªme pays dÃ©tectÃ©es.
Transactions dans le mÃªme pays dÃ©tectÃ©es.
Transactions dans le mÃªme pays dÃ©tectÃ©es.
Transactions dans le mÃªme pays dÃ©tectÃ©es.
Transactions dans le mÃªme pays dÃ©tectÃ©es.
Transactions dans le mÃªme pays dÃ©tectÃ©es.
Transactions dans le mÃªme pays dÃ©tectÃ©es.
Transactions dans le mÃªme pays dÃ©tectÃ©es.
Transactions dans le mÃªme pays dÃ©tectÃ©es.
Transactions dans le mÃªme pays dÃ©tectÃ©es.
Transactions dans le mÃªme pays dÃ©tectÃ©es.
Transactions dans le mÃªme pays dÃ©tectÃ©es.
Transactions dans le mÃªme pays dÃ©tectÃ©es.
Transactions dans le mÃªme pays dÃ©tectÃ©es.
Transactions dans le mÃªme pays dÃ©tectÃ©es.
Transactions dans le mÃªme pays dÃ©tectÃ©es.
Transactions dans le mÃªme pays dÃ©tectÃ©es.
Transactions dans le mÃªme pays dÃ©tectÃ©es.
Transactions dans le mÃªme pays dÃ©tectÃ©es.
Transactions dans le mÃªme pays dÃ©tectÃ©es.
Transactions dans le mÃªme pays dÃ©tectÃ©es.
Transactions dans le mÃªme pays dÃ©tectÃ©es.
Transactions dans le mÃªme pays dÃ©tectÃ©es.
Transactions dans le mÃªme pays dÃ©tectÃ©es.
Transactions dans le mÃªme pays dÃ©tectÃ©es.
Transactions dans le mÃªme pays dÃ©tectÃ©es.
Transactions dans le mÃªme pays dÃ©tectÃ©es.
Transactions dans le mÃªme pays dÃ©tectÃ©es.
Transactions dans le mÃªme pays dÃ©tectÃ©es.
Transactions dans le mÃªme pays dÃ©tectÃ©es.
Transactions dans le mÃªme pays dÃ©tectÃ©es.
Transactions dans le mÃªme pays dÃ©tectÃ©es.
Transactions dans le mÃªme pays dÃ©tectÃ©es.
Transactions dans le mÃªme pays dÃ©tectÃ©es.
Transactions dans le mÃªme pays dÃ©tectÃ©es.
Transactions dans le mÃªme pays dÃ©tectÃ©es.
Transactions dans le mÃªme pays dÃ©tectÃ©es.
Transactions dans le mÃªme pays dÃ©tectÃ©es.
Transactions dans le mÃªme pays dÃ©tectÃ©es.
Transactions dans le mÃªme pays dÃ©tectÃ©es.
Transactions dans le mÃªme pays dÃ©tectÃ©es.
Transactions dans le mÃªme pays dÃ©tectÃ©es.
Transactions dans le mÃªme pays dÃ©tectÃ©es.
Transactions dans le mÃªme pays dÃ©tectÃ©es.
Transactions dans le mÃªme pays dÃ©tectÃ©es.
Transactions dans le mÃªme pays dÃ©tectÃ©es.
Transactions dans le mÃªme pays dÃ©tectÃ©es.
Transactions dans le mÃªme pays dÃ©tectÃ©es.
Transactions dans le mÃªme pays dÃ©tectÃ©es.
Transactions dans le mÃªme pays dÃ©tectÃ©es.
Transactions dans le mÃªme pays dÃ©tectÃ©es.
Transactions dans le mÃªme pays dÃ©tectÃ©es.
Transactions dans le mÃªme pays dÃ©tectÃ©es.
Transactions dans le mÃªme pays dÃ©tectÃ©es.
Transactions dans le mÃªme pays dÃ©tectÃ©es.
Transactions dans le mÃªme pays dÃ©tectÃ©es.
Transactions dans le mÃªme pays dÃ©tectÃ©es.
Transactions dans le mÃªme pays dÃ©tectÃ©es.
Transactions dans le mÃªme pays dÃ©tectÃ©es.
Transactions dans le mÃªme pays dÃ©tectÃ©es.
Transactions dans le mÃªme pays dÃ©tectÃ©es.
Transactions dans le mÃªme pays dÃ©tectÃ©es.
Transactions dans le mÃªme pays dÃ©tectÃ©es.
Transactions dans le mÃªme pays dÃ©tectÃ©es.
Transactions dans le mÃªme pays dÃ©tectÃ©es.
Transactions dans le mÃªme pays dÃ©tectÃ©es.
Transactions dans le mÃªme pays dÃ©tectÃ©es.
Transactions dans le mÃªme pays dÃ©tectÃ©es.
Transactions dans le mÃªme pays dÃ©tectÃ©es.
Transactions dans le mÃªme pays dÃ©tectÃ©es.
Transactions dans le mÃªme pays dÃ©tectÃ©es.
Transactions dans le mÃªme pays dÃ©tectÃ©es.
Transactions dans le mÃªme pays dÃ©tectÃ©es.
Transactions dans le mÃªme pays dÃ©tectÃ©es.
Transactions dans le mÃªme pays dÃ©tectÃ©es.
Transactions dans le mÃªme pays dÃ©tectÃ©es.
Transactions dans le mÃªme pays dÃ©tectÃ©es.
Transactions dans le mÃªme pays dÃ©tectÃ©es.
Transactions dans le mÃªme pays dÃ©tectÃ©es.
Transactions dans le mÃªme pays dÃ©tectÃ©es.
Transactions dans le mÃªme pays dÃ©tectÃ©es.
Transactions dans le mÃªme pays dÃ©tectÃ©es.
Transactions dans le mÃªme pays dÃ©tectÃ©es.
Transactions dans le mÃªme pays dÃ©tectÃ©es.
Transactions dans le mÃªme pays dÃ©tectÃ©es.
Transactions dans le mÃªme pays dÃ©tectÃ©es.
Transactions dans le mÃªme pays dÃ©tectÃ©es.
Transactions dans le mÃªme pays dÃ©tectÃ©es.
Transactions dans le mÃªme pays dÃ©tectÃ©es.
Transactions dans le mÃªme pays dÃ©tectÃ©es.
Transactions dans le mÃªme pays dÃ©tectÃ©es.
Transactions dans le mÃªme pays dÃ©tectÃ©es.
Transactions dans le mÃªme pays dÃ©tectÃ©es.
Transactions dans le mÃªme pays dÃ©tectÃ©es.
Transactions dans le mÃªme pays dÃ©tectÃ©es.
Transactions dans le mÃªme pays dÃ©tectÃ©es.
Transactions dans le mÃªme pays dÃ©tectÃ©es.
Transactions dans le mÃªme pays dÃ©tectÃ©es.
Transactions dans le mÃªme pays dÃ©tectÃ©es.
Transactions dans le mÃªme pays dÃ©tectÃ©es.
Transactions dans le mÃªme pays dÃ©tectÃ©es.
Transactions dans le mÃªme pays dÃ©tectÃ©es.
Transactions dans le mÃªme pays dÃ©tectÃ©es.
Transactions dans le mÃªme pays dÃ©tectÃ©es.
Transactions dans le mÃªme pays dÃ©tectÃ©es.
Transactions dans le mÃªme pays dÃ©tectÃ©es.
Transactions dans le mÃªme pays dÃ©tectÃ©es.
Transactions dans le mÃªme pays dÃ©tectÃ©es.
Transactions dans le mÃªme pays dÃ©tectÃ©es.
Transactions dans le mÃªme pays dÃ©tectÃ©es.
Transactions dans le mÃªme pays dÃ©tectÃ©es.
Transactions dans le mÃªme pays dÃ©tectÃ©es.
Transactions dans le mÃªme pays dÃ©tectÃ©es.
Transactions dans le mÃªme pays dÃ©tectÃ©es.
Transactions dans le mÃªme pays dÃ©tectÃ©es.
Transactions dans le mÃªme pays dÃ©tectÃ©es.
Transactions dans le mÃªme pays dÃ©tectÃ©es.
Transactions dans le mÃªme pays dÃ©tectÃ©es.
Transactions dans le mÃªme pays dÃ©tectÃ©es.
Transactions dans le mÃªme pays dÃ©tectÃ©es.
Transactions dans le mÃªme pays dÃ©tectÃ©es.
Transactions dans le mÃªme pays dÃ©tectÃ©es.
Transactions dans le mÃªme pays dÃ©tectÃ©es.
Transactions dans le mÃªme pays dÃ©tectÃ©es.
Transactions dans le mÃªme pays dÃ©tectÃ©es.
Transactions dans le mÃªme pays dÃ©tectÃ©es.
Transactions dans le mÃªme pays dÃ©tectÃ©es.
Transactions dans le mÃªme pays dÃ©tectÃ©es.
Transactions dans le mÃªme pays dÃ©tectÃ©es.
Transactions dans le mÃªme pays dÃ©tectÃ©es.
Transactions dans le mÃªme pays dÃ©tectÃ©es.
Transactions dans le mÃªme pays dÃ©tectÃ©es.
Transactions dans le mÃªme pays dÃ©tectÃ©es.
Transactions dans le mÃªme pays dÃ©tectÃ©es.
Transactions dans le mÃªme pays dÃ©tectÃ©es.
Transactions dans le mÃªme pays dÃ©tectÃ©es.
Transactions dans le mÃªme pays dÃ©tectÃ©es.
Transactions dans le mÃªme pays dÃ©tectÃ©es.
Transactions dans le mÃªme pays dÃ©tectÃ©es.
Transactions dans le mÃªme pays dÃ©tectÃ©es.
Transactions dans le mÃªme pays dÃ©tectÃ©es.
Transactions dans le mÃªme pays dÃ©tectÃ©es.
Transactions dans le mÃªme pays dÃ©tectÃ©es.
Transactions dans le mÃªme pays dÃ©tectÃ©es.
Transactions dans le mÃªme pays dÃ©tectÃ©es.
Transactions dans le mÃªme pays dÃ©tectÃ©es.
Transactions dans le mÃªme pays dÃ©tectÃ©es.
Transactions dans le mÃªme pays dÃ©tectÃ©es.
Transactions dans le mÃªme pays dÃ©tectÃ©es.
Transactions dans le mÃªme pays dÃ©tectÃ©es.
Transactions dans le mÃªme pays dÃ©tectÃ©es.
Transactions dans le mÃªme pays dÃ©tectÃ©es.
Transactions dans le mÃªme pays dÃ©tectÃ©es.
Transactions dans le mÃªme pays dÃ©tectÃ©es.
Transactions dans le mÃªme pays dÃ©tectÃ©es.
Transactions dans le mÃªme pays dÃ©tectÃ©es.
Transactions dans le mÃªme pays dÃ©tectÃ©es.
Transactions dans le mÃªme pays dÃ©tectÃ©es.
Transactions dans le mÃªme pays dÃ©tectÃ©es.
Transactions dans le mÃªme pays dÃ©tectÃ©es.
Transactions dans le mÃªme pays dÃ©tectÃ©es.
Transactions dans le mÃªme pays dÃ©tectÃ©es.
Transactions dans le mÃªme pays dÃ©tectÃ©es.
Transactions dans le mÃªme pays dÃ©tectÃ©es.
Transactions dans le mÃªme pays dÃ©tectÃ©es.
Transactions dans le mÃªme pays dÃ©tectÃ©es.
Transactions dans le mÃªme pays dÃ©tectÃ©es.
Transactions dans le mÃªme pays dÃ©tectÃ©es.
Transactions dans le mÃªme pays dÃ©tectÃ©es.
Transactions dans le mÃªme pays dÃ©tectÃ©es.
Transactions dans le mÃªme pays dÃ©tectÃ©es.
Transactions dans le mÃªme pays dÃ©tectÃ©es.
Transactions dans le mÃªme pays dÃ©tectÃ©es.
Transactions dans le mÃªme pays dÃ©tectÃ©es.
Transactions dans le mÃªme pays dÃ©tectÃ©es.
Transactions dans le mÃªme pays dÃ©tectÃ©es.
Transactions dans le mÃªme pays dÃ©tectÃ©es.
Transactions dans le mÃªme pays dÃ©tectÃ©es.
Transactions dans le mÃªme pays dÃ©tectÃ©es.
Transactions dans le mÃªme pays dÃ©tectÃ©es.
Transactions dans le mÃªme pays dÃ©tectÃ©es.
Transactions dans le mÃªme pays dÃ©tectÃ©es.
Transactions dans le mÃªme pays dÃ©tectÃ©es.
Transactions dans le mÃªme pays dÃ©tectÃ©es.
Transactions dans le mÃªme pays dÃ©tectÃ©es.
Transactions dans le mÃªme pays dÃ©tectÃ©es.
Transactions dans le mÃªme pays dÃ©tectÃ©es.
Transactions dans le mÃªme pays dÃ©tectÃ©es.
Transactions dans le mÃªme pays dÃ©tectÃ©es.
Transactions dans le mÃªme pays dÃ©tectÃ©es.
Transactions dans le mÃªme pays dÃ©tectÃ©es.
Transactions dans le mÃªme pays dÃ©tectÃ©es.
Transactions dans le mÃªme pays dÃ©tectÃ©es.
Transactions dans le mÃªme pays dÃ©tectÃ©es.
Transactions dans le mÃªme pays dÃ©tectÃ©es.
Transactions dans le mÃªme pays dÃ©tectÃ©es.
Transactions dans le mÃªme pays dÃ©tectÃ©es.
Transactions dans le mÃªme pays dÃ©tectÃ©es.
Transactions dans le mÃªme pays dÃ©tectÃ©es.
Transactions dans le mÃªme pays dÃ©tectÃ©es.
Transactions dans le mÃªme pays dÃ©tectÃ©es.
Transactions dans le mÃªme pays dÃ©tectÃ©es.
Transactions dans le mÃªme pays dÃ©tectÃ©es.
Transactions dans le mÃªme pays dÃ©tectÃ©es.
Transactions dans le mÃªme pays dÃ©tectÃ©es.
Transactions dans le mÃªme pays dÃ©tectÃ©es.
Transactions dans le mÃªme pays dÃ©tectÃ©es.
Transactions dans le mÃªme pays dÃ©tectÃ©es.
Transactions dans le mÃªme pays dÃ©tectÃ©es.
Transactions dans le mÃªme pays dÃ©tectÃ©es.
Transactions dans le mÃªme pays dÃ©tectÃ©es.
Transactions dans le mÃªme pays dÃ©tectÃ©es.
Transactions dans le mÃªme pays dÃ©tectÃ©es.
Transactions dans le mÃªme pays dÃ©tectÃ©es.
Transactions dans le mÃªme pays dÃ©tectÃ©es.
Transactions dans le mÃªme pays dÃ©tectÃ©es.
Transactions dans le mÃªme pays dÃ©tectÃ©es.
Transactions dans le mÃªme pays dÃ©tectÃ©es.
Transactions dans le mÃªme pays dÃ©tectÃ©es.
Transactions dans le mÃªme pays dÃ©tectÃ©es.
Transactions dans le mÃªme pays dÃ©tectÃ©es.
Transactions dans le mÃªme pays dÃ©tectÃ©es.
Transactions dans le mÃªme pays dÃ©tectÃ©es.
Transactions dans le mÃªme pays dÃ©tectÃ©es.
Transactions dans le mÃªme pays dÃ©tectÃ©es.
Transactions dans le mÃªme pays dÃ©tectÃ©es.
Transactions dans le mÃªme pays dÃ©tectÃ©es.
Transactions dans le mÃªme pays dÃ©tectÃ©es.
Transactions dans le mÃªme pays dÃ©tectÃ©es.
Transactions dans le mÃªme pays dÃ©tectÃ©es.
Transactions dans le mÃªme pays dÃ©tectÃ©es.
Transactions dans le mÃªme pays dÃ©tectÃ©es.
Transactions dans le mÃªme pays dÃ©tectÃ©es.
Transactions dans le mÃªme pays dÃ©tectÃ©es.
Transactions dans le mÃªme pays dÃ©tectÃ©es.
Transactions dans le mÃªme pays dÃ©tectÃ©es.
Transactions dans le mÃªme pays dÃ©tectÃ©es.
Transactions dans le mÃªme pays dÃ©tectÃ©es.
Transactions dans le mÃªme pays dÃ©tectÃ©es.
Transactions dans le mÃªme pays dÃ©tectÃ©es.
Transactions dans le mÃªme pays dÃ©tectÃ©es.
Transactions dans le mÃªme pays dÃ©tectÃ©es.
Transactions dans le mÃªme pays dÃ©tectÃ©es.
Transactions dans le mÃªme pays dÃ©tectÃ©es.
Transactions dans le mÃªme pays dÃ©tectÃ©es.
Transactions dans le mÃªme pays dÃ©tectÃ©es.
Transactions dans le mÃªme pays dÃ©tectÃ©es.
Transactions dans le mÃªme pays dÃ©tectÃ©es.
Transactions dans le mÃªme pays dÃ©tectÃ©es.
Transactions dans le mÃªme pays dÃ©tectÃ©es.
Transactions dans le mÃªme pays dÃ©tectÃ©es.
Transactions dans le mÃªme pays dÃ©tectÃ©es.
Transactions dans le mÃªme pays dÃ©tectÃ©es.
Transactions dans le mÃªme pays dÃ©tectÃ©es.
Transactions dans le mÃªme pays dÃ©tectÃ©es.
Transactions dans le mÃªme pays dÃ©tectÃ©es.
Transactions dans le mÃªme pays dÃ©tectÃ©es.
Transactions dans le mÃªme pays dÃ©tectÃ©es.
Transactions dans le mÃªme pays dÃ©tectÃ©es.
Transactions dans le mÃªme pays dÃ©tectÃ©es.
Transactions dans le mÃªme pays dÃ©tectÃ©es.
Transactions dans le mÃªme pays dÃ©tectÃ©es.
Transactions dans le mÃªme pays dÃ©tectÃ©es.
Transactions dans le mÃªme pays dÃ©tectÃ©es.
Transactions dans le mÃªme pays dÃ©tectÃ©es.
Transactions dans le mÃªme pays dÃ©tectÃ©es.
Transactions dans le mÃªme pays dÃ©tectÃ©es.
Transactions dans le mÃªme pays dÃ©tectÃ©es.
Transactions dans le mÃªme pays dÃ©tectÃ©es.
Transactions dans le mÃªme pays dÃ©tectÃ©es.
Transactions dans le mÃªme pays dÃ©tectÃ©es.
Transactions dans le mÃªme pays dÃ©tectÃ©es.
Transactions dans le mÃªme pays dÃ©tectÃ©es.
Transactions dans le mÃªme pays dÃ©tectÃ©es.
Transactions dans le mÃªme pays dÃ©tectÃ©es.
Transactions dans le mÃªme pays dÃ©tectÃ©es.
Transactions dans le mÃªme pays dÃ©tectÃ©es.
Transactions dans le mÃªme pays dÃ©tectÃ©es.
Transactions dans le mÃªme pays dÃ©tectÃ©es.
Transactions dans le mÃªme pays dÃ©tectÃ©es.
Transactions dans le mÃªme pays dÃ©tectÃ©es.
Transactions dans le mÃªme pays dÃ©tectÃ©es.
Transactions dans le mÃªme pays dÃ©tectÃ©es.
Transactions dans le mÃªme pays dÃ©tectÃ©es.
Transactions dans le mÃªme pays dÃ©tectÃ©es.
Transactions dans le mÃªme pays dÃ©tectÃ©es.
Transactions dans le mÃªme pays dÃ©tectÃ©es.
Transactions dans le mÃªme pays dÃ©tectÃ©es.
Transactions dans le mÃªme pays dÃ©tectÃ©es.
Transactions dans le mÃªme pays dÃ©tectÃ©es.
Transactions dans le mÃªme pays dÃ©tectÃ©es.
Transactions dans le mÃªme pays dÃ©tectÃ©es.
Transactions dans le mÃªme pays dÃ©tectÃ©es.
Transactions dans le mÃªme pays dÃ©tectÃ©es.
Transactions dans le mÃªme pays dÃ©tectÃ©es.
Transactions dans le mÃªme pays dÃ©tectÃ©es.
Transactions dans le mÃªme pays dÃ©tectÃ©es.
Transactions dans le mÃªme pays dÃ©tectÃ©es.
Transactions dans le mÃªme pays dÃ©tectÃ©es.
Transactions dans le mÃªme pays dÃ©tectÃ©es.
Transactions dans le mÃªme pays dÃ©tectÃ©es.
Transactions dans le mÃªme pays dÃ©tectÃ©es.
Transactions dans le mÃªme pays dÃ©tectÃ©es.
Transactions dans le mÃªme pays dÃ©tectÃ©es.
Transactions dans le mÃªme pays dÃ©tectÃ©es.
Transactions dans le mÃªme pays dÃ©tectÃ©es.
Transactions dans le mÃªme pays dÃ©tectÃ©es.
Transactions dans le mÃªme pays dÃ©tectÃ©es.
Transactions dans le mÃªme pays dÃ©tectÃ©es.
Transactions dans le mÃªme pays dÃ©tectÃ©es.
Transactions dans le mÃªme pays dÃ©tectÃ©es.
Transactions dans le mÃªme pays dÃ©tectÃ©es.
Transactions dans le mÃªme pays dÃ©tectÃ©es.
Transactions dans le mÃªme pays dÃ©tectÃ©es.
Transactions dans le mÃªme pays dÃ©tectÃ©es.
Transactions dans le mÃªme pays dÃ©tectÃ©es.
Transactions dans le mÃªme pays dÃ©tectÃ©es.
Transactions dans le mÃªme pays dÃ©tectÃ©es.
Transactions dans le mÃªme pays dÃ©tectÃ©es.
Transactions dans le mÃªme pays dÃ©tectÃ©es.
Transactions dans le mÃªme pays dÃ©tectÃ©es.
Transactions dans le mÃªme pays dÃ©tectÃ©es.
Transactions dans le mÃªme pays dÃ©tectÃ©es.
Transactions dans le mÃªme pays dÃ©tectÃ©es.
Transactions dans le mÃªme pays dÃ©tectÃ©es.
Transactions dans le mÃªme pays dÃ©tectÃ©es.
Transactions dans le mÃªme pays dÃ©tectÃ©es.
Transactions dans le mÃªme pays dÃ©tectÃ©es.
Transactions dans le mÃªme pays dÃ©tectÃ©es.
Transactions dans le mÃªme pays dÃ©tectÃ©es.
Transactions dans le mÃªme pays dÃ©tectÃ©es.
Transactions dans le mÃªme pays dÃ©tectÃ©es.
Transactions dans le mÃªme pays dÃ©tectÃ©es.
Transactions dans le mÃªme pays dÃ©tectÃ©es.
Transactions dans le mÃªme pays dÃ©tectÃ©es.
Transactions dans le mÃªme pays dÃ©tectÃ©es.
Transactions dans le mÃªme pays dÃ©tectÃ©es.
Transactions dans le mÃªme pays dÃ©tectÃ©es.
Transactions dans le mÃªme pays dÃ©tectÃ©es.
Transactions dans le mÃªme pays dÃ©tectÃ©es.
Transactions dans le mÃªme pays dÃ©tectÃ©es.
Transactions dans le mÃªme pays dÃ©tectÃ©es.
Transactions dans le mÃªme pays dÃ©tectÃ©es.
Transactions dans le mÃªme pays dÃ©tectÃ©es.
Transactions dans le mÃªme pays dÃ©tectÃ©es.
Transactions dans le mÃªme pays dÃ©tectÃ©es.
Transactions dans le mÃªme pays dÃ©tectÃ©es.
Transactions dans le mÃªme pays dÃ©tectÃ©es.
Transactions dans le mÃªme pays dÃ©tectÃ©es.
Transactions dans le mÃªme pays dÃ©tectÃ©es.
Transactions dans le mÃªme pays dÃ©tectÃ©es.
Transactions dans le mÃªme pays dÃ©tectÃ©es.
Transactions dans le mÃªme pays dÃ©tectÃ©es.
Transactions dans le mÃªme pays dÃ©tectÃ©es.
Transactions dans le mÃªme pays dÃ©tectÃ©es.
Transactions dans le mÃªme pays dÃ©tectÃ©es.
Transactions dans le mÃªme pays dÃ©tectÃ©es.
Transactions dans le mÃªme pays dÃ©tectÃ©es.
Transactions dans le mÃªme pays dÃ©tectÃ©es.
Transactions dans le mÃªme pays dÃ©tectÃ©es.
Transactions dans le mÃªme pays dÃ©tectÃ©es.
Transactions dans le mÃªme pays dÃ©tectÃ©es.
Transactions dans le mÃªme pays dÃ©tectÃ©es.
Transactions dans le mÃªme pays dÃ©tectÃ©es.
Transactions dans le mÃªme pays dÃ©tectÃ©es.
Transactions dans le mÃªme pays dÃ©tectÃ©es.
Transactions dans le mÃªme pays dÃ©tectÃ©es.
Transactions dans le mÃªme pays dÃ©tectÃ©es.
Transactions dans le mÃªme pays dÃ©tectÃ©es.
Transactions dans le mÃªme pays dÃ©tectÃ©es.
Transactions dans le mÃªme pays dÃ©tectÃ©es.
Transactions dans le mÃªme pays dÃ©tectÃ©es.
Transactions dans le mÃªme pays dÃ©tectÃ©es.
Transactions dans le mÃªme pays dÃ©tectÃ©es.
Transactions dans le mÃªme pays dÃ©tectÃ©es.
Transactions dans le mÃªme pays dÃ©tectÃ©es.
Transactions dans le mÃªme pays dÃ©tectÃ©es.
Transactions dans le mÃªme pays dÃ©tectÃ©es.
Transactions dans le mÃªme pays dÃ©tectÃ©es.
Transactions dans le mÃªme pays dÃ©tectÃ©es.
Transactions dans le mÃªme pays dÃ©tectÃ©es.
Transactions dans le mÃªme pays dÃ©tectÃ©es.
Transactions dans le mÃªme pays dÃ©tectÃ©es.
Transactions dans le mÃªme pays dÃ©tectÃ©es.
Transactions dans le mÃªme pays dÃ©tectÃ©es.
Transactions dans le mÃªme pays dÃ©tectÃ©es.
Transactions dans le mÃªme pays dÃ©tectÃ©es.
Transactions dans le mÃªme pays dÃ©tectÃ©es.
Transactions dans le mÃªme pays dÃ©tectÃ©es.
Transactions dans le mÃªme pays dÃ©tectÃ©es.
Transactions dans le mÃªme pays dÃ©tectÃ©es.
Transactions dans le mÃªme pays dÃ©tectÃ©es.
Transactions dans le mÃªme pays dÃ©tectÃ©es.
Transactions dans le mÃªme pays dÃ©tectÃ©es.
Transactions dans le mÃªme pays dÃ©tectÃ©es.
Transactions dans le mÃªme pays dÃ©tectÃ©es.
Transactions dans le mÃªme pays dÃ©tectÃ©es.
Transactions dans le mÃªme pays dÃ©tectÃ©es.
Transactions dans le mÃªme pays dÃ©tectÃ©es.
Transactions dans le mÃªme pays dÃ©tectÃ©es.
Transactions dans le mÃªme pays dÃ©tectÃ©es.
Transactions dans le mÃªme pays dÃ©tectÃ©es.
Transactions dans le mÃªme pays dÃ©tectÃ©es.
Transactions dans le mÃªme pays dÃ©tectÃ©es.
Transactions dans le mÃªme pays dÃ©tectÃ©es.
Transactions dans le mÃªme pays dÃ©tectÃ©es.
Transactions dans le mÃªme pays dÃ©tectÃ©es.
Transactions dans le mÃªme pays dÃ©tectÃ©es.
Transactions dans le mÃªme pays dÃ©tectÃ©es.
Transactions dans le mÃªme pays dÃ©tectÃ©es.
Transactions dans le mÃªme pays dÃ©tectÃ©es.
Transactions dans le mÃªme pays dÃ©tectÃ©es.
Transactions dans le mÃªme pays dÃ©tectÃ©es.
Transactions dans le mÃªme pays dÃ©tectÃ©es.
Transactions dans le mÃªme pays dÃ©tectÃ©es.
Transactions dans le mÃªme pays dÃ©tectÃ©es.
Transactions dans le mÃªme pays dÃ©tectÃ©es.
Transactions dans le mÃªme pays dÃ©tectÃ©es.
Transactions dans le mÃªme pays dÃ©tectÃ©es.
Transactions dans le mÃªme pays dÃ©tectÃ©es.
Transactions dans le mÃªme pays dÃ©tectÃ©es.
Transactions dans le mÃªme pays dÃ©tectÃ©es.
Transactions dans le mÃªme pays dÃ©tectÃ©es.
Transactions dans le mÃªme pays dÃ©tectÃ©es.
Transactions dans le mÃªme pays dÃ©tectÃ©es.
Transactions dans le mÃªme pays dÃ©tectÃ©es.
Transactions dans le mÃªme pays dÃ©tectÃ©es.
Transactions dans le mÃªme pays dÃ©tectÃ©es.
Transactions dans le mÃªme pays dÃ©tectÃ©es.
Transactions dans le mÃªme pays dÃ©tectÃ©es.
Transactions dans le mÃªme pays dÃ©tectÃ©es.
Transactions dans le mÃªme pays dÃ©tectÃ©es.
Transactions dans le mÃªme pays dÃ©tectÃ©es.
Transactions dans le mÃªme pays dÃ©tectÃ©es.
Transactions dans le mÃªme pays dÃ©tectÃ©es.
Transactions dans le mÃªme pays dÃ©tectÃ©es.
Transactions dans le mÃªme pays dÃ©tectÃ©es.
Transactions dans le mÃªme pays dÃ©tectÃ©es.
Transactions dans le mÃªme pays dÃ©tectÃ©es.
Transactions dans le mÃªme pays dÃ©tectÃ©es.
Transactions dans le mÃªme pays dÃ©tectÃ©es.
Transactions dans le mÃªme pays dÃ©tectÃ©es.
Transactions dans le mÃªme pays dÃ©tectÃ©es.
Transactions dans le mÃªme pays dÃ©tectÃ©es.
Transactions dans le mÃªme pays dÃ©tectÃ©es.
Transactions dans le mÃªme pays dÃ©tectÃ©es.
Transactions dans le mÃªme pays dÃ©tectÃ©es.
Transactions dans le mÃªme pays dÃ©tectÃ©es.
Transactions dans le mÃªme pays dÃ©tectÃ©es.
Transactions dans le mÃªme pays dÃ©tectÃ©es.
Transactions dans le mÃªme pays dÃ©tectÃ©es.
Transactions dans le mÃªme pays dÃ©tectÃ©es.
Transactions dans le mÃªme pays dÃ©tectÃ©es.
Transactions dans le mÃªme pays dÃ©tectÃ©es.
Transactions dans le mÃªme pays dÃ©tectÃ©es.
Transactions dans le mÃªme pays dÃ©tectÃ©es.
Transactions dans le mÃªme pays dÃ©tectÃ©es.
Transactions dans le mÃªme pays dÃ©tectÃ©es.
Transactions dans le mÃªme pays dÃ©tectÃ©es.
Transactions dans le mÃªme pays dÃ©tectÃ©es.
Transactions dans le mÃªme pays dÃ©tectÃ©es.
Transactions dans le mÃªme pays dÃ©tectÃ©es.
Transactions dans le mÃªme pays dÃ©tectÃ©es.
Transactions dans le mÃªme pays dÃ©tectÃ©es.
Transactions dans le mÃªme pays dÃ©tectÃ©es.
Transactions dans le mÃªme pays dÃ©tectÃ©es.
Transactions dans le mÃªme pays dÃ©tectÃ©es.
Transactions dans le mÃªme pays dÃ©tectÃ©es.
Transactions dans le mÃªme pays dÃ©tectÃ©es.
Transactions dans le mÃªme pays dÃ©tectÃ©es.
Transactions dans le mÃªme pays dÃ©tectÃ©es.
Transactions dans le mÃªme pays dÃ©tectÃ©es.
Transactions dans le mÃªme pays dÃ©tectÃ©es.
Transactions dans le mÃªme pays dÃ©tectÃ©es.
Transactions dans le mÃªme pays dÃ©tectÃ©es.
Transactions dans le mÃªme pays dÃ©tectÃ©es.
Transactions dans le mÃªme pays dÃ©tectÃ©es.
Transactions dans le mÃªme pays dÃ©tectÃ©es.
Transactions dans le mÃªme pays dÃ©tectÃ©es.
Transactions dans le mÃªme pays dÃ©tectÃ©es.
Transactions dans le mÃªme pays dÃ©tectÃ©es.
Transactions dans le mÃªme pays dÃ©tectÃ©es.
Transactions dans le mÃªme pays dÃ©tectÃ©es.
Transactions dans le mÃªme pays dÃ©tectÃ©es.
Transactions dans le mÃªme pays dÃ©tectÃ©es.
Transactions dans le mÃªme pays dÃ©tectÃ©es.
Transactions dans le mÃªme pays dÃ©tectÃ©es.
Transactions dans le mÃªme pays dÃ©tectÃ©es.
Transactions dans le mÃªme pays dÃ©tectÃ©es.
Transactions dans le mÃªme pays dÃ©tectÃ©es.
Transactions dans le mÃªme pays dÃ©tectÃ©es.
Transactions dans le mÃªme pays dÃ©tectÃ©es.
Transactions dans le mÃªme pays dÃ©tectÃ©es.
Transactions dans le mÃªme pays dÃ©tectÃ©es.
Transactions dans le mÃªme pays dÃ©tectÃ©es.
Transactions dans le mÃªme pays dÃ©tectÃ©es.
Transactions dans le mÃªme pays dÃ©tectÃ©es.
Transactions dans le mÃªme pays dÃ©tectÃ©es.
Transactions dans le mÃªme pays dÃ©tectÃ©es.
Transactions dans le mÃªme pays dÃ©tectÃ©es.
Transactions dans le mÃªme pays dÃ©tectÃ©es.
Transactions dans le mÃªme pays dÃ©tectÃ©es.
Transactions dans le mÃªme pays dÃ©tectÃ©es.
Transactions dans le mÃªme pays dÃ©tectÃ©es.
Transactions dans le mÃªme pays dÃ©tectÃ©es.
Transactions dans le mÃªme pays dÃ©tectÃ©es.
Transactions dans le mÃªme pays dÃ©tectÃ©es.
Transactions dans le mÃªme pays dÃ©tectÃ©es.
Transactions dans le mÃªme pays dÃ©tectÃ©es.
Transactions dans le mÃªme pays dÃ©tectÃ©es.
Transactions dans le mÃªme pays dÃ©tectÃ©es.
Transactions dans le mÃªme pays dÃ©tectÃ©es.
Transactions dans le mÃªme pays dÃ©tectÃ©es.
Transactions dans le mÃªme pays dÃ©tectÃ©es.
Transactions dans le mÃªme pays dÃ©tectÃ©es.
Transactions dans le mÃªme pays dÃ©tectÃ©es.
Transactions dans le mÃªme pays dÃ©tectÃ©es.
Transactions dans le mÃªme pays dÃ©tectÃ©es.
Transactions dans le mÃªme pays dÃ©tectÃ©es.
Transactions dans le mÃªme pays dÃ©tectÃ©es.
Transactions dans le mÃªme pays dÃ©tectÃ©es.
Transactions dans le mÃªme pays dÃ©tectÃ©es.
Transactions dans le mÃªme pays dÃ©tectÃ©es.
Transactions dans le mÃªme pays dÃ©tectÃ©es.
Transactions dans le mÃªme pays dÃ©tectÃ©es.
Transactions dans le mÃªme pays dÃ©tectÃ©es.
Transactions dans le mÃªme pays dÃ©tectÃ©es.
Transactions dans le mÃªme pays dÃ©tectÃ©es.
Transactions dans le mÃªme pays dÃ©tectÃ©es.
Transactions dans le mÃªme pays dÃ©tectÃ©es.
Transactions dans le mÃªme pays dÃ©tectÃ©es.
Transactions dans le mÃªme pays dÃ©tectÃ©es.
Transactions dans le mÃªme pays dÃ©tectÃ©es.
Transactions dans le mÃªme pays dÃ©tectÃ©es.
Transactions dans le mÃªme pays dÃ©tectÃ©es.
Transactions dans le mÃªme pays dÃ©tectÃ©es.
Transactions dans le mÃªme pays dÃ©tectÃ©es.
Transactions dans le mÃªme pays dÃ©tectÃ©es.
Transactions dans le mÃªme pays dÃ©tectÃ©es.
Transactions dans le mÃªme pays dÃ©tectÃ©es.
Transactions dans le mÃªme pays dÃ©tectÃ©es.
Transactions dans le mÃªme pays dÃ©tectÃ©es.
Transactions dans le mÃªme pays dÃ©tectÃ©es.
Transactions dans le mÃªme pays dÃ©tectÃ©es.
Transactions dans le mÃªme pays dÃ©tectÃ©es.
Transactions dans le mÃªme pays dÃ©tectÃ©es.
Transactions dans le mÃªme pays dÃ©tectÃ©es.
Transactions dans le mÃªme pays dÃ©tectÃ©es.
Transactions dans le mÃªme pays dÃ©tectÃ©es.
Transactions dans le mÃªme pays dÃ©tectÃ©es.
Transactions dans le mÃªme pays dÃ©tectÃ©es.
Transactions dans le mÃªme pays dÃ©tectÃ©es.
Transactions dans le mÃªme pays dÃ©tectÃ©es.
Transactions dans le mÃªme pays dÃ©tectÃ©es.
Transactions dans le mÃªme pays dÃ©tectÃ©es.
Transactions dans le mÃªme pays dÃ©tectÃ©es.
Transactions dans le mÃªme pays dÃ©tectÃ©es.
Transactions dans le mÃªme pays dÃ©tectÃ©es.
Transactions dans le mÃªme pays dÃ©tectÃ©es.
Transactions dans le mÃªme pays dÃ©tectÃ©es.
Transactions dans le mÃªme pays dÃ©tectÃ©es.
Transactions dans le mÃªme pays dÃ©tectÃ©es.
Transactions dans le mÃªme pays dÃ©tectÃ©es.
Transactions dans le mÃªme pays dÃ©tectÃ©es.
Transactions dans le mÃªme pays dÃ©tectÃ©es.
Transactions dans le mÃªme pays dÃ©tectÃ©es.
Transactions dans le mÃªme pays dÃ©tectÃ©es.
Transactions dans le mÃªme pays dÃ©tectÃ©es.
Transactions dans le mÃªme pays dÃ©tectÃ©es.
Transactions dans le mÃªme pays dÃ©tectÃ©es.
Transactions dans le mÃªme pays dÃ©tectÃ©es.
Transactions dans le mÃªme pays dÃ©tectÃ©es.
Transactions dans le mÃªme pays dÃ©tectÃ©es.
Transactions dans le mÃªme pays dÃ©tectÃ©es.
Transactions dans le mÃªme pays dÃ©tectÃ©es.
Transactions dans le mÃªme pays dÃ©tectÃ©es.
Transactions dans le mÃªme pays dÃ©tectÃ©es.
Transactions dans le mÃªme pays dÃ©tectÃ©es.
Transactions dans le mÃªme pays dÃ©tectÃ©es.
Transactions dans le mÃªme pays dÃ©tectÃ©es.
Transactions dans le mÃªme pays dÃ©tectÃ©es.
Transactions dans le mÃªme pays dÃ©tectÃ©es.
Transactions dans le mÃªme pays dÃ©tectÃ©es.
Transactions dans le mÃªme pays dÃ©tectÃ©es.
Transactions dans le mÃªme pays dÃ©tectÃ©es.
Transactions dans le mÃªme pays dÃ©tectÃ©es.
Transactions dans le mÃªme pays dÃ©tectÃ©es.
Transactions dans le mÃªme pays dÃ©tectÃ©es.
Transactions dans le mÃªme pays dÃ©tectÃ©es.
Transactions dans le mÃªme pays dÃ©tectÃ©es.
Transactions dans le mÃªme pays dÃ©tectÃ©es.
Transactions dans le mÃªme pays dÃ©tectÃ©es.
Transactions dans le mÃªme pays dÃ©tectÃ©es.
Transactions dans le mÃªme pays dÃ©tectÃ©es.
Transactions dans le mÃªme pays dÃ©tectÃ©es.
Transactions dans le mÃªme pays dÃ©tectÃ©es.
Transactions dans le mÃªme pays dÃ©tectÃ©es.
Transactions dans le mÃªme pays dÃ©tectÃ©es.
Transactions dans le mÃªme pays dÃ©tectÃ©es.
Transactions dans le mÃªme pays dÃ©tectÃ©es.
Transactions dans le mÃªme pays dÃ©tectÃ©es.
Transactions dans le mÃªme pays dÃ©tectÃ©es.
Transactions dans le mÃªme pays dÃ©tectÃ©es.
Transactions dans le mÃªme pays dÃ©tectÃ©es.
Transactions dans le mÃªme pays dÃ©tectÃ©es.
Transactions dans le mÃªme pays dÃ©tectÃ©es.
Transactions dans le mÃªme pays dÃ©tectÃ©es.
Transactions dans le mÃªme pays dÃ©tectÃ©es.
Transactions dans le mÃªme pays dÃ©tectÃ©es.
Transactions dans le mÃªme pays dÃ©tectÃ©es.
Transactions dans le mÃªme pays dÃ©tectÃ©es.
Transactions dans le mÃªme pays dÃ©tectÃ©es.
Transactions dans le mÃªme pays dÃ©tectÃ©es.
Transactions dans le mÃªme pays dÃ©tectÃ©es.
Transactions dans le mÃªme pays dÃ©tectÃ©es.
Transactions dans le mÃªme pays dÃ©tectÃ©es.
Transactions dans le mÃªme pays dÃ©tectÃ©es.
Transactions dans le mÃªme pays dÃ©tectÃ©es.
Transactions dans le mÃªme pays dÃ©tectÃ©es.
Transactions dans le mÃªme pays dÃ©tectÃ©es.
Transactions dans le mÃªme pays dÃ©tectÃ©es.
Transactions dans le mÃªme pays dÃ©tectÃ©es.
Transactions dans le mÃªme pays dÃ©tectÃ©es.
Transactions dans le mÃªme pays dÃ©tectÃ©es.
Transactions dans le mÃªme pays dÃ©tectÃ©es.
Transactions dans le mÃªme pays dÃ©tectÃ©es.
Transactions dans le mÃªme pays dÃ©tectÃ©es.
Transactions dans le mÃªme pays dÃ©tectÃ©es.
Transactions dans le mÃªme pays dÃ©tectÃ©es.
Transactions dans le mÃªme pays dÃ©tectÃ©es.
Transactions dans le mÃªme pays dÃ©tectÃ©es.
Transactions dans le mÃªme pays dÃ©tectÃ©es.
Transactions dans le mÃªme pays dÃ©tectÃ©es.
Transactions dans le mÃªme pays dÃ©tectÃ©es.
Transactions dans le mÃªme pays dÃ©tectÃ©es.
Transactions dans le mÃªme pays dÃ©tectÃ©es.
Transactions dans le mÃªme pays dÃ©tectÃ©es.
Transactions dans le mÃªme pays dÃ©tectÃ©es.
Transactions dans le mÃªme pays dÃ©tectÃ©es.
Transactions dans le mÃªme pays dÃ©tectÃ©es.
Transactions dans le mÃªme pays dÃ©tectÃ©es.
Transactions dans le mÃªme pays dÃ©tectÃ©es.
Transactions dans le mÃªme pays dÃ©tectÃ©es.
Transactions dans le mÃªme pays dÃ©tectÃ©es.
Transactions dans le mÃªme pays dÃ©tectÃ©es.
Transactions dans le mÃªme pays dÃ©tectÃ©es.
Transactions dans le mÃªme pays dÃ©tectÃ©es.
Transactions dans le mÃªme pays dÃ©tectÃ©es.
Transactions dans le mÃªme pays dÃ©tectÃ©es.
Transactions dans le mÃªme pays dÃ©tectÃ©es.
Transactions dans le mÃªme pays dÃ©tectÃ©es.
Transactions dans le mÃªme pays dÃ©tectÃ©es.
Transactions dans le mÃªme pays dÃ©tectÃ©es.
Transactions dans le mÃªme pays dÃ©tectÃ©es.
Transactions dans le mÃªme pays dÃ©tectÃ©es.
Transactions dans le mÃªme pays dÃ©tectÃ©es.
Transactions dans le mÃªme pays dÃ©tectÃ©es.
Transactions dans le mÃªme pays dÃ©tectÃ©es.
Transactions dans le mÃªme pays dÃ©tectÃ©es.
Transactions dans le mÃªme pays dÃ©tectÃ©es.
Transactions dans le mÃªme pays dÃ©tectÃ©es.
Transactions dans le mÃªme pays dÃ©tectÃ©es.
Transactions dans le mÃªme pays dÃ©tectÃ©es.
Transactions dans le mÃªme pays dÃ©tectÃ©es.
Transactions dans le mÃªme pays dÃ©tectÃ©es.
Transactions dans le mÃªme pays dÃ©tectÃ©es.
Transactions dans le mÃªme pays dÃ©tectÃ©es.
Transactions dans le mÃªme pays dÃ©tectÃ©es.
Transactions dans le mÃªme pays dÃ©tectÃ©es.
Transactions dans le mÃªme pays dÃ©tectÃ©es.
Transactions dans le mÃªme pays dÃ©tectÃ©es.
Transactions dans le mÃªme pays dÃ©tectÃ©es.
Transactions dans le mÃªme pays dÃ©tectÃ©es.
Transactions dans le mÃªme pays dÃ©tectÃ©es.
Transactions dans le mÃªme pays dÃ©tectÃ©es.
Transactions dans le mÃªme pays dÃ©tectÃ©es.
Transactions dans le mÃªme pays dÃ©tectÃ©es.
Transactions dans le mÃªme pays dÃ©tectÃ©es.
Transactions dans le mÃªme pays dÃ©tectÃ©es.
Transactions dans le mÃªme pays dÃ©tectÃ©es.
Transactions dans le mÃªme pays dÃ©tectÃ©es.
Transactions dans le mÃªme pays dÃ©tectÃ©es.
Transactions dans le mÃªme pays dÃ©tectÃ©es.
Transactions dans le mÃªme pays dÃ©tectÃ©es.
Transactions dans le mÃªme pays dÃ©tectÃ©es.
Transactions dans le mÃªme pays dÃ©tectÃ©es.
Transactions dans le mÃªme pays dÃ©tectÃ©es.
Transactions dans le mÃªme pays dÃ©tectÃ©es.
Transactions dans le mÃªme pays dÃ©tectÃ©es.
Transactions dans le mÃªme pays dÃ©tectÃ©es.
Transactions dans le mÃªme pays dÃ©tectÃ©es.
Transactions dans le mÃªme pays dÃ©tectÃ©es.
Transactions dans le mÃªme pays dÃ©tectÃ©es.
Transactions dans le mÃªme pays dÃ©tectÃ©es.
Transactions dans le mÃªme pays dÃ©tectÃ©es.
Transactions dans le mÃªme pays dÃ©tectÃ©es.
Transactions dans le mÃªme pays dÃ©tectÃ©es.
Transactions dans le mÃªme pays dÃ©tectÃ©es.
Transactions dans le mÃªme pays dÃ©tectÃ©es.
Transactions dans le mÃªme pays dÃ©tectÃ©es.
Transactions dans le mÃªme pays dÃ©tectÃ©es.
Transactions dans le mÃªme pays dÃ©tectÃ©es.
Transactions dans le mÃªme pays dÃ©tectÃ©es.
Transactions dans le mÃªme pays dÃ©tectÃ©es.
Transactions dans le mÃªme pays dÃ©tectÃ©es.
Transactions dans le mÃªme pays dÃ©tectÃ©es.
Transactions dans le mÃªme pays dÃ©tectÃ©es.
Transactions dans le mÃªme pays dÃ©tectÃ©es.
Transactions dans le mÃªme pays dÃ©tectÃ©es.
Transactions dans le mÃªme pays dÃ©tectÃ©es.
Transactions dans le mÃªme pays dÃ©tectÃ©es.
Transactions dans le mÃªme pays dÃ©tectÃ©es.
Transactions dans le mÃªme pays dÃ©tectÃ©es.
Transactions dans le mÃªme pays dÃ©tectÃ©es.
Transactions dans le mÃªme pays dÃ©tectÃ©es.
Transactions dans le mÃªme pays dÃ©tectÃ©es.
Transactions dans le mÃªme pays dÃ©tectÃ©es.
Transactions dans le mÃªme pays dÃ©tectÃ©es.
Transactions dans le mÃªme pays dÃ©tectÃ©es.
Transactions dans le mÃªme pays dÃ©tectÃ©es.
Transactions dans le mÃªme pays dÃ©tectÃ©es.
Transactions dans le mÃªme pays dÃ©tectÃ©es.
Transactions dans le mÃªme pays dÃ©tectÃ©es.
Transactions dans le mÃªme pays dÃ©tectÃ©es.
Transactions dans le mÃªme pays dÃ©tectÃ©es.
Transactions dans le mÃªme pays dÃ©tectÃ©es.
Transactions dans le mÃªme pays dÃ©tectÃ©es.
Transactions dans le mÃªme pays dÃ©tectÃ©es.
Transactions dans le mÃªme pays dÃ©tectÃ©es.
Transactions dans le mÃªme pays dÃ©tectÃ©es.
Transactions dans le mÃªme pays dÃ©tectÃ©es.
Transactions dans le mÃªme pays dÃ©tectÃ©es.
Transactions dans le mÃªme pays dÃ©tectÃ©es.
Transactions dans le mÃªme pays dÃ©tectÃ©es.
Transactions dans le mÃªme pays dÃ©tectÃ©es.
Transactions dans le mÃªme pays dÃ©tectÃ©es.
Transactions dans le mÃªme pays dÃ©tectÃ©es.
Transactions dans le mÃªme pays dÃ©tectÃ©es.
Transactions dans le mÃªme pays dÃ©tectÃ©es.
Transactions dans le mÃªme pays dÃ©tectÃ©es.
Transactions dans le mÃªme pays dÃ©tectÃ©es.
Transactions dans le mÃªme pays dÃ©tectÃ©es.
Transactions dans le mÃªme pays dÃ©tectÃ©es.
Transactions dans le mÃªme pays dÃ©tectÃ©es.
Transactions dans le mÃªme pays dÃ©tectÃ©es.
Transactions dans le mÃªme pays dÃ©tectÃ©es.
Transactions dans le mÃªme pays dÃ©tectÃ©es.
Transactions dans le mÃªme pays dÃ©tectÃ©es.
Transactions dans le mÃªme pays dÃ©tectÃ©es.
Transactions dans le mÃªme pays dÃ©tectÃ©es.
Transactions dans le mÃªme pays dÃ©tectÃ©es.
Transactions dans le mÃªme pays dÃ©tectÃ©es.
Transactions dans le mÃªme pays dÃ©tectÃ©es.
Transactions dans le mÃªme pays dÃ©tectÃ©es.
Transactions dans le mÃªme pays dÃ©tectÃ©es.
Transactions dans le mÃªme pays dÃ©tectÃ©es.
Transactions dans le mÃªme pays dÃ©tectÃ©es.
Transactions dans le mÃªme pays dÃ©tectÃ©es.
Transactions dans le mÃªme pays dÃ©tectÃ©es.
Transactions dans le mÃªme pays dÃ©tectÃ©es.
Transactions dans le mÃªme pays dÃ©tectÃ©es.
Transactions dans le mÃªme pays dÃ©tectÃ©es.
Transactions dans le mÃªme pays dÃ©tectÃ©es.
Transactions dans le mÃªme pays dÃ©tectÃ©es.
Transactions dans le mÃªme pays dÃ©tectÃ©es.
Transactions dans le mÃªme pays dÃ©tectÃ©es.
Transactions dans le mÃªme pays dÃ©tectÃ©es.
Transactions dans le mÃªme pays dÃ©tectÃ©es.
Transactions dans le mÃªme pays dÃ©tectÃ©es.
Transactions dans le mÃªme pays dÃ©tectÃ©es.
Transactions dans le mÃªme pays dÃ©tectÃ©es.
Transactions dans le mÃªme pays dÃ©tectÃ©es.
Transactions dans le mÃªme pays dÃ©tectÃ©es.
Transactions dans le mÃªme pays dÃ©tectÃ©es.
Transactions dans le mÃªme pays dÃ©tectÃ©es.
Transactions dans le mÃªme pays dÃ©tectÃ©es.
Transactions dans le mÃªme pays dÃ©tectÃ©es.
Transactions dans le mÃªme pays dÃ©tectÃ©es.
Transactions dans le mÃªme pays dÃ©tectÃ©es.
Transactions dans le mÃªme pays dÃ©tectÃ©es.
Transactions dans le mÃªme pays dÃ©tectÃ©es.
Transactions dans le mÃªme pays dÃ©tectÃ©es.
Transactions dans le mÃªme pays dÃ©tectÃ©es.
Transactions dans le mÃªme pays dÃ©tectÃ©es.
Transactions dans le mÃªme pays dÃ©tectÃ©es.
Transactions dans le mÃªme pays dÃ©tectÃ©es.
Transactions dans le mÃªme pays dÃ©tectÃ©es.
Transactions dans le mÃªme pays dÃ©tectÃ©es.
Transactions dans le mÃªme pays dÃ©tectÃ©es.
Transactions dans le mÃªme pays dÃ©tectÃ©es.
Transactions dans le mÃªme pays dÃ©tectÃ©es.
Transactions dans le mÃªme pays dÃ©tectÃ©es.
Transactions dans le mÃªme pays dÃ©tectÃ©es.
Transactions dans le mÃªme pays dÃ©tectÃ©es.
Transactions dans le mÃªme pays dÃ©tectÃ©es.
Transactions dans le mÃªme pays dÃ©tectÃ©es.
Transactions dans le mÃªme pays dÃ©tectÃ©es.
Transactions dans le mÃªme pays dÃ©tectÃ©es.
Transactions dans le mÃªme pays dÃ©tectÃ©es.
Transactions dans le mÃªme pays dÃ©tectÃ©es.
Transactions dans le mÃªme pays dÃ©tectÃ©es.
Transactions dans le mÃªme pays dÃ©tectÃ©es.
Transactions dans le mÃªme pays dÃ©tectÃ©es.
Transactions dans le mÃªme pays dÃ©tectÃ©es.
Transactions dans le mÃªme pays dÃ©tectÃ©es.
Transactions dans le mÃªme pays dÃ©tectÃ©es.
Transactions dans le mÃªme pays dÃ©tectÃ©es.
Transactions dans le mÃªme pays dÃ©tectÃ©es.
Transactions dans le mÃªme pays dÃ©tectÃ©es.
Transactions dans le mÃªme pays dÃ©tectÃ©es.
Transactions dans le mÃªme pays dÃ©tectÃ©es.
Transactions dans le mÃªme pays dÃ©tectÃ©es.
Transactions dans le mÃªme pays dÃ©tectÃ©es.
Transactions dans le mÃªme pays dÃ©tectÃ©es.
Transactions dans le mÃªme pays dÃ©tectÃ©es.
Transactions dans le mÃªme pays dÃ©tectÃ©es.
Transactions dans le mÃªme pays dÃ©tectÃ©es.
Transactions dans le mÃªme pays dÃ©tectÃ©es.
Transactions dans le mÃªme pays dÃ©tectÃ©es.
Transactions dans le mÃªme pays dÃ©tectÃ©es.
Transactions dans le mÃªme pays dÃ©tectÃ©es.
Transactions dans le mÃªme pays dÃ©tectÃ©es.
Transactions dans le mÃªme pays dÃ©tectÃ©es.
Transactions dans le mÃªme pays dÃ©tectÃ©es.
Transactions dans le mÃªme pays dÃ©tectÃ©es.
Transactions dans le mÃªme pays dÃ©tectÃ©es.
Transactions dans le mÃªme pays dÃ©tectÃ©es.
Transactions dans le mÃªme pays dÃ©tectÃ©es.
Transactions dans le mÃªme pays dÃ©tectÃ©es.
Transactions dans le mÃªme pays dÃ©tectÃ©es.
Transactions dans le mÃªme pays dÃ©tectÃ©es.
Transactions dans le mÃªme pays dÃ©tectÃ©es.
Transactions dans le mÃªme pays dÃ©tectÃ©es.
Transactions dans le mÃªme pays dÃ©tectÃ©es.
Transactions dans le mÃªme pays dÃ©tectÃ©es.
Transactions dans le mÃªme pays dÃ©tectÃ©es.
Transactions dans le mÃªme pays dÃ©tectÃ©es.
Transactions dans le mÃªme pays dÃ©tectÃ©es.
Transactions dans le mÃªme pays dÃ©tectÃ©es.
Transactions dans le mÃªme pays dÃ©tectÃ©es.
Transactions dans le mÃªme pays dÃ©tectÃ©es.
Transactions dans le mÃªme pays dÃ©tectÃ©es.
Transactions dans le mÃªme pays dÃ©tectÃ©es.
Transactions dans le mÃªme pays dÃ©tectÃ©es.
Transactions dans le mÃªme pays dÃ©tectÃ©es.
Transactions dans le mÃªme pays dÃ©tectÃ©es.
Transactions dans le mÃªme pays dÃ©tectÃ©es.
Transactions dans le mÃªme pays dÃ©tectÃ©es.
Transactions dans le mÃªme pays dÃ©tectÃ©es.
Transactions dans le mÃªme pays dÃ©tectÃ©es.
Transactions dans le mÃªme pays dÃ©tectÃ©es.
Transactions dans le mÃªme pays dÃ©tectÃ©es.
Transactions dans le mÃªme pays dÃ©tectÃ©es.
Transactions dans le mÃªme pays dÃ©tectÃ©es.
Transactions dans le mÃªme pays dÃ©tectÃ©es.
Transactions dans le mÃªme pays dÃ©tectÃ©es.
Transactions dans le mÃªme pays dÃ©tectÃ©es.
Transactions dans le mÃªme pays dÃ©tectÃ©es.
Transactions dans le mÃªme pays dÃ©tectÃ©es.
Transactions dans le mÃªme pays dÃ©tectÃ©es.
Transactions dans le mÃªme pays dÃ©tectÃ©es.
Transactions dans le mÃªme pays dÃ©tectÃ©es.
Transactions dans le mÃªme pays dÃ©tectÃ©es.
Transactions dans le mÃªme pays dÃ©tectÃ©es.
Transactions dans le mÃªme pays dÃ©tectÃ©es.
Transactions dans le mÃªme pays dÃ©tectÃ©es.
Transactions dans le mÃªme pays dÃ©tectÃ©es.
Transactions dans le mÃªme pays dÃ©tectÃ©es.
Transactions dans le mÃªme pays dÃ©tectÃ©es.
Transactions dans le mÃªme pays dÃ©tectÃ©es.
Transactions dans le mÃªme pays dÃ©tectÃ©es.
Transactions dans le mÃªme pays dÃ©tectÃ©es.
Transactions dans le mÃªme pays dÃ©tectÃ©es.
Transactions dans le mÃªme pays dÃ©tectÃ©es.
Transactions dans le mÃªme pays dÃ©tectÃ©es.
Transactions dans le mÃªme pays dÃ©tectÃ©es.
Transactions dans le mÃªme pays dÃ©tectÃ©es.
Transactions dans le mÃªme pays dÃ©tectÃ©es.
Transactions dans le mÃªme pays dÃ©tectÃ©es.
Transactions dans le mÃªme pays dÃ©tectÃ©es.
Transactions dans le mÃªme pays dÃ©tectÃ©es.
Transactions dans le mÃªme pays dÃ©tectÃ©es.
Transactions dans le mÃªme pays dÃ©tectÃ©es.
Transactions dans le mÃªme pays dÃ©tectÃ©es.
Transactions dans le mÃªme pays dÃ©tectÃ©es.
Transactions dans le mÃªme pays dÃ©tectÃ©es.
Transactions dans le mÃªme pays dÃ©tectÃ©es.
Transactions dans le mÃªme pays dÃ©tectÃ©es.
Transactions dans le mÃªme pays dÃ©tectÃ©es.
Transactions dans le mÃªme pays dÃ©tectÃ©es.
Transactions dans le mÃªme pays dÃ©tectÃ©es.
Transactions dans le mÃªme pays dÃ©tectÃ©es.
Transactions dans le mÃªme pays dÃ©tectÃ©es.
Transactions dans le mÃªme pays dÃ©tectÃ©es.
Transactions dans le mÃªme pays dÃ©tectÃ©es.
Transactions dans le mÃªme pays dÃ©tectÃ©es.
Transactions dans le mÃªme pays dÃ©tectÃ©es.
Transactions dans le mÃªme pays dÃ©tectÃ©es.
Transactions dans le mÃªme pays dÃ©tectÃ©es.
Transactions dans le mÃªme pays dÃ©tectÃ©es.
Transactions dans le mÃªme pays dÃ©tectÃ©es.
Transactions dans le mÃªme pays dÃ©tectÃ©es.
Transactions dans le mÃªme pays dÃ©tectÃ©es.
Transactions dans le mÃªme pays dÃ©tectÃ©es.
Transactions dans le mÃªme pays dÃ©tectÃ©es.
Transactions dans le mÃªme pays dÃ©tectÃ©es.
Transactions dans le mÃªme pays dÃ©tectÃ©es.
Transactions dans le mÃªme pays dÃ©tectÃ©es.
Transactions dans le mÃªme pays dÃ©tectÃ©es.
Transactions dans le mÃªme pays dÃ©tectÃ©es.
Transactions dans le mÃªme pays dÃ©tectÃ©es.
Transactions dans le mÃªme pays dÃ©tectÃ©es.
Transactions dans le mÃªme pays dÃ©tectÃ©es.
Transactions dans le mÃªme pays dÃ©tectÃ©es.
Transactions dans le mÃªme pays dÃ©tectÃ©es.
Transactions dans le mÃªme pays dÃ©tectÃ©es.
Transactions dans le mÃªme pays dÃ©tectÃ©es.
Transactions dans le mÃªme pays dÃ©tectÃ©es.
Transactions dans le mÃªme pays dÃ©tectÃ©es.
Transactions dans le mÃªme pays dÃ©tectÃ©es.
Transactions dans le mÃªme pays dÃ©tectÃ©es.
Transactions dans le mÃªme pays dÃ©tectÃ©es.
Transactions dans le mÃªme pays dÃ©tectÃ©es.
Transactions dans le mÃªme pays dÃ©tectÃ©es.
Transactions dans le mÃªme pays dÃ©tectÃ©es.
Transactions dans le mÃªme pays dÃ©tectÃ©es.
Transactions dans le mÃªme pays dÃ©tectÃ©es.
Transactions dans le mÃªme pays dÃ©tectÃ©es.
Transactions dans le mÃªme pays dÃ©tectÃ©es.
Transactions dans le mÃªme pays dÃ©tectÃ©es.
Transactions dans le mÃªme pays dÃ©tectÃ©es.
Transactions dans le mÃªme pays dÃ©tectÃ©es.
Transactions dans le mÃªme pays dÃ©tectÃ©es.
Transactions dans le mÃªme pays dÃ©tectÃ©es.
Transactions dans le mÃªme pays dÃ©tectÃ©es.
Transactions dans le mÃªme pays dÃ©tectÃ©es.
Transactions dans le mÃªme pays dÃ©tectÃ©es.
Transactions dans le mÃªme pays dÃ©tectÃ©es.
Transactions dans le mÃªme pays dÃ©tectÃ©es.
Transactions dans le mÃªme pays dÃ©tectÃ©es.
Transactions dans le mÃªme pays dÃ©tectÃ©es.
Transactions dans le mÃªme pays dÃ©tectÃ©es.
Transactions dans le mÃªme pays dÃ©tectÃ©es.
Transactions dans le mÃªme pays dÃ©tectÃ©es.
Transactions dans le mÃªme pays dÃ©tectÃ©es.
Transactions dans le mÃªme pays dÃ©tectÃ©es.
Transactions dans le mÃªme pays dÃ©tectÃ©es.
Transactions dans le mÃªme pays dÃ©tectÃ©es.
Transactions dans le mÃªme pays dÃ©tectÃ©es.
Transactions dans le mÃªme pays dÃ©tectÃ©es.
Transactions dans le mÃªme pays dÃ©tectÃ©es.
Transactions dans le mÃªme pays dÃ©tectÃ©es.
Transactions dans le mÃªme pays dÃ©tectÃ©es.
Transactions dans le mÃªme pays dÃ©tectÃ©es.
Transactions dans le mÃªme pays dÃ©tectÃ©es.
Transactions dans le mÃªme pays dÃ©tectÃ©es.
Transactions dans le mÃªme pays dÃ©tectÃ©es.
Transactions dans le mÃªme pays dÃ©tectÃ©es.
Transactions dans le mÃªme pays dÃ©tectÃ©es.
Transactions dans le mÃªme pays dÃ©tectÃ©es.
Transactions dans le mÃªme pays dÃ©tectÃ©es.
Transactions dans le mÃªme pays dÃ©tectÃ©es.
Transactions dans le mÃªme pays dÃ©tectÃ©es.
Transactions dans le mÃªme pays dÃ©tectÃ©es.
Transactions dans le mÃªme pays dÃ©tectÃ©es.
Transactions dans le mÃªme pays dÃ©tectÃ©es.
Transactions dans le mÃªme pays dÃ©tectÃ©es.
Transactions dans le mÃªme pays dÃ©tectÃ©es.
Transactions dans le mÃªme pays dÃ©tectÃ©es.
Transactions dans le mÃªme pays dÃ©tectÃ©es.
Transactions dans le mÃªme pays dÃ©tectÃ©es.
Transactions dans le mÃªme pays dÃ©tectÃ©es.
Transactions dans le mÃªme pays dÃ©tectÃ©es.
Transactions dans le mÃªme pays dÃ©tectÃ©es.
Transactions dans le mÃªme pays dÃ©tectÃ©es.
Transactions dans le mÃªme pays dÃ©tectÃ©es.
Transactions dans le mÃªme pays dÃ©tectÃ©es.
Transactions dans le mÃªme pays dÃ©tectÃ©es.
Transactions dans le mÃªme pays dÃ©tectÃ©es.
Transactions dans le mÃªme pays dÃ©tectÃ©es.
Transactions dans le mÃªme pays dÃ©tectÃ©es.
Transactions dans le mÃªme pays dÃ©tectÃ©es.
Transactions dans le mÃªme pays dÃ©tectÃ©es.
Transactions dans le mÃªme pays dÃ©tectÃ©es.
Transactions dans le mÃªme pays dÃ©tectÃ©es.
Transactions dans le mÃªme pays dÃ©tectÃ©es.
Transactions dans le mÃªme pays dÃ©tectÃ©es.
Transactions dans le mÃªme pays dÃ©tectÃ©es.
Transactions dans le mÃªme pays dÃ©tectÃ©es.
Transactions dans le mÃªme pays dÃ©tectÃ©es.
Transactions dans le mÃªme pays dÃ©tectÃ©es.
Transactions dans le mÃªme pays dÃ©tectÃ©es.
Transactions dans le mÃªme pays dÃ©tectÃ©es.
Transactions dans le mÃªme pays dÃ©tectÃ©es.
Transactions dans le mÃªme pays dÃ©tectÃ©es.
Transactions dans le mÃªme pays dÃ©tectÃ©es.
Transactions dans le mÃªme pays dÃ©tectÃ©es.
Transactions dans le mÃªme pays dÃ©tectÃ©es.
Transactions dans le mÃªme pays dÃ©tectÃ©es.
Transactions dans le mÃªme pays dÃ©tectÃ©es.
Transactions dans le mÃªme pays dÃ©tectÃ©es.
Transactions dans le mÃªme pays dÃ©tectÃ©es.
Transactions dans le mÃªme pays dÃ©tectÃ©es.
Transactions dans le mÃªme pays dÃ©tectÃ©es.
Transactions dans le mÃªme pays dÃ©tectÃ©es.
Transactions dans le mÃªme pays dÃ©tectÃ©es.
Transactions dans le mÃªme pays dÃ©tectÃ©es.
Transactions dans le mÃªme pays dÃ©tectÃ©es.
Transactions dans le mÃªme pays dÃ©tectÃ©es.
Transactions dans le mÃªme pays dÃ©tectÃ©es.
Transactions dans le mÃªme pays dÃ©tectÃ©es.
Transactions dans le mÃªme pays dÃ©tectÃ©es.
Transactions dans le mÃªme pays dÃ©tectÃ©es.
Transactions dans le mÃªme pays dÃ©tectÃ©es.
Transactions dans le mÃªme pays dÃ©tectÃ©es.
Transactions dans le mÃªme pays dÃ©tectÃ©es.
Transactions dans le mÃªme pays dÃ©tectÃ©es.
Transactions dans le mÃªme pays dÃ©tectÃ©es.
Transactions dans le mÃªme pays dÃ©tectÃ©es.
Transactions dans le mÃªme pays dÃ©tectÃ©es.
Transactions dans le mÃªme pays dÃ©tectÃ©es.
Transactions dans le mÃªme pays dÃ©tectÃ©es.
Transactions dans le mÃªme pays dÃ©tectÃ©es.
Transactions dans le mÃªme pays dÃ©tectÃ©es.
Transactions dans le mÃªme pays dÃ©tectÃ©es.
Transactions dans le mÃªme pays dÃ©tectÃ©es.
Transactions dans le mÃªme pays dÃ©tectÃ©es.
Transactions dans le mÃªme pays dÃ©tectÃ©es.
Transactions dans le mÃªme pays dÃ©tectÃ©es.
Transactions dans le mÃªme pays dÃ©tectÃ©es.
Transactions dans le mÃªme pays dÃ©tectÃ©es.
Transactions dans le mÃªme pays dÃ©tectÃ©es.
Transactions dans le mÃªme pays dÃ©tectÃ©es.
Transactions dans le mÃªme pays dÃ©tectÃ©es.
Transactions dans le mÃªme pays dÃ©tectÃ©es.
Transactions dans le mÃªme pays dÃ©tectÃ©es.
Transactions dans le mÃªme pays dÃ©tectÃ©es.
Transactions dans le mÃªme pays dÃ©tectÃ©es.
Transactions dans le mÃªme pays dÃ©tectÃ©es.
Transactions dans le mÃªme pays dÃ©tectÃ©es.
Transactions dans le mÃªme pays dÃ©tectÃ©es.
Transactions dans le mÃªme pays dÃ©tectÃ©es.
Transactions dans le mÃªme pays dÃ©tectÃ©es.
Transactions dans le mÃªme pays dÃ©tectÃ©es.
Transactions dans le mÃªme pays dÃ©tectÃ©es.
Transactions dans le mÃªme pays dÃ©tectÃ©es.
Transactions dans le mÃªme pays dÃ©tectÃ©es.
Transactions dans le mÃªme pays dÃ©tectÃ©es.
Transactions dans le mÃªme pays dÃ©tectÃ©es.
Transactions dans le mÃªme pays dÃ©tectÃ©es.
Transactions dans le mÃªme pays dÃ©tectÃ©es.
Transactions dans le mÃªme pays dÃ©tectÃ©es.
Transactions dans le mÃªme pays dÃ©tectÃ©es.
Transactions dans le mÃªme pays dÃ©tectÃ©es.
Transactions dans le mÃªme pays dÃ©tectÃ©es.
Transactions dans le mÃªme pays dÃ©tectÃ©es.
Transactions dans le mÃªme pays dÃ©tectÃ©es.
Transactions dans le mÃªme pays dÃ©tectÃ©es.
Transactions dans le mÃªme pays dÃ©tectÃ©es.
Transactions dans le mÃªme pays dÃ©tectÃ©es.
Transactions dans le mÃªme pays dÃ©tectÃ©es.
Transactions dans le mÃªme pays dÃ©tectÃ©es.
Transactions dans le mÃªme pays dÃ©tectÃ©es.
Transactions dans le mÃªme pays dÃ©tectÃ©es.
Transactions dans le mÃªme pays dÃ©tectÃ©es.
Transactions dans le mÃªme pays dÃ©tectÃ©es.
Transactions dans le mÃªme pays dÃ©tectÃ©es.
Transactions dans le mÃªme pays dÃ©tectÃ©es.
Transactions dans le mÃªme pays dÃ©tectÃ©es.
Transactions dans le mÃªme pays dÃ©tectÃ©es.
Transactions dans le mÃªme pays dÃ©tectÃ©es.
Transactions dans le mÃªme pays dÃ©tectÃ©es.
Transactions dans le mÃªme pays dÃ©tectÃ©es.
Transactions dans le mÃªme pays dÃ©tectÃ©es.
Transactions dans le mÃªme pays dÃ©tectÃ©es.
Transactions dans le mÃªme pays dÃ©tectÃ©es.
Transactions dans le mÃªme pays dÃ©tectÃ©es.
Transactions dans le mÃªme pays dÃ©tectÃ©es.
Transactions dans le mÃªme pays dÃ©tectÃ©es.
Transactions dans le mÃªme pays dÃ©tectÃ©es.
Transactions dans le mÃªme pays dÃ©tectÃ©es.
Transactions dans le mÃªme pays dÃ©tectÃ©es.
Transactions dans le mÃªme pays dÃ©tectÃ©es.
Transactions dans le mÃªme pays dÃ©tectÃ©es.
Transactions dans le mÃªme pays dÃ©tectÃ©es.
Transactions dans le mÃªme pays dÃ©tectÃ©es.
Transactions dans le mÃªme pays dÃ©tectÃ©es.
Transactions dans le mÃªme pays dÃ©tectÃ©es.
Transactions dans le mÃªme pays dÃ©tectÃ©es.
Transactions dans le mÃªme pays dÃ©tectÃ©es.
Transactions dans le mÃªme pays dÃ©tectÃ©es.
Transactions dans le mÃªme pays dÃ©tectÃ©es.
Transactions dans le mÃªme pays dÃ©tectÃ©es.
Transactions dans le mÃªme pays dÃ©tectÃ©es.
Transactions dans le mÃªme pays dÃ©tectÃ©es.
Transactions dans le mÃªme pays dÃ©tectÃ©es.
Transactions dans le mÃªme pays dÃ©tectÃ©es.
Transactions dans le mÃªme pays dÃ©tectÃ©es.
Transactions dans le mÃªme pays dÃ©tectÃ©es.
Transactions dans le mÃªme pays dÃ©tectÃ©es.
Transactions dans le mÃªme pays dÃ©tectÃ©es.
Transactions dans le mÃªme pays dÃ©tectÃ©es.
Transactions dans le mÃªme pays dÃ©tectÃ©es.
Transactions dans le mÃªme pays dÃ©tectÃ©es.
Transactions dans le mÃªme pays dÃ©tectÃ©es.
Transactions dans le mÃªme pays dÃ©tectÃ©es.
Transactions dans le mÃªme pays dÃ©tectÃ©es.
Transactions dans le mÃªme pays dÃ©tectÃ©es.
Transactions dans le mÃªme pays dÃ©tectÃ©es.
Transactions dans le mÃªme pays dÃ©tectÃ©es.
Transactions dans le mÃªme pays dÃ©tectÃ©es.
Transactions dans le mÃªme pays dÃ©tectÃ©es.
Transactions dans le mÃªme pays dÃ©tectÃ©es.
Transactions dans le mÃªme pays dÃ©tectÃ©es.
Transactions dans le mÃªme pays dÃ©tectÃ©es.
Transactions dans le mÃªme pays dÃ©tectÃ©es.
Transactions dans le mÃªme pays dÃ©tectÃ©es.
Transactions dans le mÃªme pays dÃ©tectÃ©es.
Transactions dans le mÃªme pays dÃ©tectÃ©es.
Transactions dans le mÃªme pays dÃ©tectÃ©es.
Transactions dans le mÃªme pays dÃ©tectÃ©es.
Transactions dans le mÃªme pays dÃ©tectÃ©es.
Transactions dans le mÃªme pays dÃ©tectÃ©es.
Transactions dans le mÃªme pays dÃ©tectÃ©es.
Transactions dans le mÃªme pays dÃ©tectÃ©es.
Transactions dans le mÃªme pays dÃ©tectÃ©es.
Transactions dans le mÃªme pays dÃ©tectÃ©es.
Transactions dans le mÃªme pays dÃ©tectÃ©es.
Transactions dans le mÃªme pays dÃ©tectÃ©es.
Transactions dans le mÃªme pays dÃ©tectÃ©es.
Transactions dans le mÃªme pays dÃ©tectÃ©es.
Transactions dans le mÃªme pays dÃ©tectÃ©es.
Transactions dans le mÃªme pays dÃ©tectÃ©es.
Transactions dans le mÃªme pays dÃ©tectÃ©es.
Transactions dans le mÃªme pays dÃ©tectÃ©es.
Transactions dans le mÃªme pays dÃ©tectÃ©es.
Transactions dans le mÃªme pays dÃ©tectÃ©es.
Transactions dans le mÃªme pays dÃ©tectÃ©es.
Transactions dans le mÃªme pays dÃ©tectÃ©es.
Transactions dans le mÃªme pays dÃ©tectÃ©es.
Transactions dans le mÃªme pays dÃ©tectÃ©es.
Transactions dans le mÃªme pays dÃ©tectÃ©es.
Transactions dans le mÃªme pays dÃ©tectÃ©es.
Transactions dans le mÃªme pays dÃ©tectÃ©es.
Transactions dans le mÃªme pays dÃ©tectÃ©es.
Transactions dans le mÃªme pays dÃ©tectÃ©es.
Transactions dans le mÃªme pays dÃ©tectÃ©es.
Transactions dans le mÃªme pays dÃ©tectÃ©es.
Transactions dans le mÃªme pays dÃ©tectÃ©es.
Transactions dans le mÃªme pays dÃ©tectÃ©es.
Transactions dans le mÃªme pays dÃ©tectÃ©es.
Transactions dans le mÃªme pays dÃ©tectÃ©es.
Transactions dans le mÃªme pays dÃ©tectÃ©es.
Transactions dans le mÃªme pays dÃ©tectÃ©es.
Transactions dans le mÃªme pays dÃ©tectÃ©es.
Transactions dans le mÃªme pays dÃ©tectÃ©es.
Transactions dans le mÃªme pays dÃ©tectÃ©es.
Transactions dans le mÃªme pays dÃ©tectÃ©es.
Transactions dans le mÃªme pays dÃ©tectÃ©es.
Transactions dans le mÃªme pays dÃ©tectÃ©es.
Transactions dans le mÃªme pays dÃ©tectÃ©es.
Transactions dans le mÃªme pays dÃ©tectÃ©es.
Transactions dans le mÃªme pays dÃ©tectÃ©es.
Transactions dans le mÃªme pays dÃ©tectÃ©es.
Transactions dans le mÃªme pays dÃ©tectÃ©es.
Transactions dans le mÃªme pays dÃ©tectÃ©es.
Transactions dans le mÃªme pays dÃ©tectÃ©es.
Transactions dans le mÃªme pays dÃ©tectÃ©es.
Transactions dans le mÃªme pays dÃ©tectÃ©es.
Transactions dans le mÃªme pays dÃ©tectÃ©es.
Transactions dans le mÃªme pays dÃ©tectÃ©es.
Transactions dans le mÃªme pays dÃ©tectÃ©es.
Transactions dans le mÃªme pays dÃ©tectÃ©es.
Transactions dans le mÃªme pays dÃ©tectÃ©es.
Transactions dans le mÃªme pays dÃ©tectÃ©es.
Transactions dans le mÃªme pays dÃ©tectÃ©es.
Transactions dans le mÃªme pays dÃ©tectÃ©es.
Transactions dans le mÃªme pays dÃ©tectÃ©es.
Transactions dans le mÃªme pays dÃ©tectÃ©es.
Transactions dans le mÃªme pays dÃ©tectÃ©es.
Transactions dans le mÃªme pays dÃ©tectÃ©es.
Transactions dans le mÃªme pays dÃ©tectÃ©es.
Transactions dans le mÃªme pays dÃ©tectÃ©es.
Transactions dans le mÃªme pays dÃ©tectÃ©es.
Transactions dans le mÃªme pays dÃ©tectÃ©es.
Transactions dans le mÃªme pays dÃ©tectÃ©es.
Transactions dans le mÃªme pays dÃ©tectÃ©es.
Transactions dans le mÃªme pays dÃ©tectÃ©es.
Transactions dans le mÃªme pays dÃ©tectÃ©es.
Transactions dans le mÃªme pays dÃ©tectÃ©es.
Transactions dans le mÃªme pays dÃ©tectÃ©es.
Transactions dans le mÃªme pays dÃ©tectÃ©es.
Transactions dans le mÃªme pays dÃ©tectÃ©es.
Transactions dans le mÃªme pays dÃ©tectÃ©es.
Transactions dans le mÃªme pays dÃ©tectÃ©es.
Transactions dans le mÃªme pays dÃ©tectÃ©es.
Transactions dans le mÃªme pays dÃ©tectÃ©es.
Transactions dans le mÃªme pays dÃ©tectÃ©es.
Transactions dans le mÃªme pays dÃ©tectÃ©es.
Transactions dans le mÃªme pays dÃ©tectÃ©es.
Transactions dans le mÃªme pays dÃ©tectÃ©es.
Transactions dans le mÃªme pays dÃ©tectÃ©es.
Transactions dans le mÃªme pays dÃ©tectÃ©es.
Transactions dans le mÃªme pays dÃ©tectÃ©es.
Transactions dans le mÃªme pays dÃ©tectÃ©es.
Transactions dans le mÃªme pays dÃ©tectÃ©es.
Transactions dans le mÃªme pays dÃ©tectÃ©es.
Transactions dans le mÃªme pays dÃ©tectÃ©es.
Transactions dans le mÃªme pays dÃ©tectÃ©es.
Transactions dans le mÃªme pays dÃ©tectÃ©es.
Transactions dans le mÃªme pays dÃ©tectÃ©es.
Transactions dans le mÃªme pays dÃ©tectÃ©es.
Transactions dans le mÃªme pays dÃ©tectÃ©es.
Transactions dans le mÃªme pays dÃ©tectÃ©es.
Transactions dans le mÃªme pays dÃ©tectÃ©es.
Transactions dans le mÃªme pays dÃ©tectÃ©es.
Transactions dans le mÃªme pays dÃ©tectÃ©es.
Transactions dans le mÃªme pays dÃ©tectÃ©es.
Transactions dans le mÃªme pays dÃ©tectÃ©es.
Transactions dans le mÃªme pays dÃ©tectÃ©es.
Transactions dans le mÃªme pays dÃ©tectÃ©es.
Transactions dans le mÃªme pays dÃ©tectÃ©es.
Transactions dans le mÃªme pays dÃ©tectÃ©es.
Transactions dans le mÃªme pays dÃ©tectÃ©es.
Transactions dans le mÃªme pays dÃ©tectÃ©es.
Transactions dans le mÃªme pays dÃ©tectÃ©es.
Transactions dans le mÃªme pays dÃ©tectÃ©es.
Transactions dans le mÃªme pays dÃ©tectÃ©es.
Transactions dans le mÃªme pays dÃ©tectÃ©es.
Transactions dans le mÃªme pays dÃ©tectÃ©es.
Transactions dans le mÃªme pays dÃ©tectÃ©es.
Transactions dans le mÃªme pays dÃ©tectÃ©es.
Transactions dans le mÃªme pays dÃ©tectÃ©es.
Transactions dans le mÃªme pays dÃ©tectÃ©es.
Transactions dans le mÃªme pays dÃ©tectÃ©es.
Transactions dans le mÃªme pays dÃ©tectÃ©es.
Transactions dans le mÃªme pays dÃ©tectÃ©es.
Transactions dans le mÃªme pays dÃ©tectÃ©es.
Transactions dans le mÃªme pays dÃ©tectÃ©es.
Transactions dans le mÃªme pays dÃ©tectÃ©es.
Transactions dans le mÃªme pays dÃ©tectÃ©es.
Transactions dans le mÃªme pays dÃ©tectÃ©es.
Transactions dans le mÃªme pays dÃ©tectÃ©es.
Transactions dans le mÃªme pays dÃ©tectÃ©es.
Transactions dans le mÃªme pays dÃ©tectÃ©es.
Transactions dans le mÃªme pays dÃ©tectÃ©es.
Transactions dans le mÃªme pays dÃ©tectÃ©es.
Transactions dans le mÃªme pays dÃ©tectÃ©es.
Transactions dans le mÃªme pays dÃ©tectÃ©es.
Transactions dans le mÃªme pays dÃ©tectÃ©es.
Transactions dans le mÃªme pays dÃ©tectÃ©es.
Transactions dans le mÃªme pays dÃ©tectÃ©es.
Transactions dans le mÃªme pays dÃ©tectÃ©es.
Transactions dans le mÃªme pays dÃ©tectÃ©es.
Transactions dans le mÃªme pays dÃ©tectÃ©es.
Transactions dans le mÃªme pays dÃ©tectÃ©es.
Transactions dans le mÃªme pays dÃ©tectÃ©es.
Transactions dans le mÃªme pays dÃ©tectÃ©es.
Transactions dans le mÃªme pays dÃ©tectÃ©es.
Transactions dans le mÃªme pays dÃ©tectÃ©es.
Transactions dans le mÃªme pays dÃ©tectÃ©es.
Transactions dans le mÃªme pays dÃ©tectÃ©es.
Transactions dans le mÃªme pays dÃ©tectÃ©es.
Transactions dans le mÃªme pays dÃ©tectÃ©es.
Transactions dans le mÃªme pays dÃ©tectÃ©es.
Transactions dans le mÃªme pays dÃ©tectÃ©es.
Transactions dans le mÃªme pays dÃ©tectÃ©es.
Transactions dans le mÃªme pays dÃ©tectÃ©es.
Transactions dans le mÃªme pays dÃ©tectÃ©es.
Transactions dans le mÃªme pays dÃ©tectÃ©es.
Transactions dans le mÃªme pays dÃ©tectÃ©es.
Transactions dans le mÃªme pays dÃ©tectÃ©es.
Transactions dans le mÃªme pays dÃ©tectÃ©es.
Transactions dans le mÃªme pays dÃ©tectÃ©es.
Transactions dans le mÃªme pays dÃ©tectÃ©es.
Transactions dans le mÃªme pays dÃ©tectÃ©es.
Transactions dans le mÃªme pays dÃ©tectÃ©es.
Transactions dans le mÃªme pays dÃ©tectÃ©es.
Transactions dans le mÃªme pays dÃ©tectÃ©es.
Transactions dans le mÃªme pays dÃ©tectÃ©es.
Transactions dans le mÃªme pays dÃ©tectÃ©es.
Transactions dans le mÃªme pays dÃ©tectÃ©es.
Transactions dans le mÃªme pays dÃ©tectÃ©es.
Transactions dans le mÃªme pays dÃ©tectÃ©es.
Transactions dans le mÃªme pays dÃ©tectÃ©es.
Transactions dans le mÃªme pays dÃ©tectÃ©es.
Transactions dans le mÃªme pays dÃ©tectÃ©es.
Transactions dans le mÃªme pays dÃ©tectÃ©es.
Transactions dans le mÃªme pays dÃ©tectÃ©es.
Transactions dans le mÃªme pays dÃ©tectÃ©es.
Transactions dans le mÃªme pays dÃ©tectÃ©es.
Transactions dans le mÃªme pays dÃ©tectÃ©es.
Transactions dans le mÃªme pays dÃ©tectÃ©es.
Transactions dans le mÃªme pays dÃ©tectÃ©es.
Transactions dans le mÃªme pays dÃ©tectÃ©es.
Transactions dans le mÃªme pays dÃ©tectÃ©es.
Transactions dans le mÃªme pays dÃ©tectÃ©es.
Transactions dans le mÃªme pays dÃ©tectÃ©es.
Transactions dans le mÃªme pays dÃ©tectÃ©es.
Transactions dans le mÃªme pays dÃ©tectÃ©es.
Transactions dans le mÃªme pays dÃ©tectÃ©es.
Transactions dans le mÃªme pays dÃ©tectÃ©es.
Transactions dans le mÃªme pays dÃ©tectÃ©es.
Transactions dans le mÃªme pays dÃ©tectÃ©es.
Transactions dans le mÃªme pays dÃ©tectÃ©es.
Transactions dans le mÃªme pays dÃ©tectÃ©es.
Transactions dans le mÃªme pays dÃ©tectÃ©es.
Transactions dans le mÃªme pays dÃ©tectÃ©es.
Transactions dans le mÃªme pays dÃ©tectÃ©es.
Transactions dans le mÃªme pays dÃ©tectÃ©es.
Transactions dans le mÃªme pays dÃ©tectÃ©es.
Transactions dans le mÃªme pays dÃ©tectÃ©es.
Transactions dans le mÃªme pays dÃ©tectÃ©es.
Transactions dans le mÃªme pays dÃ©tectÃ©es.
Transactions dans le mÃªme pays dÃ©tectÃ©es.
Transactions dans le mÃªme pays dÃ©tectÃ©es.
Transactions dans le mÃªme pays dÃ©tectÃ©es.
Transactions dans le mÃªme pays dÃ©tectÃ©es.
Transactions dans le mÃªme pays dÃ©tectÃ©es.
Transactions dans le mÃªme pays dÃ©tectÃ©es.
Transactions dans le mÃªme pays dÃ©tectÃ©es.
Transactions dans le mÃªme pays dÃ©tectÃ©es.
Transactions dans le mÃªme pays dÃ©tectÃ©es.
Transactions dans le mÃªme pays dÃ©tectÃ©es.
Transactions dans le mÃªme pays dÃ©tectÃ©es.
Transactions dans le mÃªme pays dÃ©tectÃ©es.
Transactions dans le mÃªme pays dÃ©tectÃ©es.
Transactions dans le mÃªme pays dÃ©tectÃ©es.
Transactions dans le mÃªme pays dÃ©tectÃ©es.
Transactions dans le mÃªme pays dÃ©tectÃ©es.
Transactions dans le mÃªme pays dÃ©tectÃ©es.
Transactions dans le mÃªme pays dÃ©tectÃ©es.
Transactions dans le mÃªme pays dÃ©tectÃ©es.
Transactions dans le mÃªme pays dÃ©tectÃ©es.
Transactions dans le mÃªme pays dÃ©tectÃ©es.
Transactions dans le mÃªme pays dÃ©tectÃ©es.
Transactions dans le mÃªme pays dÃ©tectÃ©es.
Transactions dans le mÃªme pays dÃ©tectÃ©es.
Transactions dans le mÃªme pays dÃ©tectÃ©es.
Transactions dans le mÃªme pays dÃ©tectÃ©es.
Transactions dans le mÃªme pays dÃ©tectÃ©es.
Transactions dans le mÃªme pays dÃ©tectÃ©es.
Transactions dans le mÃªme pays dÃ©tectÃ©es.
Transactions dans le mÃªme pays dÃ©tectÃ©es.
Transactions dans le mÃªme pays dÃ©tectÃ©es.
Transactions dans le mÃªme pays dÃ©tectÃ©es.
Transactions dans le mÃªme pays dÃ©tectÃ©es.
Transactions dans le mÃªme pays dÃ©tectÃ©es.
Transactions dans le mÃªme pays dÃ©tectÃ©es.
Transactions dans le mÃªme pays dÃ©tectÃ©es.
Transactions dans le mÃªme pays dÃ©tectÃ©es.
Transactions dans le mÃªme pays dÃ©tectÃ©es.
Transactions dans le mÃªme pays dÃ©tectÃ©es.
Transactions dans le mÃªme pays dÃ©tectÃ©es.
Transactions dans le mÃªme pays dÃ©tectÃ©es.
Transactions dans le mÃªme pays dÃ©tectÃ©es.
Transactions dans le mÃªme pays dÃ©tectÃ©es.
Transactions dans le mÃªme pays dÃ©tectÃ©es.
Transactions dans le mÃªme pays dÃ©tectÃ©es.
Transactions dans le mÃªme pays dÃ©tectÃ©es.
Transactions dans le mÃªme pays dÃ©tectÃ©es.
Transactions dans le mÃªme pays dÃ©tectÃ©es.
Transactions dans le mÃªme pays dÃ©tectÃ©es.
Transactions dans le mÃªme pays dÃ©tectÃ©es.
Transactions dans le mÃªme pays dÃ©tectÃ©es.
Transactions dans le mÃªme pays dÃ©tectÃ©es.
Transactions dans le mÃªme pays dÃ©tectÃ©es.
Transactions dans le mÃªme pays dÃ©tectÃ©es.
Transactions dans le mÃªme pays dÃ©tectÃ©es.
Transactions dans le mÃªme pays dÃ©tectÃ©es.
Transactions dans le mÃªme pays dÃ©tectÃ©es.
Transactions dans le mÃªme pays dÃ©tectÃ©es.
Transactions dans le mÃªme pays dÃ©tectÃ©es.
Transactions dans le mÃªme pays dÃ©tectÃ©es.
Transactions dans le mÃªme pays dÃ©tectÃ©es.
Transactions dans le mÃªme pays dÃ©tectÃ©es.
Transactions dans le mÃªme pays dÃ©tectÃ©es.
Transactions dans le mÃªme pays dÃ©tectÃ©es.
Transactions dans le mÃªme pays dÃ©tectÃ©es.
Transactions dans le mÃªme pays dÃ©tectÃ©es.
Transactions dans le mÃªme pays dÃ©tectÃ©es.
Transactions dans le mÃªme pays dÃ©tectÃ©es.
Transactions dans le mÃªme pays dÃ©tectÃ©es.
Transactions dans le mÃªme pays dÃ©tectÃ©es.
Transactions dans le mÃªme pays dÃ©tectÃ©es.
Transactions dans le mÃªme pays dÃ©tectÃ©es.
Transactions dans le mÃªme pays dÃ©tectÃ©es.
Transactions dans le mÃªme pays dÃ©tectÃ©es.
Transactions dans le mÃªme pays dÃ©tectÃ©es.
Transactions dans le mÃªme pays dÃ©tectÃ©es.
Transactions dans le mÃªme pays dÃ©tectÃ©es.
Transactions dans le mÃªme pays dÃ©tectÃ©es.
Transactions dans le mÃªme pays dÃ©tectÃ©es.
Transactions dans le mÃªme pays dÃ©tectÃ©es.
Transactions dans le mÃªme pays dÃ©tectÃ©es.
Transactions dans le mÃªme pays dÃ©tectÃ©es.
Transactions dans le mÃªme pays dÃ©tectÃ©es.
Transactions dans le mÃªme pays dÃ©tectÃ©es.
Transactions dans le mÃªme pays dÃ©tectÃ©es.
Transactions dans le mÃªme pays dÃ©tectÃ©es.
Transactions dans le mÃªme pays dÃ©tectÃ©es.
Transactions dans le mÃªme pays dÃ©tectÃ©es.
Transactions dans le mÃªme pays dÃ©tectÃ©es.
Transactions dans le mÃªme pays dÃ©tectÃ©es.
Transactions dans le mÃªme pays dÃ©tectÃ©es.
Transactions dans le mÃªme pays dÃ©tectÃ©es.
Transactions dans le mÃªme pays dÃ©tectÃ©es.
Transactions dans le mÃªme pays dÃ©tectÃ©es.
Transactions dans le mÃªme pays dÃ©tectÃ©es.
Transactions dans le mÃªme pays dÃ©tectÃ©es.
Transactions dans le mÃªme pays dÃ©tectÃ©es.
Transactions dans le mÃªme pays dÃ©tectÃ©es.
Transactions dans le mÃªme pays dÃ©tectÃ©es.
Transactions dans le mÃªme pays dÃ©tectÃ©es.
Transactions dans le mÃªme pays dÃ©tectÃ©es.
Transactions dans le mÃªme pays dÃ©tectÃ©es.
Transactions dans le mÃªme pays dÃ©tectÃ©es.
Transactions dans le mÃªme pays dÃ©tectÃ©es.
Transactions dans le mÃªme pays dÃ©tectÃ©es.
Transactions dans le mÃªme pays dÃ©tectÃ©es.
Transactions dans le mÃªme pays dÃ©tectÃ©es.
Transactions dans le mÃªme pays dÃ©tectÃ©es.
Transactions dans le mÃªme pays dÃ©tectÃ©es.
Transactions dans le mÃªme pays dÃ©tectÃ©es.
Transactions dans le mÃªme pays dÃ©tectÃ©es.
Transactions dans le mÃªme pays dÃ©tectÃ©es.
Transactions dans le mÃªme pays dÃ©tectÃ©es.
Transactions dans le mÃªme pays dÃ©tectÃ©es.
Transactions dans le mÃªme pays dÃ©tectÃ©es.
Transactions dans le mÃªme pays dÃ©tectÃ©es.
Transactions dans le mÃªme pays dÃ©tectÃ©es.
Transactions dans le mÃªme pays dÃ©tectÃ©es.
Transactions dans le mÃªme pays dÃ©tectÃ©es.
Transactions dans le mÃªme pays dÃ©tectÃ©es.
Transactions dans le mÃªme pays dÃ©tectÃ©es.
Transactions dans le mÃªme pays dÃ©tectÃ©es.
Transactions dans le mÃªme pays dÃ©tectÃ©es.
Transactions dans le mÃªme pays dÃ©tectÃ©es.
Transactions dans le mÃªme pays dÃ©tectÃ©es.
Transactions dans le mÃªme pays dÃ©tectÃ©es.
Transactions dans le mÃªme pays dÃ©tectÃ©es.
Transactions dans le mÃªme pays dÃ©tectÃ©es.
Transactions dans le mÃªme pays dÃ©tectÃ©es.
Transactions dans le mÃªme pays dÃ©tectÃ©es.
Transactions dans le mÃªme pays dÃ©tectÃ©es.
Transactions dans le mÃªme pays dÃ©tectÃ©es.
Transactions dans le mÃªme pays dÃ©tectÃ©es.
Transactions dans le mÃªme pays dÃ©tectÃ©es.
Transactions dans le mÃªme pays dÃ©tectÃ©es.
Transactions dans le mÃªme pays dÃ©tectÃ©es.
Transactions dans le mÃªme pays dÃ©tectÃ©es.
Transactions dans le mÃªme pays dÃ©tectÃ©es.
Transactions dans le mÃªme pays dÃ©tectÃ©es.
Transactions dans le mÃªme pays dÃ©tectÃ©es.
Transactions dans le mÃªme pays dÃ©tectÃ©es.
Transactions dans le mÃªme pays dÃ©tectÃ©es.
Transactions dans le mÃªme pays dÃ©tectÃ©es.
Transactions dans le mÃªme pays dÃ©tectÃ©es.
Transactions dans le mÃªme pays dÃ©tectÃ©es.
Transactions dans le mÃªme pays dÃ©tectÃ©es.
Transactions dans le mÃªme pays dÃ©tectÃ©es.
Transactions dans le mÃªme pays dÃ©tectÃ©es.
Transactions dans le mÃªme pays dÃ©tectÃ©es.
Transactions dans le mÃªme pays dÃ©tectÃ©es.
Transactions dans le mÃªme pays dÃ©tectÃ©es.
Transactions dans le mÃªme pays dÃ©tectÃ©es.
Transactions dans le mÃªme pays dÃ©tectÃ©es.
Transactions dans le mÃªme pays dÃ©tectÃ©es.
Transactions dans le mÃªme pays dÃ©tectÃ©es.
Transactions dans le mÃªme pays dÃ©tectÃ©es.
Transactions dans le mÃªme pays dÃ©tectÃ©es.
Transactions dans le mÃªme pays dÃ©tectÃ©es.
Transactions dans le mÃªme pays dÃ©tectÃ©es.
Transactions dans le mÃªme pays dÃ©tectÃ©es.
Transactions dans le mÃªme pays dÃ©tectÃ©es.
Transactions dans le mÃªme pays dÃ©tectÃ©es.
Transactions dans le mÃªme pays dÃ©tectÃ©es.
Transactions dans le mÃªme pays dÃ©tectÃ©es.
Transactions dans le mÃªme pays dÃ©tectÃ©es.
Transactions dans le mÃªme pays dÃ©tectÃ©es.
Transactions dans le mÃªme pays dÃ©tectÃ©es.
Transactions dans le mÃªme pays dÃ©tectÃ©es.
Transactions dans le mÃªme pays dÃ©tectÃ©es.
Transactions dans le mÃªme pays dÃ©tectÃ©es.
Transactions dans le mÃªme pays dÃ©tectÃ©es.
Transactions dans le mÃªme pays dÃ©tectÃ©es.
Transactions dans le mÃªme pays dÃ©tectÃ©es.
Transactions dans le mÃªme pays dÃ©tectÃ©es.
Transactions dans le mÃªme pays dÃ©tectÃ©es.
Transactions dans le mÃªme pays dÃ©tectÃ©es.
Transactions dans le mÃªme pays dÃ©tectÃ©es.
Transactions dans le mÃªme pays dÃ©tectÃ©es.
Transactions dans le mÃªme pays dÃ©tectÃ©es.
Transactions dans le mÃªme pays dÃ©tectÃ©es.
Transactions dans le mÃªme pays dÃ©tectÃ©es.
Transactions dans le mÃªme pays dÃ©tectÃ©es.
Transactions dans le mÃªme pays dÃ©tectÃ©es.
Transactions dans le mÃªme pays dÃ©tectÃ©es.
Transactions dans le mÃªme pays dÃ©tectÃ©es.
Transactions dans le mÃªme pays dÃ©tectÃ©es.
Transactions dans le mÃªme pays dÃ©tectÃ©es.
Transactions dans le mÃªme pays dÃ©tectÃ©es.
Transactions dans le mÃªme pays dÃ©tectÃ©es.
Transactions dans le mÃªme pays dÃ©tectÃ©es.
Transactions dans le mÃªme pays dÃ©tectÃ©es.
Transactions dans le mÃªme pays dÃ©tectÃ©es.
Transactions dans le mÃªme pays dÃ©tectÃ©es.
Transactions dans le mÃªme pays dÃ©tectÃ©es.
Transactions dans le mÃªme pays dÃ©tectÃ©es.
Transactions dans le mÃªme pays dÃ©tectÃ©es.
Transactions dans le mÃªme pays dÃ©tectÃ©es.
Transactions dans le mÃªme pays dÃ©tectÃ©es.
Transactions dans le mÃªme pays dÃ©tectÃ©es.
Transactions dans le mÃªme pays dÃ©tectÃ©es.
Transactions dans le mÃªme pays dÃ©tectÃ©es.
Transactions dans le mÃªme pays dÃ©tectÃ©es.
Transactions dans le mÃªme pays dÃ©tectÃ©es.
Transactions dans le mÃªme pays dÃ©tectÃ©es.
Transactions dans le mÃªme pays dÃ©tectÃ©es.
Transactions dans le mÃªme pays dÃ©tectÃ©es.
Transactions dans le mÃªme pays dÃ©tectÃ©es.
Transactions dans le mÃªme pays dÃ©tectÃ©es.
Transactions dans le mÃªme pays dÃ©tectÃ©es.
Transactions dans le mÃªme pays dÃ©tectÃ©es.
Transactions dans le mÃªme pays dÃ©tectÃ©es.
Transactions dans le mÃªme pays dÃ©tectÃ©es.
Transactions dans le mÃªme pays dÃ©tectÃ©es.
Transactions dans le mÃªme pays dÃ©tectÃ©es.
Transactions dans le mÃªme pays dÃ©tectÃ©es.
Transactions dans le mÃªme pays dÃ©tectÃ©es.
Transactions dans le mÃªme pays dÃ©tectÃ©es.
Transactions dans le mÃªme pays dÃ©tectÃ©es.
Transactions dans le mÃªme pays dÃ©tectÃ©es.
Transactions dans le mÃªme pays dÃ©tectÃ©es.
Transactions dans le mÃªme pays dÃ©tectÃ©es.
Transactions dans le mÃªme pays dÃ©tectÃ©es.
Transactions dans le mÃªme pays dÃ©tectÃ©es.
Transactions dans le mÃªme pays dÃ©tectÃ©es.
Transactions dans le mÃªme pays dÃ©tectÃ©es.
Transactions dans le mÃªme pays dÃ©tectÃ©es.
Transactions dans le mÃªme pays dÃ©tectÃ©es.
Transactions dans le mÃªme pays dÃ©tectÃ©es.
Transactions dans le mÃªme pays dÃ©tectÃ©es.
Transactions dans le mÃªme pays dÃ©tectÃ©es.
Transactions dans le mÃªme pays dÃ©tectÃ©es.
Transactions dans le mÃªme pays dÃ©tectÃ©es.
Transactions dans le mÃªme pays dÃ©tectÃ©es.
Transactions dans le mÃªme pays dÃ©tectÃ©es.
Transactions dans le mÃªme pays dÃ©tectÃ©es.
Transactions dans le mÃªme pays dÃ©tectÃ©es.
Transactions dans le mÃªme pays dÃ©tectÃ©es.
Transactions dans le mÃªme pays dÃ©tectÃ©es.
Transactions dans le mÃªme pays dÃ©tectÃ©es.
Transactions dans le mÃªme pays dÃ©tectÃ©es.
Transactions dans le mÃªme pays dÃ©tectÃ©es.
Transactions dans le mÃªme pays dÃ©tectÃ©es.
Transactions dans le mÃªme pays dÃ©tectÃ©es.
Transactions dans le mÃªme pays dÃ©tectÃ©es.
Transactions dans le mÃªme pays dÃ©tectÃ©es.
Transactions dans le mÃªme pays dÃ©tectÃ©es.
Transactions dans le mÃªme pays dÃ©tectÃ©es.
Transactions dans le mÃªme pays dÃ©tectÃ©es.
Transactions dans le mÃªme pays dÃ©tectÃ©es.
Transactions dans le mÃªme pays dÃ©tectÃ©es.
Transactions dans le mÃªme pays dÃ©tectÃ©es.
Transactions dans le mÃªme pays dÃ©tectÃ©es.
Transactions dans le mÃªme pays dÃ©tectÃ©es.
Transactions dans le mÃªme pays dÃ©tectÃ©es.
Transactions dans le mÃªme pays dÃ©tectÃ©es.
Transactions dans le mÃªme pays dÃ©tectÃ©es.
Transactions dans le mÃªme pays dÃ©tectÃ©es.
Transactions dans le mÃªme pays dÃ©tectÃ©es.
Transactions dans le mÃªme pays dÃ©tectÃ©es.
Transactions dans le mÃªme pays dÃ©tectÃ©es.
Transactions dans le mÃªme pays dÃ©tectÃ©es.
Transactions dans le mÃªme pays dÃ©tectÃ©es.
Transactions dans le mÃªme pays dÃ©tectÃ©es.
Transactions dans le mÃªme pays dÃ©tectÃ©es.
Transactions dans le mÃªme pays dÃ©tectÃ©es.
Transactions dans le mÃªme pays dÃ©tectÃ©es.
Transactions dans le mÃªme pays dÃ©tectÃ©es.
Transactions dans le mÃªme pays dÃ©tectÃ©es.
Transactions dans le mÃªme pays dÃ©tectÃ©es.
Transactions dans le mÃªme pays dÃ©tectÃ©es.
Transactions dans le mÃªme pays dÃ©tectÃ©es.
Transactions dans le mÃªme pays dÃ©tectÃ©es.
Transactions dans le mÃªme pays dÃ©tectÃ©es.
Transactions dans le mÃªme pays dÃ©tectÃ©es.
Transactions dans le mÃªme pays dÃ©tectÃ©es.
Transactions dans le mÃªme pays dÃ©tectÃ©es.
Transactions dans le mÃªme pays dÃ©tectÃ©es.
Transactions dans le mÃªme pays dÃ©tectÃ©es.
Transactions dans le mÃªme pays dÃ©tectÃ©es.
Transactions dans le mÃªme pays dÃ©tectÃ©es.
Transactions dans le mÃªme pays dÃ©tectÃ©es.
Transactions dans le mÃªme pays dÃ©tectÃ©es.
Transactions dans le mÃªme pays dÃ©tectÃ©es.
Transactions dans le mÃªme pays dÃ©tectÃ©es.
Transactions dans le mÃªme pays dÃ©tectÃ©es.
Transactions dans le mÃªme pays dÃ©tectÃ©es.
Transactions dans le mÃªme pays dÃ©tectÃ©es.
Transactions dans le mÃªme pays dÃ©tectÃ©es.
Transactions dans le mÃªme pays dÃ©tectÃ©es.
Transactions dans le mÃªme pays dÃ©tectÃ©es.
Transactions dans le mÃªme pays dÃ©tectÃ©es.
Transactions dans le mÃªme pays dÃ©tectÃ©es.
Transactions dans le mÃªme pays dÃ©tectÃ©es.
Transactions dans le mÃªme pays dÃ©tectÃ©es.
Transactions dans le mÃªme pays dÃ©tectÃ©es.
Transactions dans le mÃªme pays dÃ©tectÃ©es.
Transactions dans le mÃªme pays dÃ©tectÃ©es.
Transactions dans le mÃªme pays dÃ©tectÃ©es.
Transactions dans le mÃªme pays dÃ©tectÃ©es.
Transactions dans le mÃªme pays dÃ©tectÃ©es.
Transactions dans le mÃªme pays dÃ©tectÃ©es.
Transactions dans le mÃªme pays dÃ©tectÃ©es.
Transactions dans le mÃªme pays dÃ©tectÃ©es.
Transactions dans le mÃªme pays dÃ©tectÃ©es.
Transactions dans le mÃªme pays dÃ©tectÃ©es.
Transactions dans le mÃªme pays dÃ©tectÃ©es.
Transactions dans le mÃªme pays dÃ©tectÃ©es.
Transactions dans le mÃªme pays dÃ©tectÃ©es.
Transactions dans le mÃªme pays dÃ©tectÃ©es.
Transactions dans le mÃªme pays dÃ©tectÃ©es.
Transactions dans le mÃªme pays dÃ©tectÃ©es.
Transactions dans le mÃªme pays dÃ©tectÃ©es.
Transactions dans le mÃªme pays dÃ©tectÃ©es.
Transactions dans le mÃªme pays dÃ©tectÃ©es.
Transactions dans le mÃªme pays dÃ©tectÃ©es.
Transactions dans le mÃªme pays dÃ©tectÃ©es.
Transactions dans le mÃªme pays dÃ©tectÃ©es.
Transactions dans le mÃªme pays dÃ©tectÃ©es.
Transactions dans le mÃªme pays dÃ©tectÃ©es.
Transactions dans le mÃªme pays dÃ©tectÃ©es.
Transactions dans le mÃªme pays dÃ©tectÃ©es.
Transactions dans le mÃªme pays dÃ©tectÃ©es.
Transactions dans le mÃªme pays dÃ©tectÃ©es.
Transactions dans le mÃªme pays dÃ©tectÃ©es.
Transactions dans le mÃªme pays dÃ©tectÃ©es.
Transactions dans le mÃªme pays dÃ©tectÃ©es.
Transactions dans le mÃªme pays dÃ©tectÃ©es.
Transactions dans le mÃªme pays dÃ©tectÃ©es.
Transactions dans le mÃªme pays dÃ©tectÃ©es.
Transactions dans le mÃªme pays dÃ©tectÃ©es.
Transactions dans le mÃªme pays dÃ©tectÃ©es.
Transactions dans le mÃªme pays dÃ©tectÃ©es.
Transactions dans le mÃªme pays dÃ©tectÃ©es.
Transactions dans le mÃªme pays dÃ©tectÃ©es.
Transactions dans le mÃªme pays dÃ©tectÃ©es.
Transactions dans le mÃªme pays dÃ©tectÃ©es.
Transactions dans le mÃªme pays dÃ©tectÃ©es.
Transactions dans le mÃªme pays dÃ©tectÃ©es.
Transactions dans le mÃªme pays dÃ©tectÃ©es.
Transactions dans le mÃªme pays dÃ©tectÃ©es.
Transactions dans le mÃªme pays dÃ©tectÃ©es.
Transactions dans le mÃªme pays dÃ©tectÃ©es.
Transactions dans le mÃªme pays dÃ©tectÃ©es.
Transactions dans le mÃªme pays dÃ©tectÃ©es.
Transactions dans le mÃªme pays dÃ©tectÃ©es.
Transactions dans le mÃªme pays dÃ©tectÃ©es.
Transactions dans le mÃªme pays dÃ©tectÃ©es.
Transactions dans le mÃªme pays dÃ©tectÃ©es.
Transactions dans le mÃªme pays dÃ©tectÃ©es.
Transactions dans le mÃªme pays dÃ©tectÃ©es.
Transactions dans le mÃªme pays dÃ©tectÃ©es.
Transactions dans le mÃªme pays dÃ©tectÃ©es.
Transactions dans le mÃªme pays dÃ©tectÃ©es.
Transactions dans le mÃªme pays dÃ©tectÃ©es.
Transactions dans le mÃªme pays dÃ©tectÃ©es.
Transactions dans le mÃªme pays dÃ©tectÃ©es.
Transactions dans le mÃªme pays dÃ©tectÃ©es.
Transactions dans le mÃªme pays dÃ©tectÃ©es.
Transactions dans le mÃªme pays dÃ©tectÃ©es.
Transactions dans le mÃªme pays dÃ©tectÃ©es.
Transactions dans le mÃªme pays dÃ©tectÃ©es.
Transactions dans le mÃªme pays dÃ©tectÃ©es.
Transactions dans le mÃªme pays dÃ©tectÃ©es.
Transactions dans le mÃªme pays dÃ©tectÃ©es.
Transactions dans le mÃªme pays dÃ©tectÃ©es.
Transactions dans le mÃªme pays dÃ©tectÃ©es.
Transactions dans le mÃªme pays dÃ©tectÃ©es.
Transactions dans le mÃªme pays dÃ©tectÃ©es.
Transactions dans le mÃªme pays dÃ©tectÃ©es.
Transactions dans le mÃªme pays dÃ©tectÃ©es.
Transactions dans le mÃªme pays dÃ©tectÃ©es.
Transactions dans le mÃªme pays dÃ©tectÃ©es.
Transactions dans le mÃªme pays dÃ©tectÃ©es.
Transactions dans le mÃªme pays dÃ©tectÃ©es.
Transactions dans le mÃªme pays dÃ©tectÃ©es.
Transactions dans le mÃªme pays dÃ©tectÃ©es.
Transactions dans le mÃªme pays dÃ©tectÃ©es.
Transactions dans le mÃªme pays dÃ©tectÃ©es.
Transactions dans le mÃªme pays dÃ©tectÃ©es.
Transactions dans le mÃªme pays dÃ©tectÃ©es.
Transactions dans le mÃªme pays dÃ©tectÃ©es.
Transactions dans le mÃªme pays dÃ©tectÃ©es.
Transactions dans le mÃªme pays dÃ©tectÃ©es.
Transactions dans le mÃªme pays dÃ©tectÃ©es.
Transactions dans le mÃªme pays dÃ©tectÃ©es.
Transactions dans le mÃªme pays dÃ©tectÃ©es.
Transactions dans le mÃªme pays dÃ©tectÃ©es.
Transactions dans le mÃªme pays dÃ©tectÃ©es.
Transactions dans le mÃªme pays dÃ©tectÃ©es.
Transactions dans le mÃªme pays dÃ©tectÃ©es.
Transactions dans le mÃªme pays dÃ©tectÃ©es.
Transactions dans le mÃªme pays dÃ©tectÃ©es.
Transactions dans le mÃªme pays dÃ©tectÃ©es.
Transactions dans le mÃªme pays dÃ©tectÃ©es.
Transactions dans le mÃªme pays dÃ©tectÃ©es.
Transactions dans le mÃªme pays dÃ©tectÃ©es.
Transactions dans le mÃªme pays dÃ©tectÃ©es.
Transactions dans le mÃªme pays dÃ©tectÃ©es.
Transactions dans le mÃªme pays dÃ©tectÃ©es.
Transactions dans le mÃªme pays dÃ©tectÃ©es.
Transactions dans le mÃªme pays dÃ©tectÃ©es.
Transactions dans le mÃªme pays dÃ©tectÃ©es.
Transactions dans le mÃªme pays dÃ©tectÃ©es.
Transactions dans le mÃªme pays dÃ©tectÃ©es.
Transactions dans le mÃªme pays dÃ©tectÃ©es.
Transactions dans le mÃªme pays dÃ©tectÃ©es.
Transactions dans le mÃªme pays dÃ©tectÃ©es.
Transactions dans le mÃªme pays dÃ©tectÃ©es.
Transactions dans le mÃªme pays dÃ©tectÃ©es.
Transactions dans le mÃªme pays dÃ©tectÃ©es.
Transactions dans le mÃªme pays dÃ©tectÃ©es.
Transactions dans le mÃªme pays dÃ©tectÃ©es.
Transactions dans le mÃªme pays dÃ©tectÃ©es.
Transactions dans le mÃªme pays dÃ©tectÃ©es.
Transactions dans le mÃªme pays dÃ©tectÃ©es.
Transactions dans le mÃªme pays dÃ©tectÃ©es.
Transactions dans le mÃªme pays dÃ©tectÃ©es.
Transactions dans le mÃªme pays dÃ©tectÃ©es.
Transactions dans le mÃªme pays dÃ©tectÃ©es.
Transactions dans le mÃªme pays dÃ©tectÃ©es.
Transactions dans le mÃªme pays dÃ©tectÃ©es.
Transactions dans le mÃªme pays dÃ©tectÃ©es.
Transactions dans le mÃªme pays dÃ©tectÃ©es.
Transactions dans le mÃªme pays dÃ©tectÃ©es.
Transactions dans le mÃªme pays dÃ©tectÃ©es.
Transactions dans le mÃªme pays dÃ©tectÃ©es.
Transactions dans le mÃªme pays dÃ©tectÃ©es.
Transactions dans le mÃªme pays dÃ©tectÃ©es.
Transactions dans le mÃªme pays dÃ©tectÃ©es.
Transactions dans le mÃªme pays dÃ©tectÃ©es.
Transactions dans le mÃªme pays dÃ©tectÃ©es.
Transactions dans le mÃªme pays dÃ©tectÃ©es.
Transactions dans le mÃªme pays dÃ©tectÃ©es.
Transactions dans le mÃªme pays dÃ©tectÃ©es.
Transactions dans le mÃªme pays dÃ©tectÃ©es.
Transactions dans le mÃªme pays dÃ©tectÃ©es.
Transactions dans le mÃªme pays dÃ©tectÃ©es.
Transactions dans le mÃªme pays dÃ©tectÃ©es.
Transactions dans le mÃªme pays dÃ©tectÃ©es.
Transactions dans le mÃªme pays dÃ©tectÃ©es.
Transactions dans le mÃªme pays dÃ©tectÃ©es.
Transactions dans le mÃªme pays dÃ©tectÃ©es.
Transactions dans le mÃªme pays dÃ©tectÃ©es.
Transactions dans le mÃªme pays dÃ©tectÃ©es.
Transactions dans le mÃªme pays dÃ©tectÃ©es.
Transactions dans le mÃªme pays dÃ©tectÃ©es.
Transactions dans le mÃªme pays dÃ©tectÃ©es.
Transactions dans le mÃªme pays dÃ©tectÃ©es.
Transactions dans le mÃªme pays dÃ©tectÃ©es.
Transactions dans le mÃªme pays dÃ©tectÃ©es.
Transactions dans le mÃªme pays dÃ©tectÃ©es.
Transactions dans le mÃªme pays dÃ©tectÃ©es.
Transactions dans le mÃªme pays dÃ©tectÃ©es.
Transactions dans le mÃªme pays dÃ©tectÃ©es.
Transactions dans le mÃªme pays dÃ©tectÃ©es.
Transactions dans le mÃªme pays dÃ©tectÃ©es.
Transactions dans le mÃªme pays dÃ©tectÃ©es.
Transactions dans le mÃªme pays dÃ©tectÃ©es.
Transactions dans le mÃªme pays dÃ©tectÃ©es.
Transactions dans le mÃªme pays dÃ©tectÃ©es.
Transactions dans le mÃªme pays dÃ©tectÃ©es.
Transactions dans le mÃªme pays dÃ©tectÃ©es.
Transactions dans le mÃªme pays dÃ©tectÃ©es.
Transactions dans le mÃªme pays dÃ©tectÃ©es.
Transactions dans le mÃªme pays dÃ©tectÃ©es.
Transactions dans le mÃªme pays dÃ©tectÃ©es.
Transactions dans le mÃªme pays dÃ©tectÃ©es.
Transactions dans le mÃªme pays dÃ©tectÃ©es.
Transactions dans le mÃªme pays dÃ©tectÃ©es.
Transactions dans le mÃªme pays dÃ©tectÃ©es.
Transactions dans le mÃªme pays dÃ©tectÃ©es.
Transactions dans le mÃªme pays dÃ©tectÃ©es.
Transactions dans le mÃªme pays dÃ©tectÃ©es.
Transactions dans le mÃªme pays dÃ©tectÃ©es.
Transactions dans le mÃªme pays dÃ©tectÃ©es.
Transactions dans le mÃªme pays dÃ©tectÃ©es.
Transactions dans le mÃªme pays dÃ©tectÃ©es.
Transactions dans le mÃªme pays dÃ©tectÃ©es.
Transactions dans le mÃªme pays dÃ©tectÃ©es.
Transactions dans le mÃªme pays dÃ©tectÃ©es.
Transactions dans le mÃªme pays dÃ©tectÃ©es.
Transactions dans le mÃªme pays dÃ©tectÃ©es.
Transactions dans le mÃªme pays dÃ©tectÃ©es.
Transactions dans le mÃªme pays dÃ©tectÃ©es.
Transactions dans le mÃªme pays dÃ©tectÃ©es.
Transactions dans le mÃªme pays dÃ©tectÃ©es.
Transactions dans le mÃªme pays dÃ©tectÃ©es.
Transactions dans le mÃªme pays dÃ©tectÃ©es.
Transactions dans le mÃªme pays dÃ©tectÃ©es.
Transactions dans le mÃªme pays dÃ©tectÃ©es.
Transactions dans le mÃªme pays dÃ©tectÃ©es.
Transactions dans le mÃªme pays dÃ©tectÃ©es.
Transactions dans le mÃªme pays dÃ©tectÃ©es.
Transactions dans le mÃªme pays dÃ©tectÃ©es.
Transactions dans le mÃªme pays dÃ©tectÃ©es.
Transactions dans le mÃªme pays dÃ©tectÃ©es.
Transactions dans le mÃªme pays dÃ©tectÃ©es.
Transactions dans le mÃªme pays dÃ©tectÃ©es.
Transactions dans le mÃªme pays dÃ©tectÃ©es.
Transactions dans le mÃªme pays dÃ©tectÃ©es.
Transactions dans le mÃªme pays dÃ©tectÃ©es.
Transactions dans le mÃªme pays dÃ©tectÃ©es.
Transactions dans le mÃªme pays dÃ©tectÃ©es.
Transactions dans le mÃªme pays dÃ©tectÃ©es.
Transactions dans le mÃªme pays dÃ©tectÃ©es.
Transactions dans le mÃªme pays dÃ©tectÃ©es.
Transactions dans le mÃªme pays dÃ©tectÃ©es.
Transactions dans le mÃªme pays dÃ©tectÃ©es.
Transactions dans le mÃªme pays dÃ©tectÃ©es.
Transactions dans le mÃªme pays dÃ©tectÃ©es.
Transactions dans le mÃªme pays dÃ©tectÃ©es.
Transactions dans le mÃªme pays dÃ©tectÃ©es.
Transactions dans le mÃªme pays dÃ©tectÃ©es.
Transactions dans le mÃªme pays dÃ©tectÃ©es.
Transactions dans le mÃªme pays dÃ©tectÃ©es.
Transactions dans le mÃªme pays dÃ©tectÃ©es.
Transactions dans le mÃªme pays dÃ©tectÃ©es.
Transactions dans le mÃªme pays dÃ©tectÃ©es.
Transactions dans le mÃªme pays dÃ©tectÃ©es.
Transactions dans le mÃªme pays dÃ©tectÃ©es.
Transactions dans le mÃªme pays dÃ©tectÃ©es.
Transactions dans le mÃªme pays dÃ©tectÃ©es.
Transactions dans le mÃªme pays dÃ©tectÃ©es.
Transactions dans le mÃªme pays dÃ©tectÃ©es.
Transactions dans le mÃªme pays dÃ©tectÃ©es.
Transactions dans le mÃªme pays dÃ©tectÃ©es.
Transactions dans le mÃªme pays dÃ©tectÃ©es.
Transactions dans le mÃªme pays dÃ©tectÃ©es.
Transactions dans le mÃªme pays dÃ©tectÃ©es.
Transactions dans le mÃªme pays dÃ©tectÃ©es.
Transactions dans le mÃªme pays dÃ©tectÃ©es.
Transactions dans le mÃªme pays dÃ©tectÃ©es.
Transactions dans le mÃªme pays dÃ©tectÃ©es.
Transactions dans le mÃªme pays dÃ©tectÃ©es.
Transactions dans le mÃªme pays dÃ©tectÃ©es.
Transactions dans le mÃªme pays dÃ©tectÃ©es.
Transactions dans le mÃªme pays dÃ©tectÃ©es.
Transactions dans le mÃªme pays dÃ©tectÃ©es.
Transactions dans le mÃªme pays dÃ©tectÃ©es.
Transactions dans le mÃªme pays dÃ©tectÃ©es.
Transactions dans le mÃªme pays dÃ©tectÃ©es.
Transactions dans le mÃªme pays dÃ©tectÃ©es.
Transactions dans le mÃªme pays dÃ©tectÃ©es.
Transactions dans le mÃªme pays dÃ©tectÃ©es.
Transactions dans le mÃªme pays dÃ©tectÃ©es.
Transactions dans le mÃªme pays dÃ©tectÃ©es.
Transactions dans le mÃªme pays dÃ©tectÃ©es.
Transactions dans le mÃªme pays dÃ©tectÃ©es.
Transactions dans le mÃªme pays dÃ©tectÃ©es.
Transactions dans le mÃªme pays dÃ©tectÃ©es.
Transactions dans le mÃªme pays dÃ©tectÃ©es.
Transactions dans le mÃªme pays dÃ©tectÃ©es.
Transactions dans le mÃªme pays dÃ©tectÃ©es.
Transactions dans le mÃªme pays dÃ©tectÃ©es.
Transactions dans le mÃªme pays dÃ©tectÃ©es.
Transactions dans le mÃªme pays dÃ©tectÃ©es.
Transactions dans le mÃªme pays dÃ©tectÃ©es.
Transactions dans le mÃªme pays dÃ©tectÃ©es.
Transactions dans le mÃªme pays dÃ©tectÃ©es.
Transactions dans le mÃªme pays dÃ©tectÃ©es.
Transactions dans le mÃªme pays dÃ©tectÃ©es.
Transactions dans le mÃªme pays dÃ©tectÃ©es.
Transactions dans le mÃªme pays dÃ©tectÃ©es.
Transactions dans le mÃªme pays dÃ©tectÃ©es.
Transactions dans le mÃªme pays dÃ©tectÃ©es.
Transactions dans le mÃªme pays dÃ©tectÃ©es.
Transactions dans le mÃªme pays dÃ©tectÃ©es.
Transactions dans le mÃªme pays dÃ©tectÃ©es.
Transactions dans le mÃªme pays dÃ©tectÃ©es.
Transactions dans le mÃªme pays dÃ©tectÃ©es.
Transactions dans le mÃªme pays dÃ©tectÃ©es.
Transactions dans le mÃªme pays dÃ©tectÃ©es.
Transactions dans le mÃªme pays dÃ©tectÃ©es.
Transactions dans le mÃªme pays dÃ©tectÃ©es.
Transactions dans le mÃªme pays dÃ©tectÃ©es.
Transactions dans le mÃªme pays dÃ©tectÃ©es.
Transactions dans le mÃªme pays dÃ©tectÃ©es.
Transactions dans le mÃªme pays dÃ©tectÃ©es.
Transactions dans le mÃªme pays dÃ©tectÃ©es.
Transactions dans le mÃªme pays dÃ©tectÃ©es.
Transactions dans le mÃªme pays dÃ©tectÃ©es.
Transactions dans le mÃªme pays dÃ©tectÃ©es.
Transactions dans le mÃªme pays dÃ©tectÃ©es.
Transactions dans le mÃªme pays dÃ©tectÃ©es.
Transactions dans le mÃªme pays dÃ©tectÃ©es.
Transactions dans le mÃªme pays dÃ©tectÃ©es.
Transactions dans le mÃªme pays dÃ©tectÃ©es.
Transactions dans le mÃªme pays dÃ©tectÃ©es.
Transactions dans le mÃªme pays dÃ©tectÃ©es.
Transactions dans le mÃªme pays dÃ©tectÃ©es.
Transactions dans le mÃªme pays dÃ©tectÃ©es.
Transactions dans le mÃªme pays dÃ©tectÃ©es.
Transactions dans le mÃªme pays dÃ©tectÃ©es.
Transactions dans le mÃªme pays dÃ©tectÃ©es.
Transactions dans le mÃªme pays dÃ©tectÃ©es.
Transactions dans le mÃªme pays dÃ©tectÃ©es.
Transactions dans le mÃªme pays dÃ©tectÃ©es.
Transactions dans le mÃªme pays dÃ©tectÃ©es.
Transactions dans le mÃªme pays dÃ©tectÃ©es.
Transactions dans le mÃªme pays dÃ©tectÃ©es.
Transactions dans le mÃªme pays dÃ©tectÃ©es.
Transactions dans le mÃªme pays dÃ©tectÃ©es.
Transactions dans le mÃªme pays dÃ©tectÃ©es.
Transactions dans le mÃªme pays dÃ©tectÃ©es.
Transactions dans le mÃªme pays dÃ©tectÃ©es.
Transactions dans le mÃªme pays dÃ©tectÃ©es.
Transactions dans le mÃªme pays dÃ©tectÃ©es.
Transactions dans le mÃªme pays dÃ©tectÃ©es.
Transactions dans le mÃªme pays dÃ©tectÃ©es.
Transactions dans le mÃªme pays dÃ©tectÃ©es.
Transactions dans le mÃªme pays dÃ©tectÃ©es.
Transactions dans le mÃªme pays dÃ©tectÃ©es.
Transactions dans le mÃªme pays dÃ©tectÃ©es.
Transactions dans le mÃªme pays dÃ©tectÃ©es.
Transactions dans le mÃªme pays dÃ©tectÃ©es.
Transactions dans le mÃªme pays dÃ©tectÃ©es.
Transactions dans le mÃªme pays dÃ©tectÃ©es.
Transactions dans le mÃªme pays dÃ©tectÃ©es.
Transactions dans le mÃªme pays dÃ©tectÃ©es.
Transactions dans le mÃªme pays dÃ©tectÃ©es.
Transactions dans le mÃªme pays dÃ©tectÃ©es.
Transactions dans le mÃªme pays dÃ©tectÃ©es.
Transactions dans le mÃªme pays dÃ©tectÃ©es.
Transactions dans le mÃªme pays dÃ©tectÃ©es.
Transactions dans le mÃªme pays dÃ©tectÃ©es.
Transactions dans le mÃªme pays dÃ©tectÃ©es.
Transactions dans le mÃªme pays dÃ©tectÃ©es.
Transactions dans le mÃªme pays dÃ©tectÃ©es.
Transactions dans le mÃªme pays dÃ©tectÃ©es.
Transactions dans le mÃªme pays dÃ©tectÃ©es.
Transactions dans le mÃªme pays dÃ©tectÃ©es.
Transactions dans le mÃªme pays dÃ©tectÃ©es.
Transactions dans le mÃªme pays dÃ©tectÃ©es.
Transactions dans le mÃªme pays dÃ©tectÃ©es.
Transactions dans le mÃªme pays dÃ©tectÃ©es.
Transactions dans le mÃªme pays dÃ©tectÃ©es.
Transactions dans le mÃªme pays dÃ©tectÃ©es.
Transactions dans le mÃªme pays dÃ©tectÃ©es.
Transactions dans le mÃªme pays dÃ©tectÃ©es.
Transactions dans le mÃªme pays dÃ©tectÃ©es.
Transactions dans le mÃªme pays dÃ©tectÃ©es.
Transactions dans le mÃªme pays dÃ©tectÃ©es.
Transactions dans le mÃªme pays dÃ©tectÃ©es.
Transactions dans le mÃªme pays dÃ©tectÃ©es.
Transactions dans le mÃªme pays dÃ©tectÃ©es.
Transactions dans le mÃªme pays dÃ©tectÃ©es.
Transactions dans le mÃªme pays dÃ©tectÃ©es.
Transactions dans le mÃªme pays dÃ©tectÃ©es.
Transactions dans le mÃªme pays dÃ©tectÃ©es.
Transactions dans le mÃªme pays dÃ©tectÃ©es.
Transactions dans le mÃªme pays dÃ©tectÃ©es.
Transactions dans le mÃªme pays dÃ©tectÃ©es.
Transactions dans le mÃªme pays dÃ©tectÃ©es.
Transactions dans le mÃªme pays dÃ©tectÃ©es.
Transactions dans le mÃªme pays dÃ©tectÃ©es.
Transactions dans le mÃªme pays dÃ©tectÃ©es.
Transactions dans le mÃªme pays dÃ©tectÃ©es.
Transactions dans le mÃªme pays dÃ©tectÃ©es.
Transactions dans le mÃªme pays dÃ©tectÃ©es.
Transactions dans le mÃªme pays dÃ©tectÃ©es.
Transactions dans le mÃªme pays dÃ©tectÃ©es.
Transactions dans le mÃªme pays dÃ©tectÃ©es.
Transactions dans le mÃªme pays dÃ©tectÃ©es.
Transactions dans le mÃªme pays dÃ©tectÃ©es.
Transactions dans le mÃªme pays dÃ©tectÃ©es.
Transactions dans le mÃªme pays dÃ©tectÃ©es.
Transactions dans le mÃªme pays dÃ©tectÃ©es.
Transactions dans le mÃªme pays dÃ©tectÃ©es.
Transactions dans le mÃªme pays dÃ©tectÃ©es.
Transactions dans le mÃªme pays dÃ©tectÃ©es.
Transactions dans le mÃªme pays dÃ©tectÃ©es.
Transactions dans le mÃªme pays dÃ©tectÃ©es.
Transactions dans le mÃªme pays dÃ©tectÃ©es.
Transactions dans le mÃªme pays dÃ©tectÃ©es.
Transactions dans le mÃªme pays dÃ©tectÃ©es.
Transactions dans le mÃªme pays dÃ©tectÃ©es.
Transactions dans le mÃªme pays dÃ©tectÃ©es.
Transactions dans le mÃªme pays dÃ©tectÃ©es.
Transactions dans le mÃªme pays dÃ©tectÃ©es.
Transactions dans le mÃªme pays dÃ©tectÃ©es.
Transactions dans le mÃªme pays dÃ©tectÃ©es.
Transactions dans le mÃªme pays dÃ©tectÃ©es.
Transactions dans le mÃªme pays dÃ©tectÃ©es.
Transactions dans le mÃªme pays dÃ©tectÃ©es.
Transactions dans le mÃªme pays dÃ©tectÃ©es.
Transactions dans le mÃªme pays dÃ©tectÃ©es.
Transactions dans le mÃªme pays dÃ©tectÃ©es.
Transactions dans le mÃªme pays dÃ©tectÃ©es.
Transactions dans le mÃªme pays dÃ©tectÃ©es.
Transactions dans le mÃªme pays dÃ©tectÃ©es.
Transactions dans le mÃªme pays dÃ©tectÃ©es.
Transactions dans le mÃªme pays dÃ©tectÃ©es.
Transactions dans le mÃªme pays dÃ©tectÃ©es.
Transactions dans le mÃªme pays dÃ©tectÃ©es.
Transactions dans le mÃªme pays dÃ©tectÃ©es.
Transactions dans le mÃªme pays dÃ©tectÃ©es.
Transactions dans le mÃªme pays dÃ©tectÃ©es.
Transactions dans le mÃªme pays dÃ©tectÃ©es.
Transactions dans le mÃªme pays dÃ©tectÃ©es.
Transactions dans le mÃªme pays dÃ©tectÃ©es.
Transactions dans le mÃªme pays dÃ©tectÃ©es.
Transactions dans le mÃªme pays dÃ©tectÃ©es.
Transactions dans le mÃªme pays dÃ©tectÃ©es.
Transactions dans le mÃªme pays dÃ©tectÃ©es.
Transactions dans le mÃªme pays dÃ©tectÃ©es.
Transactions dans le mÃªme pays dÃ©tectÃ©es.
Transactions dans le mÃªme pays dÃ©tectÃ©es.
Transactions dans le mÃªme pays dÃ©tectÃ©es.
Transactions dans le mÃªme pays dÃ©tectÃ©es.
Transactions dans le mÃªme pays dÃ©tectÃ©es.
Transactions dans le mÃªme pays dÃ©tectÃ©es.
Transactions dans le mÃªme pays dÃ©tectÃ©es.
Transactions dans le mÃªme pays dÃ©tectÃ©es.
Transactions dans le mÃªme pays dÃ©tectÃ©es.
Transactions dans le mÃªme pays dÃ©tectÃ©es.
Transactions dans le mÃªme pays dÃ©tectÃ©es.
Transactions dans le mÃªme pays dÃ©tectÃ©es.
Transactions dans le mÃªme pays dÃ©tectÃ©es.
Transactions dans le mÃªme pays dÃ©tectÃ©es.
Transactions dans le mÃªme pays dÃ©tectÃ©es.
Transactions dans le mÃªme pays dÃ©tectÃ©es.
Transactions dans le mÃªme pays dÃ©tectÃ©es.
Transactions dans le mÃªme pays dÃ©tectÃ©es.
Transactions dans le mÃªme pays dÃ©tectÃ©es.
Transactions dans le mÃªme pays dÃ©tectÃ©es.
Transactions dans le mÃªme pays dÃ©tectÃ©es.
Transactions dans le mÃªme pays dÃ©tectÃ©es.
Transactions dans le mÃªme pays dÃ©tectÃ©es.
Transactions dans le mÃªme pays dÃ©tectÃ©es.
Transactions dans le mÃªme pays dÃ©tectÃ©es.
Transactions dans le mÃªme pays dÃ©tectÃ©es.
Transactions dans le mÃªme pays dÃ©tectÃ©es.
Transactions dans le mÃªme pays dÃ©tectÃ©es.
Transactions dans le mÃªme pays dÃ©tectÃ©es.
Transactions dans le mÃªme pays dÃ©tectÃ©es.
Transactions dans le mÃªme pays dÃ©tectÃ©es.
Transactions dans le mÃªme pays dÃ©tectÃ©es.
Transactions dans le mÃªme pays dÃ©tectÃ©es.
Transactions dans le mÃªme pays dÃ©tectÃ©es.
Transactions dans le mÃªme pays dÃ©tectÃ©es.
Transactions dans le mÃªme pays dÃ©tectÃ©es.
Transactions dans le mÃªme pays dÃ©tectÃ©es.
Transactions dans le mÃªme pays dÃ©tectÃ©es.
Transactions dans le mÃªme pays dÃ©tectÃ©es.
Transactions dans le mÃªme pays dÃ©tectÃ©es.
Transactions dans le mÃªme pays dÃ©tectÃ©es.
Transactions dans le mÃªme pays dÃ©tectÃ©es.
Transactions dans le mÃªme pays dÃ©tectÃ©es.
Transactions dans le mÃªme pays dÃ©tectÃ©es.
Transactions dans le mÃªme pays dÃ©tectÃ©es.
Transactions dans le mÃªme pays dÃ©tectÃ©es.
Transactions dans le mÃªme pays dÃ©tectÃ©es.
Transactions dans le mÃªme pays dÃ©tectÃ©es.
Transactions dans le mÃªme pays dÃ©tectÃ©es.
Transactions dans le mÃªme pays dÃ©tectÃ©es.
Transactions dans le mÃªme pays dÃ©tectÃ©es.
Transactions dans le mÃªme pays dÃ©tectÃ©es.
Transactions dans le mÃªme pays dÃ©tectÃ©es.
Transactions dans le mÃªme pays dÃ©tectÃ©es.
Transactions dans le mÃªme pays dÃ©tectÃ©es.
Transactions dans le mÃªme pays dÃ©tectÃ©es.
Transactions dans le mÃªme pays dÃ©tectÃ©es.
Transactions dans le mÃªme pays dÃ©tectÃ©es.
Transactions dans le mÃªme pays dÃ©tectÃ©es.
Transactions dans le mÃªme pays dÃ©tectÃ©es.
Transactions dans le mÃªme pays dÃ©tectÃ©es.
Transactions dans le mÃªme pays dÃ©tectÃ©es.
Transactions dans le mÃªme pays dÃ©tectÃ©es.
Transactions dans le mÃªme pays dÃ©tectÃ©es.
Transactions dans le mÃªme pays dÃ©tectÃ©es.
Transactions dans le mÃªme pays dÃ©tectÃ©es.
Transactions dans le mÃªme pays dÃ©tectÃ©es.
Transactions dans le mÃªme pays dÃ©tectÃ©es.
Transactions dans le mÃªme pays dÃ©tectÃ©es.
Transactions dans le mÃªme pays dÃ©tectÃ©es.
Transactions dans le mÃªme pays dÃ©tectÃ©es.
Transactions dans le mÃªme pays dÃ©tectÃ©es.
Transactions dans le mÃªme pays dÃ©tectÃ©es.
Transactions dans le mÃªme pays dÃ©tectÃ©es.
Transactions dans le mÃªme pays dÃ©tectÃ©es.
Transactions dans le mÃªme pays dÃ©tectÃ©es.
Transactions dans le mÃªme pays dÃ©tectÃ©es.
Transactions dans le mÃªme pays dÃ©tectÃ©es.
Transactions dans le mÃªme pays dÃ©tectÃ©es.
Transactions dans le mÃªme pays dÃ©tectÃ©es.
Transactions dans le mÃªme pays dÃ©tectÃ©es.
Transactions dans le mÃªme pays dÃ©tectÃ©es.
Transactions dans le mÃªme pays dÃ©tectÃ©es.
Transactions dans le mÃªme pays dÃ©tectÃ©es.
Transactions dans le mÃªme pays dÃ©tectÃ©es.
Transactions dans le mÃªme pays dÃ©tectÃ©es.
Transactions dans le mÃªme pays dÃ©tectÃ©es.
Transactions dans le mÃªme pays dÃ©tectÃ©es.
Transactions dans le mÃªme pays dÃ©tectÃ©es.
Transactions dans le mÃªme pays dÃ©tectÃ©es.
Transactions dans le mÃªme pays dÃ©tectÃ©es.
Transactions dans le mÃªme pays dÃ©tectÃ©es.
Transactions dans le mÃªme pays dÃ©tectÃ©es.
Transactions dans le mÃªme pays dÃ©tectÃ©es.
Transactions dans le mÃªme pays dÃ©tectÃ©es.
Transactions dans le mÃªme pays dÃ©tectÃ©es.
Transactions dans le mÃªme pays dÃ©tectÃ©es.
Transactions dans le mÃªme pays dÃ©tectÃ©es.
Transactions dans le mÃªme pays dÃ©tectÃ©es.
Transactions dans le mÃªme pays dÃ©tectÃ©es.
Transactions dans le mÃªme pays dÃ©tectÃ©es.
Transactions dans le mÃªme pays dÃ©tectÃ©es.
Transactions dans le mÃªme pays dÃ©tectÃ©es.
Transactions dans le mÃªme pays dÃ©tectÃ©es.
Transactions dans le mÃªme pays dÃ©tectÃ©es.
Transactions dans le mÃªme pays dÃ©tectÃ©es.
Transactions dans le mÃªme pays dÃ©tectÃ©es.
Transactions dans le mÃªme pays dÃ©tectÃ©es.
Transactions dans le mÃªme pays dÃ©tectÃ©es.
Transactions dans le mÃªme pays dÃ©tectÃ©es.
Transactions dans le mÃªme pays dÃ©tectÃ©es.
Transactions dans le mÃªme pays dÃ©tectÃ©es.
Transactions dans le mÃªme pays dÃ©tectÃ©es.
Transactions dans le mÃªme pays dÃ©tectÃ©es.
Transactions dans le mÃªme pays dÃ©tectÃ©es.
Transactions dans le mÃªme pays dÃ©tectÃ©es.
Transactions dans le mÃªme pays dÃ©tectÃ©es.
Transactions dans le mÃªme pays dÃ©tectÃ©es.
Transactions dans le mÃªme pays dÃ©tectÃ©es.
Transactions dans le mÃªme pays dÃ©tectÃ©es.
Transactions dans le mÃªme pays dÃ©tectÃ©es.
Transactions dans le mÃªme pays dÃ©tectÃ©es.
Transactions dans le mÃªme pays dÃ©tectÃ©es.
Transactions dans le mÃªme pays dÃ©tectÃ©es.
Transactions dans le mÃªme pays dÃ©tectÃ©es.
Transactions dans le mÃªme pays dÃ©tectÃ©es.
Transactions dans le mÃªme pays dÃ©tectÃ©es.
Transactions dans le mÃªme pays dÃ©tectÃ©es.
Transactions dans le mÃªme pays dÃ©tectÃ©es.
Transactions dans le mÃªme pays dÃ©tectÃ©es.
Transactions dans le mÃªme pays dÃ©tectÃ©es.
Transactions dans le mÃªme pays dÃ©tectÃ©es.
Transactions dans le mÃªme pays dÃ©tectÃ©es.
Transactions dans le mÃªme pays dÃ©tectÃ©es.
Transactions dans le mÃªme pays dÃ©tectÃ©es.
Transactions dans le mÃªme pays dÃ©tectÃ©es.
Transactions dans le mÃªme pays dÃ©tectÃ©es.
Transactions dans le mÃªme pays dÃ©tectÃ©es.
Transactions dans le mÃªme pays dÃ©tectÃ©es.
Transactions dans le mÃªme pays dÃ©tectÃ©es.
Transactions dans le mÃªme pays dÃ©tectÃ©es.
Transactions dans le mÃªme pays dÃ©tectÃ©es.
Transactions dans le mÃªme pays dÃ©tectÃ©es.
Transactions dans le mÃªme pays dÃ©tectÃ©es.
Transactions dans le mÃªme pays dÃ©tectÃ©es.
Transactions dans le mÃªme pays dÃ©tectÃ©es.
Transactions dans le mÃªme pays dÃ©tectÃ©es.
Transactions dans le mÃªme pays dÃ©tectÃ©es.
Transactions dans le mÃªme pays dÃ©tectÃ©es.
Transactions dans le mÃªme pays dÃ©tectÃ©es.
Transactions dans le mÃªme pays dÃ©tectÃ©es.
Transactions dans le mÃªme pays dÃ©tectÃ©es.
Transactions dans le mÃªme pays dÃ©tectÃ©es.
Transactions dans le mÃªme pays dÃ©tectÃ©es.
Transactions dans le mÃªme pays dÃ©tectÃ©es.
Transactions dans le mÃªme pays dÃ©tectÃ©es.
Transactions dans le mÃªme pays dÃ©tectÃ©es.
Transactions dans le mÃªme pays dÃ©tectÃ©es.
Transactions dans le mÃªme pays dÃ©tectÃ©es.
Transactions dans le mÃªme pays dÃ©tectÃ©es.
Transactions dans le mÃªme pays dÃ©tectÃ©es.
Transactions dans le mÃªme pays dÃ©tectÃ©es.
Transactions dans le mÃªme pays dÃ©tectÃ©es.
Transactions dans le mÃªme pays dÃ©tectÃ©es.
Transactions dans le mÃªme pays dÃ©tectÃ©es.
Transactions dans le mÃªme pays dÃ©tectÃ©es.
Transactions dans le mÃªme pays dÃ©tectÃ©es.
Transactions dans le mÃªme pays dÃ©tectÃ©es.
Transactions dans le mÃªme pays dÃ©tectÃ©es.
Transactions dans le mÃªme pays dÃ©tectÃ©es.
Transactions dans le mÃªme pays dÃ©tectÃ©es.
Transactions dans le mÃªme pays dÃ©tectÃ©es.
Transactions dans le mÃªme pays dÃ©tectÃ©es.
Transactions dans le mÃªme pays dÃ©tectÃ©es.
Transactions dans le mÃªme pays dÃ©tectÃ©es.
Transactions dans le mÃªme pays dÃ©tectÃ©es.
Transactions dans le mÃªme pays dÃ©tectÃ©es.
Transactions dans le mÃªme pays dÃ©tectÃ©es.
Transactions dans le mÃªme pays dÃ©tectÃ©es.
Transactions dans le mÃªme pays dÃ©tectÃ©es.
Transactions dans le mÃªme pays dÃ©tectÃ©es.
Transactions dans le mÃªme pays dÃ©tectÃ©es.
Transactions dans le mÃªme pays dÃ©tectÃ©es.
Transactions dans le mÃªme pays dÃ©tectÃ©es.
Transactions dans le mÃªme pays dÃ©tectÃ©es.
Transactions dans le mÃªme pays dÃ©tectÃ©es.
Transactions dans le mÃªme pays dÃ©tectÃ©es.
Transactions dans le mÃªme pays dÃ©tectÃ©es.
Transactions dans le mÃªme pays dÃ©tectÃ©es.
Transactions dans le mÃªme pays dÃ©tectÃ©es.
Transactions dans le mÃªme pays dÃ©tectÃ©es.
Transactions dans le mÃªme pays dÃ©tectÃ©es.
Transactions dans le mÃªme pays dÃ©tectÃ©es.
Transactions dans le mÃªme pays dÃ©tectÃ©es.
Transactions dans le mÃªme pays dÃ©tectÃ©es.
Transactions dans le mÃªme pays dÃ©tectÃ©es.
Transactions dans le mÃªme pays dÃ©tectÃ©es.
Transactions dans le mÃªme pays dÃ©tectÃ©es.
Transactions dans le mÃªme pays dÃ©tectÃ©es.
Transactions dans le mÃªme pays dÃ©tectÃ©es.
Transactions dans le mÃªme pays dÃ©tectÃ©es.
Transactions dans le mÃªme pays dÃ©tectÃ©es.
Transactions dans le mÃªme pays dÃ©tectÃ©es.
Transactions dans le mÃªme pays dÃ©tectÃ©es.
Transactions dans le mÃªme pays dÃ©tectÃ©es.
Transactions dans le mÃªme pays dÃ©tectÃ©es.
Transactions dans le mÃªme pays dÃ©tectÃ©es.
Transactions dans le mÃªme pays dÃ©tectÃ©es.
Transactions dans le mÃªme pays dÃ©tectÃ©es.
Transactions dans le mÃªme pays dÃ©tectÃ©es.
Transactions dans le mÃªme pays dÃ©tectÃ©es.
Transactions dans le mÃªme pays dÃ©tectÃ©es.
Transactions dans le mÃªme pays dÃ©tectÃ©es.
Transactions dans le mÃªme pays dÃ©tectÃ©es.
Transactions dans le mÃªme pays dÃ©tectÃ©es.
Transactions dans le mÃªme pays dÃ©tectÃ©es.
Transactions dans le mÃªme pays dÃ©tectÃ©es.
Transactions dans le mÃªme pays dÃ©tectÃ©es.
Transactions dans le mÃªme pays dÃ©tectÃ©es.
Transactions dans le mÃªme pays dÃ©tectÃ©es.
Transactions dans le mÃªme pays dÃ©tectÃ©es.
Transactions dans le mÃªme pays dÃ©tectÃ©es.
Transactions dans le mÃªme pays dÃ©tectÃ©es.
Transactions dans le mÃªme pays dÃ©tectÃ©es.
Transactions dans le mÃªme pays dÃ©tectÃ©es.
Transactions dans le mÃªme pays dÃ©tectÃ©es.
Transactions dans le mÃªme pays dÃ©tectÃ©es.
Transactions dans le mÃªme pays dÃ©tectÃ©es.
Transactions dans le mÃªme pays dÃ©tectÃ©es.
Transactions dans le mÃªme pays dÃ©tectÃ©es.
Transactions dans le mÃªme pays dÃ©tectÃ©es.
Transactions dans le mÃªme pays dÃ©tectÃ©es.
Transactions dans le mÃªme pays dÃ©tectÃ©es.
Transactions dans le mÃªme pays dÃ©tectÃ©es.
Transactions dans le mÃªme pays dÃ©tectÃ©es.
Transactions dans le mÃªme pays dÃ©tectÃ©es.
Transactions dans le mÃªme pays dÃ©tectÃ©es.
Transactions dans le mÃªme pays dÃ©tectÃ©es.
Transactions dans le mÃªme pays dÃ©tectÃ©es.
Transactions dans le mÃªme pays dÃ©tectÃ©es.
Transactions dans le mÃªme pays dÃ©tectÃ©es.
Transactions dans le mÃªme pays dÃ©tectÃ©es.
Transactions dans le mÃªme pays dÃ©tectÃ©es.
Transactions dans le mÃªme pays dÃ©tectÃ©es.
Transactions dans le mÃªme pays dÃ©tectÃ©es.
Transactions dans le mÃªme pays dÃ©tectÃ©es.
Transactions dans le mÃªme pays dÃ©tectÃ©es.
Transactions dans le mÃªme pays dÃ©tectÃ©es.
Transactions dans le mÃªme pays dÃ©tectÃ©es.
Transactions dans le mÃªme pays dÃ©tectÃ©es.
Transactions dans le mÃªme pays dÃ©tectÃ©es.
Transactions dans le mÃªme pays dÃ©tectÃ©es.
Transactions dans le mÃªme pays dÃ©tectÃ©es.
Transactions dans le mÃªme pays dÃ©tectÃ©es.
Transactions dans le mÃªme pays dÃ©tectÃ©es.
Transactions dans le mÃªme pays dÃ©tectÃ©es.
Transactions dans le mÃªme pays dÃ©tectÃ©es.
Transactions dans le mÃªme pays dÃ©tectÃ©es.
Transactions dans le mÃªme pays dÃ©tectÃ©es.
Transactions dans le mÃªme pays dÃ©tectÃ©es.
Transactions dans le mÃªme pays dÃ©tectÃ©es.
Transactions dans le mÃªme pays dÃ©tectÃ©es.
Transactions dans le mÃªme pays dÃ©tectÃ©es.
Transactions dans le mÃªme pays dÃ©tectÃ©es.
Transactions dans le mÃªme pays dÃ©tectÃ©es.
Transactions dans le mÃªme pays dÃ©tectÃ©es.
Transactions dans le mÃªme pays dÃ©tectÃ©es.
Transactions dans le mÃªme pays dÃ©tectÃ©es.
Transactions dans le mÃªme pays dÃ©tectÃ©es.
Transactions dans le mÃªme pays dÃ©tectÃ©es.
Transactions dans le mÃªme pays dÃ©tectÃ©es.
Transactions dans le mÃªme pays dÃ©tectÃ©es.
Transactions dans le mÃªme pays dÃ©tectÃ©es.
Transactions dans le mÃªme pays dÃ©tectÃ©es.
Transactions dans le mÃªme pays dÃ©tectÃ©es.
Transactions dans le mÃªme pays dÃ©tectÃ©es.
Transactions dans le mÃªme pays dÃ©tectÃ©es.
Transactions dans le mÃªme pays dÃ©tectÃ©es.
Transactions dans le mÃªme pays dÃ©tectÃ©es.
Transactions dans le mÃªme pays dÃ©tectÃ©es.
Transactions dans le mÃªme pays dÃ©tectÃ©es.
Transactions dans le mÃªme pays dÃ©tectÃ©es.
Transactions dans le mÃªme pays dÃ©tectÃ©es.
Transactions dans le mÃªme pays dÃ©tectÃ©es.
Transactions dans le mÃªme pays dÃ©tectÃ©es.
Transactions dans le mÃªme pays dÃ©tectÃ©es.
Transactions dans le mÃªme pays dÃ©tectÃ©es.
Transactions dans le mÃªme pays dÃ©tectÃ©es.
Transactions dans le mÃªme pays dÃ©tectÃ©es.
Transactions dans le mÃªme pays dÃ©tectÃ©es.
Transactions dans le mÃªme pays dÃ©tectÃ©es.
Transactions dans le mÃªme pays dÃ©tectÃ©es.
Transactions dans le mÃªme pays dÃ©tectÃ©es.
Transactions dans le mÃªme pays dÃ©tectÃ©es.
Transactions dans le mÃªme pays dÃ©tectÃ©es.
Transactions dans le mÃªme pays dÃ©tectÃ©es.
Transactions dans le mÃªme pays dÃ©tectÃ©es.
Transactions dans le mÃªme pays dÃ©tectÃ©es.
Transactions dans le mÃªme pays dÃ©tectÃ©es.
Transactions dans le mÃªme pays dÃ©tectÃ©es.
Transactions dans le mÃªme pays dÃ©tectÃ©es.
Transactions dans le mÃªme pays dÃ©tectÃ©es.
Transactions dans le mÃªme pays dÃ©tectÃ©es.
Transactions dans le mÃªme pays dÃ©tectÃ©es.
Transactions dans le mÃªme pays dÃ©tectÃ©es.
Transactions dans le mÃªme pays dÃ©tectÃ©es.
Transactions dans le mÃªme pays dÃ©tectÃ©es.
Transactions dans le mÃªme pays dÃ©tectÃ©es.
Transactions dans le mÃªme pays dÃ©tectÃ©es.
Transactions dans le mÃªme pays dÃ©tectÃ©es.
Transactions dans le mÃªme pays dÃ©tectÃ©es.
Transactions dans le mÃªme pays dÃ©tectÃ©es.
Transactions dans le mÃªme pays dÃ©tectÃ©es.
Transactions dans le mÃªme pays dÃ©tectÃ©es.
Transactions dans le mÃªme pays dÃ©tectÃ©es.
Transactions dans le mÃªme pays dÃ©tectÃ©es.
Transactions dans le mÃªme pays dÃ©tectÃ©es.
Transactions dans le mÃªme pays dÃ©tectÃ©es.
Transactions dans le mÃªme pays dÃ©tectÃ©es.
Transactions dans le mÃªme pays dÃ©tectÃ©es.
Transactions dans le mÃªme pays dÃ©tectÃ©es.
Transactions dans le mÃªme pays dÃ©tectÃ©es.
Transactions dans le mÃªme pays dÃ©tectÃ©es.
Transactions dans le mÃªme pays dÃ©tectÃ©es.
Transactions dans le mÃªme pays dÃ©tectÃ©es.
Transactions dans le mÃªme pays dÃ©tectÃ©es.
Transactions dans le mÃªme pays dÃ©tectÃ©es.
Transactions dans le mÃªme pays dÃ©tectÃ©es.
Transactions dans le mÃªme pays dÃ©tectÃ©es.
Transactions dans le mÃªme pays dÃ©tectÃ©es.
Transactions dans le mÃªme pays dÃ©tectÃ©es.
Transactions dans le mÃªme pays dÃ©tectÃ©es.
Transactions dans le mÃªme pays dÃ©tectÃ©es.
Transactions dans le mÃªme pays dÃ©tectÃ©es.
Transactions dans le mÃªme pays dÃ©tectÃ©es.
Transactions dans le mÃªme pays dÃ©tectÃ©es.
Transactions dans le mÃªme pays dÃ©tectÃ©es.
Transactions dans le mÃªme pays dÃ©tectÃ©es.
Transactions dans le mÃªme pays dÃ©tectÃ©es.
Transactions dans le mÃªme pays dÃ©tectÃ©es.
Transactions dans le mÃªme pays dÃ©tectÃ©es.
Transactions dans le mÃªme pays dÃ©tectÃ©es.
Transactions dans le mÃªme pays dÃ©tectÃ©es.
Transactions dans le mÃªme pays dÃ©tectÃ©es.
Transactions dans le mÃªme pays dÃ©tectÃ©es.
Transactions dans le mÃªme pays dÃ©tectÃ©es.
Transactions dans le mÃªme pays dÃ©tectÃ©es.
Transactions dans le mÃªme pays dÃ©tectÃ©es.
Transactions dans le mÃªme pays dÃ©tectÃ©es.
Transactions dans le mÃªme pays dÃ©tectÃ©es.
Transactions dans le mÃªme pays dÃ©tectÃ©es.
Transactions dans le mÃªme pays dÃ©tectÃ©es.
Transactions dans le mÃªme pays dÃ©tectÃ©es.
Transactions dans le mÃªme pays dÃ©tectÃ©es.
Transactions dans le mÃªme pays dÃ©tectÃ©es.
Transactions dans le mÃªme pays dÃ©tectÃ©es.
Transactions dans le mÃªme pays dÃ©tectÃ©es.
Transactions dans le mÃªme pays dÃ©tectÃ©es.
Transactions dans le mÃªme pays dÃ©tectÃ©es.
Transactions dans le mÃªme pays dÃ©tectÃ©es.
Transactions dans le mÃªme pays dÃ©tectÃ©es.
Transactions dans le mÃªme pays dÃ©tectÃ©es.
Transactions dans le mÃªme pays dÃ©tectÃ©es.
Transactions dans le mÃªme pays dÃ©tectÃ©es.
Transactions dans le mÃªme pays dÃ©tectÃ©es.
Transactions dans le mÃªme pays dÃ©tectÃ©es.
Transactions dans le mÃªme pays dÃ©tectÃ©es.
Transactions dans le mÃªme pays dÃ©tectÃ©es.
Transactions dans le mÃªme pays dÃ©tectÃ©es.
Transactions dans le mÃªme pays dÃ©tectÃ©es.
Transactions dans le mÃªme pays dÃ©tectÃ©es.
Transactions dans le mÃªme pays dÃ©tectÃ©es.
Transactions dans le mÃªme pays dÃ©tectÃ©es.
Transactions dans le mÃªme pays dÃ©tectÃ©es.
Transactions dans le mÃªme pays dÃ©tectÃ©es.
Transactions dans le mÃªme pays dÃ©tectÃ©es.
Transactions dans le mÃªme pays dÃ©tectÃ©es.
Transactions dans le mÃªme pays dÃ©tectÃ©es.
Transactions dans le mÃªme pays dÃ©tectÃ©es.
Transactions dans le mÃªme pays dÃ©tectÃ©es.
Transactions dans le mÃªme pays dÃ©tectÃ©es.
Transactions dans le mÃªme pays dÃ©tectÃ©es.
Transactions dans le mÃªme pays dÃ©tectÃ©es.
Transactions dans le mÃªme pays dÃ©tectÃ©es.
Transactions dans le mÃªme pays dÃ©tectÃ©es.
Transactions dans le mÃªme pays dÃ©tectÃ©es.
Transactions dans le mÃªme pays dÃ©tectÃ©es.
Transactions dans le mÃªme pays dÃ©tectÃ©es.
Transactions dans le mÃªme pays dÃ©tectÃ©es.
Transactions dans le mÃªme pays dÃ©tectÃ©es.
Transactions dans le mÃªme pays dÃ©tectÃ©es.
Transactions dans le mÃªme pays dÃ©tectÃ©es.
Transactions dans le mÃªme pays dÃ©tectÃ©es.
Transactions dans le mÃªme pays dÃ©tectÃ©es.
Transactions dans le mÃªme pays dÃ©tectÃ©es.
Transactions dans le mÃªme pays dÃ©tectÃ©es.
Transactions dans le mÃªme pays dÃ©tectÃ©es.
Transactions dans le mÃªme pays dÃ©tectÃ©es.
Transactions dans le mÃªme pays dÃ©tectÃ©es.
Transactions dans le mÃªme pays dÃ©tectÃ©es.
Transactions dans le mÃªme pays dÃ©tectÃ©es.
Transactions dans le mÃªme pays dÃ©tectÃ©es.
Transactions dans le mÃªme pays dÃ©tectÃ©es.
Transactions dans le mÃªme pays dÃ©tectÃ©es.
Transactions dans le mÃªme pays dÃ©tectÃ©es.
Transactions dans le mÃªme pays dÃ©tectÃ©es.
Transactions dans le mÃªme pays dÃ©tectÃ©es.
Transactions dans le mÃªme pays dÃ©tectÃ©es.
Transactions dans le mÃªme pays dÃ©tectÃ©es.
Transactions dans le mÃªme pays dÃ©tectÃ©es.
Transactions dans le mÃªme pays dÃ©tectÃ©es.
Transactions dans le mÃªme pays dÃ©tectÃ©es.
Transactions dans le mÃªme pays dÃ©tectÃ©es.
Transactions dans le mÃªme pays dÃ©tectÃ©es.
Transactions dans le mÃªme pays dÃ©tectÃ©es.
Transactions dans le mÃªme pays dÃ©tectÃ©es.
Transactions dans le mÃªme pays dÃ©tectÃ©es.
Transactions dans le mÃªme pays dÃ©tectÃ©es.
Transactions dans le mÃªme pays dÃ©tectÃ©es.
Transactions dans le mÃªme pays dÃ©tectÃ©es.
Transactions dans le mÃªme pays dÃ©tectÃ©es.
Transactions dans le mÃªme pays dÃ©tectÃ©es.
Pays avec au moins deux transactions dÃ©tectÃ© : FR
Pays avec au moins deux transactions dÃ©tectÃ© : FR
Pays avec au moins deux transactions dÃ©tectÃ© : FR
Pays avec au moins deux transactions dÃ©tectÃ© : FR
Pays avec au moins deux transactions dÃ©tectÃ© : FR
Pays avec au moins deux transactions dÃ©tectÃ© : FR
Pays avec au moins deux transactions dÃ©tectÃ© : FR
Pays avec au moins deux transactions dÃ©tectÃ© : FR
Pays avec au moins deux transactions dÃ©tectÃ© : FR
Pays avec au moins deux transactions dÃ©tectÃ© : FR
Pays avec au moins deux transactions dÃ©tectÃ© : FR
Pays avec au moins deux transactions dÃ©tectÃ© : FR
Pays avec au moins deux transactions dÃ©tectÃ© : FR
Pays avec au moins deux transactions dÃ©tectÃ© : FR
Pays avec au moins deux transactions dÃ©tectÃ© : FR
Pays avec au moins deux transactions dÃ©tectÃ© : FR
Pays avec au moins deux transactions dÃ©tectÃ© : FR
Pays avec au moins deux transactions dÃ©tectÃ© : FR
Pays avec au moins deux transactions dÃ©tectÃ© : FR
Pays avec au moins deux transactions dÃ©tectÃ© : FR
Pays avec au moins deux transactions dÃ©tectÃ© : FR
Pays avec au moins deux transactions dÃ©tectÃ© : FR
Pays avec au moins deux transactions dÃ©tectÃ© : FR
Pays avec au moins deux transactions dÃ©tectÃ© : FR
Pays avec au moins deux transactions dÃ©tectÃ© : FR
Pays avec au moins deux transactions dÃ©tectÃ© : FR
Pays avec au moins deux transactions dÃ©tectÃ© : FR
Pays avec au moins deux transactions dÃ©tectÃ© : FR
Pays avec au moins deux transactions dÃ©tectÃ© : FR
Pays avec au moins deux transactions dÃ©tectÃ© : FR
Pays avec au moins deux transactions dÃ©tectÃ© : FR
Pays avec au moins deux transactions dÃ©tectÃ© : FR
Pays avec au moins deux transactions dÃ©tectÃ© : FR
Pays avec au moins deux transactions dÃ©tectÃ© : FR
Pays avec au moins deux transactions dÃ©tectÃ© : FR
Pays avec au moins deux transactions dÃ©tectÃ© : FR
Pays avec au moins deux transactions dÃ©tectÃ© : FR
Pays avec au moins deux transactions dÃ©tectÃ© : FR
Pays avec au moins deux transactions dÃ©tectÃ© : FR
Pays avec au moins deux transactions dÃ©tectÃ© : FR
Pays avec au moins deux transactions dÃ©tectÃ© : FR
Pays avec au moins deux transactions dÃ©tectÃ© : FR
Pays avec au moins deux transactions dÃ©tectÃ© : FR
Pays avec au moins deux transactions dÃ©tectÃ© : FR
Pays avec au moins deux transactions dÃ©tectÃ© : FR
Pays avec au moins deux transactions dÃ©tectÃ© : FR
Pays avec au moins deux transactions dÃ©tectÃ© : FR
Pays avec au moins deux transactions dÃ©tectÃ© : FR
Pays avec au moins deux transactions dÃ©tectÃ© : FR
Pays avec au moins deux transactions dÃ©tectÃ© : FR
Pays avec au moins deux transactions dÃ©tectÃ© : FR
Pays avec au moins deux transactions dÃ©tectÃ© : FR
Pays avec au moins deux transactions dÃ©tectÃ© : FR
Pays avec au moins deux transactions dÃ©tectÃ© : FR
Pays avec au moins deux transactions dÃ©tectÃ© : FR
Pays avec au moins deux transactions dÃ©tectÃ© : FR
Pays avec au moins deux transactions dÃ©tectÃ© : FR
Pays avec au moins deux transactions dÃ©tectÃ© : FR
Pays avec au moins deux transactions dÃ©tectÃ© : FR
Pays avec au moins deux transactions dÃ©tectÃ© : FR
Pays avec au moins deux transactions dÃ©tectÃ© : FR
Pays avec au moins deux transactions dÃ©tectÃ© : FR
Pays avec au moins deux transactions dÃ©tectÃ© : FR
Pays avec au moins deux transactions dÃ©tectÃ© : FR
Pays avec au moins deux transactions dÃ©tectÃ© : FR
Pays avec au moins deux transactions dÃ©tectÃ© : FR
Pays avec au moins deux transactions dÃ©tectÃ© : FR
Pays avec au moins deux transactions dÃ©tectÃ© : FR
Pays avec au moins deux transactions dÃ©tectÃ© : FR
Pays avec au moins deux transactions dÃ©tectÃ© : FR
Pays avec au moins deux transactions dÃ©tectÃ© : FR
Pays avec au moins deux transactions dÃ©tectÃ© : FR
Pays avec au moins deux transactions dÃ©tectÃ© : FR
Pays avec au moins deux transactions dÃ©tectÃ© : FR
Pays avec au moins deux transactions dÃ©tectÃ© : FR
Pays avec au moins deux transactions dÃ©tectÃ© : FR
Pays avec au moins deux transactions dÃ©tectÃ© : FR
Pays avec au moins deux transactions dÃ©tectÃ© : FR
Pays avec au moins deux transactions dÃ©tectÃ© : FR
Pays avec au moins deux transactions dÃ©tectÃ© : FR
Pays avec au moins deux transactions dÃ©tectÃ© : FR
Pays avec au moins deux transactions dÃ©tectÃ© : FR
Pays avec au moins deux transactions dÃ©tectÃ© : FR
Pays avec au moins deux transactions dÃ©tectÃ© : FR
Pays avec au moins deux transactions dÃ©tectÃ© : FR
Pays avec au moins deux transactions dÃ©tectÃ© : FR
Pays avec au moins deux transactions dÃ©tectÃ© : FR
Pays avec au moins deux transactions dÃ©tectÃ© : FR
Pays avec au moins deux transactions dÃ©tectÃ© : FR
Pays avec au moins deux transactions dÃ©tectÃ© : FR
Pays avec au moins deux transactions dÃ©tectÃ© : FR
Pays avec au moins deux transactions dÃ©tectÃ© : FR
Pays avec au moins deux transactions dÃ©tectÃ© : FR
Pays avec au moins deux transactions dÃ©tectÃ© : FR
Pays avec au moins deux transactions dÃ©tectÃ© : FR
Pays avec au moins deux transactions dÃ©tectÃ© : FR
Pays avec au moins deux transactions dÃ©tectÃ© : FR
Pays avec au moins deux transactions dÃ©tectÃ© : FR
Pays avec au moins deux transactions dÃ©tectÃ© : FR
Pays avec au moins deux transactions dÃ©tectÃ© : FR
Temps version inefficace: 500 ms
Temps version optimisÃ©e : 98 ms
]]></system-out>
    <system-err><![CDATA[SLF4J: Failed to load class "org.slf4j.impl.StaticLoggerBinder".
SLF4J: Defaulting to no-operation (NOP) logger implementation
SLF4J: See http://www.slf4j.org/codes.html#StaticLoggerBinder for further details.
]]></system-err>
  </testcase>
</testsuite>